cmd: /home/acm/Documents/heig/HPC/lab/profiling/code/src/build/analyze
events: Ir
fl=/home/acm/Documents/heig/HPC/lab/profiling/code/src/main.c
fn=cmp
22 3060
fn=main
12 62181269
13 144952995
25 6
27 2
31 3
32 2
38 3
40 600006
41 300000
42 100000
43 400000
47 1652
48 826
49 826
51 413
52 1239
54 597522
55 99587
56 298761
57 2080
59 398348
60 4238
65 5
67 1245
68 4543
72 2
74 2
75 10
fl=/usr/src/debug/glibc-2.41-5.fc42.x86_64/csu/../csu/libc-start.c
fn=__libc_start_main@@GLIBC_2.34
128 2
134 3
135 7
138 1
139 2
142 3
143 7
144 6
145 4
242 13
311 2
312 4
337 6
340 2
343 2
350 2
352 2
360 4
fl=/usr/src/debug/glibc-2.41-5.fc42.x86_64/csu/../sysdeps/nptl/libc_start_call_main.h
fn=(below main)
29 6
44 5
46 2
51 2
52 2
55 2
58 5
74 2
fl=/usr/src/debug/glibc-2.41-5.fc42.x86_64/csu/init-first.c
fn=_init_first
46 5
51 2
55 5
61 1
62 1
63 2
71 2
72 1
fl=/usr/src/debug/glibc-2.41-5.fc42.x86_64/ctype/ctype-info.c
fn=__ctype_init
29 1
31 7
33 4
35 4
36 1
fl=/usr/src/debug/glibc-2.41-5.fc42.x86_64/debug/../sysdeps/x86_64/multiarch/ifunc-memmove.h
fn=__memcpy_chk
56 3
57 2
60 3
61 2
74 2
77 2
85 2
93 2
96 5
fn=__memmove_chk
56 3
57 2
60 3
61 2
74 2
77 2
85 2
93 2
96 5
fn=__mempcpy_chk
56 3
57 2
60 3
61 2
74 2
77 2
85 2
93 2
96 5
fl=/usr/src/debug/glibc-2.41-5.fc42.x86_64/debug/../sysdeps/x86_64/multiarch/ifunc-memset.h
fn=__memset_chk
52 1
53 2
61 5
64 3
65 2
80 2
84 4
92 2
100 2
fl=/usr/src/debug/glibc-2.41-5.fc42.x86_64/debug/../sysdeps/x86_64/multiarch/memcpy_chk.c
fn=__memcpy_chk
29 1
fl=/usr/src/debug/glibc-2.41-5.fc42.x86_64/debug/../sysdeps/x86_64/multiarch/memmove_chk.c
fn=__memmove_chk
29 1
fl=/usr/src/debug/glibc-2.41-5.fc42.x86_64/debug/../sysdeps/x86_64/multiarch/mempcpy_chk.c
fn=__mempcpy_chk
29 1
fl=/usr/src/debug/glibc-2.41-5.fc42.x86_64/debug/../sysdeps/x86_64/multiarch/memset_chk.c
fn=__memset_chk
29 2
fl=/usr/src/debug/glibc-2.41-5.fc42.x86_64/elf/../bits/stdlib-bsearch.h
fn=intel_check_word.constprop.0
26 648
28 972
43 60
44 60
46 120
fl=/usr/src/debug/glibc-2.41-5.fc42.x86_64/elf/../elf/dl-tls.c
fn=_dl_add_to_slotinfo
1156 5
1157 5
1165 1
1168 1
1169 1
1173 3
1209 2
1212 2
1213 3
1215 1
1218 1
1219 2
fn=_dl_allocate_tls_init
595 11
596 2
600 2
602 1
606 2
609 4
626 16
632 4
635 3
636 2
642 3
643 2
645 9
648 2
649 2
652 2
653 4
655 2
656 2
665 1
675 2
677 11
680 3
681 1
685 1
691 2
694 2
697 9
fn=_dl_allocate_tls_storage
91 1
97 1
509 6
515 2
517 2
527 1
529 2
530 2
535 5
fn=_dl_assign_tls_modid
153 3
156 3
209 1
211 1
214 1
215 2
fn=_dl_count_modids
220 1
222 2
223 1
238 2
fn=_dl_determine_tlsoffset
243 8
244 2
245 1
246 1
278 1
280 13
281 5
283 15
286 3
287 2
289 2
291 4
307 8
310 1
312 5
315 1
319 1
336 3
342 9
353 3
355 1
356 7
358 2
447 1
448 7
fn=_dl_tls_initial_modid_limit_setup
1117 1
1118 1
1121 7
1123 6
1124 4
1127 2
1130 1
1131 1
fn=_dl_tls_static_surplus_init
111 3
125 8
128 5
129 5
130 3
132 4
135 1
137 1
139 3
140 6
fn=allocate_dtv
452 5
457 1
461 2
462 1
463 2
472 3
478 4
fl=/usr/src/debug/glibc-2.41-5.fc42.x86_64/elf/../include/list.h
fn=__tls_init_tp
43 2
44 2
45 1
47 1
fl=/usr/src/debug/glibc-2.41-5.fc42.x86_64/elf/../include/rtld-malloc.h
fn=__minimal_calloc
56 10
fn=_dl_allocate_tls_storage
56 1
fn=_dl_check_map_versions
44 12
fn=_dl_find_object_init
56 1
fn=_dl_important_hwcaps
56 4
fn=_dl_init_paths
56 3
fn=_dl_map_object_deps
56 8
fn=_dl_new_object
44 12
56 9
fn=allocate_dtv
44 2
fn=init_tls
44 3
fl=/usr/src/debug/glibc-2.41-5.fc42.x86_64/elf/../include/scratch_buffer.h
fn=_dl_map_object_deps
77 3
78 1
85 3
131 9
fl=/usr/src/debug/glibc-2.41-5.fc42.x86_64/elf/../misc/sbrk.c
fn=sbrk
37 5
40 1
58 2
62 2
78 3
fl=/usr/src/debug/glibc-2.41-5.fc42.x86_64/elf/../nptl/nptl-stack.h
fn=__libc_early_init
61 7
fl=/usr/src/debug/glibc-2.41-5.fc42.x86_64/elf/../sysdeps/generic/_itoa.h
fn=_dl_check_map_versions
76 12
fl=/usr/src/debug/glibc-2.41-5.fc42.x86_64/elf/../sysdeps/generic/dl-cache.h
fn=_dl_load_cache_lookup
194 1
195 5
fn=search_cache
125 2
fl=/usr/src/debug/glibc-2.41-5.fc42.x86_64/elf/../sysdeps/generic/dl-call_tls_init_tp.h
fn=init_tls
31 8
33 1
fl=/usr/src/debug/glibc-2.41-5.fc42.x86_64/elf/../sysdeps/generic/dl-debug.h
fn=dl_main
29 4
30 2
fl=/usr/src/debug/glibc-2.41-5.fc42.x86_64/elf/../sysdeps/generic/dl-hash.h
fn=__rtld_malloc_init_real
43 5
44 2
45 19
48 18
62 24
67 1
72 1
fl=/usr/src/debug/glibc-2.41-5.fc42.x86_64/elf/../sysdeps/generic/dl-new-hash.h
fn=_dl_lookup_symbol_x
69 127
70 254
74 940
77 1880
80 872
81 1744
87 59
88 59
89 118
90 59
99 813
101 813
102 1626
104 813
105 813
fl=/usr/src/debug/glibc-2.41-5.fc42.x86_64/elf/../sysdeps/generic/dl-protected.h
fn=do_lookup_x
29 746
fl=/usr/src/debug/glibc-2.41-5.fc42.x86_64/elf/../sysdeps/generic/ldsodefs.h
fn=_dl_new_object
1334 48
fn=_dl_relocate_object_no_relro
79 34
140 357
fn=_dl_start
79 6
fn=check_match
79 3
fn=dl_main
79 2
fn=do_lookup_x
139 238
140 357
fl=/usr/src/debug/glibc-2.41-5.fc42.x86_64/elf/../sysdeps/nptl/dl-mutex.c
fn=__rtld_mutex_init
30 5
37 1
40 6
44 2
45 10
47 7
51 2
52 7
53 4
fl=/usr/src/debug/glibc-2.41-5.fc42.x86_64/elf/../sysdeps/nptl/dl-tls_init_tp.c
fn=__tls_init_tp
69 4
70 1
73 1
76 4
77 2
78 1
83 2
88 4
91 1
94 3
110 4
112 1
118 2
119 2
fn=__tls_pre_init_tp
54 4
57 9
62 2
63 1
65 1
fn=rtld_mutex_dummy
43 10
45 20
fl=/usr/src/debug/glibc-2.41-5.fc42.x86_64/elf/../sysdeps/nptl/pthread_early_init.h
fn=__libc_early_init
33 6
34 1
38 5
45 2
46 1
48 2
52 5
53 1
54 1
56 1
fl=/usr/src/debug/glibc-2.41-5.fc42.x86_64/elf/../sysdeps/posix/dl-fileid.h
fn=_dl_map_object_from_fd
37 15
40 6
49 24
fl=/usr/src/debug/glibc-2.41-5.fc42.x86_64/elf/../sysdeps/unix/sysv/linux/brk.c
fn=brk
36 1
37 1
38 2
44 1
45 1
fl=/usr/src/debug/glibc-2.41-5.fc42.x86_64/elf/../sysdeps/unix/sysv/linux/brk_call.h
fn=brk
24 2
fl=/usr/src/debug/glibc-2.41-5.fc42.x86_64/elf/../sysdeps/unix/sysv/linux/dl-extra_tls.h
fn=_dl_determine_tlsoffset
32 4
33 3
37 10
44 1
51 4
52 3
54 1
fl=/usr/src/debug/glibc-2.41-5.fc42.x86_64/elf/../sysdeps/unix/sysv/linux/dl-osinfo.h
fn=dl_main
39 2
52 1
fl=/usr/src/debug/glibc-2.41-5.fc42.x86_64/elf/../sysdeps/unix/sysv/linux/dl-parse_auxv.h
fn=_dl_sysdep_parse_arguments
33 2
34 1
35 1
42 92
43 44
44 44
46 1
47 2
48 2
49 2
50 2
51 2
52 2
53 2
54 3
55 4
57 4
65 5
67 6
fl=/usr/src/debug/glibc-2.41-5.fc42.x86_64/elf/../sysdeps/unix/sysv/linux/dl-sysdep.c
fn=_dl_sysdep_parse_arguments
79 8
80 2
81 2
82 3
83 96
84 195
87 2
91 56
94 2
95 4
96 2
97 8
fn=_dl_sysdep_start
103 6
104 1
107 2
111 2
114 1
116 2
123 3
124 2
126 5
138 3
141 5
144 4
fn=_dl_sysdep_start_cleanup
148 1
149 1
fl=/usr/src/debug/glibc-2.41-5.fc42.x86_64/elf/../sysdeps/unix/sysv/linux/dl-vdso-setup.h
fn=dl_main
30 1
33 1
36 1
39 1
45 1
54 1
fl=/usr/src/debug/glibc-2.41-5.fc42.x86_64/elf/../sysdeps/unix/sysv/linux/dl-vdso.h
fn=dl_main
40 2
41 4
55 2
fl=/usr/src/debug/glibc-2.41-5.fc42.x86_64/elf/../sysdeps/unix/sysv/linux/rseq-internal.h
fn=__tls_init_tp
93 4
100 3
108 4
112 5
116 2
118 5
119 2
124 1
fl=/usr/src/debug/glibc-2.41-5.fc42.x86_64/elf/../sysdeps/unix/sysv/linux/x86/dl-hwcap2.h
fn=update_active.constprop.0
25 2
fl=/usr/src/debug/glibc-2.41-5.fc42.x86_64/elf/../sysdeps/unix/sysv/linux/x86/dl-minsigstacksize.h
fn=get_common_indices.constprop.0
24 2
27 2
28 2
65 3
74 2
fl=/usr/src/debug/glibc-2.41-5.fc42.x86_64/elf/../sysdeps/x86/cpu-features.c
fn=get_common_indices.constprop.0
431 3
435 4
438 5
442 1
443 4
444 4
445 4
446 3
447 2
454 2
456 7
461 7
468 2
469 7
475 2
490 3
fn=init_cpu_features.constprop.0
409 3
410 2
411 6
416 2
417 6
422 2
423 6
563 4
724 8
727 1
728 1
729 1
736 1
738 1
747 3
750 6
751 1
754 1
756 6
761 1
765 1
766 3
769 3
771 4
777 5
784 1
805 1
807 2
814 2
817 2
886 2
893 2
897 1
911 1
912 2
951 2
958 2
960 2
964 2
970 2
1118 3
1119 2
1122 2
1123 2
1126 4
1133 1
1134 1
1135 1
1136 1
1140 4
1143 4
1152 3
1156 1
1165 2
1166 3
1206 1
1207 2
1211 3
1228 3
1229 4
1232 2
1235 1
1238 2
1252 4
1254 4
1258 2
1261 4
1264 1
1267 1
1299 4
1306 8
fn=update_active.constprop.0
90 8
94 1
102 3
103 3
104 2
112 3
113 1
121 3
122 1
127 5
130 4
131 1
134 5
135 2
139 5
140 3
141 3
142 1
146 4
147 5
148 3
151 6
163 1
165 2
169 5
170 3
172 3
176 2
178 1
182 2
184 2
188 1
189 1
196 4
198 4
204 4
206 4
208 4
213 4
262 2
263 3
279 4
295 2
299 1
300 1
303 4
307 2
311 3
312 2
316 1
317 1
320 2
322 1
323 1
326 2
389 2
393 3
402 1
403 8
fl=/usr/src/debug/glibc-2.41-5.fc42.x86_64/elf/../sysdeps/x86/dl-cacheinfo.h
fn=get_common_cache_info.constprop.0
613 11
628 1
631 1
632 1
638 1
640 10
643 2
655 1
660 4
664 2
669 1
672 19
678 8
679 8
682 26
687 2
691 3
692 1
696 2
700 3
703 4
704 1
709 4
715 4
723 8
725 3
727 8
729 7
732 2
733 8
735 4
738 2
743 1
745 9
746 3
747 1
750 2
753 2
757 2
760 1
762 4
763 2
768 2
773 2
774 1
775 3
776 2
777 2
801 3
812 4
813 5
817 2
824 1
825 1
826 1
827 7
fn=handle_intel.constprop.0
250 108
255 24
261 12
267 48
271 24
276 24
279 36
281 24
284 60
286 24
305 96
fn=init_cpu_features.constprop.0
850 2
852 4
853 4
854 1
857 3
859 3
860 2
862 3
864 3
866 3
868 3
870 3
871 1
873 3
875 3
877 3
879 6
953 2
954 2
955 2
956 2
957 2
958 1
959 1
960 1
961 1
962 2
963 1
964 1
969 3
983 3
984 7
989 2
990 7
991 2
999 6
1000 2
1020 6
1029 2
1030 2
1035 3
1038 1
1039 2
1049 3
1055 2
1062 5
1064 2
1067 5
1069 1
1075 4
1079 5
1080 3
1084 5
1085 3
1089 5
1090 1
1096 6
1098 3
1122 12
1128 2
1131 10
1133 9
1134 10
1135 13
1138 12
1146 1
1147 7
1148 2
1149 2
1150 2
1151 2
1152 1
fn=intel_check_word.constprop.0
110 648
113 588
119 168
123 48
125 12
129 168
131 96
133 60
135 120
143 120
152 24
155 99
158 99
162 64
164 192
165 24
167 104
168 96
169 84
170 72
172 11
174 22
176 12
177 16
178 12
179 20
180 14
181 9
183 8
184 12
187 21
190 2
194 192
202 144
209 24
216 168
246 144
fl=/usr/src/debug/glibc-2.41-5.fc42.x86_64/elf/../sysdeps/x86/dl-get-cpu-features.c
fn=__x86_cpu_features
39 3
76 3
fn=_dl_x86_init_cpu_features
37 1
39 3
41 1
fl=/usr/src/debug/glibc-2.41-5.fc42.x86_64/elf/../sysdeps/x86/dl-prop.h
fn=_dl_map_object_from_fd
149 18
fn=_dl_process_pt_gnu_property
95 28
97 2
102 12
115 12
118 6
252 6
253 3
254 6
255 3
257 24
258 3
260 6
fn=dl_main
36 2
37 14
40 5
49 28
53 25
71 3
149 6
fl=/usr/src/debug/glibc-2.41-5.fc42.x86_64/elf/../sysdeps/x86/get-isa-level.h
fn=_dl_hwcaps_subdirs_active
31 4
32 3
39 5
40 4
48 3
51 4
54 2
fn=update_active.constprop.0
28 1
30 1
31 3
32 3
39 5
40 3
47 1
48 3
51 4
54 2
63 5
fl=/usr/src/debug/glibc-2.41-5.fc42.x86_64/elf/../sysdeps/x86_64/dl-cet.c
fn=_dl_cet_check
361 1
362 1
fn=_dl_cet_setup_features
331 1
334 2
350 1
fn=dl_cet_check
269 4
275 2
276 1
277 2
282 4
283 3
285 1
288 2
293 2
318 2
fl=/usr/src/debug/glibc-2.41-5.fc42.x86_64/elf/../sysdeps/x86_64/dl-hwcaps-subdirs.c
fn=_dl_hwcaps_subdirs_active
29 1
38 2
43 1
51 5
52 2
fl=/usr/src/debug/glibc-2.41-5.fc42.x86_64/elf/../sysdeps/x86_64/dl-irel.h
fn=_dl_fixup
32 3
fl=/usr/src/debug/glibc-2.41-5.fc42.x86_64/elf/../sysdeps/x86_64/dl-machine.h
fn=_dl_fixup
223 11
fn=_dl_relocate_object_no_relro
78 12
84 8
88 6
94 2
103 4
126 4
262 268
269 268
273 268
282 1661
285 111
286 800
312 804
315 29
318 29
395 51
397 68
401 51
410 34
418 236
431 24
465 15
471 148
472 148
473 74
474 74
509 30
513 30
516 45
517 15
725 30
729 6
fn=_dl_start
55 1
273 3
282 10
286 4
309 1
312 4
fn=_dl_sysdep_start
209 1
fl=/usr/src/debug/glibc-2.41-5.fc42.x86_64/elf/../sysdeps/x86_64/dl-runtime.h
fn=_dl_fixup
28 11
fl=/usr/src/debug/glibc-2.41-5.fc42.x86_64/elf/../sysdeps/x86_64/dl-trampoline.h
fn=_dl_runtime_resolve_xsave
39 11
44 11
47 11
49 11
59 11
65 11
66 11
67 11
68 11
69 11
70 11
71 11
75 11
76 11
79 11
80 11
82 11
83 11
84 11
85 11
86 11
87 11
89 11
96 11
97 11
98 11
99 11
104 11
105 11
106 11
108 11
109 11
110 11
111 11
112 11
113 11
114 11
116 11
118 11
122 11
124 11
fl=/usr/src/debug/glibc-2.41-5.fc42.x86_64/elf/./dl-find_object.h
fn=_dl_find_object_from_map
95 10
96 10
97 5
103 20
104 142
105 98
107 15
112 5
fl=/usr/src/debug/glibc-2.41-5.fc42.x86_64/elf/./dl-hwcaps.h
fn=_dl_important_hwcaps
43 11
45 4
46 1
77 5
78 5
79 3
fn=copy_hwcaps
43 2
45 2
77 2
78 2
79 6
fl=/usr/src/debug/glibc-2.41-5.fc42.x86_64/elf/./dl-load.h
fn=_dl_map_object_from_fd
91 18
92 10
93 12
94 6
96 8
fl=/usr/src/debug/glibc-2.41-5.fc42.x86_64/elf/./dl-main.h
fn=dl_main
109 5
fl=/usr/src/debug/glibc-2.41-5.fc42.x86_64/elf/./dl-map-segments.h
fn=_dl_map_object_from_fd
28 9
29 27
81 3
101 3
102 6
105 9
106 6
108 6
125 3
135 36
137 24
139 48
140 6
149 36
155 6
156 3
157 9
158 6
160 9
165 6
168 9
176 21
182 6
186 8
189 2
194 9
fl=/usr/src/debug/glibc-2.41-5.fc42.x86_64/elf/./dl-sym-post.h
fn=lookup_malloc_symbol
41 8
53 12
fl=/usr/src/debug/glibc-2.41-5.fc42.x86_64/elf/./dl-tls_block_align.h
fn=_dl_allocate_tls_storage
23 1
41 2
47 5
48 1
52 305
fl=/usr/src/debug/glibc-2.41-5.fc42.x86_64/elf/./get-dynamic-info.h
fn=_dl_start
45 76
49 36
51 10
52 5
54 20
55 16
56 5
59 4
62 4
64 4
68 20
72 3
84 4
85 3
86 4
87 4
88 5
89 3
90 4
91 4
103 10
110 3
123 3
129 3
130 3
133 2
134 3
139 5
142 5
fn=dl_main
39 4
43 1
45 99
49 48
51 8
52 4
54 16
55 12
56 5
59 4
62 4
64 4
68 24
72 4
110 4
115 2
122 3
123 4
129 3
147 4
162 4
184 3
fl=/usr/src/debug/glibc-2.41-5.fc42.x86_64/elf/./setup-vdso.h
fn=dl_main
24 2
fl=/usr/src/debug/glibc-2.41-5.fc42.x86_64/elf/dl-audit.c
fn=_dl_audit_activity_map
29 1
31 3
37 1
fn=_dl_audit_activity_nsid
41 3
45 12
47 9
51 3
fn=_dl_audit_objclose
97 5
98 20
fn=_dl_audit_objopen
77 3
78 12
fn=_dl_audit_preinit
118 1
119 4
fl=/usr/src/debug/glibc-2.41-5.fc42.x86_64/elf/dl-cache.c
fn=_dl_cache_libcmp
341 23
342 345
344 339
346 230
352 4
353 6
354 8
356 8
358 4
364 222
366 222
367 42
370 90
371 90
374 6
fn=_dl_load_cache_lookup
387 12
389 4
392 6
395 6
403 6
404 8
407 6
408 1
415 1
416 2
461 3
466 6
469 12
484 4
488 4
496 6
497 30
498 8
499 2
500 6
fn=_dl_unload_cache
509 3
510 4
512 2
513 1
517 1
519 2
fn=search_cache
187 42
199 26
200 2
207 42
209 123
210 50
214 42
215 4
218 63
219 42
227 14
229 2
232 4
234 12
236 8
246 4
256 6
257 8
264 4
273 28
282 4
287 4
314 2
330 19
331 12
333 7
337 18
fl=/usr/src/debug/glibc-2.41-5.fc42.x86_64/elf/dl-call-libc-early-init.c
fn=_dl_call_libc_early_init
27 6
29 2
33 7
37 3
39 4
40 2
41 2
fl=/usr/src/debug/glibc-2.41-5.fc42.x86_64/elf/dl-call_fini.c
fn=_dl_call_fini
24 40
28 10
32 5
34 5
35 10
38 15
39 6
42 15
43 3
47 5
48 10
49 9
50 27
fl=/usr/src/debug/glibc-2.41-5.fc42.x86_64/elf/dl-catch.c
fn=_dl_catch_error
258 10
260 5
261 2
262 2
263 2
265 7
fn=_dl_catch_exception
58 18
59 12
69 12
70 30
208 48
211 12
218 6
232 30
239 36
241 18
243 24
252 18
fn=_dl_receive_error
58 2
59 1
69 2
70 2
190 5
192 1
196 1
198 2
201 1
202 4
fl=/usr/src/debug/glibc-2.41-5.fc42.x86_64/elf/dl-debug.c
fn=_dl_debug_initialize
56 1
57 1
59 2
61 2
63 3
64 1
85 3
90 3
91 2
92 1
95 3
96 6
99 2
107 2
fn=_dl_debug_state
116 2
117 2
fn=_dl_debug_update
38 4
40 8
41 4
44 8
48 4
fl=/usr/src/debug/glibc-2.41-5.fc42.x86_64/elf/dl-deps.c
fn=_dl_map_object_deps
128 2
129 5
130 6
132 3
136 8
143 14
144 20
160 9
161 1
164 2
182 1
183 5
184 1
186 1
188 11
190 17
193 5
197 15
198 32
201 9
205 6
208 18
210 12
215 3
216 3
217 6
218 6
219 3
221 380
222 178
228 54
230 5
232 23
233 10
242 5
244 10
249 21
252 3
253 3
254 3
255 6
256 3
257 3
259 12
263 15
264 9
266 252
417 10
419 12
422 9
423 9
429 3
430 9
431 18
434 3
435 3
439 15
441 5
442 22
448 5
449 1
452 4
463 5
465 4
470 4
471 2
472 1
474 21
478 15
484 10
485 10
490 5
495 3
532 2
533 2
536 1
547 8
548 1
552 9
553 5
557 1
559 2
560 1
561 3
568 3
571 2
574 8
fn=openaux
61 30
64 55
65 5
68 5
69 15
fl=/usr/src/debug/glibc-2.41-5.fc42.x86_64/elf/dl-environ.c
fn=_dl_next_ld_env_entry
28 2
29 2
32 292
34 192
35 22
37 1
40 2
42 1
45 95
fl=/usr/src/debug/glibc-2.41-5.fc42.x86_64/elf/dl-execstack-tunable.c
fn=_dl_handle_execstack_tunable
24 4
25 9
39 2
fl=/usr/src/debug/glibc-2.41-5.fc42.x86_64/elf/dl-find_object.c
fn=_dl_find_object_init
562 6
565 1
567 2
568 3
580 2
581 3
583 2
586 3
591 1
592 1
595 4
597 1
600 6
602 1
605 5
fn=_dlfo_process_initial
475 10
476 2
478 2
479 4
505 26
506 26
507 10
509 36
512 32
514 24
516 12
517 8
518 16
530 2
532 12
fn=_dlfo_sort_mappings
537 3
538 2
541 13
545 6
546 39
547 24
549 12
554 18
555 12
556 6
558 1
fl=/usr/src/debug/glibc-2.41-5.fc42.x86_64/elf/dl-fini.c
fn=_dl_fini
26 11
43 1
46 13
49 2
51 1
54 2
56 5
61 1
63 4
68 17
72 1
74 19
76 10
78 10
80 10
81 5
82 5
86 5
93 6
94 6
100 7
109 2
114 22
116 5
118 10
120 25
123 30
128 5
131 2
135 5
141 6
143 1
147 2
154 8
fl=/usr/src/debug/glibc-2.41-5.fc42.x86_64/elf/dl-hwcaps.c
fn=_dl_important_hwcaps
52 16
54 2
55 4
57 4
100 5
102 3
105 1
112 5
125 15
127 10
128 4
129 4
130 2
133 4
142 11
143 11
145 10
151 4
155 5
156 2
157 3
161 1
162 2
163 3
172 15
174 2
175 2
185 4
186 2
189 4
193 2
194 2
202 4
203 7
204 6
208 2
209 1
216 9
fn=copy_hwcaps
74 16
77 16
79 2
80 16
84 2
85 2
86 6
87 4
88 4
90 14
fl=/usr/src/debug/glibc-2.41-5.fc42.x86_64/elf/dl-hwcaps_split.c
fn=_dl_hwcaps_contains
66 6
67 12
68 6
77 6
fn=_dl_hwcaps_split
25 75
26 45
27 6
30 24
34 84
35 12
36 24
41 27
42 18
43 15
45 27
46 9
47 33
fn=_dl_hwcaps_split_masked
51 66
54 56
56 9
57 27
58 54
62 33
fl=/usr/src/debug/glibc-2.41-5.fc42.x86_64/elf/dl-init.c
fn=_dl_init
81 13
82 1
83 1
86 3
88 1
89 3
94 2
105 1
119 1
120 20
121 30
127 8
fn=call_init
27 72
29 12
35 30
37 12
43 15
46 15
47 2
51 8
59 12
60 12
63 4
64 8
70 9
72 20
73 21
74 20
76 48
fl=/usr/src/debug/glibc-2.41-5.fc42.x86_64/elf/dl-load.c
fn=_dl_dst_count
228 30
231 12
234 12
235 6
254 30
fn=_dl_init_paths
680 13
694 4
699 1
701 2
708 5
709 1
713 4
715 4
721 1
722 1
730 4
732 6
735 4
736 2
737 2
740 4
741 6
742 12
744 23
748 6
750 1
751 2
756 2
759 3
761 4
763 3
780 1
782 3
796 2
799 2
830 1
831 8
fn=_dl_map_object
1895 72
1897 3
1903 12
1904 24
1907 123
1912 126
1914 90
1918 30
1919 45
1922 30
1923 18
1924 30
1938 12
1945 3
1950 9
1964 21
1968 8
1970 6
1977 8
1981 2
1986 8
1987 14
1989 22
1996 10
2001 4
2002 14
2003 24
2012 4
2027 4
2034 4
2035 18
2043 4
2045 6
2049 8
2051 6
2055 4
2063 4
2086 22
2090 6
2091 2
2108 4
2114 2
2115 4
2116 2
2117 3
2121 11
2124 3
2136 9
2181 6
2182 55
2184 63
fn=_dl_map_object_from_fd
949 42
964 12
994 57
995 18
1013 6
1043 12
1053 6
1060 24
1061 6
1072 9
1073 18
1074 6
1076 3
1077 12
1078 4
1081 16
1082 6
1093 3
1095 3
1097 60
1098 3
1099 3
1100 3
1101 3
1107 126
1108 309
1114 6
1121 7
1122 9
1123 30
1128 2
1129 1
1134 60
1142 27
1143 42
1144 54
1145 9
1146 18
1148 63
1150 18
1163 36
1169 9
1170 90
1183 3
1187 1
1188 2
1192 5
1193 2
1196 1
1201 4
1216 6
1217 3
1220 9
1225 9
1235 39
1236 18
1242 6
1252 12
1259 21
1275 12
1276 9
1282 6
1283 6
1285 15
1295 9
1314 6
1316 15
1336 9
1337 2
1343 93
1344 162
1350 48
1355 12
1368 6
1370 12
1372 6
1388 6
1392 6
1393 6
1410 6
1411 1
1414 6
1419 6
1424 6
1436 24
1437 9
1438 18
1439 6
1440 5
1446 6
1447 4
1452 2
1459 9
1462 6
1465 12
1467 3
1468 27
fn=_dl_notify_new_object
908 27
910 9
911 9
929 6
933 21
934 9
936 15
fn=_dl_process_pt_gnu_property
842 4
843 12
844 4
850 8
856 20
859 12
860 8
861 8
864 12
865 12
869 4
870 8
874 14
875 7
878 14
881 7
882 21
888 2
892 9
894 12
904 1
fn=cache_rpath
655 12
656 18
657 6
673 12
fn=expand_dynamic_string_token
375 8
385 2
388 2
389 2
400 5
fn=open_verify.constprop.0
1521 36
1553 9
1572 15
1574 6
1582 3
1583 6
1588 12
1589 6
1590 6
1592 9
1594 6
1600 6
1615 45
1677 6
1682 6
1688 12
1694 6
1700 6
1701 12
1705 15
1706 5
1727 27
fl=/usr/src/debug/glibc-2.41-5.fc42.x86_64/elf/dl-lookup-direct.c
fn=_dl_lookup_direct
74 39
75 3
76 6
78 18
79 6
81 12
84 25
86 9
87 18
90 6
93 6
115 3
116 27
fn=check_match
31 30
32 12
33 9
35 6
36 6
40 9
48 9
51 9
53 15
57 6
58 15
59 9
64 27
fl=/usr/src/debug/glibc-2.41-5.fc42.x86_64/elf/dl-lookup.c
fn=_dl_lookup_symbol_x
759 1905
761 254
763 1143
765 127
769 486
771 138
772 254
774 24
778 929
779 2921
784 254
786 56
803 254
804 24
807 119
808 821
843 1071
857 357
858 2
860 238
879 1143
fn=check_match
70 952
73 952
86 714
89 715
93 238
94 238
98 232
102 232
103 1044
104 1276
131 6
133 18
134 12
149 714
fn=do_lookup_x
334 2032
335 127
341 127
345 1602
348 1068
352 1068
373 1068
377 1068
383 1602
387 534
388 534
391 2670
392 1602
395 534
396 1068
398 534
399 1068
400 534
403 2136
406 3738
409 252
410 378
411 252
413 246
416 1350
418 357
419 3015
420 238
423 1190
426 453
435 24
457 8
463 238
470 908
474 33
486 238
487 119
488 119
505 1245
508 8
509 1016
fl=/usr/src/debug/glibc-2.41-5.fc42.x86_64/elf/dl-minimal-malloc.c
fn=__minimal_calloc
80 50
84 10
87 10
88 30
fn=__minimal_malloc
36 38
37 78
42 3
43 2
44 2
48 103
51 174
56 8
57 8
59 2
60 14
62 4
64 10
65 8
67 4
70 26
71 28
73 34
fl=/usr/src/debug/glibc-2.41-5.fc42.x86_64/elf/dl-minimal.c
fn=__rtld_malloc_init_real
76 10
86 2
87 1
89 1
91 5
92 5
93 5
94 4
99 1
100 1
101 1
102 1
103 8
fn=__rtld_malloc_init_stubs
42 1
43 2
44 2
45 2
46 2
47 1
fn=lookup_malloc_symbol
61 24
63 4
64 36
68 28
69 24
71 4
72 16
fl=/usr/src/debug/glibc-2.41-5.fc42.x86_64/elf/dl-misc.c
fn=_dl_name_match_p
68 252
69 144
70 43
72 36
74 146
75 220
78 37
80 29
81 144
fn=_dl_sysdep_read_whole_file
36 8
39 3
40 3
42 7
44 2
47 2
49 9
60 4
63 6
fl=/usr/src/debug/glibc-2.41-5.fc42.x86_64/elf/dl-object.c
fn=_dl_add_to_namespace_list
31 28
33 8
35 31
38 36
40 3
42 3
45 2
46 12
47 8
48 8
50 8
51 12
fn=_dl_new_object
59 60
62 8
64 2
66 3
67 2
71 6
77 2
80 3
83 19
87 6
92 3
95 8
98 4
99 4
100 8
103 8
104 28
106 4
119 18
123 3
125 1
127 28
130 8
131 8
132 4
136 4
139 80
141 16
149 8
150 4
153 1
155 24
157 12
160 10
164 12
168 21
176 1
179 8
189 16
191 12
195 9
199 6
200 6
208 3
212 3
245 12
250 106
251 106
255 6
256 3
259 3
263 36
fl=/usr/src/debug/glibc-2.41-5.fc42.x86_64/elf/dl-reloc.c
fn=_dl_protect_relro
352 30
353 15
356 30
359 10
363 10
364 35
370 15
fn=_dl_relocate_object
343 18
344 14
346 8
347 8
348 4
fn=_dl_relocate_object_no_relro
170 832
171 238
174 1240
175 91
177 7
178 21
182 224
183 112
184 112
186 902
187 530
188 212
190 804
193 112
194 784
196 7
207 65
217 6
220 10
223 10
226 15
246 15
247 10
248 4
250 10
257 15
296 10624
298 20
321 5
324 10
338 40
fl=/usr/src/debug/glibc-2.41-5.fc42.x86_64/elf/dl-runtime.c
fn=_dl_fixup
46 110
48 88
49 33
54 11
55 44
56 77
58 11
63 22
67 22
69 51
71 33
75 30
76 40
84 11
85 33
95 110
99 55
109 110
123 3
124 44
125 9
133 33
159 33
162 22
163 88
fl=/usr/src/debug/glibc-2.41-5.fc42.x86_64/elf/dl-setup_hash.c
fn=_dl_setup_hash
25 5
28 15
31 15
32 10
33 5
34 5
36 15
37 5
38 15
40 5
41 10
43 5
45 20
50 5
fl=/usr/src/debug/glibc-2.41-5.fc42.x86_64/elf/dl-sort-maps.c
fn=_dl_sort_maps
140 60
181 2
182 2
183 40
184 20
211 32
216 4
218 2
219 20
221 30
223 10
226 30
244 14
263 8
276 8
283 2
298 26
306 6
310 16
fn=_dl_sort_maps_init
289 4
290 4
291 1
292 3
293 2
fn=dfs_traversal.part.0
135 50
140 34
143 10
145 30
147 96
156 35
171 30
172 10
173 20
fl=/usr/src/debug/glibc-2.41-5.fc42.x86_64/elf/dl-tunables.c
fn=__GI___tunable_set_val
162 6
163 24
165 6
fn=__GI___tunables_init
43 485
46 96
49 9779
53 192
57 480
294 11
300 3
304 31
306 2
317 2688
319 2592
320 2592
322 2592
340 6
343 27
346 27
355 8
fn=__tunable_get_val
438 78
441 345
450 53
451 17
460 28
467 117
469 39
fn=do_tunable_update_val
70 12
73 30
83 6
94 24
95 30
99 12
101 24
105 6
112 12
113 12
116 6
117 6
118 6
119 12
fl=/usr/src/debug/glibc-2.41-5.fc42.x86_64/elf/dl-tunables.h
fn=__GI___tunables_init
160 1434
161 4028
165 288
fl=/usr/src/debug/glibc-2.41-5.fc42.x86_64/elf/dl-version.c
fn=_dl_check_all_versions
392 7
394 2
396 20
397 5
398 30
401 7
fn=_dl_check_map_versions
36 60
37 14
38 94
56 48
64 24
70 36
86 12
87 24
89 12
94 444
108 384
110 12
113 108
120 540
124 180
155 45
156 20
164 8
170 15
172 15
174 20
175 5
177 10
180 9
184 6
198 1
200 8
208 12
213 12
215 8
217 48
218 82
221 24
224 24
225 5
228 10
231 48
234 36
239 8
243 12
248 1
257 20
260 6
263 281
266 213
270 65
274 12
279 4
280 16
281 12
291 4
294 22
296 8
299 15
301 1
303 12
306 36
308 48
310 48
311 24
312 36
313 36
316 36
321 8
324 12
329 1
334 8
337 6
341 65
343 136
347 65
348 260
349 195
350 65
353 204
357 65
365 6
366 6
367 6
368 4
370 4
372 124
373 60
375 2
376 5
387 45
fl=/usr/src/debug/glibc-2.41-5.fc42.x86_64/elf/do-rel.h
fn=_dl_relocate_object_no_relro
48 10
49 30
50 50
51 5
53 50
73 5
80 30
83 65
85 60
96 4
97 4
105 24
114 16
117 32
120 35
122 620
124 1010
125 808
126 512
127 512
129 606
132 296
133 74
134 74
141 401
142 87
155 24
156 309
157 276
160 222
162 296
163 74
164 74
171 20
173 42
174 12
176 18
184 6
187 18
202 6
fn=_dl_start
48 2
49 6
50 8
51 1
53 10
56 4
61 8
63 2
64 2
65 1
fl=/usr/src/debug/glibc-2.41-5.fc42.x86_64/elf/get-dynamic-info.h
fn=_dl_map_object_from_fd
39 6
43 3
45 357
49 174
51 44
52 22
53 6
54 64
55 52
56 15
59 12
62 12
64 12
68 87
72 12
84 11
85 12
86 12
87 12
88 12
89 12
90 11
91 12
103 24
110 9
115 6
122 6
123 9
129 9
130 9
147 9
152 4
154 4
156 4
158 4
159 2
162 9
164 9
165 6
174 6
175 9
180 6
181 4
184 6
fl=/usr/src/debug/glibc-2.41-5.fc42.x86_64/elf/libc_early_init.c
fn=__libc_early_init
34 8
36 1
39 2
42 2
47 2
50 4
52 2
fl=/usr/src/debug/glibc-2.41-5.fc42.x86_64/elf/rtld.c
fn=_dl_start
85 8
457 1
461 2
478 2
479 2
480 2
490 1
496 4
498 2
519 10
545 1
548 2
549 1
565 216
567 5
585 9
fn=dl_main
85 20
92 15
93 2
101 9
197 2
199 1
224 4
225 5
226 4
296 3
302 1
303 1
820 1
822 1
831 1
833 1
838 1
1098 1
1099 1
1101 1
1105 3
1107 1
1108 1
1123 1
1126 53
1127 120
1131 3
1136 3
1137 9
1146 1
1147 2
1149 2
1151 1
1159 6
1160 18
1161 6
1162 1
1164 9
1165 10
1169 6
1170 6
1171 3
1175 6
1203 2
1207 3
1213 29
1214 59
1220 17
1226 4
1229 3
1231 2
1306 13
1311 1
1312 1
1318 1
1328 3
1329 4
1596 9
1598 2
1599 3
1600 2
1601 3
1605 2
1606 2
1631 1
1635 3
1636 6
1637 3
1638 3
1641 1
1643 1
1644 1
1646 2
1647 2
1651 2
1653 2
1661 4
1668 2
1671 2
1696 4
1698 1
1703 2
1706 4
1707 4
1708 3
1709 1
1710 1
1711 1
1722 2
1723 2
1725 2
1727 2
1728 2
1733 6
1734 2
1736 3
1742 2
1751 2
1755 1
1756 2
1780 2
1786 2
1787 1
1788 1
1792 3
1797 2
1799 1
1801 2
1805 5
1810 2
1826 5
1902 3
1906 19
1907 1
1910 3
1911 1
1912 2
1913 2
1918 3
1928 9
1934 23
1935 10
1938 3
1939 2
1940 1
1942 18
1943 12
1950 4
1951 3
1953 2
1955 2
1957 3
1971 8
1972 2
1973 3
1983 1
1984 4
1985 5
1995 1
1996 2
1997 4
1999 2
2004 3
2203 3
2207 2
2213 2
2216 2
2224 2
2228 3
2231 1
2236 2
2240 7
2241 1
2249 2
2250 26
2252 10
2257 10
2259 12
2261 1
2262 1
2265 5
2267 40
2271 12
2272 3
2279 1
2285 2
2289 4
2291 1
2298 3
2301 2
2305 3
2308 1
2313 2
2317 6
2320 1
2321 2
2325 2
2330 3
2337 1
2341 3
2342 1
2343 1
2344 1
2347 3
2351 1
2356 8
2488 1
2559 1
2561 1
2563 10
2565 1
2567 42
2568 7
2576 8
2601 2
2611 4
2613 2
2614 1
2688 5
2711 4
fn=do_preload
787 8
789 1
793 1
794 1
795 1
797 1
799 6
800 3
808 3
814 6
fn=handle_preload_list
183 3
852 11
853 2
857 7
860 4
861 3
863 4
864 2
870 1
872 2
874 2
875 5
878 9
fn=init_tls
734 4
736 2
740 2
746 2
749 1
750 1
751 1
756 1
759 2
762 1
769 2
770 2
776 2
780 1
783 5
fn=map_doit
641 6
643 4
644 6
646 3
fn=version_check_doit
674 6
676 6
680 3
fl=/usr/src/debug/glibc-2.41-5.fc42.x86_64/io/../sysdeps/unix/sysv/linux/access.c
fn=access
25 1
27 7
31 1
fl=/usr/src/debug/glibc-2.41-5.fc42.x86_64/io/../sysdeps/unix/sysv/linux/close_nocancel.c
fn=__GI___close_nocancel
25 4
26 16
27 4
fn=__close_nocancel
25 1
26 4
27 1
fl=/usr/src/debug/glibc-2.41-5.fc42.x86_64/io/../sysdeps/unix/sysv/linux/fstat64.c
fn=fstat
30 6
39 24
72 6
fl=/usr/src/debug/glibc-2.41-5.fc42.x86_64/io/../sysdeps/unix/sysv/linux/open64.c
fn=open
30 9
33 7
41 8
43 5
fl=/usr/src/debug/glibc-2.41-5.fc42.x86_64/io/../sysdeps/unix/sysv/linux/open64_nocancel.c
fn=__open_nocancel
28 20
31 28
39 28
41 8
fl=/usr/src/debug/glibc-2.41-5.fc42.x86_64/io/../sysdeps/unix/sysv/linux/pread64_nocancel.c
fn=__pread64_nocancel
25 4
26 8
27 2
fl=/usr/src/debug/glibc-2.41-5.fc42.x86_64/io/../sysdeps/unix/sysv/linux/read.c
fn=read
25 1014
26 2366
27 676
fl=/usr/src/debug/glibc-2.41-5.fc42.x86_64/io/../sysdeps/unix/sysv/linux/read_nocancel.c
fn=__read_nocancel
25 3
26 12
27 3
fl=/usr/src/debug/glibc-2.41-5.fc42.x86_64/io/../sysdeps/unix/sysv/linux/write.c
fn=write
25 36
26 84
27 24
fl=/usr/src/debug/glibc-2.41-5.fc42.x86_64/libio/../include/sys/sysmacros.h
fn=_IO_file_doallocate
47 6
fl=/usr/src/debug/glibc-2.41-5.fc42.x86_64/libio/../string/bits/string_fortified.h
fn=_IO_getline_info
29 501137
fl=/usr/src/debug/glibc-2.41-5.fc42.x86_64/libio/filedoalloc.c
fn=_IO_file_doallocate
78 18
84 18
86 8
89 2
91 2
94 1
97 9
101 4
102 4
104 10
105 2
106 16
fl=/usr/src/debug/glibc-2.41-5.fc42.x86_64/libio/fileops.c
fn=_IO_do_write@@GLIBC_2.2.5
458 49
460 99
461 25
fn=_IO_file_close
1225 1
1228 2
fn=_IO_file_close_it@@GLIBC_2.2.5
129 7
130 1
131 3
134 4
135 2
137 2
151 2
152 7
173 2
175 1
176 6
179 3
187 5
188 4
191 2
192 1
193 1
194 1
196 2
197 7
fn=_IO_file_finish@@GLIBC_2.2.5
202 1
203 2
209 2
fn=_IO_file_fopen@@GLIBC_2.2.5
247 13
248 2
256 2
258 4
261 1
262 1
271 1
279 1
281 13
315 7
318 2
321 3
322 2
391 12
fn=_IO_file_open
216 11
218 2
219 2
222 2
223 2
225 1
226 6
229 3
239 2
240 1
241 5
fn=_IO_file_overflow@@GLIBC_2.2.5
766 1002
767 501
774 833
777 2
779 2
780 7
789 3
798 3
800 1
801 1
802 1
803 3
805 3
806 5
807 1
809 334
810 12
811 190
812 310
815 465
816 465
817 620
818 3
819 3
821 155
822 489
fn=_IO_file_read
1191 338
1193 338
1194 1014
fn=_IO_file_setbuf@@GLIBC_2.2.5
416 6
417 3
420 1
422 3
424 2
425 3
fn=_IO_file_stat
1207 2
1208 4
fn=_IO_file_sync@@GLIBC_2.2.5
827 6
832 4
834 2
835 2
840 2
851 2
855 3
fn=_IO_file_underflow@@GLIBC_2.2.5
496 2704
500 1014
501 1
503 676
509 1014
512 676
515 3
520 2
524 678
533 338
540 676
546 1014
547 338
548 676
549 338
551 1690
553 676
556 7
560 337
566 1
569 1011
571 674
572 2028
fn=_IO_file_write@@GLIBC_2.2.5
1234 96
1235 24
1236 72
1240 36
1241 36
1242 24
1247 12
1248 12
1250 36
1251 36
1254 72
fn=_IO_file_xsputn@@GLIBC_2.2.5
1258 4140
1260 11
1264 828
1265 414
1271 1656
1273 1240
1274 826
1277 21409
1279 30288
1281 1
1288 3
1289 411
1292 32
1294 824
1296 2060
1297 824
1298 1236
1300 824
1304 84
1310 24
1311 61
1313 36
1318 2
1324 24
1325 55
1327 837
1328 2484
fn=_IO_new_file_init_internal
107 6
111 1
112 1
114 1
115 1
116 3
fn=new_do_write
466 96
468 24
475 48
483 72
484 60
486 36
487 24
488 12
489 24
490 48
492 72
fl=/usr/src/debug/glibc-2.41-5.fc42.x86_64/libio/genops.c
fn=_IO_cleanup
809 5
810 8
813 12
817 3
818 36
826 6
828 9
831 9
833 6
835 4
837 2
839 3
840 1
844 5
846 3
853 3
855 38
856 3
860 7
861 2
881 11
882 2
894 11
fn=_IO_default_finish
68 2
627 6
629 3
635 3
638 3
650 3
fn=_IO_default_setbuf
356 5
358 1
359 1
363 2
478 10
479 5
481 4
483 3
484 2
488 1
492 4
493 1
494 6
fn=_IO_default_uflow
387 2028
388 1014
389 676
391 1348
392 1014
fn=_IO_default_xsputn
397 121
400 44
401 11
405 660
425 1408
427 154
430 88
fn=_IO_doallocbuf
369 8
370 4
372 8
373 12
376 4
fn=_IO_flush_all
712 11
713 2
717 5
718 8
721 12
723 3
724 36
726 18
733 9
734 12
741 39
742 3
746 7
747 2
751 11
fn=_IO_link_in
109 8
110 10
112 3
114 7
115 11
116 1
117 10
119 2
122 2
123 2
124 2
126 1
128 13
129 1
130 6
131 2
134 11
fn=_IO_no_init
589 11
590 1
591 1
592 2
594 1
598 6
605 1
607 1
613 1
614 6
fn=_IO_old_init
557 1
558 2
560 5
565 8
570 1
576 3
581 3
582 2
584 1
fn=_IO_setb
355 15
356 14
357 1
358 3
359 3
361 24
364 10
fn=_IO_switch_to_get_mode
190 1352
191 1014
194 1014
198 676
199 676
202 338
204 676
206 676
207 338
208 676
fn=_IO_un_link
67 2
68 4
104 2
fn=_IO_unsave_markers
976 1
978 2
983 2
985 1
fn=__GI__IO_un_link.part.0
66 8
72 5
73 9
74 1
75 13
77 2
81 1
82 1
83 1
84 2
85 1
96 4
98 12
99 1
100 6
101 2
104 8
fn=__overflow
225 1
227 3
229 2
fn=__uflow
325 2028
326 1690
331 676
334 1014
336 676
342 676
347 676
349 1352
350 676
fl=/usr/src/debug/glibc-2.41-5.fc42.x86_64/libio/iofclose.c
fn=fclose@@GLIBC_2.2.5
34 7
48 3
49 1
51 13
52 3
53 3
57 4
58 3
71 2
76 6
fl=/usr/src/debug/glibc-2.41-5.fc42.x86_64/libio/iofgets.c
fn=fgets
32 900009
37 200002
39 200002
47 1300013
51 300003
52 200002
53 800008
56 500003
57 100001
60 100000
61 100000
63 300002
66 600006
fl=/usr/src/debug/glibc-2.41-5.fc42.x86_64/libio/iofopen.c
fn=__fopen_internal
37 2
57 12
65 2
67 3
70 2
72 7
73 2
74 2
75 7
81 9
fn=fopen@@GLIBC_2.2.5
85 1
86 2
fl=/usr/src/debug/glibc-2.41-5.fc42.x86_64/libio/iogetline.c
fn=_IO_getline
33 100001
34 200002
fn=_IO_getline_info
49 1000010
51 200002
53 300003
54 2
55 901261
57 301881
58 201254
60 676
61 676
63 3
67 674
69 57
70 76
75 19
77 636
78 318
83 200578
85 501445
86 200578
88 199964
89 199962
90 299943
92 99981
94 199962
97 199962
98 99981
101 308
102 308
103 308
107 800008
fl=/usr/src/debug/glibc-2.41-5.fc42.x86_64/libio/ioputs.c
fn=puts
33 10
35 2
36 14
38 2
39 3
40 6
41 8
42 4
46 7
fl=/usr/src/debug/glibc-2.41-5.fc42.x86_64/libio/libioP.h
fn=_IO_cleanup
1036 4
1037 2
fn=_IO_default_setbuf
1036 3
1037 2
fn=_IO_default_uflow
1036 1014
1037 676
fn=_IO_default_xsputn
1036 341
1037 308
fn=_IO_doallocbuf
1036 6
1037 4
fn=_IO_file_close_it@@GLIBC_2.2.5
1036 3
1037 2
fn=_IO_file_doallocate
1036 6
1037 4
fn=_IO_file_underflow@@GLIBC_2.2.5
1036 676
1037 676
fn=_IO_file_xsputn@@GLIBC_2.2.5
1036 36
1037 36
fn=_IO_flush_all
1036 2
fn=__overflow
1036 3
1037 2
fn=__uflow
1036 1014
1037 676
fn=fclose@@GLIBC_2.2.5
962 4
963 4
969 2
990 5
991 10
1036 3
1037 2
fn=fgets
990 300002
991 900009
fn=new_do_write
1036 36
1037 24
fn=puts
990 2
991 9
1036 3
1037 2
fl=/usr/src/debug/glibc-2.41-5.fc42.x86_64/libio/stdfiles.c
fn=_IO_stdfiles_init
64 1
66 2
67 12
68 3
69 3
70 1
fl=/usr/src/debug/glibc-2.41-5.fc42.x86_64/libio/vtables.c
fn=check_stdfiles_vtables
545 1
546 4
547 3
548 3
550 1
fl=/usr/src/debug/glibc-2.41-5.fc42.x86_64/malloc/../string/bits/string_fortified.h
fn=tcache_init.part.0
59 88
fl=/usr/src/debug/glibc-2.41-5.fc42.x86_64/malloc/../sysdeps/unix/sysv/linux/not-cancel.h
fn=ptmalloc_init.part.0
100 5
fl=/usr/src/debug/glibc-2.41-5.fc42.x86_64/malloc/arena.c
fn=free
153 9
fn=malloc
153 8
264 1
fn=ptmalloc_init.part.0
262 7
267 1
292 2
296 4
300 4
301 4
302 4
303 4
304 4
305 4
306 4
308 4
309 4
310 4
313 4
314 4
316 2
326 6
fl=/usr/src/debug/glibc-2.41-5.fc42.x86_64/malloc/malloc.c
fn=_int_free_chunk
1796 2
4574 14
4582 4
4658 4
4661 4
4664 4
4667 8
4679 2
fn=_int_free_create_chunk
4755 5
4756 4
4762 2
4766 1
4770 2
4778 1
4779 1
4780 2
4782 2
4799 1
4800 1
4801 1
4802 1
4804 3
4805 1
4813 1
4814 3
4815 1
4820 3
fn=_int_free_maybe_consolidate.part.0
4826 11
4835 3
4838 3
4841 5
4855 11
fn=_int_free_merge_chunk
1994 6
4707 12
4708 2
4712 10
4715 10
4717 6
4720 6
4723 2
4724 4
4725 4
4731 4
4742 8
4744 13
4833 4
fn=_int_malloc
1328 10
1347 30
1796 5
3170 2
3904 40
3945 10
3972 10
3992 20
4035 10
4037 12
4038 4
4040 6
4097 25
4098 9
4116 13
4117 15
4118 15
4128 25
4315 15
4317 12
4320 9
4321 5
4388 5
4389 10
4390 10
4391 10
4392 20
4397 20
4401 33
4404 30
4501 5
4502 10
4504 10
4507 15
4509 4
4510 12
4511 4
4512 32
4514 12
4517 4
4518 12
4519 4
4524 3
4539 5
4540 2
4541 4
4545 45
fn=alloc_perturb
1986 5
1987 15
1989 5
fn=free
3165 2
3167 4
3168 1
3169 2
3252 6
3253 15
3262 3
3265 4
3271 1
3437 15
3441 6
3449 6
3451 3
3453 9
3470 9
3479 6
3480 9
4558 12
4559 6
4563 12
4690 6
4699 8
fn=malloc
1328 8
1347 4
3215 9
3216 4
3217 6
3313 5
3359 28
3361 16
3385 24
3392 8
3404 8
3406 16
3407 20
3432 16
fn=ptmalloc_init.part.0
1948 384
1951 381
1959 1
1960 1
1962 2
3145 2
fn=sysmalloc
2010 9
2534 12
2554 2
2555 1
2565 2
2566 2
2590 1
2591 3
2592 1
2601 6
2610 3
2671 2
2680 4
2693 3
2701 5
2709 2
2711 7
2712 5
2714 1
2717 2
2746 2
2747 2
2748 4
2754 2
2757 4
2784 2
2785 3
2797 3
2819 2
2820 5
2822 1
2823 5
2835 4
2877 1
2878 4
2879 1
2890 2
2923 3
2924 1
2929 2
2932 2
2934 1
2935 1
2936 1
2937 8
2938 2
2940 1
2946 11
4564 3
fn=tcache_init.part.0
3307 4
3316 8
3317 3
3318 2
3326 4
3335 2
3339 3
fl=/usr/src/debug/glibc-2.41-5.fc42.x86_64/malloc/morecore.c
fn=__glibc_morecore
25 6
26 4
29 2
30 4
34 4
fl=/usr/src/debug/glibc-2.41-5.fc42.x86_64/malloc/scratch_buffer_set_array_size.c
fn=__libc_scratch_buffer_set_array_size
30 39
34 3
35 6
45 6
46 3
63 18
fl=/usr/src/debug/glibc-2.41-5.fc42.x86_64/math/../sysdeps/x86_64/fpu/multiarch/e_asin.c
fn=__acos_finite@GLIBC_2.15
37 2
fn=__asin_finite@GLIBC_2.15
29 2
fl=/usr/src/debug/glibc-2.41-5.fc42.x86_64/math/../sysdeps/x86_64/fpu/multiarch/e_atan2.c
fn=__atan2_finite@GLIBC_2.15
28 2
fl=/usr/src/debug/glibc-2.41-5.fc42.x86_64/math/../sysdeps/x86_64/fpu/multiarch/e_atanh.c
fn=__atanh_finite@GLIBC_2.15
28 2
fl=/usr/src/debug/glibc-2.41-5.fc42.x86_64/math/../sysdeps/x86_64/fpu/multiarch/e_exp.c
fn=__exp_finite@GLIBC_2.15
29 2
fl=/usr/src/debug/glibc-2.41-5.fc42.x86_64/math/../sysdeps/x86_64/fpu/multiarch/e_exp2f.c
fn=exp2f@@GLIBC_2.27
29 6
fl=/usr/src/debug/glibc-2.41-5.fc42.x86_64/math/../sysdeps/x86_64/fpu/multiarch/e_expf.c
fn=expf@@GLIBC_2.27
29 6
fl=/usr/src/debug/glibc-2.41-5.fc42.x86_64/math/../sysdeps/x86_64/fpu/multiarch/e_log.c
fn=__log_finite@GLIBC_2.15
29 2
fl=/usr/src/debug/glibc-2.41-5.fc42.x86_64/math/../sysdeps/x86_64/fpu/multiarch/e_log2.c
fn=log2@@GLIBC_2.29
29 6
fl=/usr/src/debug/glibc-2.41-5.fc42.x86_64/math/../sysdeps/x86_64/fpu/multiarch/e_log2f.c
fn=log2f@@GLIBC_2.27
29 6
fl=/usr/src/debug/glibc-2.41-5.fc42.x86_64/math/../sysdeps/x86_64/fpu/multiarch/e_logf.c
fn=logf@@GLIBC_2.27
29 6
fl=/usr/src/debug/glibc-2.41-5.fc42.x86_64/math/../sysdeps/x86_64/fpu/multiarch/e_pow.c
fn=__pow_finite@GLIBC_2.15
29 2
fl=/usr/src/debug/glibc-2.41-5.fc42.x86_64/math/../sysdeps/x86_64/fpu/multiarch/e_powf.c
fn=powf@@GLIBC_2.27
32 2
fl=/usr/src/debug/glibc-2.41-5.fc42.x86_64/math/../sysdeps/x86_64/fpu/multiarch/e_sinh.c
fn=__sinh_finite@GLIBC_2.15
28 2
fl=/usr/src/debug/glibc-2.41-5.fc42.x86_64/math/../sysdeps/x86_64/fpu/multiarch/ifunc-avx-fma4.h
fn=__atan2_finite@GLIBC_2.15
32 5
33 2
fn=__exp_finite@GLIBC_2.15
32 5
33 2
fn=__log_finite@GLIBC_2.15
32 5
33 2
fn=atan
32 5
33 2
fn=cos
32 5
33 2
fn=sin
32 5
33 2
fn=tan
32 5
33 2
fl=/usr/src/debug/glibc-2.41-5.fc42.x86_64/math/../sysdeps/x86_64/fpu/multiarch/ifunc-fma.h
fn=__atanh_finite@GLIBC_2.15
29 4
30 4
fn=__log1p
29 4
30 4
fn=__sinh_finite@GLIBC_2.15
29 4
30 4
fn=cosf
29 4
30 4
fn=exp2f@@GLIBC_2.27
30 4
fn=expf@@GLIBC_2.27
30 4
fn=expm1
29 4
30 4
fn=log2@@GLIBC_2.29
30 4
fn=log2f@@GLIBC_2.27
30 4
fn=logf@@GLIBC_2.27
30 4
fn=powf@@GLIBC_2.27
29 4
30 4
fn=sincosf
29 4
30 4
fn=sinf
29 4
30 4
fl=/usr/src/debug/glibc-2.41-5.fc42.x86_64/math/../sysdeps/x86_64/fpu/multiarch/ifunc-fma4.h
fn=__acos_finite@GLIBC_2.15
31 4
32 2
fn=__asin_finite@GLIBC_2.15
31 4
32 2
fn=__pow_finite@GLIBC_2.15
31 4
32 2
fn=sincos
31 4
32 2
fl=/usr/src/debug/glibc-2.41-5.fc42.x86_64/math/../sysdeps/x86_64/fpu/multiarch/ifunc-sse4_1.h
fn=roundeven
29 5
fl=/usr/src/debug/glibc-2.41-5.fc42.x86_64/math/../sysdeps/x86_64/fpu/multiarch/s_atan.c
fn=atan
28 2
fl=/usr/src/debug/glibc-2.41-5.fc42.x86_64/math/../sysdeps/x86_64/fpu/multiarch/s_cosf.c
fn=cosf
28 2
fl=/usr/src/debug/glibc-2.41-5.fc42.x86_64/math/../sysdeps/x86_64/fpu/multiarch/s_expm1.c
fn=expm1
28 2
fl=/usr/src/debug/glibc-2.41-5.fc42.x86_64/math/../sysdeps/x86_64/fpu/multiarch/s_fma.c
fn=fma
49 6
fl=/usr/src/debug/glibc-2.41-5.fc42.x86_64/math/../sysdeps/x86_64/fpu/multiarch/s_fmaf.c
fn=fmaf
44 6
fl=/usr/src/debug/glibc-2.41-5.fc42.x86_64/math/../sysdeps/x86_64/fpu/multiarch/s_log1p.c
fn=__log1p
28 2
fl=/usr/src/debug/glibc-2.41-5.fc42.x86_64/math/../sysdeps/x86_64/fpu/multiarch/s_roundeven.c
fn=roundeven
32 2
fl=/usr/src/debug/glibc-2.41-5.fc42.x86_64/math/../sysdeps/x86_64/fpu/multiarch/s_sin.c
fn=cos
36 2
fn=sin
29 2
fl=/usr/src/debug/glibc-2.41-5.fc42.x86_64/math/../sysdeps/x86_64/fpu/multiarch/s_sincos.c
fn=sincos
28 2
fl=/usr/src/debug/glibc-2.41-5.fc42.x86_64/math/../sysdeps/x86_64/fpu/multiarch/s_sincosf.c
fn=sincosf
28 2
fl=/usr/src/debug/glibc-2.41-5.fc42.x86_64/math/../sysdeps/x86_64/fpu/multiarch/s_sinf.c
fn=sinf
28 2
fl=/usr/src/debug/glibc-2.41-5.fc42.x86_64/math/../sysdeps/x86_64/fpu/multiarch/s_tan.c
fn=tan
28 2
fl=/usr/src/debug/glibc-2.41-5.fc42.x86_64/misc/../sysdeps/unix/syscall-template.S
fn=mprotect
117 25
122 5
fn=munmap
117 5
122 1
fl=/usr/src/debug/glibc-2.41-5.fc42.x86_64/misc/../sysdeps/unix/sysv/linux/brk.c
fn=brk
36 2
37 4
38 4
44 2
45 2
fl=/usr/src/debug/glibc-2.41-5.fc42.x86_64/misc/../sysdeps/unix/sysv/linux/brk_call.h
fn=brk
24 4
fl=/usr/src/debug/glibc-2.41-5.fc42.x86_64/misc/../sysdeps/unix/sysv/linux/mmap64.c
fn=mmap
47 91
50 26
53 62
58 78
60 52
fl=/usr/src/debug/glibc-2.41-5.fc42.x86_64/misc/../sysdeps/unix/sysv/linux/setvmaname.c
fn=__set_vma_name
33 11
35 7
40 7
47 1
49 6
fl=/usr/src/debug/glibc-2.41-5.fc42.x86_64/misc/init-misc.c
fn=__init_misc
30 5
31 5
33 4
37 6
38 4
40 2
fl=/usr/src/debug/glibc-2.41-5.fc42.x86_64/misc/sbrk.c
fn=sbrk
37 10
40 4
43 4
58 4
59 4
62 4
63 4
66 4
67 1
74 4
78 7
fl=/usr/src/debug/glibc-2.41-5.fc42.x86_64/nptl/../sysdeps/unix/sysv/linux/x86/elision-conf.c
fn=__lll_elision_init
92 5
96 6
98 4
100 4
102 4
104 4
107 3
108 1
109 6
fl=/usr/src/debug/glibc-2.41-5.fc42.x86_64/nptl/alloca_cutoff.c
fn=__libc_alloca_cutoff
27 1239
28 9912
35 1239
fl=/usr/src/debug/glibc-2.41-5.fc42.x86_64/nptl/cancellation.c
fn=__internal_syscall_cancel
30 2106
37 702
38 702
40 702
64 1053
fn=__syscall_cancel
74 1053
75 1053
79 1755
80 1053
fl=/usr/src/debug/glibc-2.41-5.fc42.x86_64/nptl/libc-cleanup.c
fn=__libc_cleanup_pop_restore
54 4
57 8
59 12
60 12
71 4
fn=__libc_cleanup_push_defer
24 4
25 4
27 8
29 8
32 8
46 12
48 4
49 4
fl=/usr/src/debug/glibc-2.41-5.fc42.x86_64/nptl/pthread_mutex_conf.c
fn=__pthread_tunables_init
55 5
56 6
58 4
60 4
62 6
fl=/usr/src/debug/glibc-2.41-5.fc42.x86_64/nptl/pthread_mutex_lock.c
fn=pthread_mutex_lock@@GLIBC_2.2.5
44 1
45 7
46 1
77 4
80 1
82 1
84 3
88 2
97 2
108 4
112 1
115 2
124 1
130 3
131 2
179 1
182 1
184 1
187 1
190 2
fl=/usr/src/debug/glibc-2.41-5.fc42.x86_64/nptl/pthread_mutex_unlock.c
fn=__pthread_mutex_unlock_usercnt
39 1
40 4
41 1
48 4
51 1
52 2
57 2
62 1
63 2
65 2
70 1
72 1
74 2
80 4
84 3
87 2
104 2
fn=pthread_mutex_unlock@@GLIBC_2.2.5
367 1
368 2
fl=/usr/src/debug/glibc-2.41-5.fc42.x86_64/posix/../malloc/dynarray-skeleton.c
fn=__unregister_atfork
243 2
fl=/usr/src/debug/glibc-2.41-5.fc42.x86_64/posix/../sysdeps/unix/sysv/linux/_exit.c
fn=_Exit
27 3
30 2
fl=/usr/src/debug/glibc-2.41-5.fc42.x86_64/posix/register-atfork.c
fn=__unregister_atfork
71 4
82 10
83 8
109 8
110 4
fl=/usr/src/debug/glibc-2.41-5.fc42.x86_64/resource/../sysdeps/unix/sysv/linux/getrlimit64.c
fn=getrlimit
38 2
39 7
40 1
fl=/usr/src/debug/glibc-2.41-5.fc42.x86_64/setjmp/../sysdeps/x86_64/bsd-_setjmp.S
fn=_setjmp
28 1
30 1
32 1
fl=/usr/src/debug/glibc-2.41-5.fc42.x86_64/setjmp/../sysdeps/x86_64/setjmp.S
fn=__sigsetjmp
31 7
33 7
42 7
43 14
44 7
48 7
49 7
50 7
51 7
52 7
54 14
56 7
57 7
58 7
60 14
62 7
67 1
68 1
70 6
73 6
74 6
81 6
82 6
85 1
fl=/usr/src/debug/glibc-2.41-5.fc42.x86_64/setjmp/sigjmp.c
fn=__sigjmp_save
28 1
29 1
30 2
34 2
fl=/usr/src/debug/glibc-2.41-5.fc42.x86_64/stdio-common/../include/../locale/localeinfo.h
fn=__printf_fp_l_buffer
331 3717
fl=/usr/src/debug/glibc-2.41-5.fc42.x86_64/stdio-common/../include/printf_buffer.h
fn=__printf_buffer_to_file_init
124 826
127 413
128 413
137 826
fn=__printf_fp_buffer_1.isra.0
148 1119
149 1119
151 120
163 6195
fl=/usr/src/debug/glibc-2.41-5.fc42.x86_64/stdio-common/../include/rounding-mode.h
fn=__printf_fp_buffer_1.isra.0
52 3578
58 1100
fl=/usr/src/debug/glibc-2.41-5.fc42.x86_64/stdio-common/../libio/libioP.h
fn=__printf_buffer_flush_to_file
1036 1239
1037 1239
fl=/usr/src/debug/glibc-2.41-5.fc42.x86_64/stdio-common/../string/bits/string_fortified.h
fn=__printf_buffer_write
29 9912
fn=__printf_fp_buffer_1.isra.0
29 3859
fl=/usr/src/debug/glibc-2.41-5.fc42.x86_64/stdio-common/../sysdeps/generic/get-rounding-mode.h
fn=__printf_fp_buffer_1.isra.0
94 1239
95 8673
fl=/usr/src/debug/glibc-2.41-5.fc42.x86_64/stdio-common/../sysdeps/pthread/allocalim.h
fn=__printf_fp_buffer_1.isra.0
27 2478
29 6195
fl=/usr/src/debug/glibc-2.41-5.fc42.x86_64/stdio-common/Xprintf_buffer_done.c
fn=__printf_buffer_done
25 413
26 1239
31 826
33 4543
40 413
fl=/usr/src/debug/glibc-2.41-5.fc42.x86_64/stdio-common/Xprintf_buffer_write.c
fn=__printf_buffer_write
27 36344
28 13629
31 22302
33 16520
36 3304
37 6608
40 9912
41 3304
44 27258
fl=/usr/src/debug/glibc-2.41-5.fc42.x86_64/stdio-common/printf-parse.h
fn=__printf_buffer
55 8673
82 10325
fl=/usr/src/debug/glibc-2.41-5.fc42.x86_64/stdio-common/printf.c
fn=printf
28 9499
32 2478
33 2478
37 2065
fl=/usr/src/debug/glibc-2.41-5.fc42.x86_64/stdio-common/printf_buffer_to_file.c
fn=__printf_buffer_flush_to_file
49 2065
51 1652
53 1652
58 1239
59 2891
65 826
104 413
fn=__printf_buffer_to_file_done
117 1652
118 1239
120 826
121 826
122 413
fn=__printf_buffer_to_file_init
108 413
109 826
111 413
112 413
fn=__printf_buffer_to_file_switch
29 826
30 3304
35 826
40 1652
41 826
44 826
45 826
fl=/usr/src/debug/glibc-2.41-5.fc42.x86_64/stdio-common/printf_fp.c
fn=__printf_fp_buffer_1.isra.0
138 19824
159 9912
177 1239
187 1239
221 2478
222 1239
226 4956
230 21063
234 1239
266 6195
267 1239
268 2478
271 19824
272 18585
273 17346
279 1239
280 2478
294 2014
297 3021
301 4028
305 3021
306 2014
308 6042
309 9063
310 2014
311 5035
313 2014
318 13091
322 64448
324 8072
327 3045
337 1015
368 2030
369 4060
385 9202
388 2911
389 3792
390 3792
391 3792
394 12084
396 26182
397 2014
403 2081
407 9914
411 4616
413 1896
429 186
430 186
433 62
434 124
439 1772
442 7212
452 124
458 3544
460 2658
461 5316
463 4949
470 310
471 124
473 124
474 372
477 1918
478 310
483 464
499 120
500 150
501 60
503 30
504 90
509 330
511 722
518 10
519 4
520 2
524 10
525 2
527 12
531 10
532 4
533 8
535 4
540 10
542 4
544 2
546 12
562 6
564 4
565 2
566 6
621 330
623 724
625 60
629 150
630 60
631 90
633 60
634 180
642 60
643 60
644 30
645 120
647 90
655 606
659 606
660 1010
661 404
665 3717
669 30
674 7434
676 2478
680 2478
686 2478
688 1239
689 3717
692 4956
694 9672
696 2418
701 1299
731 180
738 4866
746 3717
759 19824
760 3717
763 2538
766 24606
769 6471
771 1209
773 7254
775 3627
781 60
782 30
783 180
787 1239
788 2478
789 2478
790 7434
792 1239
793 3717
794 1239
795 1239
796 4956
805 3717
806 4956
808 8673
809 774
810 3024
813 856
818 1746
830 1100
834 1068
835 5046
837 16
838 32
840 4400
842 1100
844 1068
845 32
855 1116
859 96
861 107
862 3
864 32
866 14
870 4
881 6
907 10
908 8
914 10
924 4817
931 1410
935 3731
980 7434
983 2478
987 5449
988 1612
991 2478
994 4956
996 9912
1001 1732
1003 1732
1006 3224
1009 3717
1022 4956
1024 3717
1028 2478
1030 13629
fn=__printf_fp_l_buffer
1099 18585
1102 3717
1111 1239
1112 2478
1115 6195
1116 6195
1117 2478
1122 8673
1126 1239
1147 13629
fn=hack_digit
88 27810
91 14385
93 13905
95 11799
96 3372
101 7584
105 26544
107 15168
108 3792
110 7584
111 23071
112 638
117 319
118 319
122 17365
123 10419
124 13095
127 7789
128 27810
fl=/usr/src/debug/glibc-2.41-5.fc42.x86_64/stdio-common/vfprintf-internal.c
fn=__printf_buffer
263 3717
264 3717
266 1239
600 5782
627 2065
631 413
634 413
638 1652
642 413
653 826
654 1239
655 1239
659 826
663 3304
683 2065
684 2065
685 2065
686 2065
687 2065
690 6608
691 2065
692 2065
693 2065
694 2065
695 2065
698 2065
699 2065
705 28910
709 1239
744 2478
813 1239
814 3717
840 3717
855 17346
973 2478
976 43365
996 14868
997 2478
1001 1239
1018 2065
1024 2065
1028 6195
1029 4130
1031 9086
1044 4543
fn=__vfprintf_internal
1522 6195
1525 2064
1529 2065
1540 826
1543 1239
1544 2065
1545 1239
1567 4543
fl=/usr/src/debug/glibc-2.41-5.fc42.x86_64/stdio-common/vfprintf-process-arg.c
fn=__printf_buffer
403 7434
408 1652
422 5782
430 1652
435 3304
455 2478
463 3304
464 826
491 826
fl=/usr/src/debug/glibc-2.41-5.fc42.x86_64/stdlib/../include/rounding-mode.h
fn=round_away
46 399568
49 799136
fl=/usr/src/debug/glibc-2.41-5.fc42.x86_64/stdlib/../stdlib/gmp.h
fn=round_and_return
453 40192
454 40192
fl=/usr/src/debug/glibc-2.41-5.fc42.x86_64/stdlib/../string/bits/string_fortified.h
fn=____strtod_l_internal
29 799930
fn=indirect_msort_with_tmp
29 1263
fn=msort_with_tmp.part.0
29 2420
fl=/usr/src/debug/glibc-2.41-5.fc42.x86_64/stdlib/../sysdeps/generic/get-rounding-mode.h
fn=round_and_return
94 99892
95 899028
fl=/usr/src/debug/glibc-2.41-5.fc42.x86_64/stdlib/../sysdeps/ieee754/dbl-64/dbl2mpn.c
fn=__mpn_extract_double
33 2478
35 1239
37 3717
38 6195
47 3717
56 3717
60 6
62 3
103 2472
107 2478
fl=/usr/src/debug/glibc-2.41-5.fc42.x86_64/stdlib/../sysdeps/ieee754/dbl-64/mpn2dbl.c
fn=__mpn_construct_double
29 99892
33 99892
39 99892
40 998920
46 99892
47 199784
fl=/usr/src/debug/glibc-2.41-5.fc42.x86_64/stdlib/../sysdeps/unix/sysv/linux/getrandom.c
fn=__getrandom_early_init
238 7
241 6
278 5
fl=/usr/src/debug/glibc-2.41-5.fc42.x86_64/stdlib/../sysdeps/x86_64/lshift.S
fn=__mpn_lshift
28 279125
29 279125
30 279125
32 279125
33 279125
34 279125
46 279125
47 279125
48 279125
49 279125
50 279125
51 279125
52 279125
58 279125
59 279125
60 279125
fl=/usr/src/debug/glibc-2.41-5.fc42.x86_64/stdlib/../sysdeps/x86_64/mul_1.S
fn=__mpn_mul_1
31 4348
32 4348
35 4348
36 4348
37 4348
38 4348
39 4348
41 4348
42 4348
44 4348
45 4348
46 4348
47 4348
48 4316
50 4316
51 4316
52 4316
53 4316
79 32
80 32
81 32
82 32
83 32
84 32
85 32
86 32
87 32
113 32
114 32
115 32
117 32
118 32
119 32
120 32
121 32
122 4348
124 4348
127 4348
fl=/usr/src/debug/glibc-2.41-5.fc42.x86_64/stdlib/../sysdeps/x86_64/rshift.S
fn=__mpn_rshift
28 1926
29 1926
30 1926
31 1926
44 1926
45 1926
61 1926
62 1926
63 1926
64 1926
65 1926
66 1926
67 1926
72 1926
73 1926
74 1926
75 1926
76 1926
fl=/usr/src/debug/glibc-2.41-5.fc42.x86_64/stdlib/cmp.c
fn=__mpn_cmp
31 1015
35 2096
37 1046
38 1046
39 2092
42 2
47 5065
48 2
fl=/usr/src/debug/glibc-2.41-5.fc42.x86_64/stdlib/cxa_atexit.c
fn=__cxa_atexit
67 1
68 2
fn=__internal_atexit
36 7
41 3
43 7
44 2
46 2
52 3
53 1
54 1
55 1
56 1
57 5
58 1
59 6
fn=__new_exitfn
80 5
81 1
86 2
91 9
93 4
101 1
122 1
123 1
134 1
136 1
137 1
141 3
fl=/usr/src/debug/glibc-2.41-5.fc42.x86_64/stdlib/cxa_finalize.c
fn=__cxa_finalize
45 20
48 10
51 14
55 14
108 14
112 12
119 4
120 4
121 8
122 16
fl=/usr/src/debug/glibc-2.41-5.fc42.x86_64/stdlib/cxa_thread_atexit_impl.c
fn=__call_tls_dtors
148 5
149 4
165 4
fl=/usr/src/debug/glibc-2.41-5.fc42.x86_64/stdlib/divrem.c
fn=__mpn_divrem
46 45504
47 3792
49 7584
62 3792
63 3792
65 7584
67 353
68 706
72 34160
73 8544
76 7584
79 3792
81 3792
234 34128
fl=/usr/src/debug/glibc-2.41-5.fc42.x86_64/stdlib/exit.c
fn=__run_exit_handlers
45 12
47 9
50 2
51 2
53 7
64 1
66 2
70 1
74 6
76 2
77 1
79 7
111 1
112 1
113 1
114 3
117 4
118 3
119 4
123 3
129 2
130 2
136 4
138 2
139 2
141 2
fn=exit
147 3
148 4
fl=/usr/src/debug/glibc-2.41-5.fc42.x86_64/stdlib/mul.c
fn=__mpn_mul
48 34
54 4
66 4
71 2
72 4
81 4
83 2
88 4
141 2
142 22
fl=/usr/src/debug/glibc-2.41-5.fc42.x86_64/stdlib/qsort.c
fn=indirect_msort_with_tmp
201 4
300 13
302 2
303 3
304 1
305 2
307 831
309 826
310 413
312 1
318 2065
319 1652
321 5
322 5
327 2436
328 406
331 406
332 807
334 812
336 5
339 8
fn=msort_with_tmp.part.0
196 4944
201 3235
204 824
205 824
206 824
207 1236
212 824
213 824
214 824
215 824
216 2060
255 12554
257 18360
259 1488
260 1488
261 2976
265 1572
266 1572
267 4632
269 3060
291 824
292 386
293 1236
294 2884
fn=qsort
404 1
405 2
fn=qsort_r
344 12
345 5
353 2
354 3
356 2
357 2
360 8
361 2
362 3
363 7
373 5
381 6
396 2
397 2
398 11
fl=/usr/src/debug/glibc-2.41-5.fc42.x86_64/stdlib/strtod.c
fn=strtod
81 100000
82 400000
fl=/usr/src/debug/glibc-2.41-5.fc42.x86_64/stdlib/strtod_l.c
fn=____strtod_l_internal
380 187846
381 2261918
510 1500000
516 306582
555 100000
563 100000
565 200000
589 100000
597 200000
598 300000
599 300000
603 100000
604 91154
609 400000
612 400000
613 300000
616 200000
618 8846
619 26538
621 182308
634 600000
635 200000
643 300000
687 50
691 210970
710 202194
711 4388
712 4388
734 200000
735 6582
736 17552
741 19746
742 4388
749 8776
767 440
777 992572
778 200000
781 173143
790 200000
803 346286
806 400000
848 200000
857 800000
858 200000
864 100000
865 300000
866 700000
867 600000
870 200000
871 180080
873 300000
876 200000
879 29880
882 200000
883 100000
884 600000
982 100000
1015 200000
1017 229880
1019 9960
1020 9960
1022 29880
1025 69396
1044 300000
1047 216
1050 199784
1074 99892
1083 199784
1175 1098812
1178 99892
1179 299676
1182 399568
1194 199784
1197 199784
1200 97806
1206 684642
1226 97806
1250 293418
1251 391224
1255 195612
1261 195612
1293 195612
1296 78816
1298 19704
1300 49260
1308 59112
1312 29556
1327 78816
1332 87954
1359 626108
1368 175908
1371 175908
1372 351816
1377 4172
1380 16688
1388 4172
1393 4172
1398 12516
1401 360160
1404 630280
1407 360160
1410 90040
1412 450200
1419 900400
1422 180080
1424 180080
1426 180080
1427 360160
1445 180080
1447 270120
1468 450200
1470 360160
1474 450200
1475 540240
1476 180080
1487 180080
1489 180080
1496 90040
1497 90040
1498 360160
1502 450200
1540 1622806
1542 2086
1544 716148
1545 94212
1637 540240
1772 1100000
fn=round_and_return
215 1298596
218 199784
225 99892
315 199784
318 399568
321 378893
322 959118
323 99892
330 80384
340 80384
352 240372
354 159982
355 79991
357 739436
358 599352
fn=str_to_mpn.part.0.constprop.0
367 2817690
376 187846
377 187846
384 526366
415 1052732
418 180080
425 90040
428 879589
429 526366
431 526366
433 751384
440 563538
442 563538
444 187846
445 187846
460 1690614
fl=/usr/src/debug/glibc-2.41-5.fc42.x86_64/string/../include/rtld-malloc.h
fn=strdup
56 6
fl=/usr/src/debug/glibc-2.41-5.fc42.x86_64/string/../string/strcspn.c
fn=strcspn
32 5
33 3
34 2
39 6
40 4
41 4
42 4
44 1
47 9
48 6
51 4
52 4
53 4
54 4
56 3
61 13
62 26
63 26
64 26
65 13
67 78
69 1
70 4
71 2
fl=/usr/src/debug/glibc-2.41-5.fc42.x86_64/string/../string/strstr.c
fn=__GI_strstr
45 1
77 13
82 3
84 5
85 2
161 12
fl=/usr/src/debug/glibc-2.41-5.fc42.x86_64/string/../sysdeps/x86/cacheinfo.c
fn=__x86_cacheinfo
86 3
fl=/usr/src/debug/glibc-2.41-5.fc42.x86_64/string/../sysdeps/x86/cacheinfo.h
fn=__x86_cacheinfo
62 1
65 3
67 3
68 1
74 3
76 3
77 1
81 2
84 2
86 2
87 2
88 2
90 2
fl=/usr/src/debug/glibc-2.41-5.fc42.x86_64/string/../sysdeps/x86_64/multiarch/../multiarch/memcmp-sse2.S
fn=bcmp
59 1
71 1
72 1
94 1
95 1
140 1
141 1
143 1
144 1
146 1
147 1
149 1
150 1
197 1
198 1
199 1
200 1
201 1
202 1
fl=/usr/src/debug/glibc-2.41-5.fc42.x86_64/string/../sysdeps/x86_64/multiarch/../multiarch/memset-vec-unaligned-erms.S
fn=memset
137 7
138 35
143 7
144 7
147 3
148 3
150 1
151 1
152 1
236 2
237 2
249 2
252 2
253 2
265 2
266 2
279 2
280 2
282 2
285 1
288 2
291 35
292 35
293 35
294 35
295 35
296 35
297 35
300 2
301 2
302 2
303 2
308 2
354 4
356 4
357 4
396 4
397 4
399 4
fl=/usr/src/debug/glibc-2.41-5.fc42.x86_64/string/../sysdeps/x86_64/multiarch/../multiarch/strchr-sse2.S
fn=index
32 18
33 18
34 18
35 18
36 18
37 18
38 18
39 18
40 18
41 18
42 18
43 18
44 18
45 18
46 18
47 18
48 18
49 18
50 15
54 15
55 15
56 15
57 15
59 15
63 3
64 3
65 3
66 3
67 3
68 3
69 3
70 3
71 3
72 3
73 3
74 3
75 3
76 3
77 3
78 3
79 3
80 3
81 3
82 3
83 3
84 3
85 3
86 3
138 3
142 3
143 3
144 3
145 3
147 3
fl=/usr/src/debug/glibc-2.41-5.fc42.x86_64/string/../sysdeps/x86_64/multiarch/../multiarch/strcmp-sse2.S
fn=strcmp
98 277
131 277
132 277
134 277
135 277
156 277
157 277
158 244
159 244
160 197
161 197
162 197
163 197
180 197
181 197
182 197
183 197
184 197
185 197
186 197
191 14
192 42
201 94
202 94
203 94
204 94
205 94
206 94
207 94
208 94
209 92
210 53
211 53
212 53
214 92
215 92
216 92
217 92
218 92
219 92
229 2
230 2
231 2
233 2
239 2
240 2
241 2
242 2
243 2
248 2
300 1
301 1
302 1
303 1
304 1
306 1
307 1
308 1
309 1
310 1
311 1
312 1
313 1
316 1
317 1
318 1
324 1
325 1
326 2
330 1
331 1
334 1
335 1
336 1
338 1
339 1
340 1
344 1
345 1
346 1
347 1
348 1
349 1
542 9
543 9
544 9
545 9
546 9
548 9
549 9
550 9
551 9
552 9
553 9
554 9
555 2
559 2
560 2
561 2
567 2
568 2
569 4
573 2
574 2
577 2
578 2
579 2
581 2
582 2
583 2
587 2
588 2
589 2
590 2
591 2
592 2
780 3
781 3
782 3
783 3
784 3
786 3
787 3
788 3
789 3
790 3
791 3
792 3
793 2
797 2
798 2
799 2
805 2
806 2
807 4
811 2
812 2
815 2
816 2
817 2
819 2
820 2
821 2
825 2
826 2
827 2
828 2
829 2
830 2
837 1
838 1
840 1
841 1
843 1
844 1
845 1
847 1
848 1
849 1
853 1
854 1
855 1
856 1
857 1
858 1
899 2
900 2
901 2
902 2
903 2
905 2
906 2
907 2
908 2
909 2
910 2
911 2
912 2
916 2
917 2
918 2
924 2
925 2
926 4
930 2
931 2
934 2
935 2
936 2
938 2
939 2
940 2
944 2
945 2
946 2
947 2
948 2
949 2
1018 2
1019 2
1020 2
1021 2
1022 2
1024 2
1025 2
1026 2
1027 2
1028 2
1029 2
1030 2
1031 2
1035 2
1036 2
1037 2
1043 2
1044 2
1045 4
1049 2
1050 2
1053 2
1054 2
1055 2
1057 2
1058 2
1059 2
1063 2
1064 2
1065 2
1066 2
1067 2
1068 2
1075 1
1076 1
1078 1
1079 1
1081 1
1082 1
1083 1
1085 1
1086 1
1087 1
1091 1
1092 1
1093 1
1094 1
1095 1
1096 1
1137 4
1138 4
1139 4
1140 4
1141 4
1143 4
1144 4
1145 4
1146 4
1147 4
1148 4
1149 4
1150 4
1154 4
1155 4
1156 4
1162 4
1163 4
1164 8
1168 4
1169 4
1172 4
1173 4
1174 4
1176 4
1177 4
1178 4
1182 4
1183 4
1184 4
1185 4
1186 4
1187 4
1194 1
1195 1
1197 1
1198 1
1200 1
1201 1
1202 1
1204 1
1205 1
1206 1
1210 1
1211 1
1212 1
1213 1
1214 1
1215 1
1375 4
1376 4
1377 4
1378 4
1379 4
1381 4
1382 4
1383 4
1384 4
1385 4
1386 4
1387 4
1388 2
1392 2
1393 2
1394 2
1400 2
1401 2
1402 4
1406 2
1407 2
1410 2
1411 2
1412 2
1414 2
1415 2
1416 2
1420 2
1421 2
1422 2
1423 2
1424 2
1425 2
1494 28
1495 28
1496 28
1497 28
1498 28
1500 28
1501 28
1502 28
1503 28
1504 28
1505 28
1506 28
1507 10
1511 10
1512 10
1513 10
1519 10
1520 10
1521 20
1525 10
1526 10
1529 10
1530 10
1531 10
1533 10
1534 10
1535 10
1539 10
1540 10
1541 10
1542 10
1543 10
1544 10
1551 3
1552 3
1554 3
1555 3
1557 3
1558 3
1559 3
1561 3
1562 3
1563 3
1567 3
1568 3
1569 3
1570 3
1571 3
1572 3
1613 5
1614 5
1615 5
1616 5
1617 5
1619 5
1620 5
1621 5
1622 5
1623 5
1624 5
1625 5
1626 3
1630 3
1631 3
1632 3
1638 3
1639 3
1640 6
1644 3
1645 3
1648 3
1649 3
1650 3
1652 3
1653 3
1654 3
1658 3
1659 3
1660 3
1661 3
1662 3
1663 3
1732 14
1733 14
1734 14
1735 14
1736 14
1738 14
1739 14
1740 14
1741 14
1742 14
1743 14
1744 14
1745 3
1749 3
1750 3
1751 3
1757 3
1758 3
1759 6
1763 3
1764 3
1767 3
1768 3
1769 3
1771 3
1772 3
1773 3
1777 3
1778 3
1779 3
1780 3
1781 3
1782 3
1851 13
1852 13
1853 13
1854 13
1855 13
1857 13
1858 13
1859 13
1860 13
1861 13
1862 13
1863 13
1864 5
1868 5
1869 5
1870 5
1876 5
1877 5
1878 10
1882 5
1883 5
1886 5
1887 5
1888 5
1890 5
1891 5
1892 5
1896 5
1897 5
1898 5
1899 5
1900 5
1901 5
1970 7
1971 7
1972 7
1973 7
1974 7
1976 7
1977 7
1978 7
1979 7
1980 7
1981 7
1982 7
1984 5
1988 5
1989 5
1990 5
1996 5
1997 5
1999 10
2003 5
2004 5
2007 5
2008 5
2009 5
2011 5
2012 5
2013 5
2017 5
2018 5
2019 5
2020 5
2021 5
2022 5
2093 41
2095 94
2096 94
2097 94
2098 94
2099 106
2104 277
2110 277
2111 277
2119 277
2120 277
fn=strncmp
98 1
125 1
126 1
127 1
128 1
129 1
131 1
132 1
134 1
135 1
156 1
157 1
158 1
159 1
160 1
161 1
162 1
163 1
180 1
181 1
182 1
183 1
184 1
185 1
186 1
2104 1
2107 1
2108 1
2110 1
2111 1
2119 1
2120 1
fl=/usr/src/debug/glibc-2.41-5.fc42.x86_64/string/../sysdeps/x86_64/multiarch/../multiarch/strlen-sse2.S
fn=strlen
57 17
101 17
102 17
103 17
104 17
105 17
106 17
107 17
109 17
111 17
142 17
143 17
144 17
145 17
146 17
147 8
149 8
153 9
154 9
155 9
156 9
157 9
158 9
159 9
160 9
161 9
162 9
163 9
164 9
169 72
fl=/usr/src/debug/glibc-2.41-5.fc42.x86_64/string/../sysdeps/x86_64/multiarch/ifunc-avx2.h
fn=memrchr
38 3
40 4
41 2
42 3
46 4
49 3
52 5
fn=rindex
38 3
40 4
41 2
42 3
46 4
49 3
52 5
fn=strchrnul
38 3
40 4
41 2
42 3
46 4
49 3
52 5
fn=strlen
38 3
40 4
41 2
42 3
46 4
49 3
52 5
fn=strnlen
38 6
40 8
41 4
42 6
46 8
49 6
52 10
fl=/usr/src/debug/glibc-2.41-5.fc42.x86_64/string/../sysdeps/x86_64/multiarch/ifunc-evex.h
fn=memchr
37 3
38 4
39 3
43 2
51 3
54 4
fl=/usr/src/debug/glibc-2.41-5.fc42.x86_64/string/../sysdeps/x86_64/multiarch/ifunc-memcmp.h
fn=bcmp
34 7
35 2
37 3
41 2
44 3
47 5
fl=/usr/src/debug/glibc-2.41-5.fc42.x86_64/string/../sysdeps/x86_64/multiarch/ifunc-memmove.h
fn=memcpy@@GLIBC_2.14
56 3
57 2
60 3
61 2
74 2
77 2
85 2
93 2
96 5
fn=memmove
56 3
57 2
60 3
61 2
74 2
77 2
85 2
93 2
96 5
fn=mempcpy
56 3
57 2
60 3
61 2
74 2
77 2
85 2
93 2
96 5
fl=/usr/src/debug/glibc-2.41-5.fc42.x86_64/string/../sysdeps/x86_64/multiarch/ifunc-memset.h
fn=memset
52 1
53 2
61 5
64 3
65 2
80 2
84 4
92 2
100 2
fl=/usr/src/debug/glibc-2.41-5.fc42.x86_64/string/../sysdeps/x86_64/multiarch/ifunc-sse4_2.h
fn=strcspn
36 5
fn=strpbrk
36 5
fn=strspn
36 5
fl=/usr/src/debug/glibc-2.41-5.fc42.x86_64/string/../sysdeps/x86_64/multiarch/ifunc-strcasecmp.h
fn=strcasecmp
36 1
37 4
38 3
42 4
45 3
48 4
fn=strcasecmp_l
36 1
37 4
38 3
42 4
45 3
48 4
fn=strncasecmp
36 1
37 4
38 3
42 4
45 3
48 4
fn=strncasecmp_l
36 1
37 4
38 3
42 4
45 3
48 4
fl=/usr/src/debug/glibc-2.41-5.fc42.x86_64/string/../sysdeps/x86_64/multiarch/ifunc-strcpy.h
fn=stpcpy
38 4
39 3
43 4
46 3
49 3
fn=strcat
38 4
39 3
43 4
46 3
49 3
fn=strcpy
38 8
39 6
43 8
46 6
49 6
fl=/usr/src/debug/glibc-2.41-5.fc42.x86_64/string/../sysdeps/x86_64/multiarch/ifunc-strncpy.h
fn=stpncpy
35 5
36 3
40 4
43 3
46 5
fn=strncpy
35 5
36 3
40 4
43 3
46 5
fl=/usr/src/debug/glibc-2.41-5.fc42.x86_64/string/../sysdeps/x86_64/multiarch/memchr-avx2.S
fn=__memchr_avx2
61 100289
68 100289
70 100289
73 100289
74 100289
76 100289
77 100289
78 100289
79 100289
82 99532
83 99532
86 99532
87 99532
89 98756
90 98756
91 98756
92 98756
94 197512
101 776
106 776
113 776
114 776
115 468
116 468
121 312
122 312
123 312
124 624
128 308
129 308
161 312
162 312
163 312
165 312
175 312
176 312
179 312
180 312
182 312
183 312
412 757
415 757
416 757
417 757
420 757
421 757
428 757
431 757
432 757
434 757
435 757
436 445
437 445
438 890
fl=/usr/src/debug/glibc-2.41-5.fc42.x86_64/string/../sysdeps/x86_64/multiarch/memchr.c
fn=memchr
29 2
fl=/usr/src/debug/glibc-2.41-5.fc42.x86_64/string/../sysdeps/x86_64/multiarch/memcmp.c
fn=bcmp
29 3
fl=/usr/src/debug/glibc-2.41-5.fc42.x86_64/string/../sysdeps/x86_64/multiarch/memcpy.c
fn=memcpy@@GLIBC_2.14
29 1
fl=/usr/src/debug/glibc-2.41-5.fc42.x86_64/string/../sysdeps/x86_64/multiarch/memmove-vec-unaligned-erms.S
fn=???
251 711976
fn=__memcpy_avx_unaligned_erms
255 284571
256 284571
262 284983
263 284983
265 781
266 781
267 781
270 303
271 303
272 303
275 606
305 284202
306 284202
308 260106
309 260106
311 3456
315 3456
316 2090
317 2090
318 2090
319 2090
320 807
321 807
323 2090
325 2090
331 1366
332 1366
333 1366
334 1366
335 1366
342 24096
343 24096
344 24096
345 24096
347 24096
364 256650
365 256650
366 256650
367 256650
368 256650
375 447
376 447
377 447
378 447
379 447
380 447
381 894
386 478
387 478
392 478
393 478
395 463
396 463
397 463
399 16
400 16
401 16
402 16
403 16
404 16
405 16
406 16
407 16
408 16
409 16
410 16
411 16
412 16
413 32
417 15
418 15
422 15
424 15
428 15
429 15
440 15
443 15
445 15
447 15
451 15
452 15
461 13
462 13
464 13
466 13
467 13
468 13
471 13
473 13
475 13
477 26
483 83
484 83
485 83
486 83
487 83
488 83
489 83
490 83
491 83
492 83
493 83
494 83
496 13
497 13
498 13
499 13
501 13
505 26
518 2
519 2
521 2
522 2
523 2
525 2
527 2
529 4
535 8
536 8
537 8
538 8
539 8
540 8
541 8
542 8
543 8
544 8
545 8
546 8
548 2
549 2
550 2
551 2
553 2
554 4
fn=__memcpy_chk_avx_unaligned_erms
249 177994
250 177994
251 177994
fn=__mempcpy_avx_unaligned_erms
242 412
243 412
244 412
245 412
fn=memcpy
210 19
211 19
217 25
218 25
220 18
221 18
222 18
224 11
225 11
226 11
228 11
308 7
309 7
311 1
315 1
316 1
317 1
318 1
319 1
323 1
325 1
364 6
365 6
366 6
367 6
368 6
375 7
376 7
377 7
378 7
379 7
380 7
381 7
392 7
393 7
395 7
396 7
397 7
fn=mempcpy
197 6
198 6
199 6
200 6
fl=/usr/src/debug/glibc-2.41-5.fc42.x86_64/string/../sysdeps/x86_64/multiarch/memmove.c
fn=memmove
29 1
fl=/usr/src/debug/glibc-2.41-5.fc42.x86_64/string/../sysdeps/x86_64/multiarch/mempcpy.c
fn=mempcpy
33 1
fl=/usr/src/debug/glibc-2.41-5.fc42.x86_64/string/../sysdeps/x86_64/multiarch/memrchr.c
fn=memrchr
29 1
fl=/usr/src/debug/glibc-2.41-5.fc42.x86_64/string/../sysdeps/x86_64/multiarch/memset.c
fn=memset
29 2
fl=/usr/src/debug/glibc-2.41-5.fc42.x86_64/string/../sysdeps/x86_64/multiarch/stpcpy.c
fn=stpcpy
33 2
fl=/usr/src/debug/glibc-2.41-5.fc42.x86_64/string/../sysdeps/x86_64/multiarch/stpncpy.c
fn=stpncpy
31 1
fn=strcasecmp
31 1
fl=/usr/src/debug/glibc-2.41-5.fc42.x86_64/string/../sysdeps/x86_64/multiarch/strcasecmp.c
fn=strcasecmp
31 2
fl=/usr/src/debug/glibc-2.41-5.fc42.x86_64/string/../sysdeps/x86_64/multiarch/strcasecmp_l.c
fn=strcasecmp_l
31 3
fl=/usr/src/debug/glibc-2.41-5.fc42.x86_64/string/../sysdeps/x86_64/multiarch/strcat.c
fn=strcat
29 2
fl=/usr/src/debug/glibc-2.41-5.fc42.x86_64/string/../sysdeps/x86_64/multiarch/strchr-avx2.S
fn=__strchr_avx2
53 100001
55 100001
56 100001
57 100001
58 100001
59 100001
62 100001
63 100001
67 100001
68 100001
69 100001
70 100001
71 100001
72 100001
73 100001
74 100001
77 100001
85 100001
87 100000
89 200000
93 1
94 2
fn=__strchrnul_avx2
53 2478
55 2478
56 2478
57 2478
58 2478
59 2478
62 2478
63 2478
67 2478
68 2478
69 2478
70 2478
71 2478
72 2478
73 2478
74 2478
87 2478
89 4956
fl=/usr/src/debug/glibc-2.41-5.fc42.x86_64/string/../sysdeps/x86_64/multiarch/strchr.c
fn=index
42 4
43 8
44 6
48 8
51 6
54 6
65 4
fl=/usr/src/debug/glibc-2.41-5.fc42.x86_64/string/../sysdeps/x86_64/multiarch/strchrnul.c
fn=strchrnul
31 1
fl=/usr/src/debug/glibc-2.41-5.fc42.x86_64/string/../sysdeps/x86_64/multiarch/strcmp-avx2.S
fn=__strcmp_avx2
206 20696404
249 20696404
274 20696404
275 20696404
276 20696404
278 20696404
279 20696404
283 20696404
287 20696404
289 20696404
291 20696404
294 20696404
303 20696404
304 20696404
308 20696404
318 20696404
319 20696404
322 20696404
326 41392808
953 20696404
954 20696404
fl=/usr/src/debug/glibc-2.41-5.fc42.x86_64/string/../sysdeps/x86_64/multiarch/strcmp.c
fn=strcmp
47 2
48 8
49 6
53 8
56 6
59 6
79 4
fl=/usr/src/debug/glibc-2.41-5.fc42.x86_64/string/../sysdeps/x86_64/multiarch/strcpy-avx2.S
fn=__strcpy_avx2
64 413
65 413
72 413
73 413
74 413
75 413
78 413
80 413
81 413
82 413
84 413
85 413
89 413
91 413
92 413
101 413
102 413
104 403
105 403
111 215
112 215
126 215
127 215
128 215
129 215
134 10
135 10
136 10
137 10
144 188
146 188
147 188
148 188
fl=/usr/src/debug/glibc-2.41-5.fc42.x86_64/string/../sysdeps/x86_64/multiarch/strcpy.c
fn=strcpy
29 4
fl=/usr/src/debug/glibc-2.41-5.fc42.x86_64/string/../sysdeps/x86_64/multiarch/strcspn.c
fn=strcspn
29 2
fl=/usr/src/debug/glibc-2.41-5.fc42.x86_64/string/../sysdeps/x86_64/multiarch/strlen-avx2.S
fn=__strlen_avx2
52 102066
65 102066
66 102066
67 102066
70 102066
72 102066
73 102066
76 102066
77 102066
85 102066
86 102066
87 102066
92 204132
fl=/usr/src/debug/glibc-2.41-5.fc42.x86_64/string/../sysdeps/x86_64/multiarch/strlen.c
fn=strlen
29 1
fl=/usr/src/debug/glibc-2.41-5.fc42.x86_64/string/../sysdeps/x86_64/multiarch/strncase.c
fn=strncasecmp
31 3
fl=/usr/src/debug/glibc-2.41-5.fc42.x86_64/string/../sysdeps/x86_64/multiarch/strncase_l.c
fn=strncasecmp_l
31 3
fl=/usr/src/debug/glibc-2.41-5.fc42.x86_64/string/../sysdeps/x86_64/multiarch/strncmp.c
fn=strncmp
43 1
44 4
45 3
49 4
52 3
55 4
67 3
fl=/usr/src/debug/glibc-2.41-5.fc42.x86_64/string/../sysdeps/x86_64/multiarch/strncpy.c
fn=strncpy
29 1
fl=/usr/src/debug/glibc-2.41-5.fc42.x86_64/string/../sysdeps/x86_64/multiarch/strnlen.c
fn=strnlen
31 2
fl=/usr/src/debug/glibc-2.41-5.fc42.x86_64/string/../sysdeps/x86_64/multiarch/strpbrk.c
fn=strpbrk
29 2
fl=/usr/src/debug/glibc-2.41-5.fc42.x86_64/string/../sysdeps/x86_64/multiarch/strrchr-avx2.S
fn=__strrchr_avx2
53 1
54 1
55 1
57 1
58 1
62 1
63 1
64 1
67 1
69 1
70 1
71 1
72 1
119 1
120 1
123 1
124 2
127 1
128 1
132 2
137 1
138 1
139 1
143 1
144 1
156 1
159 1
160 1
161 1
162 1
163 1
164 1
166 1
167 1
168 1
169 1
170 1
fl=/usr/src/debug/glibc-2.41-5.fc42.x86_64/string/../sysdeps/x86_64/multiarch/strrchr.c
fn=rindex
28 1
fl=/usr/src/debug/glibc-2.41-5.fc42.x86_64/string/../sysdeps/x86_64/multiarch/strspn.c
fn=strspn
29 2
fl=/usr/src/debug/glibc-2.41-5.fc42.x86_64/string/strdup.c
fn=strdup
40 18
41 6
44 6
47 12
48 9
fl=/usr/src/debug/glibc-2.41-5.fc42.x86_64/wcsmbs/../sysdeps/x86_64/multiarch/ifunc-avx2.h
fn=wcschr
38 6
40 8
41 4
42 6
46 8
49 6
52 10
fn=wcscmp
38 3
40 4
41 2
42 3
46 4
49 3
52 5
fl=/usr/src/debug/glibc-2.41-5.fc42.x86_64/wcsmbs/../sysdeps/x86_64/multiarch/ifunc-evex.h
fn=wmemchr
37 6
38 8
39 6
43 4
51 6
54 8
fl=/usr/src/debug/glibc-2.41-5.fc42.x86_64/wcsmbs/../sysdeps/x86_64/multiarch/ifunc-memcmp.h
fn=wmemcmp
34 7
35 2
37 3
41 2
44 3
47 5
fl=/usr/src/debug/glibc-2.41-5.fc42.x86_64/wcsmbs/../sysdeps/x86_64/multiarch/ifunc-wcs.h
fn=wcpncpy
39 2
40 4
41 3
45 2
48 4
fn=wcscat
39 2
40 4
41 3
45 2
48 4
fn=wcsncpy
39 2
40 4
41 3
45 2
48 4
fl=/usr/src/debug/glibc-2.41-5.fc42.x86_64/wcsmbs/../sysdeps/x86_64/multiarch/ifunc-wcslen.h
fn=wcslen
40 1
41 4
42 3
46 4
49 3
52 3
fn=wcsnlen
40 1
41 4
42 3
46 4
49 3
52 3
fl=/usr/src/debug/glibc-2.41-5.fc42.x86_64/wcsmbs/../sysdeps/x86_64/multiarch/ifunc-wmemset.h
fn=wmemset
36 10
37 6
fl=/usr/src/debug/glibc-2.41-5.fc42.x86_64/wcsmbs/../sysdeps/x86_64/multiarch/wcpncpy.c
fn=wcpncpy
31 3
fl=/usr/src/debug/glibc-2.41-5.fc42.x86_64/wcsmbs/../sysdeps/x86_64/multiarch/wcscat.c
fn=wcscat
31 3
fl=/usr/src/debug/glibc-2.41-5.fc42.x86_64/wcsmbs/../sysdeps/x86_64/multiarch/wcschr.c
fn=wcschr
31 2
fl=/usr/src/debug/glibc-2.41-5.fc42.x86_64/wcsmbs/../sysdeps/x86_64/multiarch/wcscmp.c
fn=wcscmp
30 1
fl=/usr/src/debug/glibc-2.41-5.fc42.x86_64/wcsmbs/../sysdeps/x86_64/multiarch/wcscpy.c
fn=wcscpy
42 2
43 4
44 3
47 3
50 3
60 2
fl=/usr/src/debug/glibc-2.41-5.fc42.x86_64/wcsmbs/../sysdeps/x86_64/multiarch/wcslen.c
fn=wcslen
29 2
fl=/usr/src/debug/glibc-2.41-5.fc42.x86_64/wcsmbs/../sysdeps/x86_64/multiarch/wcsncpy.c
fn=wcsncpy
31 3
fl=/usr/src/debug/glibc-2.41-5.fc42.x86_64/wcsmbs/../sysdeps/x86_64/multiarch/wcsnlen.c
fn=wcsnlen
30 2
fl=/usr/src/debug/glibc-2.41-5.fc42.x86_64/wcsmbs/../sysdeps/x86_64/multiarch/wmemchr.c
fn=wmemchr
31 4
fl=/usr/src/debug/glibc-2.41-5.fc42.x86_64/wcsmbs/../sysdeps/x86_64/multiarch/wmemcmp.c
fn=wmemcmp
29 3
fl=/usr/src/debug/glibc-2.41-5.fc42.x86_64/wcsmbs/../sysdeps/x86_64/multiarch/wmemset.c
fn=wmemset
31 4
fl=???
fn=(below main)
0 12
fn=???
0 21977116
summary: 774857421
