cmd: /home/acm/Documents/heig/HPC/lab/profiling/code/src/build/create-sample 100000
events: Ir
fl=/home/acm/Documents/heig/HPC/lab/profiling/code/src/create-sample.c
fn=main
447 5
448 3
453 2
454 4
455 2
460 5
462 300005
463 1100000
464 500000
465 500000
468 2
469 5
470 5
471 1
472 6
fn=rand_nd
430 500000
435 350000
436 350000
437 300000
438 850000
440 850000
442 300000
444 300000
445 500000
fl=/usr/src/debug/glibc-2.41-5.fc42.x86_64/csu/../csu/libc-start.c
fn=__libc_start_main@@GLIBC_2.34
128 2
134 3
135 7
138 1
139 2
142 3
143 7
144 6
145 4
242 13
311 2
312 4
337 6
340 2
343 2
350 2
352 2
360 4
fl=/usr/src/debug/glibc-2.41-5.fc42.x86_64/csu/../sysdeps/nptl/libc_start_call_main.h
fn=(below main)
29 6
44 5
46 2
51 2
52 2
55 2
58 5
74 2
fl=/usr/src/debug/glibc-2.41-5.fc42.x86_64/csu/init-first.c
fn=_init_first
46 5
51 2
55 5
61 1
62 1
63 2
71 2
72 1
fl=/usr/src/debug/glibc-2.41-5.fc42.x86_64/ctype/ctype-info.c
fn=__ctype_init
29 1
31 7
33 4
35 4
36 1
fl=/usr/src/debug/glibc-2.41-5.fc42.x86_64/debug/../sysdeps/x86_64/multiarch/ifunc-memmove.h
fn=__memcpy_chk
56 3
57 2
60 3
61 2
74 2
77 2
85 2
93 2
96 5
fn=__memmove_chk
56 3
57 2
60 3
61 2
74 2
77 2
85 2
93 2
96 5
fn=__mempcpy_chk
56 3
57 2
60 3
61 2
74 2
77 2
85 2
93 2
96 5
fl=/usr/src/debug/glibc-2.41-5.fc42.x86_64/debug/../sysdeps/x86_64/multiarch/ifunc-memset.h
fn=__memset_chk
52 1
53 2
61 5
64 3
65 2
80 2
84 4
92 2
100 2
fl=/usr/src/debug/glibc-2.41-5.fc42.x86_64/debug/../sysdeps/x86_64/multiarch/memcpy_chk.c
fn=__memcpy_chk
29 1
fl=/usr/src/debug/glibc-2.41-5.fc42.x86_64/debug/../sysdeps/x86_64/multiarch/memmove_chk.c
fn=__memmove_chk
29 1
fl=/usr/src/debug/glibc-2.41-5.fc42.x86_64/debug/../sysdeps/x86_64/multiarch/mempcpy_chk.c
fn=__mempcpy_chk
29 1
fl=/usr/src/debug/glibc-2.41-5.fc42.x86_64/debug/../sysdeps/x86_64/multiarch/memset_chk.c
fn=__memset_chk
29 2
fl=/usr/src/debug/glibc-2.41-5.fc42.x86_64/elf/../bits/stdlib-bsearch.h
fn=intel_check_word.constprop.0
26 648
28 972
43 60
44 60
46 120
fl=/usr/src/debug/glibc-2.41-5.fc42.x86_64/elf/../elf/dl-tls.c
fn=_dl_add_to_slotinfo
1156 5
1157 5
1165 1
1168 1
1169 1
1173 3
1209 2
1212 2
1213 3
1215 1
1218 1
1219 2
fn=_dl_allocate_tls_init
595 11
596 2
600 2
602 1
606 2
609 4
626 16
632 4
635 3
636 2
642 3
643 2
645 9
648 2
649 2
652 2
653 4
655 2
656 2
665 1
675 2
677 11
680 3
681 1
685 1
691 2
694 2
697 9
fn=_dl_allocate_tls_storage
91 1
97 1
509 6
515 2
517 2
527 1
529 2
530 2
535 5
fn=_dl_assign_tls_modid
153 3
156 3
209 1
211 1
214 1
215 2
fn=_dl_count_modids
220 1
222 2
223 1
238 2
fn=_dl_determine_tlsoffset
243 8
244 2
245 1
246 1
278 1
280 13
281 5
283 15
286 3
287 2
289 2
291 4
307 8
310 1
312 5
315 1
319 1
336 3
342 9
353 3
355 1
356 7
358 2
447 1
448 7
fn=_dl_tls_initial_modid_limit_setup
1117 1
1118 1
1121 7
1123 6
1124 4
1127 2
1130 1
1131 1
fn=_dl_tls_static_surplus_init
111 3
125 8
128 5
129 5
130 3
132 4
135 1
137 1
139 3
140 6
fn=allocate_dtv
452 5
457 1
461 2
462 1
463 2
472 3
478 4
fl=/usr/src/debug/glibc-2.41-5.fc42.x86_64/elf/../include/list.h
fn=__tls_init_tp
43 2
44 2
45 1
47 1
fl=/usr/src/debug/glibc-2.41-5.fc42.x86_64/elf/../include/rtld-malloc.h
fn=__minimal_calloc
56 10
fn=_dl_allocate_tls_storage
56 1
fn=_dl_check_map_versions
44 12
fn=_dl_find_object_init
56 1
fn=_dl_important_hwcaps
56 4
fn=_dl_init_paths
56 3
fn=_dl_map_object_deps
56 8
fn=_dl_new_object
44 12
56 9
fn=allocate_dtv
44 2
fn=init_tls
44 3
fl=/usr/src/debug/glibc-2.41-5.fc42.x86_64/elf/../include/scratch_buffer.h
fn=_dl_map_object_deps
77 3
78 1
85 3
131 9
fl=/usr/src/debug/glibc-2.41-5.fc42.x86_64/elf/../misc/sbrk.c
fn=sbrk
37 5
40 1
58 2
62 2
78 3
fl=/usr/src/debug/glibc-2.41-5.fc42.x86_64/elf/../nptl/nptl-stack.h
fn=__libc_early_init
61 7
fl=/usr/src/debug/glibc-2.41-5.fc42.x86_64/elf/../sysdeps/generic/_itoa.h
fn=_dl_check_map_versions
76 15
fl=/usr/src/debug/glibc-2.41-5.fc42.x86_64/elf/../sysdeps/generic/dl-cache.h
fn=_dl_load_cache_lookup
194 1
195 5
fn=search_cache
125 2
fl=/usr/src/debug/glibc-2.41-5.fc42.x86_64/elf/../sysdeps/generic/dl-call_tls_init_tp.h
fn=init_tls
31 8
33 1
fl=/usr/src/debug/glibc-2.41-5.fc42.x86_64/elf/../sysdeps/generic/dl-debug.h
fn=dl_main
29 4
30 2
fl=/usr/src/debug/glibc-2.41-5.fc42.x86_64/elf/../sysdeps/generic/dl-hash.h
fn=__rtld_malloc_init_real
43 5
44 2
45 19
48 18
62 24
67 1
72 1
fl=/usr/src/debug/glibc-2.41-5.fc42.x86_64/elf/../sysdeps/generic/dl-new-hash.h
fn=_dl_lookup_symbol_x
69 128
70 256
74 939
77 1878
80 873
81 1746
87 62
88 62
89 124
90 62
99 811
101 811
102 1622
104 811
105 811
fl=/usr/src/debug/glibc-2.41-5.fc42.x86_64/elf/../sysdeps/generic/dl-protected.h
fn=do_lookup_x
29 752
fl=/usr/src/debug/glibc-2.41-5.fc42.x86_64/elf/../sysdeps/generic/ldsodefs.h
fn=_dl_new_object
1334 48
fn=_dl_relocate_object_no_relro
79 34
140 360
fn=_dl_start
79 6
fn=check_match
79 3
fn=dl_main
79 2
fn=do_lookup_x
139 240
140 360
fl=/usr/src/debug/glibc-2.41-5.fc42.x86_64/elf/../sysdeps/nptl/dl-mutex.c
fn=__rtld_mutex_init
30 5
37 1
40 6
44 2
45 10
47 7
51 2
52 7
53 4
fl=/usr/src/debug/glibc-2.41-5.fc42.x86_64/elf/../sysdeps/nptl/dl-tls_init_tp.c
fn=__tls_init_tp
69 4
70 1
73 1
76 4
77 2
78 1
83 2
88 4
91 1
94 3
110 4
112 1
118 2
119 2
fn=__tls_pre_init_tp
54 4
57 9
62 2
63 1
65 1
fn=rtld_mutex_dummy
43 10
45 20
fl=/usr/src/debug/glibc-2.41-5.fc42.x86_64/elf/../sysdeps/nptl/pthread_early_init.h
fn=__libc_early_init
33 6
34 1
38 5
45 2
46 1
48 2
52 5
53 1
54 1
56 1
fl=/usr/src/debug/glibc-2.41-5.fc42.x86_64/elf/../sysdeps/posix/dl-fileid.h
fn=_dl_map_object_from_fd
37 15
40 6
49 24
fl=/usr/src/debug/glibc-2.41-5.fc42.x86_64/elf/../sysdeps/unix/sysv/linux/brk.c
fn=brk
36 1
37 1
38 2
44 1
45 1
fl=/usr/src/debug/glibc-2.41-5.fc42.x86_64/elf/../sysdeps/unix/sysv/linux/brk_call.h
fn=brk
24 2
fl=/usr/src/debug/glibc-2.41-5.fc42.x86_64/elf/../sysdeps/unix/sysv/linux/dl-extra_tls.h
fn=_dl_determine_tlsoffset
32 4
33 3
37 10
44 1
51 4
52 3
54 1
fl=/usr/src/debug/glibc-2.41-5.fc42.x86_64/elf/../sysdeps/unix/sysv/linux/dl-osinfo.h
fn=dl_main
39 2
52 1
fl=/usr/src/debug/glibc-2.41-5.fc42.x86_64/elf/../sysdeps/unix/sysv/linux/dl-parse_auxv.h
fn=_dl_sysdep_parse_arguments
33 2
34 1
35 1
42 92
43 44
44 44
46 1
47 2
48 2
49 2
50 2
51 2
52 2
53 2
54 3
55 4
57 4
65 5
67 6
fl=/usr/src/debug/glibc-2.41-5.fc42.x86_64/elf/../sysdeps/unix/sysv/linux/dl-sysdep.c
fn=_dl_sysdep_parse_arguments
79 8
80 2
81 2
82 3
83 96
84 195
87 2
91 56
94 2
95 4
96 2
97 8
fn=_dl_sysdep_start
103 6
104 1
107 2
111 2
114 1
116 2
123 3
124 2
126 5
138 3
141 5
144 4
fn=_dl_sysdep_start_cleanup
148 1
149 1
fl=/usr/src/debug/glibc-2.41-5.fc42.x86_64/elf/../sysdeps/unix/sysv/linux/dl-vdso-setup.h
fn=dl_main
30 1
33 1
36 1
39 1
45 1
54 1
fl=/usr/src/debug/glibc-2.41-5.fc42.x86_64/elf/../sysdeps/unix/sysv/linux/dl-vdso.h
fn=dl_main
40 2
41 4
55 2
fl=/usr/src/debug/glibc-2.41-5.fc42.x86_64/elf/../sysdeps/unix/sysv/linux/rseq-internal.h
fn=__tls_init_tp
93 4
100 3
108 4
112 5
116 2
118 5
119 2
124 1
fl=/usr/src/debug/glibc-2.41-5.fc42.x86_64/elf/../sysdeps/unix/sysv/linux/x86/dl-hwcap2.h
fn=update_active.constprop.0
25 2
fl=/usr/src/debug/glibc-2.41-5.fc42.x86_64/elf/../sysdeps/unix/sysv/linux/x86/dl-minsigstacksize.h
fn=get_common_indices.constprop.0
24 2
27 2
28 2
65 3
74 2
fl=/usr/src/debug/glibc-2.41-5.fc42.x86_64/elf/../sysdeps/x86/cpu-features.c
fn=get_common_indices.constprop.0
431 3
435 4
438 5
442 1
443 4
444 4
445 4
446 3
447 2
454 2
456 7
461 7
468 2
469 7
475 2
490 3
fn=init_cpu_features.constprop.0
409 3
410 2
411 6
416 2
417 6
422 2
423 6
563 4
724 8
727 1
728 1
729 1
736 1
738 1
747 3
750 6
751 1
754 1
756 6
761 1
765 1
766 3
769 3
771 4
777 5
784 1
805 1
807 2
814 2
817 2
886 2
893 2
897 1
911 1
912 2
951 2
958 2
960 2
964 2
970 2
1118 3
1119 2
1122 2
1123 2
1126 4
1133 1
1134 1
1135 1
1136 1
1140 4
1143 4
1152 3
1156 1
1165 2
1166 3
1206 1
1207 2
1211 3
1228 3
1229 4
1232 2
1235 1
1238 2
1252 4
1254 4
1258 2
1261 4
1264 1
1267 1
1299 4
1306 8
fn=update_active.constprop.0
90 8
94 1
102 3
103 3
104 2
112 3
113 1
121 3
122 1
127 5
130 4
131 1
134 5
135 2
139 5
140 3
141 3
142 1
146 4
147 5
148 3
151 6
163 1
165 2
169 5
170 3
172 3
176 2
178 1
182 2
184 2
188 1
189 1
196 4
198 4
204 4
206 4
208 4
213 4
262 2
263 3
279 4
295 2
299 1
300 1
303 4
307 2
311 3
312 2
316 1
317 1
320 2
322 1
323 1
326 2
389 2
393 3
402 1
403 8
fl=/usr/src/debug/glibc-2.41-5.fc42.x86_64/elf/../sysdeps/x86/dl-cacheinfo.h
fn=get_common_cache_info.constprop.0
613 11
628 1
631 1
632 1
638 1
640 10
643 2
655 1
660 4
664 2
669 1
672 19
678 8
679 8
682 26
687 2
691 3
692 1
696 2
700 3
703 4
704 1
709 4
715 4
723 8
725 3
727 8
729 7
732 2
733 8
735 4
738 2
743 1
745 9
746 3
747 1
750 2
753 2
757 2
760 1
762 4
763 2
768 2
773 2
774 1
775 3
776 2
777 2
801 3
812 4
813 5
817 2
824 1
825 1
826 1
827 7
fn=handle_intel.constprop.0
250 108
255 24
261 12
267 48
271 24
276 24
279 36
281 24
284 60
286 24
305 96
fn=init_cpu_features.constprop.0
850 2
852 4
853 4
854 1
857 3
859 3
860 2
862 3
864 3
866 3
868 3
870 3
871 1
873 3
875 3
877 3
879 6
953 2
954 2
955 2
956 2
957 2
958 1
959 1
960 1
961 1
962 2
963 1
964 1
969 3
983 3
984 7
989 2
990 7
991 2
999 6
1000 2
1020 6
1029 2
1030 2
1035 3
1038 1
1039 2
1049 3
1055 2
1062 5
1064 2
1067 5
1069 1
1075 4
1079 5
1080 3
1084 5
1085 3
1089 5
1090 1
1096 6
1098 3
1122 12
1128 2
1131 10
1133 9
1134 10
1135 13
1138 12
1146 1
1147 7
1148 2
1149 2
1150 2
1151 2
1152 1
fn=intel_check_word.constprop.0
110 648
113 588
119 168
123 48
125 12
129 168
131 96
133 60
135 120
143 120
152 24
155 99
158 99
162 64
164 192
165 24
167 104
168 96
169 84
170 72
172 11
174 22
176 12
177 16
178 12
179 20
180 14
181 9
183 8
184 12
187 21
190 2
194 192
202 144
209 24
216 168
246 144
fl=/usr/src/debug/glibc-2.41-5.fc42.x86_64/elf/../sysdeps/x86/dl-get-cpu-features.c
fn=__x86_cpu_features
39 3
76 3
fn=_dl_x86_init_cpu_features
37 1
39 3
41 1
fl=/usr/src/debug/glibc-2.41-5.fc42.x86_64/elf/../sysdeps/x86/dl-prop.h
fn=_dl_map_object_from_fd
149 18
fn=_dl_process_pt_gnu_property
95 28
97 2
102 12
115 12
118 6
252 6
253 3
254 6
255 3
257 24
258 3
260 6
fn=dl_main
36 2
37 14
40 5
49 28
53 25
71 3
149 6
fl=/usr/src/debug/glibc-2.41-5.fc42.x86_64/elf/../sysdeps/x86/get-isa-level.h
fn=_dl_hwcaps_subdirs_active
31 4
32 3
39 5
40 4
48 3
51 4
54 2
fn=update_active.constprop.0
28 1
30 1
31 3
32 3
39 5
40 3
47 1
48 3
51 4
54 2
63 5
fl=/usr/src/debug/glibc-2.41-5.fc42.x86_64/elf/../sysdeps/x86_64/dl-cet.c
fn=_dl_cet_check
361 1
362 1
fn=_dl_cet_setup_features
331 1
334 2
350 1
fn=dl_cet_check
269 4
275 2
276 1
277 2
282 4
283 3
285 1
288 2
293 2
318 2
fl=/usr/src/debug/glibc-2.41-5.fc42.x86_64/elf/../sysdeps/x86_64/dl-hwcaps-subdirs.c
fn=_dl_hwcaps_subdirs_active
29 1
38 2
43 1
51 5
52 2
fl=/usr/src/debug/glibc-2.41-5.fc42.x86_64/elf/../sysdeps/x86_64/dl-irel.h
fn=_dl_fixup
32 2
fl=/usr/src/debug/glibc-2.41-5.fc42.x86_64/elf/../sysdeps/x86_64/dl-machine.h
fn=_dl_fixup
223 11
fn=_dl_relocate_object_no_relro
78 12
84 8
88 6
94 2
103 4
126 4
262 270
269 270
273 270
282 1670
285 112
286 804
312 810
315 29
318 29
395 51
397 68
401 51
410 34
418 236
431 24
455 3
459 4
460 4
461 5
462 2
465 15
471 148
472 148
473 74
474 74
509 32
513 32
516 48
517 16
725 30
729 6
fn=_dl_start
55 1
273 3
282 10
286 4
309 1
312 4
fn=_dl_sysdep_start
209 1
fl=/usr/src/debug/glibc-2.41-5.fc42.x86_64/elf/../sysdeps/x86_64/dl-runtime.h
fn=_dl_fixup
28 11
fl=/usr/src/debug/glibc-2.41-5.fc42.x86_64/elf/../sysdeps/x86_64/dl-trampoline.h
fn=_dl_runtime_resolve_xsave
39 11
44 11
47 11
49 11
59 11
65 11
66 11
67 11
68 11
69 11
70 11
71 11
75 11
76 11
79 11
80 11
82 11
83 11
84 11
85 11
86 11
87 11
89 11
96 11
97 11
98 11
99 11
104 11
105 11
106 11
108 11
109 11
110 11
111 11
112 11
113 11
114 11
116 11
118 11
122 11
124 11
fl=/usr/src/debug/glibc-2.41-5.fc42.x86_64/elf/./dl-find_object.h
fn=_dl_find_object_from_map
95 10
96 10
97 5
103 20
104 142
105 98
107 15
112 5
fl=/usr/src/debug/glibc-2.41-5.fc42.x86_64/elf/./dl-hwcaps.h
fn=_dl_important_hwcaps
43 11
45 4
46 1
77 5
78 5
79 3
fn=copy_hwcaps
43 2
45 2
77 2
78 2
79 6
fl=/usr/src/debug/glibc-2.41-5.fc42.x86_64/elf/./dl-load.h
fn=_dl_map_object_from_fd
91 18
92 10
93 12
94 6
96 8
fl=/usr/src/debug/glibc-2.41-5.fc42.x86_64/elf/./dl-main.h
fn=dl_main
109 5
fl=/usr/src/debug/glibc-2.41-5.fc42.x86_64/elf/./dl-map-segments.h
fn=_dl_map_object_from_fd
28 9
29 27
81 3
101 3
102 6
105 9
106 6
108 6
125 3
135 36
137 24
139 48
140 6
149 36
155 6
156 3
157 9
158 6
160 9
165 6
168 9
176 21
182 6
186 8
189 2
194 9
fl=/usr/src/debug/glibc-2.41-5.fc42.x86_64/elf/./dl-sym-post.h
fn=lookup_malloc_symbol
41 8
53 12
fl=/usr/src/debug/glibc-2.41-5.fc42.x86_64/elf/./dl-tls_block_align.h
fn=_dl_allocate_tls_storage
23 1
41 2
47 5
48 1
52 305
fl=/usr/src/debug/glibc-2.41-5.fc42.x86_64/elf/./get-dynamic-info.h
fn=_dl_start
45 76
49 36
51 10
52 5
54 20
55 16
56 5
59 4
62 4
64 4
68 20
72 3
84 4
85 3
86 4
87 4
88 5
89 3
90 4
91 4
103 10
110 3
123 3
129 3
130 3
133 2
134 3
139 5
142 5
fn=dl_main
39 4
43 1
45 99
49 48
51 8
52 4
54 16
55 12
56 5
59 4
62 4
64 4
68 24
72 4
110 4
115 2
122 3
123 4
129 3
147 4
162 4
184 3
fl=/usr/src/debug/glibc-2.41-5.fc42.x86_64/elf/./setup-vdso.h
fn=dl_main
24 2
fl=/usr/src/debug/glibc-2.41-5.fc42.x86_64/elf/dl-audit.c
fn=_dl_audit_activity_map
29 1
31 3
37 1
fn=_dl_audit_activity_nsid
41 3
45 12
47 9
51 3
fn=_dl_audit_objclose
97 5
98 20
fn=_dl_audit_objopen
77 3
78 12
fn=_dl_audit_preinit
118 1
119 4
fl=/usr/src/debug/glibc-2.41-5.fc42.x86_64/elf/dl-cache.c
fn=_dl_cache_libcmp
341 23
342 345
344 339
346 230
352 4
353 6
354 8
356 8
358 4
364 222
366 222
367 42
370 90
371 90
374 6
fn=_dl_load_cache_lookup
387 12
389 4
392 6
395 6
403 6
404 8
407 6
408 1
415 1
416 2
461 3
466 6
469 12
484 4
488 4
496 6
497 30
498 8
499 2
500 6
fn=_dl_unload_cache
509 3
510 4
512 2
513 1
517 1
519 2
fn=search_cache
187 42
199 26
200 2
207 42
209 123
210 50
214 42
215 4
218 63
219 42
227 14
229 2
232 4
234 12
236 8
246 4
256 6
257 8
264 4
273 28
282 4
287 4
314 2
330 19
331 12
333 7
337 18
fl=/usr/src/debug/glibc-2.41-5.fc42.x86_64/elf/dl-call-libc-early-init.c
fn=_dl_call_libc_early_init
27 6
29 2
33 7
37 3
39 4
40 2
41 2
fl=/usr/src/debug/glibc-2.41-5.fc42.x86_64/elf/dl-call_fini.c
fn=_dl_call_fini
24 40
28 10
32 5
34 5
35 10
38 15
39 6
42 15
43 3
47 5
48 10
49 9
50 27
fl=/usr/src/debug/glibc-2.41-5.fc42.x86_64/elf/dl-catch.c
fn=_dl_catch_error
258 10
260 5
261 2
262 2
263 2
265 7
fn=_dl_catch_exception
58 18
59 12
69 12
70 30
208 48
211 12
218 6
232 30
239 36
241 18
243 24
252 18
fn=_dl_receive_error
58 2
59 1
69 2
70 2
190 5
192 1
196 1
198 2
201 1
202 4
fl=/usr/src/debug/glibc-2.41-5.fc42.x86_64/elf/dl-debug.c
fn=_dl_debug_initialize
56 1
57 1
59 2
61 2
63 3
64 1
85 3
90 3
91 2
92 1
95 3
96 6
99 2
107 2
fn=_dl_debug_state
116 2
117 2
fn=_dl_debug_update
38 4
40 8
41 4
44 8
48 4
fl=/usr/src/debug/glibc-2.41-5.fc42.x86_64/elf/dl-deps.c
fn=_dl_map_object_deps
128 2
129 5
130 6
132 3
136 8
143 14
144 20
160 9
161 1
164 2
182 1
183 5
184 1
186 1
188 11
190 17
193 5
197 15
198 32
201 9
205 6
208 18
210 12
215 3
216 3
217 6
218 6
219 3
221 380
222 178
228 54
230 5
232 23
233 10
242 5
244 10
249 21
252 3
253 3
254 3
255 6
256 3
257 3
259 12
263 15
264 9
266 252
417 10
419 12
422 9
423 9
429 3
430 9
431 18
434 3
435 3
439 15
441 5
442 22
448 5
449 1
452 4
463 5
465 4
470 4
471 2
472 1
474 21
478 15
484 10
485 10
490 5
495 3
532 2
533 2
536 1
547 8
548 1
552 9
553 5
557 1
559 2
560 1
561 3
568 3
571 2
574 8
fn=openaux
61 30
64 55
65 5
68 5
69 15
fl=/usr/src/debug/glibc-2.41-5.fc42.x86_64/elf/dl-environ.c
fn=_dl_next_ld_env_entry
28 2
29 2
32 292
34 192
35 22
37 1
40 2
42 1
45 95
fl=/usr/src/debug/glibc-2.41-5.fc42.x86_64/elf/dl-execstack-tunable.c
fn=_dl_handle_execstack_tunable
24 4
25 9
39 2
fl=/usr/src/debug/glibc-2.41-5.fc42.x86_64/elf/dl-find_object.c
fn=_dl_find_object_init
562 6
565 1
567 2
568 3
580 2
581 3
583 2
586 3
591 1
592 1
595 4
597 1
600 6
602 1
605 5
fn=_dlfo_process_initial
475 10
476 2
478 2
479 4
505 26
506 26
507 10
509 36
512 32
514 24
516 12
517 8
518 16
530 2
532 12
fn=_dlfo_sort_mappings
537 3
538 2
541 13
545 6
546 39
547 24
549 12
554 18
555 12
556 6
558 1
fl=/usr/src/debug/glibc-2.41-5.fc42.x86_64/elf/dl-fini.c
fn=_dl_fini
26 11
43 1
46 13
49 2
51 1
54 2
56 5
61 1
63 4
68 17
72 1
74 19
76 10
78 10
80 10
81 5
82 5
86 5
93 6
94 6
100 7
109 2
114 22
116 5
118 10
120 25
123 30
128 5
131 2
135 5
141 6
143 1
147 2
154 8
fl=/usr/src/debug/glibc-2.41-5.fc42.x86_64/elf/dl-hwcaps.c
fn=_dl_important_hwcaps
52 16
54 2
55 4
57 4
100 5
102 3
105 1
112 5
125 15
127 10
128 4
129 4
130 2
133 4
142 11
143 11
145 10
151 4
155 5
156 2
157 3
161 1
162 2
163 3
172 15
174 2
175 2
185 4
186 2
189 4
193 2
194 2
202 4
203 7
204 6
208 2
209 1
216 9
fn=copy_hwcaps
74 16
77 16
79 2
80 16
84 2
85 2
86 6
87 4
88 4
90 14
fl=/usr/src/debug/glibc-2.41-5.fc42.x86_64/elf/dl-hwcaps_split.c
fn=_dl_hwcaps_contains
66 6
67 12
68 6
77 6
fn=_dl_hwcaps_split
25 75
26 45
27 6
30 24
34 84
35 12
36 24
41 27
42 18
43 15
45 27
46 9
47 33
fn=_dl_hwcaps_split_masked
51 66
54 56
56 9
57 27
58 54
62 33
fl=/usr/src/debug/glibc-2.41-5.fc42.x86_64/elf/dl-init.c
fn=_dl_init
81 13
82 1
83 1
86 3
88 1
89 3
94 2
105 1
119 1
120 20
121 30
127 8
fn=call_init
27 72
29 12
35 30
37 12
43 15
46 15
47 2
51 8
59 12
60 12
63 4
64 8
70 9
72 20
73 21
74 20
76 48
fl=/usr/src/debug/glibc-2.41-5.fc42.x86_64/elf/dl-load.c
fn=_dl_dst_count
228 30
231 12
234 12
235 6
254 30
fn=_dl_init_paths
680 13
694 4
699 1
701 2
708 5
709 1
713 4
715 4
721 1
722 1
730 4
732 6
735 4
736 2
737 2
740 4
741 6
742 12
744 23
748 6
750 1
751 2
756 2
759 3
761 4
763 3
780 1
782 3
796 2
799 2
830 1
831 8
fn=_dl_map_object
1895 72
1897 3
1903 12
1904 24
1907 123
1912 126
1914 90
1918 30
1919 45
1922 30
1923 18
1924 30
1938 12
1945 3
1950 9
1964 21
1968 8
1970 6
1977 8
1981 2
1986 8
1987 14
1989 22
1996 10
2001 4
2002 14
2003 24
2012 4
2027 4
2034 4
2035 18
2043 4
2045 6
2049 8
2051 6
2055 4
2063 4
2086 22
2090 6
2091 2
2108 4
2114 2
2115 4
2116 2
2117 3
2121 11
2124 3
2136 9
2181 6
2182 55
2184 63
fn=_dl_map_object_from_fd
949 42
964 12
994 57
995 18
1013 6
1043 12
1053 6
1060 24
1061 6
1072 9
1073 18
1074 6
1076 3
1077 12
1078 4
1081 16
1082 6
1093 3
1095 3
1097 60
1098 3
1099 3
1100 3
1101 3
1107 126
1108 309
1114 6
1121 7
1122 9
1123 30
1128 2
1129 1
1134 60
1142 27
1143 42
1144 54
1145 9
1146 18
1148 63
1150 18
1163 36
1169 9
1170 90
1183 3
1187 1
1188 2
1192 5
1193 2
1196 1
1201 4
1216 6
1217 3
1220 9
1225 9
1235 39
1236 18
1242 6
1252 12
1259 21
1275 12
1276 9
1282 6
1283 6
1285 15
1295 9
1314 6
1316 15
1336 9
1337 2
1343 93
1344 162
1350 48
1355 12
1368 6
1370 12
1372 6
1388 6
1392 6
1393 6
1410 6
1411 1
1414 6
1419 6
1424 6
1436 24
1437 9
1438 18
1439 6
1440 5
1446 6
1447 4
1452 2
1459 9
1462 6
1465 12
1467 3
1468 27
fn=_dl_notify_new_object
908 27
910 9
911 9
929 6
933 21
934 9
936 15
fn=_dl_process_pt_gnu_property
842 4
843 12
844 4
850 8
856 20
859 12
860 8
861 8
864 12
865 12
869 4
870 8
874 14
875 7
878 14
881 7
882 21
888 2
892 9
894 12
904 1
fn=cache_rpath
655 12
656 18
657 6
673 12
fn=expand_dynamic_string_token
375 8
385 2
388 2
389 2
400 5
fn=open_verify.constprop.0
1521 36
1553 9
1572 15
1574 6
1582 3
1583 6
1588 12
1589 6
1590 6
1592 9
1594 6
1600 6
1615 45
1677 6
1682 6
1688 12
1694 6
1700 6
1701 12
1705 15
1706 5
1727 27
fl=/usr/src/debug/glibc-2.41-5.fc42.x86_64/elf/dl-lookup-direct.c
fn=_dl_lookup_direct
74 39
75 3
76 6
78 18
79 6
81 12
84 25
86 9
87 18
90 6
93 6
115 3
116 27
fn=check_match
31 30
32 12
33 9
35 6
36 6
40 9
48 9
51 9
53 15
57 6
58 15
59 9
64 27
fl=/usr/src/debug/glibc-2.41-5.fc42.x86_64/elf/dl-lookup.c
fn=_dl_lookup_symbol_x
759 1920
761 256
763 1152
765 128
769 490
771 139
772 256
774 24
778 936
779 2944
784 256
786 56
803 256
804 24
807 120
808 828
843 1080
857 360
858 2
860 240
879 1152
fn=check_match
70 960
73 960
86 720
89 735
93 240
94 240
98 234
102 234
103 1053
104 1287
131 6
133 18
134 12
149 720
fn=do_lookup_x
334 2048
335 128
341 128
345 1587
348 1058
352 1066
373 1056
377 1056
383 1584
387 528
388 528
391 2640
392 1584
395 528
396 1056
398 528
399 1056
400 528
403 2112
406 3696
409 258
410 387
411 258
413 250
416 1375
418 360
419 3050
420 240
423 1200
426 465
435 30
457 10
463 240
470 912
474 36
486 240
487 120
488 120
505 1227
508 8
509 1024
fl=/usr/src/debug/glibc-2.41-5.fc42.x86_64/elf/dl-minimal-malloc.c
fn=__minimal_calloc
80 50
84 10
87 10
88 30
fn=__minimal_malloc
36 38
37 78
42 3
43 2
44 2
48 103
51 174
56 8
57 8
59 2
60 14
62 4
64 10
65 8
67 4
70 26
71 28
73 34
fl=/usr/src/debug/glibc-2.41-5.fc42.x86_64/elf/dl-minimal.c
fn=__rtld_malloc_init_real
76 10
86 2
87 1
89 1
91 5
92 5
93 5
94 4
99 1
100 1
101 1
102 1
103 8
fn=__rtld_malloc_init_stubs
42 1
43 2
44 2
45 2
46 2
47 1
fn=lookup_malloc_symbol
61 24
63 4
64 36
68 28
69 24
71 4
72 16
fl=/usr/src/debug/glibc-2.41-5.fc42.x86_64/elf/dl-misc.c
fn=_dl_name_match_p
68 273
69 156
70 47
72 39
74 156
75 235
78 39
80 31
81 156
fn=_dl_sysdep_read_whole_file
36 8
39 3
40 3
42 7
44 2
47 2
49 9
60 4
63 6
fl=/usr/src/debug/glibc-2.41-5.fc42.x86_64/elf/dl-object.c
fn=_dl_add_to_namespace_list
31 28
33 8
35 31
38 36
40 3
42 3
45 2
46 12
47 8
48 8
50 8
51 12
fn=_dl_new_object
59 60
62 8
64 2
66 3
67 2
71 6
77 2
80 3
83 19
87 6
92 3
95 8
98 4
99 4
100 8
103 8
104 28
106 4
119 18
123 3
125 1
127 28
130 8
131 8
132 4
136 4
139 80
141 16
149 8
150 4
153 1
155 24
157 12
160 10
164 12
168 21
176 1
179 8
189 16
191 12
195 9
199 6
200 6
208 3
212 3
245 12
250 106
251 106
255 6
256 3
259 3
263 36
fl=/usr/src/debug/glibc-2.41-5.fc42.x86_64/elf/dl-reloc.c
fn=_dl_protect_relro
352 30
353 15
356 30
359 10
363 10
364 35
370 15
fn=_dl_relocate_object
343 18
344 14
346 8
347 8
348 4
fn=_dl_relocate_object_no_relro
170 836
171 240
174 1248
175 91
177 7
178 21
182 226
183 113
184 113
186 910
187 535
188 214
190 811
193 113
194 791
196 7
207 65
217 6
220 10
223 10
226 15
246 15
247 10
248 4
250 10
257 15
296 10624
298 20
321 5
324 10
338 40
fl=/usr/src/debug/glibc-2.41-5.fc42.x86_64/elf/dl-runtime.c
fn=_dl_fixup
46 110
48 88
49 33
54 11
55 44
56 77
58 11
63 22
67 22
69 51
71 33
75 30
76 40
84 11
85 33
95 110
99 55
109 110
123 2
124 44
125 6
133 33
159 33
162 22
163 88
fl=/usr/src/debug/glibc-2.41-5.fc42.x86_64/elf/dl-setup_hash.c
fn=_dl_setup_hash
25 5
28 15
31 15
32 10
33 5
34 5
36 15
37 5
38 15
40 5
41 10
43 5
45 20
50 5
fl=/usr/src/debug/glibc-2.41-5.fc42.x86_64/elf/dl-sort-maps.c
fn=_dl_sort_maps
140 60
181 2
182 2
183 40
184 20
211 32
216 4
218 2
219 20
221 30
223 10
226 30
244 14
263 8
276 8
283 2
298 26
306 6
310 16
fn=_dl_sort_maps_init
289 4
290 4
291 1
292 3
293 2
fn=dfs_traversal.part.0
135 50
140 34
143 10
145 30
147 96
156 35
171 30
172 10
173 20
fl=/usr/src/debug/glibc-2.41-5.fc42.x86_64/elf/dl-tunables.c
fn=__GI___tunable_set_val
162 6
163 24
165 6
fn=__GI___tunables_init
43 485
46 96
49 9779
53 192
57 480
294 11
300 3
304 31
306 2
317 2688
319 2592
320 2592
322 2592
340 6
343 27
346 27
355 8
fn=__tunable_get_val
438 78
441 345
450 53
451 17
460 28
467 117
469 39
fn=do_tunable_update_val
70 12
73 30
83 6
94 24
95 30
99 12
101 24
105 6
112 12
113 12
116 6
117 6
118 6
119 12
fl=/usr/src/debug/glibc-2.41-5.fc42.x86_64/elf/dl-tunables.h
fn=__GI___tunables_init
160 1434
161 4028
165 288
fl=/usr/src/debug/glibc-2.41-5.fc42.x86_64/elf/dl-version.c
fn=_dl_check_all_versions
392 7
394 2
396 20
397 5
398 30
401 7
fn=_dl_check_map_versions
36 72
37 16
38 110
56 56
64 28
70 42
86 14
87 28
89 14
94 482
108 412
110 14
113 126
120 576
124 192
155 45
156 20
164 8
170 15
172 15
174 20
175 5
177 10
180 9
184 6
198 2
200 10
208 15
213 15
215 9
217 56
218 104
221 28
224 28
225 5
228 12
231 56
234 42
239 9
243 15
248 2
257 20
260 6
263 281
266 213
270 65
274 12
279 4
280 16
281 12
291 4
294 22
296 8
299 15
301 2
303 15
306 42
308 56
310 56
311 28
312 42
313 42
316 42
321 9
324 15
329 2
334 8
337 6
341 65
343 136
347 65
348 260
349 195
350 65
353 204
357 65
365 6
366 6
367 6
368 4
370 4
372 124
373 60
375 2
376 5
387 45
fl=/usr/src/debug/glibc-2.41-5.fc42.x86_64/elf/do-rel.h
fn=_dl_relocate_object_no_relro
48 10
49 30
50 50
51 5
53 50
73 5
80 30
83 68
85 64
96 4
97 4
105 24
114 16
117 32
120 35
122 623
124 1015
125 812
126 516
127 516
129 609
132 296
133 74
134 74
141 404
142 87
155 24
156 309
157 276
160 222
162 296
163 74
164 74
171 20
173 42
174 12
176 18
184 6
187 18
202 6
fn=_dl_start
48 2
49 6
50 8
51 1
53 10
56 4
61 8
63 2
64 2
65 1
fl=/usr/src/debug/glibc-2.41-5.fc42.x86_64/elf/get-dynamic-info.h
fn=_dl_map_object_from_fd
39 6
43 3
45 357
49 174
51 44
52 22
53 6
54 64
55 52
56 15
59 12
62 12
64 12
68 87
72 12
84 11
85 12
86 12
87 12
88 12
89 12
90 11
91 12
103 24
110 9
115 6
122 6
123 9
129 9
130 9
147 9
152 4
154 4
156 4
158 4
159 2
162 9
164 9
165 6
174 6
175 9
180 6
181 4
184 6
fl=/usr/src/debug/glibc-2.41-5.fc42.x86_64/elf/libc_early_init.c
fn=__libc_early_init
34 8
36 1
39 2
42 2
47 2
50 4
52 2
fl=/usr/src/debug/glibc-2.41-5.fc42.x86_64/elf/rtld.c
fn=_dl_start
85 8
457 1
461 2
478 2
479 2
480 2
490 1
496 4
498 2
519 10
545 1
548 2
549 1
565 216
567 5
585 9
fn=dl_main
85 20
92 15
93 2
101 9
197 2
199 1
224 4
225 5
226 4
296 3
302 1
303 1
820 1
822 1
831 1
833 1
838 1
1098 1
1099 1
1101 1
1105 3
1107 1
1108 1
1123 1
1126 53
1127 120
1131 3
1136 3
1137 9
1146 1
1147 2
1149 2
1151 1
1159 6
1160 18
1161 6
1162 1
1164 9
1165 10
1169 6
1170 6
1171 3
1175 6
1203 2
1207 3
1213 29
1214 59
1220 17
1226 4
1229 3
1231 2
1306 13
1311 1
1312 1
1318 1
1328 3
1329 4
1596 9
1598 2
1599 3
1600 2
1601 3
1605 2
1606 2
1631 1
1635 3
1636 6
1637 3
1638 3
1641 1
1643 1
1644 1
1646 2
1647 2
1651 2
1653 2
1661 4
1668 2
1671 2
1696 4
1698 1
1703 2
1706 4
1707 4
1708 3
1709 1
1710 1
1711 1
1722 2
1723 2
1725 2
1727 2
1728 2
1733 6
1734 2
1736 3
1742 2
1751 2
1755 1
1756 2
1780 2
1786 2
1787 1
1788 1
1792 3
1797 2
1799 1
1801 2
1805 5
1810 2
1826 5
1902 3
1906 19
1907 1
1910 3
1911 1
1912 2
1913 2
1918 3
1928 9
1934 23
1935 10
1938 3
1939 2
1940 1
1942 18
1943 12
1950 4
1951 3
1953 2
1955 2
1957 3
1971 8
1972 2
1973 3
1983 1
1984 4
1985 5
1995 1
1996 2
1997 4
1999 2
2004 3
2203 3
2207 2
2213 2
2216 2
2224 2
2228 3
2231 1
2236 2
2240 7
2241 1
2249 2
2250 26
2252 10
2257 10
2259 12
2261 1
2262 1
2265 5
2267 40
2271 12
2272 3
2279 1
2285 2
2289 4
2291 1
2298 3
2301 2
2305 3
2308 1
2313 2
2317 6
2320 1
2321 2
2325 2
2330 3
2337 1
2341 3
2342 1
2343 1
2344 1
2347 3
2351 1
2356 8
2488 1
2559 1
2561 1
2563 10
2565 1
2567 42
2568 7
2576 8
2601 2
2611 4
2613 2
2614 1
2688 5
2711 4
fn=do_preload
787 8
789 1
793 1
794 1
795 1
797 1
799 6
800 3
808 3
814 6
fn=handle_preload_list
183 3
852 11
853 2
857 7
860 4
861 3
863 4
864 2
870 1
872 2
874 2
875 5
878 9
fn=init_tls
734 4
736 2
740 2
746 2
749 1
750 1
751 1
756 1
759 2
762 1
769 2
770 2
776 2
780 1
783 5
fn=map_doit
641 6
643 4
644 6
646 3
fn=version_check_doit
674 6
676 6
680 3
fl=/usr/src/debug/glibc-2.41-5.fc42.x86_64/io/../sysdeps/unix/sysv/linux/access.c
fn=access
25 1
27 7
31 1
fl=/usr/src/debug/glibc-2.41-5.fc42.x86_64/io/../sysdeps/unix/sysv/linux/close_nocancel.c
fn=__GI___close_nocancel
25 4
26 16
27 4
fn=__close_nocancel
25 1
26 4
27 1
fl=/usr/src/debug/glibc-2.41-5.fc42.x86_64/io/../sysdeps/unix/sysv/linux/fstat64.c
fn=fstat
30 6
39 24
72 6
fl=/usr/src/debug/glibc-2.41-5.fc42.x86_64/io/../sysdeps/unix/sysv/linux/open64.c
fn=open
30 9
33 2
36 5
38 1
41 9
43 5
fl=/usr/src/debug/glibc-2.41-5.fc42.x86_64/io/../sysdeps/unix/sysv/linux/open64_nocancel.c
fn=__open_nocancel
28 20
31 28
39 28
41 8
fl=/usr/src/debug/glibc-2.41-5.fc42.x86_64/io/../sysdeps/unix/sysv/linux/pread64_nocancel.c
fn=__pread64_nocancel
25 4
26 8
27 2
fl=/usr/src/debug/glibc-2.41-5.fc42.x86_64/io/../sysdeps/unix/sysv/linux/read_nocancel.c
fn=__read_nocancel
25 3
26 12
27 3
fl=/usr/src/debug/glibc-2.41-5.fc42.x86_64/io/../sysdeps/unix/sysv/linux/write.c
fn=write
25 1014
26 2366
27 676
fl=/usr/src/debug/glibc-2.41-5.fc42.x86_64/libio/../include/sys/sysmacros.h
fn=_IO_file_doallocate
47 6
fl=/usr/src/debug/glibc-2.41-5.fc42.x86_64/libio/filedoalloc.c
fn=_IO_file_doallocate
78 18
84 18
86 8
89 2
91 2
94 1
97 9
101 4
102 4
104 10
105 2
106 16
fl=/usr/src/debug/glibc-2.41-5.fc42.x86_64/libio/fileops.c
fn=_IO_do_write@@GLIBC_2.2.5
458 1354
460 2710
461 678
fn=_IO_file_close
1225 1
1228 2
fn=_IO_file_close_it@@GLIBC_2.2.5
129 7
131 3
134 4
135 2
136 9
173 2
175 1
176 6
179 3
187 5
188 4
191 2
192 1
193 1
194 1
196 2
197 7
fn=_IO_file_finish@@GLIBC_2.2.5
202 1
203 2
209 2
fn=_IO_file_fopen@@GLIBC_2.2.5
247 13
256 2
258 10
271 1
279 1
281 13
315 7
318 2
321 3
322 2
391 12
fn=_IO_file_open
216 11
218 2
219 2
222 2
223 2
225 1
226 6
229 3
239 2
240 1
241 5
fn=_IO_file_overflow@@GLIBC_2.2.5
766 2298
767 1149
774 1911
777 4
779 4
780 14
789 6
798 6
800 2
801 2
802 2
803 6
805 6
806 10
807 1
809 766
810 30
811 441
812 706
813 2772
815 1983
816 1059
817 1412
818 3
819 3
821 353
822 1119
fn=_IO_file_setbuf@@GLIBC_2.2.5
416 6
417 3
420 1
422 3
424 2
425 3
fn=_IO_file_stat
1207 2
1208 4
fn=_IO_file_sync@@GLIBC_2.2.5
827 6
832 4
834 2
835 2
840 2
851 2
855 3
fn=_IO_file_write@@GLIBC_2.2.5
1234 2704
1235 676
1236 2028
1240 1014
1241 1014
1242 676
1247 338
1248 338
1250 1014
1251 1014
1254 2028
fn=_IO_file_xsputn@@GLIBC_2.2.5
1258 300
1260 30
1264 60
1265 30
1271 120
1273 30
1288 90
1304 210
1310 60
1311 150
1313 90
1324 60
1325 150
1327 90
1328 180
fn=_IO_new_file_init_internal
107 6
111 1
112 1
114 1
115 1
116 3
fn=new_do_write
466 2704
468 676
475 1352
483 2028
484 1690
486 1014
487 676
488 338
489 1013
490 1689
492 2028
fl=/usr/src/debug/glibc-2.41-5.fc42.x86_64/libio/genops.c
fn=_IO_cleanup
809 5
810 8
813 12
817 3
818 36
826 6
828 9
831 9
833 6
835 4
837 2
839 3
840 1
844 5
846 3
853 3
855 38
856 3
860 7
861 2
881 11
882 2
894 11
fn=_IO_default_finish
68 2
627 6
629 3
635 3
638 3
650 3
fn=_IO_default_setbuf
356 5
358 1
359 1
363 2
478 10
479 5
481 4
483 3
484 2
488 1
492 4
493 1
494 6
fn=_IO_default_xsputn
397 330
400 120
401 30
405 300
407 29
408 58
410 58
415 58
419 1203
420 802
421 116
423 29
425 465
427 45
430 240
fn=_IO_doallocbuf
369 8
370 4
372 8
373 12
376 4
fn=_IO_flush_all
712 11
713 2
717 5
718 8
721 12
723 3
724 36
726 18
733 9
734 12
741 39
742 3
746 7
747 2
751 11
fn=_IO_link_in
109 8
110 10
112 3
114 7
115 11
116 1
117 10
119 2
122 2
123 2
124 2
126 1
128 13
129 1
130 6
131 2
134 11
fn=_IO_no_init
589 11
590 1
591 1
592 2
594 1
598 6
605 1
607 1
613 1
614 6
fn=_IO_old_init
557 1
558 2
560 5
565 8
570 1
576 3
581 3
582 2
584 1
fn=_IO_setb
355 15
356 14
357 1
358 3
359 3
361 24
364 10
fn=_IO_un_link
67 2
68 4
104 2
fn=_IO_unsave_markers
976 1
978 2
983 2
985 1
fn=__GI__IO_un_link.part.0
66 8
72 5
73 9
74 1
75 13
77 2
81 1
82 1
83 1
84 2
85 1
96 4
98 12
99 1
100 6
101 2
104 8
fn=__overflow
225 308
227 924
229 616
fl=/usr/src/debug/glibc-2.41-5.fc42.x86_64/libio/iofclose.c
fn=fclose@@GLIBC_2.2.5
34 7
48 3
49 1
51 13
52 3
53 3
57 4
58 3
71 2
76 6
fl=/usr/src/debug/glibc-2.41-5.fc42.x86_64/libio/iofopen.c
fn=__fopen_internal
37 2
57 12
65 2
67 3
70 2
72 7
73 2
74 2
75 7
81 9
fn=fopen@@GLIBC_2.2.5
85 1
86 2
fl=/usr/src/debug/glibc-2.41-5.fc42.x86_64/libio/libioP.h
fn=_IO_cleanup
1036 4
1037 2
fn=_IO_default_setbuf
1036 3
1037 2
fn=_IO_default_xsputn
1036 180
1037 90
1040 116
fn=_IO_doallocbuf
1036 6
1037 4
fn=_IO_file_close_it@@GLIBC_2.2.5
1036 3
1037 2
fn=_IO_file_doallocate
1036 6
1037 4
fn=_IO_file_xsputn@@GLIBC_2.2.5
1036 90
1037 90
fn=_IO_flush_all
1036 2
fn=__overflow
1036 924
1037 616
fn=fclose@@GLIBC_2.2.5
962 4
963 4
969 2
990 5
991 10
1036 3
1037 2
fn=new_do_write
1036 1014
1037 676
fl=/usr/src/debug/glibc-2.41-5.fc42.x86_64/libio/stdfiles.c
fn=_IO_stdfiles_init
64 1
66 2
67 12
68 3
69 3
70 1
fl=/usr/src/debug/glibc-2.41-5.fc42.x86_64/libio/vtables.c
fn=check_stdfiles_vtables
545 1
546 4
547 3
548 3
550 1
fl=/usr/src/debug/glibc-2.41-5.fc42.x86_64/malloc/../string/bits/string_fortified.h
fn=tcache_init.part.0
59 88
fl=/usr/src/debug/glibc-2.41-5.fc42.x86_64/malloc/../sysdeps/unix/sysv/linux/not-cancel.h
fn=ptmalloc_init.part.0
100 5
fl=/usr/src/debug/glibc-2.41-5.fc42.x86_64/malloc/arena.c
fn=free
153 6
fn=malloc
153 6
264 1
fn=ptmalloc_init.part.0
262 7
267 1
292 2
296 4
300 4
301 4
302 4
303 4
304 4
305 4
306 4
308 4
309 4
310 4
313 4
314 4
316 2
326 6
fl=/usr/src/debug/glibc-2.41-5.fc42.x86_64/malloc/malloc.c
fn=_int_free_chunk
1796 1
4574 7
4582 2
4658 2
4661 2
4664 2
4667 4
4679 1
fn=_int_free_create_chunk
4756 2
4813 1
4814 3
4815 1
4820 1
fn=_int_free_maybe_consolidate.part.0
4826 11
4835 3
4838 3
4841 5
4842 5
4855 7
fn=_int_free_merge_chunk
1994 3
4707 6
4708 1
4712 5
4715 5
4717 3
4720 3
4723 1
4724 2
4725 2
4731 2
4742 4
4744 7
4833 2
fn=_int_malloc
1328 8
1347 24
1796 4
3170 2
3904 32
3945 8
3972 8
3992 16
4035 8
4037 12
4038 4
4040 6
4097 15
4098 6
4116 10
4117 12
4118 12
4128 20
4315 12
4317 8
4320 6
4321 4
4388 4
4389 8
4390 8
4391 8
4392 16
4397 16
4401 30
4404 30
4501 4
4502 8
4504 8
4507 12
4509 3
4510 9
4511 3
4512 24
4514 9
4517 3
4518 9
4519 3
4524 3
4539 5
4540 2
4541 4
4545 36
fn=alloc_perturb
1986 4
1987 12
1989 4
fn=free
3165 2
3167 4
3168 1
3169 2
3252 4
3253 10
3262 3
3265 4
3271 1
3437 10
3441 4
3449 4
3451 2
3453 6
3470 6
3479 4
3480 6
4558 8
4559 4
4563 8
4690 4
4699 4
fn=malloc
1328 6
1347 3
3215 7
3216 4
3217 6
3313 5
3359 21
3361 12
3385 18
3392 6
3404 6
3406 12
3407 15
3432 12
fn=ptmalloc_init.part.0
1948 384
1951 381
1959 1
1960 1
1962 2
3145 2
fn=sysmalloc
2010 9
2534 12
2554 2
2555 1
2565 2
2566 2
2590 1
2591 3
2592 1
2601 6
2610 3
2671 2
2680 4
2693 3
2701 5
2709 2
2711 7
2712 5
2714 1
2717 2
2746 2
2747 2
2748 4
2754 2
2757 4
2784 2
2785 3
2797 3
2819 2
2820 5
2822 1
2823 5
2835 4
2877 1
2878 4
2879 1
2890 2
2923 3
2924 1
2929 2
2932 2
2934 1
2935 1
2936 1
2937 8
2938 2
2940 1
2946 11
4564 3
fn=systrim.constprop.0
2968 3
2970 1
2971 2
2972 1
2976 3
2977 1
2980 4
2982 2
3022 1
fn=tcache_init.part.0
3307 4
3316 8
3317 3
3318 2
3326 4
3335 2
3339 3
fl=/usr/src/debug/glibc-2.41-5.fc42.x86_64/malloc/morecore.c
fn=__glibc_morecore
25 6
26 4
29 2
30 4
34 4
fl=/usr/src/debug/glibc-2.41-5.fc42.x86_64/malloc/scratch_buffer_set_array_size.c
fn=__libc_scratch_buffer_set_array_size
30 39
34 3
35 6
45 6
46 3
63 18
fl=/usr/src/debug/glibc-2.41-5.fc42.x86_64/math/../sysdeps/ieee754/dbl-64/e_log.c
fn=__ieee754_log_fma
39 187376
49 100000
61 500000
65 18936
67 6312
68 6312
69 6312
70 18936
71 56808
75 25248
76 6312
77 12624
78 12624
79 12624
80 12624
81 12624
82 6312
83 6312
85 281064
102 187376
103 187376
104 93688
105 281064
106 468440
114 281064
119 187376
122 187376
123 93688
124 187376
127 93688
130 936880
131 93688
fl=/usr/src/debug/glibc-2.41-5.fc42.x86_64/math/../sysdeps/ieee754/dbl-64/math_config.h
fn=__ieee754_log_fma
85 100000
fl=/usr/src/debug/glibc-2.41-5.fc42.x86_64/math/../sysdeps/ieee754/dbl-64/s_sin.c
fn=__cos_fma
104 44898
105 71944
107 86705
108 74142
111 24714
112 98856
113 98856
114 271854
116 141556
128 88581
129 45386
133 63480
134 38385
135 42320
136 42320
139 21160
140 105800
141 105800
142 232760
144 179912
156 91647
157 30549
159 61098
160 61098
164 91647
165 61098
168 91647
169 91647
171 30549
172 30549
182 61098
189 84736
265 350000
276 150000
279 100000
282 100000
288 86544
290 38169
291 38169
292 38169
298 61098
301 30549
319 250000
fn=__sin_fma
104 56435
105 64292
107 93844
108 75858
111 25286
112 101144
113 101144
114 278146
116 138993
128 80870
129 43076
133 68136
134 24840
135 41596
136 41596
139 20798
140 103990
141 103990
142 228778
144 172126
156 91647
157 30549
159 91647
164 91647
165 61098
168 91647
169 91647
171 30549
172 30549
182 61098
189 109862
201 350000
211 150000
212 100000
218 100000
225 86544
227 38169
229 63615
233 61098
254 250000
fl=/usr/src/debug/glibc-2.41-5.fc42.x86_64/math/../sysdeps/x86/fpu/fenv_private.h
fn=__cos_fma
415 50000
416 200000
419 100000
425 50000
431 100000
fn=__sin_fma
415 50000
416 200000
419 100000
425 50000
431 100000
fl=/usr/src/debug/glibc-2.41-5.fc42.x86_64/math/../sysdeps/x86_64/fpu/multiarch/e_asin.c
fn=__acos_finite@GLIBC_2.15
37 2
fn=__asin_finite@GLIBC_2.15
29 2
fl=/usr/src/debug/glibc-2.41-5.fc42.x86_64/math/../sysdeps/x86_64/fpu/multiarch/e_atan2.c
fn=__atan2_finite@GLIBC_2.15
28 2
fl=/usr/src/debug/glibc-2.41-5.fc42.x86_64/math/../sysdeps/x86_64/fpu/multiarch/e_atanh.c
fn=__atanh_finite@GLIBC_2.15
28 2
fl=/usr/src/debug/glibc-2.41-5.fc42.x86_64/math/../sysdeps/x86_64/fpu/multiarch/e_exp.c
fn=__exp_finite@GLIBC_2.15
29 2
fl=/usr/src/debug/glibc-2.41-5.fc42.x86_64/math/../sysdeps/x86_64/fpu/multiarch/e_exp2f.c
fn=exp2f@@GLIBC_2.27
29 6
fl=/usr/src/debug/glibc-2.41-5.fc42.x86_64/math/../sysdeps/x86_64/fpu/multiarch/e_expf.c
fn=expf@@GLIBC_2.27
29 6
fl=/usr/src/debug/glibc-2.41-5.fc42.x86_64/math/../sysdeps/x86_64/fpu/multiarch/e_log.c
fn=__log_finite@GLIBC_2.15
29 2
fl=/usr/src/debug/glibc-2.41-5.fc42.x86_64/math/../sysdeps/x86_64/fpu/multiarch/e_log2.c
fn=log2@@GLIBC_2.29
29 6
fl=/usr/src/debug/glibc-2.41-5.fc42.x86_64/math/../sysdeps/x86_64/fpu/multiarch/e_log2f.c
fn=log2f@@GLIBC_2.27
29 6
fl=/usr/src/debug/glibc-2.41-5.fc42.x86_64/math/../sysdeps/x86_64/fpu/multiarch/e_logf.c
fn=logf@@GLIBC_2.27
29 6
fl=/usr/src/debug/glibc-2.41-5.fc42.x86_64/math/../sysdeps/x86_64/fpu/multiarch/e_pow.c
fn=__pow_finite@GLIBC_2.15
29 2
fl=/usr/src/debug/glibc-2.41-5.fc42.x86_64/math/../sysdeps/x86_64/fpu/multiarch/e_powf.c
fn=powf@@GLIBC_2.27
32 2
fl=/usr/src/debug/glibc-2.41-5.fc42.x86_64/math/../sysdeps/x86_64/fpu/multiarch/e_sinh.c
fn=__sinh_finite@GLIBC_2.15
28 2
fl=/usr/src/debug/glibc-2.41-5.fc42.x86_64/math/../sysdeps/x86_64/fpu/multiarch/ifunc-avx-fma4.h
fn=__atan2_finite@GLIBC_2.15
32 5
33 2
fn=__exp_finite@GLIBC_2.15
32 5
33 2
fn=__log_finite@GLIBC_2.15
32 5
33 2
fn=atan
32 5
33 2
fn=cos
32 10
33 4
fn=sin
32 10
33 4
fn=tan
32 5
33 2
fl=/usr/src/debug/glibc-2.41-5.fc42.x86_64/math/../sysdeps/x86_64/fpu/multiarch/ifunc-fma.h
fn=__atanh_finite@GLIBC_2.15
29 4
30 4
fn=__log1p
29 4
30 4
fn=__sinh_finite@GLIBC_2.15
29 4
30 4
fn=cosf
29 4
30 4
fn=exp2f@@GLIBC_2.27
30 4
fn=expf@@GLIBC_2.27
30 4
fn=expm1
29 4
30 4
fn=log2@@GLIBC_2.29
30 4
fn=log2f@@GLIBC_2.27
30 4
fn=logf@@GLIBC_2.27
30 4
fn=powf@@GLIBC_2.27
29 4
30 4
fn=sincosf
29 4
30 4
fn=sinf
29 4
30 4
fl=/usr/src/debug/glibc-2.41-5.fc42.x86_64/math/../sysdeps/x86_64/fpu/multiarch/ifunc-fma4.h
fn=__acos_finite@GLIBC_2.15
31 4
32 2
fn=__asin_finite@GLIBC_2.15
31 4
32 2
fn=__pow_finite@GLIBC_2.15
31 4
32 2
fn=sincos
31 4
32 2
fl=/usr/src/debug/glibc-2.41-5.fc42.x86_64/math/../sysdeps/x86_64/fpu/multiarch/ifunc-sse4_1.h
fn=roundeven
29 5
fl=/usr/src/debug/glibc-2.41-5.fc42.x86_64/math/../sysdeps/x86_64/fpu/multiarch/s_atan.c
fn=atan
28 2
fl=/usr/src/debug/glibc-2.41-5.fc42.x86_64/math/../sysdeps/x86_64/fpu/multiarch/s_cosf.c
fn=cosf
28 2
fl=/usr/src/debug/glibc-2.41-5.fc42.x86_64/math/../sysdeps/x86_64/fpu/multiarch/s_expm1.c
fn=expm1
28 2
fl=/usr/src/debug/glibc-2.41-5.fc42.x86_64/math/../sysdeps/x86_64/fpu/multiarch/s_fma.c
fn=fma
49 6
fl=/usr/src/debug/glibc-2.41-5.fc42.x86_64/math/../sysdeps/x86_64/fpu/multiarch/s_fmaf.c
fn=fmaf
44 6
fl=/usr/src/debug/glibc-2.41-5.fc42.x86_64/math/../sysdeps/x86_64/fpu/multiarch/s_log1p.c
fn=__log1p
28 2
fl=/usr/src/debug/glibc-2.41-5.fc42.x86_64/math/../sysdeps/x86_64/fpu/multiarch/s_roundeven.c
fn=roundeven
32 2
fl=/usr/src/debug/glibc-2.41-5.fc42.x86_64/math/../sysdeps/x86_64/fpu/multiarch/s_sin.c
fn=cos
36 4
fn=sin
29 4
fl=/usr/src/debug/glibc-2.41-5.fc42.x86_64/math/../sysdeps/x86_64/fpu/multiarch/s_sincos.c
fn=sincos
28 2
fl=/usr/src/debug/glibc-2.41-5.fc42.x86_64/math/../sysdeps/x86_64/fpu/multiarch/s_sincosf.c
fn=sincosf
28 2
fl=/usr/src/debug/glibc-2.41-5.fc42.x86_64/math/../sysdeps/x86_64/fpu/multiarch/s_sinf.c
fn=sinf
28 2
fl=/usr/src/debug/glibc-2.41-5.fc42.x86_64/math/../sysdeps/x86_64/fpu/multiarch/s_tan.c
fn=tan
28 2
fl=/usr/src/debug/glibc-2.41-5.fc42.x86_64/math/./w_log_template.c
fn=log@@GLIBC_2.29
31 100000
32 300000
41 100000
fl=/usr/src/debug/glibc-2.41-5.fc42.x86_64/misc/../sysdeps/unix/syscall-template.S
fn=mprotect
117 25
122 5
fn=munmap
117 5
122 1
fl=/usr/src/debug/glibc-2.41-5.fc42.x86_64/misc/../sysdeps/unix/sysv/linux/brk.c
fn=brk
36 2
37 4
38 4
44 2
45 2
fl=/usr/src/debug/glibc-2.41-5.fc42.x86_64/misc/../sysdeps/unix/sysv/linux/brk_call.h
fn=brk
24 4
fl=/usr/src/debug/glibc-2.41-5.fc42.x86_64/misc/../sysdeps/unix/sysv/linux/mmap64.c
fn=mmap
47 91
50 26
53 62
58 78
60 52
fl=/usr/src/debug/glibc-2.41-5.fc42.x86_64/misc/../sysdeps/unix/sysv/linux/setvmaname.c
fn=__set_vma_name
33 11
35 7
40 7
47 1
49 6
fl=/usr/src/debug/glibc-2.41-5.fc42.x86_64/misc/init-misc.c
fn=__init_misc
30 5
31 5
33 4
37 6
38 4
40 2
fl=/usr/src/debug/glibc-2.41-5.fc42.x86_64/misc/sbrk.c
fn=sbrk
37 10
40 4
43 4
58 4
59 4
62 4
63 4
66 4
67 1
74 4
78 7
fl=/usr/src/debug/glibc-2.41-5.fc42.x86_64/nptl/../sysdeps/unix/sysv/linux/x86/elision-conf.c
fn=__lll_elision_init
92 5
96 6
98 4
100 4
102 4
104 4
107 3
108 1
109 6
fl=/usr/src/debug/glibc-2.41-5.fc42.x86_64/nptl/alloca_cutoff.c
fn=__libc_alloca_cutoff
27 100001
28 800008
35 100001
fl=/usr/src/debug/glibc-2.41-5.fc42.x86_64/nptl/cancellation.c
fn=__internal_syscall_cancel
30 2034
37 678
38 678
40 678
64 1017
fn=__syscall_cancel
74 1017
75 1017
79 1695
80 1017
fl=/usr/src/debug/glibc-2.41-5.fc42.x86_64/nptl/libc-cleanup.c
fn=__libc_cleanup_pop_restore
54 4
57 8
59 12
60 12
71 4
fn=__libc_cleanup_push_defer
24 4
25 4
27 8
29 8
32 8
46 12
48 4
49 4
fl=/usr/src/debug/glibc-2.41-5.fc42.x86_64/nptl/pthread_mutex_conf.c
fn=__pthread_tunables_init
55 5
56 6
58 4
60 4
62 6
fl=/usr/src/debug/glibc-2.41-5.fc42.x86_64/nptl/pthread_mutex_lock.c
fn=pthread_mutex_lock@@GLIBC_2.2.5
44 1
45 7
46 1
77 4
80 1
82 1
84 3
88 2
97 2
108 4
112 1
115 2
124 1
130 3
131 2
179 1
182 1
184 1
187 1
190 2
fl=/usr/src/debug/glibc-2.41-5.fc42.x86_64/nptl/pthread_mutex_unlock.c
fn=__pthread_mutex_unlock_usercnt
39 1
40 4
41 1
48 4
51 1
52 2
57 2
62 1
63 2
65 2
70 1
72 1
74 2
80 4
84 3
87 2
104 2
fn=pthread_mutex_unlock@@GLIBC_2.2.5
367 1
368 2
fl=/usr/src/debug/glibc-2.41-5.fc42.x86_64/posix/../malloc/dynarray-skeleton.c
fn=__unregister_atfork
243 2
fl=/usr/src/debug/glibc-2.41-5.fc42.x86_64/posix/../sysdeps/unix/sysv/linux/_exit.c
fn=_Exit
27 3
30 2
fl=/usr/src/debug/glibc-2.41-5.fc42.x86_64/posix/register-atfork.c
fn=__unregister_atfork
71 4
82 10
83 8
109 8
110 4
fl=/usr/src/debug/glibc-2.41-5.fc42.x86_64/resource/../sysdeps/unix/sysv/linux/getrlimit64.c
fn=getrlimit
38 2
39 7
40 1
fl=/usr/src/debug/glibc-2.41-5.fc42.x86_64/setjmp/../sysdeps/x86_64/bsd-_setjmp.S
fn=_setjmp
28 1
30 1
32 1
fl=/usr/src/debug/glibc-2.41-5.fc42.x86_64/setjmp/../sysdeps/x86_64/setjmp.S
fn=__sigsetjmp
31 7
33 7
42 7
43 14
44 7
48 7
49 7
50 7
51 7
52 7
54 14
56 7
57 7
58 7
60 14
62 7
67 1
68 1
70 6
73 6
74 6
81 6
82 6
85 1
fl=/usr/src/debug/glibc-2.41-5.fc42.x86_64/setjmp/sigjmp.c
fn=__sigjmp_save
28 1
29 1
30 2
34 2
fl=/usr/src/debug/glibc-2.41-5.fc42.x86_64/stdio-common/../include/../locale/localeinfo.h
fn=__printf_fp_l_buffer
331 300003
fl=/usr/src/debug/glibc-2.41-5.fc42.x86_64/stdio-common/../include/printf_buffer.h
fn=__printf_buffer
163 4
fn=__printf_buffer_flush
115 1194
fn=__printf_buffer_to_file_init
124 200002
127 100001
128 100001
137 200002
fn=__printf_fp_buffer_1.isra.0
148 26538
149 26529
151 9253
163 500005
fl=/usr/src/debug/glibc-2.41-5.fc42.x86_64/stdio-common/../include/rounding-mode.h
fn=__printf_fp_buffer_1.isra.0
52 300250
58 100248
fl=/usr/src/debug/glibc-2.41-5.fc42.x86_64/stdio-common/../libio/libioP.h
fn=__printf_buffer_flush_to_file
1036 90
1037 90
fl=/usr/src/debug/glibc-2.41-5.fc42.x86_64/stdio-common/../string/bits/string_fortified.h
fn=__printf_buffer_write
29 1201371
fn=__printf_fp_buffer_1.isra.0
29 306286
fl=/usr/src/debug/glibc-2.41-5.fc42.x86_64/stdio-common/../sysdeps/generic/get-rounding-mode.h
fn=__printf_fp_buffer_1.isra.0
94 100001
95 700007
fl=/usr/src/debug/glibc-2.41-5.fc42.x86_64/stdio-common/../sysdeps/pthread/allocalim.h
fn=__printf_fp_buffer_1.isra.0
27 200002
29 500005
fl=/usr/src/debug/glibc-2.41-5.fc42.x86_64/stdio-common/Xprintf_buffer_done.c
fn=__printf_buffer_done
25 100001
26 300003
31 200002
33 1100011
40 100001
fl=/usr/src/debug/glibc-2.41-5.fc42.x86_64/stdio-common/Xprintf_buffer_flush.c
fn=__printf_buffer_flush
61 2985
62 1194
66 1194
70 1791
71 597
72 1791
fl=/usr/src/debug/glibc-2.41-5.fc42.x86_64/stdio-common/Xprintf_buffer_putc_1.c
fn=__printf_buffer_putc_1
23 21
24 9
25 9
27 9
28 9
29 12
fl=/usr/src/debug/glibc-2.41-5.fc42.x86_64/stdio-common/Xprintf_buffer_write.c
fn=__printf_buffer_write
27 4000040
28 1500015
31 2600934
33 2003757
35 2376
36 400457
37 800914
40 1201371
41 400457
44 3000030
fl=/usr/src/debug/glibc-2.41-5.fc42.x86_64/stdio-common/_itoa.c
fn=_itoa_word
169 2
170 4
174 5
183 79
192 2
fl=/usr/src/debug/glibc-2.41-5.fc42.x86_64/stdio-common/fprintf.c
fn=fprintf
27 2100000
31 600000
32 300000
36 500000
fl=/usr/src/debug/glibc-2.41-5.fc42.x86_64/stdio-common/printf-parse.h
fn=__printf_buffer
55 700000
82 1300013
fl=/usr/src/debug/glibc-2.41-5.fc42.x86_64/stdio-common/printf.c
fn=printf
28 23
32 6
33 6
37 5
fl=/usr/src/debug/glibc-2.41-5.fc42.x86_64/stdio-common/printf_buffer_flush.c
fn=__printf_buffer_flush
41 4179
53 597
54 597
fl=/usr/src/debug/glibc-2.41-5.fc42.x86_64/stdio-common/printf_buffer_to_file.c
fn=__printf_buffer_flush_to_file
49 502990
51 402392
53 402392
58 90
59 210
65 676
68 301704
72 616
74 2156
86 300780
89 100260
91 300780
98 672
99 672
103 100260
104 200858
fn=__printf_buffer_to_file_done
117 400004
118 300003
120 200002
121 200002
122 100001
fn=__printf_buffer_to_file_init
108 100001
109 200002
111 100001
112 100001
fn=__printf_buffer_to_file_switch
29 100339
30 401356
34 100308
35 200647
40 62
41 31
44 100339
45 100339
fl=/usr/src/debug/glibc-2.41-5.fc42.x86_64/stdio-common/printf_fp.c
fn=__printf_fp_buffer_1.isra.0
138 1600016
159 800008
177 100001
187 100001
221 200002
222 100001
226 400004
230 1700017
234 100001
266 500005
267 100001
268 200002
271 1600016
272 1500015
273 1400014
279 100001
280 200002
294 161368
297 242052
301 322736
305 242052
306 161368
308 484104
309 726156
310 161368
311 403420
313 161368
318 1048892
322 5163776
324 645490
327 242076
337 80693
368 161384
369 322768
375 4
376 2
377 1
380 2
381 2
382 3
385 731731
388 231089
389 300792
390 300792
391 300792
394 968208
396 2097784
397 161368
403 166863
407 751980
411 375990
413 150396
439 150396
442 601584
458 300792
460 225594
461 451188
463 429711
477 150396
483 38634
499 9244
500 11555
501 4622
503 2311
504 6933
509 25419
511 55759
518 1495
519 598
520 299
524 1495
525 299
527 1794
531 1495
532 598
533 1196
535 598
540 1495
542 242
544 121
546 726
562 897
564 242
565 70
566 6
570 452
571 904
575 480
576 362
579 678
580 452
587 226
590 1130
613 452
616 904
621 25419
623 55840
625 4618
629 10550
630 4220
631 6330
633 4220
634 12660
642 4220
643 4220
644 2110
645 8440
647 6933
655 51018
659 51018
660 85030
661 34012
665 300003
669 2311
674 600006
676 200002
680 200002
686 200002
688 100001
689 300004
692 400005
694 781520
696 195380
701 104622
731 13866
738 393071
746 300003
759 1600016
760 300003
763 204624
766 1984017
769 518667
771 97690
773 586140
775 293070
781 4622
782 2311
783 13866
787 100001
788 200002
789 200007
790 600021
792 100006
793 300018
794 100006
795 100006
796 400024
805 300003
806 400004
808 700007
809 40292
810 70250
813 40292
818 37501
830 100248
834 90374
835 480738
837 4937
838 9874
840 400992
842 100248
844 90374
845 9874
855 105185
859 29622
861 31532
862 438
864 9874
866 4797
870 280
881 420
907 700
908 560
914 700
924 400251
931 109628
935 304800
980 600006
983 200002
987 482313
988 108847
991 200002
994 400004
996 800008
1001 182310
1003 182310
1006 217697
1009 300003
1022 400004
1024 300003
1028 200002
1030 1100011
fn=__printf_fp_l_buffer
1099 1500015
1102 300003
1111 100001
1112 200002
1115 500005
1116 500005
1117 200002
1122 700007
1126 100001
1147 1100011
fn=hack_digit
88 2235858
91 1155664
93 1117929
95 960821
96 287380
101 601596
105 2105586
107 1203192
108 300798
110 601596
111 1804788
122 1503990
123 902394
124 1252815
127 673441
128 2236364
fl=/usr/src/debug/glibc-2.41-5.fc42.x86_64/stdio-common/vfprintf-internal.c
fn=__printf_buffer
263 300003
264 300003
266 100001
600 1400014
627 500005
631 100001
634 100001
638 400004
642 100001
653 200002
654 300003
655 300003
659 200002
663 800008
683 200002
684 200002
685 200002
686 200002
687 200002
690 600006
691 200002
692 200002
693 200002
694 200002
695 200002
698 200002
699 200002
705 2800028
709 100000
744 200002
784 2
813 100000
814 300000
840 300000
855 1400000
870 1
871 17
876 1
973 200002
976 3500035
996 1200012
997 200002
1001 100001
1018 200002
1024 200002
1028 600006
1029 400004
1031 700007
1044 1100011
fn=__vfprintf_internal
1522 1500015
1525 500003
1529 500005
1540 200002
1543 300003
1544 500005
1545 300003
1567 1100011
fl=/usr/src/debug/glibc-2.41-5.fc42.x86_64/stdio-common/vfprintf-process-arg.c
fn=__printf_buffer
35 1
48 2
49 7
57 3
58 3
60 1
73 1
136 2
138 1
155 14
161 8
163 1
164 3
170 7
174 1
186 2
187 6
195 5
197 3
199 3
201 3
208 6
211 2
230 1
236 2
240 5
403 900000
408 200000
422 700000
430 200000
435 400000
455 300000
463 400000
464 100000
491 100000
fl=/usr/src/debug/glibc-2.41-5.fc42.x86_64/stdlib/../stdlib/strtol.c
fn=strtol
116 1
117 5
fl=/usr/src/debug/glibc-2.41-5.fc42.x86_64/stdlib/../stdlib/strtol_l.c
fn=____strtol_l_internal
238 11
257 1
258 2
264 2
292 1
295 6
301 1
304 8
306 2
310 4
311 2
320 3
335 2
342 2
345 4
393 1
394 1
449 12
451 29
453 18
477 1
478 1
481 18
484 24
489 8
490 18
495 2
500 3
506 2
507 2
509 4
546 8
fl=/usr/src/debug/glibc-2.41-5.fc42.x86_64/stdlib/../string/bits/string_fortified.h
fn=random_r
29 200000
fl=/usr/src/debug/glibc-2.41-5.fc42.x86_64/stdlib/../sysdeps/ieee754/dbl-64/dbl2mpn.c
fn=__mpn_extract_double
33 200002
35 100001
37 300003
38 500005
47 300003
56 300003
103 200002
107 200002
fl=/usr/src/debug/glibc-2.41-5.fc42.x86_64/stdlib/../sysdeps/unix/sysv/linux/getrandom.c
fn=__getrandom_early_init
238 7
241 6
278 5
fl=/usr/src/debug/glibc-2.41-5.fc42.x86_64/stdlib/../sysdeps/x86_64/lshift.S
fn=__mpn_lshift
28 100001
29 100001
30 100001
32 100001
33 100001
34 100001
46 100001
47 100001
48 100001
49 100001
50 100001
51 100001
52 100001
58 100001
59 100001
60 100001
fl=/usr/src/debug/glibc-2.41-5.fc42.x86_64/stdlib/../sysdeps/x86_64/mul_1.S
fn=__mpn_mul_1
31 375053
32 375053
35 375053
36 375053
37 375053
38 375053
39 375053
41 375053
42 375053
44 375053
45 375053
46 375053
47 375053
48 372643
50 372643
51 372643
52 372643
53 372643
79 2410
80 2410
81 2410
82 2410
83 2410
84 2410
85 2410
86 2410
87 2410
113 2410
114 2410
115 2410
117 2410
118 2410
119 2410
120 2410
121 2410
122 375053
124 375053
127 375053
fl=/usr/src/debug/glibc-2.41-5.fc42.x86_64/stdlib/../sysdeps/x86_64/rshift.S
fn=__mpn_rshift
28 152732
29 152732
30 152732
31 152732
44 152732
45 152732
61 152732
62 152732
63 152732
64 152732
65 152732
66 152732
67 152732
72 152732
73 152732
74 152732
75 152732
76 152732
fl=/usr/src/debug/glibc-2.41-5.fc42.x86_64/stdlib/cmp.c
fn=__mpn_cmp
31 80693
35 167060
37 83530
38 83530
39 167060
47 403465
fl=/usr/src/debug/glibc-2.41-5.fc42.x86_64/stdlib/cxa_atexit.c
fn=__cxa_atexit
67 1
68 2
fn=__internal_atexit
36 7
41 3
43 7
44 2
46 2
52 3
53 1
54 1
55 1
56 1
57 5
58 1
59 6
fn=__new_exitfn
80 5
81 1
86 2
91 9
93 4
101 1
122 1
123 1
134 1
136 1
137 1
141 3
fl=/usr/src/debug/glibc-2.41-5.fc42.x86_64/stdlib/cxa_finalize.c
fn=__cxa_finalize
45 20
48 10
51 14
55 14
108 14
112 12
119 4
120 4
121 8
122 16
fl=/usr/src/debug/glibc-2.41-5.fc42.x86_64/stdlib/cxa_thread_atexit_impl.c
fn=__call_tls_dtors
148 5
149 4
165 4
fl=/usr/src/debug/glibc-2.41-5.fc42.x86_64/stdlib/divrem.c
fn=__mpn_divrem
46 3609576
47 300798
49 601596
62 300798
63 300798
65 601596
67 32078
68 64156
72 2860834
73 734415
76 601596
79 300798
81 300798
234 2707182
fl=/usr/src/debug/glibc-2.41-5.fc42.x86_64/stdlib/exit.c
fn=__run_exit_handlers
45 12
47 9
50 2
51 2
53 7
64 1
66 2
70 1
74 6
76 2
77 1
79 7
111 1
112 1
113 1
114 3
117 4
118 3
119 4
123 3
129 2
130 2
136 4
138 2
139 2
141 2
fn=exit
147 3
148 4
fl=/usr/src/debug/glibc-2.41-5.fc42.x86_64/stdlib/mul.c
fn=__mpn_mul
48 5100
54 600
66 600
71 300
72 600
81 600
83 300
88 600
141 300
142 3300
fl=/usr/src/debug/glibc-2.41-5.fc42.x86_64/stdlib/rand.c
fn=rand
26 600000
27 200000
28 400000
fl=/usr/src/debug/glibc-2.41-5.fc42.x86_64/stdlib/random.c
fn=random
288 1400000
291 600000
293 600000
295 800000
297 200000
298 1000000
fl=/usr/src/debug/glibc-2.41-5.fc42.x86_64/stdlib/random_r.c
fn=random_r
371 200000
374 800000
377 200000
379 600000
388 200000
389 200000
390 200000
395 400000
398 400000
399 393549
400 400000
403 200000
408 387098
409 12902
411 200000
412 200000
414 200000
419 200000
fl=/usr/src/debug/glibc-2.41-5.fc42.x86_64/string/../include/rtld-malloc.h
fn=strdup
56 6
fl=/usr/src/debug/glibc-2.41-5.fc42.x86_64/string/../string/strcspn.c
fn=strcspn
32 5
33 3
34 2
39 6
40 4
41 4
42 4
44 1
47 9
48 6
51 4
52 4
53 4
54 4
56 3
61 13
62 26
63 26
64 26
65 13
67 78
69 1
70 4
71 2
fl=/usr/src/debug/glibc-2.41-5.fc42.x86_64/string/../string/strstr.c
fn=__GI_strstr
45 1
77 13
82 3
84 5
85 2
161 12
fl=/usr/src/debug/glibc-2.41-5.fc42.x86_64/string/../sysdeps/x86/cacheinfo.c
fn=__x86_cacheinfo
86 3
fl=/usr/src/debug/glibc-2.41-5.fc42.x86_64/string/../sysdeps/x86/cacheinfo.h
fn=__x86_cacheinfo
62 1
65 3
67 3
68 1
74 3
76 3
77 1
81 2
84 2
86 2
87 2
88 2
90 2
fl=/usr/src/debug/glibc-2.41-5.fc42.x86_64/string/../sysdeps/x86_64/multiarch/../multiarch/memcmp-sse2.S
fn=bcmp
59 1
71 1
72 1
94 1
95 1
140 1
141 1
143 1
144 1
146 1
147 1
149 1
150 1
197 1
198 1
199 1
200 1
201 1
202 1
fl=/usr/src/debug/glibc-2.41-5.fc42.x86_64/string/../sysdeps/x86_64/multiarch/../multiarch/memset-vec-unaligned-erms.S
fn=memset
137 7
138 35
143 7
144 7
147 3
148 3
150 1
151 1
152 1
236 2
237 2
249 2
252 2
253 2
265 2
266 2
279 2
280 2
282 2
285 1
288 2
291 35
292 35
293 35
294 35
295 35
296 35
297 35
300 2
301 2
302 2
303 2
308 2
354 4
356 4
357 4
396 4
397 4
399 4
fl=/usr/src/debug/glibc-2.41-5.fc42.x86_64/string/../sysdeps/x86_64/multiarch/../multiarch/strchr-sse2.S
fn=index
32 18
33 18
34 18
35 18
36 18
37 18
38 18
39 18
40 18
41 18
42 18
43 18
44 18
45 18
46 18
47 18
48 18
49 18
50 15
54 15
55 15
56 15
57 15
59 15
63 3
64 3
65 3
66 3
67 3
68 3
69 3
70 3
71 3
72 3
73 3
74 3
75 3
76 3
77 3
78 3
79 3
80 3
81 3
82 3
83 3
84 3
85 3
86 3
138 3
142 3
143 3
144 3
145 3
147 3
fl=/usr/src/debug/glibc-2.41-5.fc42.x86_64/string/../sysdeps/x86_64/multiarch/../multiarch/strcmp-sse2.S
fn=strcmp
98 288
131 288
132 288
134 288
135 288
156 288
157 288
158 254
159 254
160 206
161 206
162 206
163 206
180 206
181 206
182 206
183 206
184 206
185 206
186 206
191 14
192 42
201 96
202 96
203 96
204 96
205 96
206 96
207 96
208 96
209 93
210 52
211 52
212 52
214 93
215 93
216 93
217 93
218 93
219 93
229 3
230 3
231 3
233 3
239 3
240 3
241 3
242 3
243 3
248 3
250 1
251 1
252 2
260 1
261 1
264 1
265 1
266 1
267 1
268 1
269 1
300 1
301 1
302 1
303 1
304 1
306 1
307 1
308 1
309 1
310 1
311 1
312 1
313 1
316 1
317 1
318 1
324 1
325 1
326 2
330 1
331 1
334 1
335 1
336 1
338 1
339 1
340 1
344 1
345 1
346 1
347 1
348 1
349 1
424 1
425 1
426 1
427 1
428 1
430 1
431 1
432 1
433 1
434 1
435 1
436 1
542 9
543 9
544 9
545 9
546 9
548 9
549 9
550 9
551 9
552 9
553 9
554 9
555 2
559 2
560 2
561 2
567 2
568 2
569 4
573 2
574 2
577 2
578 2
579 2
581 2
582 2
583 2
587 2
588 2
589 2
590 2
591 2
592 2
780 1
781 1
782 1
783 1
784 1
786 1
787 1
788 1
789 1
790 1
791 1
792 1
793 1
797 1
798 1
799 1
805 1
806 1
807 2
811 1
812 1
815 1
816 1
817 1
819 1
820 1
821 1
825 1
826 1
827 1
828 1
829 1
830 1
837 1
838 1
840 1
841 1
843 1
844 1
845 1
847 1
848 1
849 1
853 1
854 1
855 1
856 1
857 1
858 1
899 2
900 2
901 2
902 2
903 2
905 2
906 2
907 2
908 2
909 2
910 2
911 2
912 2
916 2
917 2
918 2
924 2
925 2
926 4
930 2
931 2
934 2
935 2
936 2
938 2
939 2
940 2
944 2
945 2
946 2
947 2
948 2
949 2
1018 1
1019 1
1020 1
1021 1
1022 1
1024 1
1025 1
1026 1
1027 1
1028 1
1029 1
1030 1
1031 1
1035 1
1036 1
1037 1
1043 1
1044 1
1045 2
1049 1
1050 1
1053 1
1054 1
1055 1
1057 1
1058 1
1059 1
1063 1
1064 1
1065 1
1066 1
1067 1
1068 1
1075 1
1076 1
1078 1
1079 1
1081 1
1082 1
1083 1
1085 1
1086 1
1087 1
1091 1
1092 1
1093 1
1094 1
1095 1
1096 1
1137 4
1138 4
1139 4
1140 4
1141 4
1143 4
1144 4
1145 4
1146 4
1147 4
1148 4
1149 4
1150 4
1154 4
1155 4
1156 4
1162 4
1163 4
1164 8
1168 4
1169 4
1172 4
1173 4
1174 4
1176 4
1177 4
1178 4
1182 4
1183 4
1184 4
1185 4
1186 4
1187 4
1194 1
1195 1
1197 1
1198 1
1200 1
1201 1
1202 1
1204 1
1205 1
1206 1
1210 1
1211 1
1212 1
1213 1
1214 1
1215 1
1256 3
1257 3
1258 3
1259 3
1260 3
1262 3
1263 3
1264 3
1265 3
1266 3
1267 3
1268 3
1269 1
1273 1
1274 1
1275 1
1281 1
1282 1
1283 2
1287 1
1288 1
1291 1
1292 1
1293 1
1295 1
1296 1
1297 1
1301 1
1302 1
1303 1
1304 1
1305 1
1306 1
1375 7
1376 7
1377 7
1378 7
1379 7
1381 7
1382 7
1383 7
1384 7
1385 7
1386 7
1387 7
1388 4
1392 4
1393 4
1394 4
1400 4
1401 4
1402 8
1406 4
1407 4
1410 4
1411 4
1412 4
1414 4
1415 4
1416 4
1420 4
1421 4
1422 4
1423 4
1424 4
1425 4
1494 24
1495 24
1496 24
1497 24
1498 24
1500 24
1501 24
1502 24
1503 24
1504 24
1505 24
1506 24
1507 7
1511 7
1512 7
1513 7
1519 7
1520 7
1521 14
1525 7
1526 7
1529 7
1530 7
1531 7
1533 7
1534 7
1535 7
1539 7
1540 7
1541 7
1542 7
1543 7
1544 7
1551 3
1552 3
1554 3
1555 3
1557 3
1558 3
1559 3
1561 3
1562 3
1563 3
1567 3
1568 3
1569 3
1570 3
1571 3
1572 3
1613 4
1614 4
1615 4
1616 4
1617 4
1619 4
1620 4
1621 4
1622 4
1623 4
1624 4
1625 4
1626 2
1630 2
1631 2
1632 2
1638 2
1639 2
1640 4
1644 2
1645 2
1648 2
1649 2
1650 2
1652 2
1653 2
1654 2
1658 2
1659 2
1660 2
1661 2
1662 2
1663 2
1732 14
1733 14
1734 14
1735 14
1736 14
1738 14
1739 14
1740 14
1741 14
1742 14
1743 14
1744 14
1745 3
1749 3
1750 3
1751 3
1757 3
1758 3
1759 6
1763 3
1764 3
1767 3
1768 3
1769 3
1771 3
1772 3
1773 3
1777 3
1778 3
1779 3
1780 3
1781 3
1782 3
1851 15
1852 15
1853 15
1854 15
1855 15
1857 15
1858 15
1859 15
1860 15
1861 15
1862 15
1863 15
1864 7
1868 7
1869 7
1870 7
1876 7
1877 7
1878 14
1882 7
1883 7
1886 7
1887 7
1888 7
1890 7
1891 7
1892 7
1896 7
1897 7
1898 7
1899 7
1900 7
1901 7
1970 7
1971 7
1972 7
1973 7
1974 7
1976 7
1977 7
1978 7
1979 7
1980 7
1981 7
1982 7
1984 5
1988 5
1989 5
1990 5
1996 5
1997 5
1999 10
2003 5
2004 5
2007 5
2008 5
2009 5
2011 5
2012 5
2013 5
2017 5
2018 5
2019 5
2020 5
2021 5
2022 5
2093 41
2095 96
2096 96
2097 96
2098 96
2099 104
2104 288
2110 288
2111 288
2119 288
2120 288
fn=strncmp
98 1
125 1
126 1
127 1
128 1
129 1
131 1
132 1
134 1
135 1
156 1
157 1
158 1
159 1
160 1
161 1
162 1
163 1
180 1
181 1
182 1
183 1
184 1
185 1
186 1
2104 1
2107 1
2108 1
2110 1
2111 1
2119 1
2120 1
fl=/usr/src/debug/glibc-2.41-5.fc42.x86_64/string/../sysdeps/x86_64/multiarch/../multiarch/strlen-sse2.S
fn=strlen
57 17
101 17
102 17
103 17
104 17
105 17
106 17
107 17
109 17
111 17
142 17
143 17
144 17
145 17
146 17
147 8
149 8
153 9
154 9
155 9
156 9
157 9
158 9
159 9
160 9
161 9
162 9
163 9
164 9
169 72
fl=/usr/src/debug/glibc-2.41-5.fc42.x86_64/string/../sysdeps/x86_64/multiarch/ifunc-avx2.h
fn=memrchr
38 3
40 4
41 2
42 3
46 4
49 3
52 5
fn=rindex
38 3
40 4
41 2
42 3
46 4
49 3
52 5
fn=strchrnul
38 3
40 4
41 2
42 3
46 4
49 3
52 5
fn=strlen
38 3
40 4
41 2
42 3
46 4
49 3
52 5
fn=strnlen
38 6
40 8
41 4
42 6
46 8
49 6
52 10
fl=/usr/src/debug/glibc-2.41-5.fc42.x86_64/string/../sysdeps/x86_64/multiarch/ifunc-evex.h
fn=memchr
37 3
38 4
39 3
43 2
51 3
54 4
fl=/usr/src/debug/glibc-2.41-5.fc42.x86_64/string/../sysdeps/x86_64/multiarch/ifunc-memcmp.h
fn=bcmp
34 7
35 2
37 3
41 2
44 3
47 5
fl=/usr/src/debug/glibc-2.41-5.fc42.x86_64/string/../sysdeps/x86_64/multiarch/ifunc-memmove.h
fn=memcpy@@GLIBC_2.14
56 3
57 2
60 3
61 2
74 2
77 2
85 2
93 2
96 5
fn=memmove
56 3
57 2
60 3
61 2
74 2
77 2
85 2
93 2
96 5
fn=mempcpy
56 3
57 2
60 3
61 2
74 2
77 2
85 2
93 2
96 5
fl=/usr/src/debug/glibc-2.41-5.fc42.x86_64/string/../sysdeps/x86_64/multiarch/ifunc-memset.h
fn=memset
52 1
53 2
61 5
64 3
65 2
80 2
84 4
92 2
100 2
fl=/usr/src/debug/glibc-2.41-5.fc42.x86_64/string/../sysdeps/x86_64/multiarch/ifunc-sse4_2.h
fn=strcspn
36 5
fn=strpbrk
36 5
fn=strspn
36 5
fl=/usr/src/debug/glibc-2.41-5.fc42.x86_64/string/../sysdeps/x86_64/multiarch/ifunc-strcasecmp.h
fn=strcasecmp
36 1
37 4
38 3
42 4
45 3
48 4
fn=strcasecmp_l
36 1
37 4
38 3
42 4
45 3
48 4
fn=strncasecmp
36 1
37 4
38 3
42 4
45 3
48 4
fn=strncasecmp_l
36 1
37 4
38 3
42 4
45 3
48 4
fl=/usr/src/debug/glibc-2.41-5.fc42.x86_64/string/../sysdeps/x86_64/multiarch/ifunc-strcpy.h
fn=stpcpy
38 4
39 3
43 4
46 3
49 3
fn=strcat
38 4
39 3
43 4
46 3
49 3
fn=strcpy
38 4
39 3
43 4
46 3
49 3
fl=/usr/src/debug/glibc-2.41-5.fc42.x86_64/string/../sysdeps/x86_64/multiarch/ifunc-strncpy.h
fn=stpncpy
35 5
36 3
40 4
43 3
46 5
fn=strncpy
35 5
36 3
40 4
43 3
46 5
fl=/usr/src/debug/glibc-2.41-5.fc42.x86_64/string/../sysdeps/x86_64/multiarch/memchr.c
fn=memchr
29 2
fl=/usr/src/debug/glibc-2.41-5.fc42.x86_64/string/../sysdeps/x86_64/multiarch/memcmp.c
fn=bcmp
29 3
fl=/usr/src/debug/glibc-2.41-5.fc42.x86_64/string/../sysdeps/x86_64/multiarch/memcpy.c
fn=memcpy@@GLIBC_2.14
29 1
fl=/usr/src/debug/glibc-2.41-5.fc42.x86_64/string/../sysdeps/x86_64/multiarch/memmove-vec-unaligned-erms.S
fn=__memcpy_avx_unaligned_erms
255 556347
256 556347
262 556347
263 556347
305 556347
306 556347
308 398068
309 398068
311 352705
315 352705
316 225697
317 225697
318 225697
319 225697
320 25344
321 25344
323 225697
325 225697
331 127008
332 127008
333 127008
334 127008
335 127008
342 158279
343 158279
344 158279
345 158279
347 158279
364 45363
365 45363
366 45363
367 45363
368 45363
fn=memcpy
210 20
211 20
217 26
218 26
220 18
221 18
222 18
224 11
225 11
226 11
228 11
308 8
309 8
311 1
315 1
316 1
317 1
318 1
319 1
323 1
325 1
364 7
365 7
366 7
367 7
368 7
375 7
376 7
377 7
378 7
379 7
380 7
381 7
392 7
393 7
395 7
396 7
397 7
fn=mempcpy
197 6
198 6
199 6
200 6
fl=/usr/src/debug/glibc-2.41-5.fc42.x86_64/string/../sysdeps/x86_64/multiarch/memmove.c
fn=memmove
29 1
fl=/usr/src/debug/glibc-2.41-5.fc42.x86_64/string/../sysdeps/x86_64/multiarch/mempcpy.c
fn=mempcpy
33 1
fl=/usr/src/debug/glibc-2.41-5.fc42.x86_64/string/../sysdeps/x86_64/multiarch/memrchr.c
fn=memrchr
29 1
fl=/usr/src/debug/glibc-2.41-5.fc42.x86_64/string/../sysdeps/x86_64/multiarch/memset.c
fn=memset
29 2
fl=/usr/src/debug/glibc-2.41-5.fc42.x86_64/string/../sysdeps/x86_64/multiarch/stpcpy.c
fn=stpcpy
33 2
fl=/usr/src/debug/glibc-2.41-5.fc42.x86_64/string/../sysdeps/x86_64/multiarch/stpncpy.c
fn=stpncpy
31 1
fn=strcasecmp
31 1
fl=/usr/src/debug/glibc-2.41-5.fc42.x86_64/string/../sysdeps/x86_64/multiarch/strcasecmp.c
fn=strcasecmp
31 2
fl=/usr/src/debug/glibc-2.41-5.fc42.x86_64/string/../sysdeps/x86_64/multiarch/strcasecmp_l.c
fn=strcasecmp_l
31 3
fl=/usr/src/debug/glibc-2.41-5.fc42.x86_64/string/../sysdeps/x86_64/multiarch/strcat.c
fn=strcat
29 2
fl=/usr/src/debug/glibc-2.41-5.fc42.x86_64/string/../sysdeps/x86_64/multiarch/strchr-avx2.S
fn=__strchr_avx2
53 1
55 1
56 1
57 1
58 1
59 1
62 1
63 1
67 1
68 1
69 1
70 1
71 1
72 1
73 1
74 1
77 1
85 1
93 1
94 2
fn=__strchrnul_avx2
53 300003
55 300003
56 300003
57 300003
58 300003
59 300003
62 300003
63 300003
67 300003
68 300003
69 300003
70 300003
71 300003
72 300003
73 300003
74 300003
87 300003
89 600006
fl=/usr/src/debug/glibc-2.41-5.fc42.x86_64/string/../sysdeps/x86_64/multiarch/strchr.c
fn=index
42 2
43 4
44 3
48 4
51 3
54 3
65 2
fl=/usr/src/debug/glibc-2.41-5.fc42.x86_64/string/../sysdeps/x86_64/multiarch/strchrnul.c
fn=strchrnul
31 1
fl=/usr/src/debug/glibc-2.41-5.fc42.x86_64/string/../sysdeps/x86_64/multiarch/strcmp.c
fn=strcmp
47 1
48 4
49 3
53 4
56 3
59 3
79 2
fl=/usr/src/debug/glibc-2.41-5.fc42.x86_64/string/../sysdeps/x86_64/multiarch/strcpy.c
fn=strcpy
29 2
fl=/usr/src/debug/glibc-2.41-5.fc42.x86_64/string/../sysdeps/x86_64/multiarch/strcspn.c
fn=strcspn
29 2
fl=/usr/src/debug/glibc-2.41-5.fc42.x86_64/string/../sysdeps/x86_64/multiarch/strlen-avx2.S
fn=__strlen_avx2
52 200001
65 200001
66 200001
67 200001
70 200001
72 200001
73 200001
76 198975
77 198975
85 198975
86 198975
87 198975
92 397950
118 248
131 248
132 248
133 248
139 496
236 248
242 248
243 248
244 248
511 1026
512 1026
513 1026
516 1026
531 1026
532 1026
533 778
540 1556
fl=/usr/src/debug/glibc-2.41-5.fc42.x86_64/string/../sysdeps/x86_64/multiarch/strlen.c
fn=strlen
29 1
fl=/usr/src/debug/glibc-2.41-5.fc42.x86_64/string/../sysdeps/x86_64/multiarch/strncase.c
fn=strncasecmp
31 3
fl=/usr/src/debug/glibc-2.41-5.fc42.x86_64/string/../sysdeps/x86_64/multiarch/strncase_l.c
fn=strncasecmp_l
31 3
fl=/usr/src/debug/glibc-2.41-5.fc42.x86_64/string/../sysdeps/x86_64/multiarch/strncmp.c
fn=strncmp
43 1
44 4
45 3
49 4
52 3
55 4
67 3
fl=/usr/src/debug/glibc-2.41-5.fc42.x86_64/string/../sysdeps/x86_64/multiarch/strncpy.c
fn=strncpy
29 1
fl=/usr/src/debug/glibc-2.41-5.fc42.x86_64/string/../sysdeps/x86_64/multiarch/strnlen.c
fn=strnlen
31 2
fl=/usr/src/debug/glibc-2.41-5.fc42.x86_64/string/../sysdeps/x86_64/multiarch/strpbrk.c
fn=strpbrk
29 2
fl=/usr/src/debug/glibc-2.41-5.fc42.x86_64/string/../sysdeps/x86_64/multiarch/strrchr-avx2.S
fn=__strrchr_avx2
53 1
54 1
55 1
57 1
58 1
62 1
63 1
64 1
67 1
69 1
70 1
71 1
72 1
137 1
138 1
139 1
143 1
144 1
145 1
146 1
150 2
156 1
159 1
160 1
161 1
162 1
163 1
164 1
166 1
167 1
168 1
169 1
170 1
fl=/usr/src/debug/glibc-2.41-5.fc42.x86_64/string/../sysdeps/x86_64/multiarch/strrchr.c
fn=rindex
28 1
fl=/usr/src/debug/glibc-2.41-5.fc42.x86_64/string/../sysdeps/x86_64/multiarch/strspn.c
fn=strspn
29 2
fl=/usr/src/debug/glibc-2.41-5.fc42.x86_64/string/strdup.c
fn=strdup
40 18
41 6
44 6
47 12
48 9
fl=/usr/src/debug/glibc-2.41-5.fc42.x86_64/time/../sysdeps/unix/sysv/linux/clock.c
fn=clock
25 8
31 14
34 2
35 14
36 10
fl=/usr/src/debug/glibc-2.41-5.fc42.x86_64/time/../sysdeps/unix/sysv/linux/clock_gettime.c
fn=clock_gettime@@GLIBC_2.17
30 2
38 4
40 4
44 4
68 4
69 4
fl=/usr/src/debug/glibc-2.41-5.fc42.x86_64/wcsmbs/../sysdeps/x86_64/multiarch/ifunc-avx2.h
fn=wcschr
38 6
40 8
41 4
42 6
46 8
49 6
52 10
fn=wcscmp
38 3
40 4
41 2
42 3
46 4
49 3
52 5
fl=/usr/src/debug/glibc-2.41-5.fc42.x86_64/wcsmbs/../sysdeps/x86_64/multiarch/ifunc-evex.h
fn=wmemchr
37 6
38 8
39 6
43 4
51 6
54 8
fl=/usr/src/debug/glibc-2.41-5.fc42.x86_64/wcsmbs/../sysdeps/x86_64/multiarch/ifunc-memcmp.h
fn=wmemcmp
34 7
35 2
37 3
41 2
44 3
47 5
fl=/usr/src/debug/glibc-2.41-5.fc42.x86_64/wcsmbs/../sysdeps/x86_64/multiarch/ifunc-wcs.h
fn=wcpncpy
39 2
40 4
41 3
45 2
48 4
fn=wcscat
39 2
40 4
41 3
45 2
48 4
fn=wcsncpy
39 2
40 4
41 3
45 2
48 4
fl=/usr/src/debug/glibc-2.41-5.fc42.x86_64/wcsmbs/../sysdeps/x86_64/multiarch/ifunc-wcslen.h
fn=wcslen
40 1
41 4
42 3
46 4
49 3
52 3
fn=wcsnlen
40 1
41 4
42 3
46 4
49 3
52 3
fl=/usr/src/debug/glibc-2.41-5.fc42.x86_64/wcsmbs/../sysdeps/x86_64/multiarch/ifunc-wmemset.h
fn=wmemset
36 10
37 6
fl=/usr/src/debug/glibc-2.41-5.fc42.x86_64/wcsmbs/../sysdeps/x86_64/multiarch/wcpncpy.c
fn=wcpncpy
31 3
fl=/usr/src/debug/glibc-2.41-5.fc42.x86_64/wcsmbs/../sysdeps/x86_64/multiarch/wcscat.c
fn=wcscat
31 3
fl=/usr/src/debug/glibc-2.41-5.fc42.x86_64/wcsmbs/../sysdeps/x86_64/multiarch/wcschr.c
fn=wcschr
31 2
fl=/usr/src/debug/glibc-2.41-5.fc42.x86_64/wcsmbs/../sysdeps/x86_64/multiarch/wcscmp.c
fn=wcscmp
30 1
fl=/usr/src/debug/glibc-2.41-5.fc42.x86_64/wcsmbs/../sysdeps/x86_64/multiarch/wcscpy.c
fn=wcscpy
42 2
43 4
44 3
47 3
50 3
60 2
fl=/usr/src/debug/glibc-2.41-5.fc42.x86_64/wcsmbs/../sysdeps/x86_64/multiarch/wcslen.c
fn=wcslen
29 2
fl=/usr/src/debug/glibc-2.41-5.fc42.x86_64/wcsmbs/../sysdeps/x86_64/multiarch/wcsncpy.c
fn=wcsncpy
31 3
fl=/usr/src/debug/glibc-2.41-5.fc42.x86_64/wcsmbs/../sysdeps/x86_64/multiarch/wcsnlen.c
fn=wcsnlen
30 2
fl=/usr/src/debug/glibc-2.41-5.fc42.x86_64/wcsmbs/../sysdeps/x86_64/multiarch/wmemchr.c
fn=wmemchr
31 4
fl=/usr/src/debug/glibc-2.41-5.fc42.x86_64/wcsmbs/../sysdeps/x86_64/multiarch/wmemcmp.c
fn=wmemcmp
29 3
fl=/usr/src/debug/glibc-2.41-5.fc42.x86_64/wcsmbs/../sysdeps/x86_64/multiarch/wmemset.c
fn=wmemset
31 4
fl=???
fn=(below main)
0 12
fn=???
0 2812953
summary: 220787294
