cmd: /home/acm/Documents/heig/HPC/lab/dtmf/code/bin/dtmf_encdec-enc encode input.txt output.wav
events: Ir
fl=/home/acm/Documents/heig/HPC/lab/dtmf/code/src/args.c
fn=parse_arguments
53 2
54 1
55 1
56 1
59 6
60 2
fn=parse_opt
26 35
27 7
29 25
31 9
32 1
33 4
34 1
35 2
36 1
41 7
42 4
48 6
49 28
fl=/home/acm/Documents/heig/HPC/lab/dtmf/code/src/lib/dtmf_common.c
fn=_dtmf_allocate_buffer
170 5
174 3
176 2
182 1
183 4
fn=_dtmf_gen_tone
95 96
100 317568
101 635040
103 846720
104 423360
108 48
fn=_dtmf_init
157 1
158 2
162 1
163 1
165 1
168 2
fn=_dtmf_init_table
124 5
125 2
129 145
132 47
133 329
134 47
138 1197
140 496
141 124
144 1068
145 308
146 154
150 141
153 1
155 6
fn=_dtmf_init_tones_map
110 1
111 2
116 40
117 84
120 1
122 2
fl=/home/acm/Documents/heig/HPC/lab/dtmf/code/src/lib/dtmf_encode.c
fn=calc_duration
83 6
90 1
92 1444
94 1800
97 1800
99 720
100 1040
103 720
104 718
108 2
112 1
115 1
116 5
fn=dtmf_encode
148 8
156 1
158 5
163 1
164 6
170 6
175 3
177 7
182 6
188 3
190 2
194 1
198 1
199 7
fn=encode_message
119 6
124 1
125 1444
128 1800
133 1800
134 1080
135 360
138 720
139 1436
141 718
145 2
146 5
fn=input_normalize
61 5
66 5
67 3
71 2
73 1445
74 2160
79 1
80 4
fn=input_validate
47 4
51 1444
52 2880
57 1
58 4
fn=map_char
29 2880
34 40980
35 53680
36 2880
38 1440
44 1440
fl=/home/acm/Documents/heig/HPC/lab/dtmf/code/src/lib/dtmf_utils.c
fn=utils_read_text_file
16 4
20 2
21 3
26 4
27 3
28 2
30 5
31 2
37 6
43 4
48 2
49 4
fn=utils_write_wav_file
100 10
106 2
107 1
108 1
109 1
110 1
112 3
113 3
118 4
119 2
125 2
126 2
130 2
131 7
fl=/home/acm/Documents/heig/HPC/lab/dtmf/code/src/main.c
fn=main
20 4
24 2
26 6
27 1
28 5
33 1
34 1
35 6
40 6
47 2
48 3
83 5
fl=/usr/include/bits/fcntl2.h
fn=psf_open_fd.lto_priv.0
61 3
fl=/usr/include/bits/stdio2.h
fn=psf_copy_filename
68 17
fl=/usr/include/bits/string_fortified.h
fn=float32_le_write
59 3
fn=psf_open_file
29 9
fl=/usr/src/debug/glibc-2.41-5.fc42.x86_64/argp/../argp/argp.h
fn=calc_sizes
546 45
fn=convert_options
534 10
539 25
546 45
fl=/usr/src/debug/glibc-2.41-5.fc42.x86_64/argp/../string/bits/string_fortified.h
fn=argp_parse
59 35
fl=/usr/src/debug/glibc-2.41-5.fc42.x86_64/argp/argp-parse.c
fn=argp_default_parser
97 30
98 35
144 10
fn=argp_parse
235 42
238 34
239 34
241 32
242 83
243 34
244 4
404 2
405 2
406 2
407 1
409 2
411 3
413 1
415 2
417 1
419 2
420 8
475 5
476 1
477 1
478 1
481 3
489 19
490 2
493 1
494 5
495 6
496 3
497 8
499 1
503 2
504 1
505 1
506 1
507 5
510 2
512 1
516 3
517 2
519 15
520 3
522 9
526 9
538 4
541 3
547 2
550 2
552 5
555 4
556 5
559 1
577 2
581 1
582 20
583 3
584 9
586 1
587 20
588 3
591 2
595 3
617 4
636 1
637 21
638 3
640 2
641 1
645 13
648 2
651 2
666 3
672 3
673 9
674 3
676 6
680 6
689 6
697 15
701 6
779 19
786 12
790 1
792 1
793 2
794 1
795 2
798 6
802 2
804 2
808 1
809 2
833 9
834 6
844 12
868 20
879 2
887 2
891 2
892 3
893 4
894 3
895 4
896 3
898 1
912 1
913 12
fn=argp_version_parser
158 5
159 15
176 5
fn=calc_sizes
440 16
441 4
442 4
444 10
446 3
449 6
450 5
451 5
452 30
457 8
458 13
460 9
461 3
463 16
fn=convert_options
187 24
188 57
189 40
192 10
301 44
303 4
304 4
306 29
311 15
313 15
315 10
317 15
323 8
324 4
330 6
333 15
334 10
337 10
338 5
340 4
342 2
343 10
344 5
352 5
353 60
356 25
361 24
362 3
363 6
364 3
365 3
366 3
367 6
368 3
371 6
382 3
387 3
390 18
391 3
392 18
396 36
fl=/usr/src/debug/glibc-2.41-5.fc42.x86_64/csu/../csu/libc-start.c
fn=__libc_start_main@@GLIBC_2.34
128 2
134 3
135 7
138 1
139 2
142 3
143 7
144 6
145 4
242 13
311 2
312 4
337 6
340 2
343 2
350 2
352 2
360 4
fl=/usr/src/debug/glibc-2.41-5.fc42.x86_64/csu/../sysdeps/nptl/libc_start_call_main.h
fn=(below main)
29 6
44 5
46 2
51 2
52 2
55 2
58 5
74 2
fl=/usr/src/debug/glibc-2.41-5.fc42.x86_64/csu/init-first.c
fn=_init_first
46 5
51 2
55 5
61 1
62 1
63 2
71 2
72 1
fl=/usr/src/debug/glibc-2.41-5.fc42.x86_64/ctype/../include/ctype.h
fn=__ctype_b_loc
40 362
41 724
42 362
fn=__ctype_toupper_loc
46 360
47 720
48 360
fl=/usr/src/debug/glibc-2.41-5.fc42.x86_64/ctype/ctype-info.c
fn=__ctype_init
29 1
31 7
33 4
35 4
36 1
fl=/usr/src/debug/glibc-2.41-5.fc42.x86_64/debug/../sysdeps/x86_64/multiarch/ifunc-memmove.h
fn=__memcpy_chk
56 21
57 14
60 21
61 14
74 14
77 14
85 14
93 14
96 35
fn=__memmove_chk
56 3
57 2
60 3
61 2
74 2
77 2
85 2
93 2
96 5
fn=__mempcpy_chk
56 3
57 2
60 3
61 2
74 2
77 2
85 2
93 2
96 5
fl=/usr/src/debug/glibc-2.41-5.fc42.x86_64/debug/../sysdeps/x86_64/multiarch/ifunc-memset.h
fn=__memset_chk
52 5
53 10
61 25
64 15
65 10
80 10
84 20
92 10
100 10
fl=/usr/src/debug/glibc-2.41-5.fc42.x86_64/debug/../sysdeps/x86_64/multiarch/memcpy_chk.c
fn=__memcpy_chk
29 7
fl=/usr/src/debug/glibc-2.41-5.fc42.x86_64/debug/../sysdeps/x86_64/multiarch/memmove_chk.c
fn=__memmove_chk
29 1
fl=/usr/src/debug/glibc-2.41-5.fc42.x86_64/debug/../sysdeps/x86_64/multiarch/mempcpy_chk.c
fn=__mempcpy_chk
29 1
fl=/usr/src/debug/glibc-2.41-5.fc42.x86_64/debug/../sysdeps/x86_64/multiarch/memset_chk.c
fn=__memset_chk
29 10
fl=/usr/src/debug/glibc-2.41-5.fc42.x86_64/elf/../bits/stdlib-bsearch.h
fn=intel_check_word.constprop.0
26 648
28 972
43 60
44 60
46 120
fl=/usr/src/debug/glibc-2.41-5.fc42.x86_64/elf/../elf/dl-tls.c
fn=_dl_add_to_slotinfo
1156 5
1157 5
1165 1
1168 1
1169 1
1173 3
1209 2
1212 2
1213 3
1215 1
1218 1
1219 2
fn=_dl_allocate_tls_init
595 11
596 2
600 2
602 1
606 2
609 4
626 16
632 4
635 3
636 2
642 3
643 2
645 9
648 2
649 2
652 2
653 4
655 2
656 2
665 1
675 2
677 11
680 3
681 1
685 1
691 2
694 2
697 9
fn=_dl_allocate_tls_storage
91 1
97 1
509 6
515 2
517 2
527 1
529 2
530 2
535 5
fn=_dl_assign_tls_modid
153 3
156 3
209 1
211 1
214 1
215 2
fn=_dl_count_modids
220 1
222 2
223 1
238 2
fn=_dl_determine_tlsoffset
243 8
244 2
245 1
246 1
278 1
280 31
281 14
283 42
286 3
287 2
289 2
291 4
307 8
310 1
312 5
315 1
319 1
336 3
342 9
353 3
355 1
356 7
358 2
447 1
448 7
fn=_dl_tls_initial_modid_limit_setup
1117 1
1118 1
1121 7
1123 6
1124 4
1127 2
1130 1
1131 1
fn=_dl_tls_static_surplus_init
111 3
125 8
128 5
129 5
130 3
132 4
135 1
137 1
139 3
140 6
fn=allocate_dtv
452 5
457 1
461 2
462 1
463 2
472 3
478 4
fl=/usr/src/debug/glibc-2.41-5.fc42.x86_64/elf/../include/list.h
fn=__tls_init_tp
43 2
44 2
45 1
47 1
fl=/usr/src/debug/glibc-2.41-5.fc42.x86_64/elf/../include/rtld-malloc.h
fn=__minimal_calloc
56 28
fn=_dl_allocate_tls_storage
56 1
fn=_dl_check_map_versions
44 39
fn=_dl_find_object_init
56 1
fn=_dl_important_hwcaps
56 4
fn=_dl_init_paths
56 3
fn=_dl_map_object_deps
56 26
fn=_dl_new_object
44 39
56 36
fn=allocate_dtv
44 2
fn=init_tls
44 3
fl=/usr/src/debug/glibc-2.41-5.fc42.x86_64/elf/../include/scratch_buffer.h
fn=_dl_map_object_deps
77 3
78 1
85 3
131 36
fl=/usr/src/debug/glibc-2.41-5.fc42.x86_64/elf/../misc/sbrk.c
fn=sbrk
37 5
40 1
58 2
62 2
78 3
fl=/usr/src/debug/glibc-2.41-5.fc42.x86_64/elf/../nptl/nptl-stack.h
fn=__libc_early_init
61 7
fl=/usr/src/debug/glibc-2.41-5.fc42.x86_64/elf/../sysdeps/generic/_itoa.h
fn=_dl_check_map_versions
76 63
fl=/usr/src/debug/glibc-2.41-5.fc42.x86_64/elf/../sysdeps/generic/dl-cache.h
fn=_dl_load_cache_lookup
194 1
195 5
fn=search_cache
125 11
fl=/usr/src/debug/glibc-2.41-5.fc42.x86_64/elf/../sysdeps/generic/dl-call_tls_init_tp.h
fn=init_tls
31 8
33 1
fl=/usr/src/debug/glibc-2.41-5.fc42.x86_64/elf/../sysdeps/generic/dl-debug.h
fn=dl_main
29 4
30 2
fl=/usr/src/debug/glibc-2.41-5.fc42.x86_64/elf/../sysdeps/generic/dl-hash.h
fn=__rtld_malloc_init_real
43 5
44 2
45 19
48 18
62 24
67 1
72 1
fl=/usr/src/debug/glibc-2.41-5.fc42.x86_64/elf/../sysdeps/generic/dl-new-hash.h
fn=_dl_lookup_symbol_x
69 998
70 1996
74 9225
77 18450
80 8679
81 17358
87 452
88 452
89 904
90 452
99 8227
101 8227
102 16454
104 8227
105 8227
fl=/usr/src/debug/glibc-2.41-5.fc42.x86_64/elf/../sysdeps/generic/dl-protected.h
fn=do_lookup_x
29 5918
fl=/usr/src/debug/glibc-2.41-5.fc42.x86_64/elf/../sysdeps/generic/ldsodefs.h
fn=_dl_new_object
1334 48
fn=_dl_relocate_object_no_relro
79 106
140 2961
fn=_dl_start
79 6
fn=check_match
79 3
fn=dl_main
79 2
fn=do_lookup_x
139 1926
140 2889
fl=/usr/src/debug/glibc-2.41-5.fc42.x86_64/elf/../sysdeps/nptl/dl-mutex.c
fn=__rtld_mutex_init
30 5
37 1
40 6
44 2
45 10
47 7
51 2
52 7
53 4
fl=/usr/src/debug/glibc-2.41-5.fc42.x86_64/elf/../sysdeps/nptl/dl-tls_init_tp.c
fn=__tls_init_tp
69 4
70 1
73 1
76 4
77 2
78 1
83 2
88 4
91 1
94 3
110 4
112 1
118 2
119 2
fn=__tls_pre_init_tp
54 4
57 9
62 2
63 1
65 1
fn=rtld_mutex_dummy
43 28
45 56
fl=/usr/src/debug/glibc-2.41-5.fc42.x86_64/elf/../sysdeps/nptl/pthread_early_init.h
fn=__libc_early_init
33 6
34 1
38 5
45 2
46 1
48 2
52 5
53 1
54 1
56 1
fl=/usr/src/debug/glibc-2.41-5.fc42.x86_64/elf/../sysdeps/posix/dl-fileid.h
fn=_dl_map_object_from_fd
37 60
40 24
49 312
fl=/usr/src/debug/glibc-2.41-5.fc42.x86_64/elf/../sysdeps/unix/sysv/linux/brk.c
fn=brk
36 1
37 1
38 2
44 1
45 1
fl=/usr/src/debug/glibc-2.41-5.fc42.x86_64/elf/../sysdeps/unix/sysv/linux/brk_call.h
fn=brk
24 2
fl=/usr/src/debug/glibc-2.41-5.fc42.x86_64/elf/../sysdeps/unix/sysv/linux/dl-extra_tls.h
fn=_dl_determine_tlsoffset
32 4
33 3
37 10
44 1
51 4
52 3
54 1
fl=/usr/src/debug/glibc-2.41-5.fc42.x86_64/elf/../sysdeps/unix/sysv/linux/dl-osinfo.h
fn=dl_main
39 2
52 1
fl=/usr/src/debug/glibc-2.41-5.fc42.x86_64/elf/../sysdeps/unix/sysv/linux/dl-parse_auxv.h
fn=_dl_sysdep_parse_arguments
33 2
34 1
35 1
42 92
43 44
44 44
46 1
47 2
48 2
49 2
50 2
51 2
52 2
53 2
54 3
55 4
57 4
65 5
67 6
fl=/usr/src/debug/glibc-2.41-5.fc42.x86_64/elf/../sysdeps/unix/sysv/linux/dl-sysdep.c
fn=_dl_sysdep_parse_arguments
79 8
80 2
81 2
82 3
83 97
84 197
87 2
91 56
94 2
95 4
96 2
97 8
fn=_dl_sysdep_start
103 6
104 1
107 2
111 2
114 1
116 2
123 3
124 2
126 5
138 3
141 5
144 4
fn=_dl_sysdep_start_cleanup
148 1
149 1
fl=/usr/src/debug/glibc-2.41-5.fc42.x86_64/elf/../sysdeps/unix/sysv/linux/dl-vdso-setup.h
fn=dl_main
30 1
33 1
36 1
39 1
45 1
54 1
fl=/usr/src/debug/glibc-2.41-5.fc42.x86_64/elf/../sysdeps/unix/sysv/linux/dl-vdso.h
fn=dl_main
40 2
41 4
55 2
fl=/usr/src/debug/glibc-2.41-5.fc42.x86_64/elf/../sysdeps/unix/sysv/linux/rseq-internal.h
fn=__tls_init_tp
93 4
100 3
108 4
112 5
116 2
118 5
119 2
124 1
fl=/usr/src/debug/glibc-2.41-5.fc42.x86_64/elf/../sysdeps/unix/sysv/linux/x86/dl-hwcap2.h
fn=update_active.constprop.0
25 2
fl=/usr/src/debug/glibc-2.41-5.fc42.x86_64/elf/../sysdeps/unix/sysv/linux/x86/dl-minsigstacksize.h
fn=get_common_indices.constprop.0
24 2
27 2
28 2
65 3
74 2
fl=/usr/src/debug/glibc-2.41-5.fc42.x86_64/elf/../sysdeps/x86/cpu-features.c
fn=get_common_indices.constprop.0
431 3
435 4
438 5
442 1
443 4
444 4
445 4
446 3
447 2
454 2
456 7
461 7
468 2
469 7
475 2
490 3
fn=init_cpu_features.constprop.0
409 3
410 2
411 6
416 2
417 6
422 2
423 6
563 4
724 8
727 1
728 1
729 1
736 1
738 1
747 3
750 6
751 1
754 1
756 6
761 1
765 1
766 3
769 3
771 4
777 5
784 1
805 1
807 2
814 2
817 2
886 2
893 2
897 1
911 1
912 2
951 2
958 2
960 2
964 2
970 2
1118 3
1119 2
1122 2
1123 2
1126 4
1133 1
1134 1
1135 1
1136 1
1140 4
1143 4
1152 3
1156 1
1165 2
1166 3
1206 1
1207 2
1211 3
1228 3
1229 4
1232 2
1235 1
1238 2
1252 4
1254 4
1258 2
1261 4
1264 1
1267 1
1299 4
1306 8
fn=update_active.constprop.0
90 8
94 1
102 3
103 3
104 2
112 3
113 1
121 3
122 1
127 5
130 4
131 1
134 5
135 2
139 5
140 3
141 3
142 1
146 4
147 5
148 3
151 6
163 1
165 2
169 5
170 3
172 3
176 2
178 1
182 2
184 2
188 1
189 1
196 4
198 4
204 4
206 4
208 4
213 4
262 2
263 3
279 4
295 2
299 1
300 1
303 4
307 2
311 3
312 2
316 1
317 1
320 2
322 1
323 1
326 2
389 2
393 3
402 1
403 8
fl=/usr/src/debug/glibc-2.41-5.fc42.x86_64/elf/../sysdeps/x86/dl-cacheinfo.h
fn=get_common_cache_info.constprop.0
613 11
628 1
631 1
632 1
638 1
640 10
643 2
655 1
660 4
664 2
669 1
672 19
678 8
679 8
682 26
687 2
691 3
692 1
696 2
700 3
703 4
704 1
709 4
715 4
723 8
725 3
727 8
729 7
732 2
733 8
735 4
738 2
743 1
745 9
746 3
747 1
750 2
753 2
757 2
760 1
762 4
763 2
768 2
773 2
774 1
775 3
776 2
777 2
801 3
812 4
813 5
817 2
824 1
825 1
826 1
827 7
fn=handle_intel.constprop.0
250 108
255 24
261 12
267 48
271 24
276 24
279 36
281 24
284 60
286 24
305 96
fn=init_cpu_features.constprop.0
850 2
852 4
853 4
854 1
857 3
859 3
860 2
862 3
864 3
866 3
868 3
870 3
871 1
873 3
875 3
877 3
879 6
953 2
954 2
955 2
956 2
957 2
958 1
959 1
960 1
961 1
962 2
963 1
964 1
969 3
983 3
984 7
989 2
990 7
991 2
999 6
1000 2
1020 6
1029 2
1030 2
1035 3
1038 1
1039 2
1049 3
1055 2
1062 5
1064 2
1067 5
1069 1
1075 4
1079 5
1080 3
1084 5
1085 3
1089 5
1090 1
1096 6
1098 3
1122 12
1128 2
1131 10
1133 9
1134 10
1135 13
1138 12
1146 1
1147 7
1148 2
1149 2
1150 2
1151 2
1152 1
fn=intel_check_word.constprop.0
110 648
113 588
119 168
123 48
125 12
129 168
131 96
133 60
135 120
143 120
152 24
155 99
158 99
162 64
164 192
165 24
167 104
168 96
169 84
170 72
172 11
174 22
176 12
177 16
178 12
179 20
180 14
181 9
183 8
184 12
187 21
190 2
194 192
202 144
209 24
216 168
246 144
fl=/usr/src/debug/glibc-2.41-5.fc42.x86_64/elf/../sysdeps/x86/dl-get-cpu-features.c
fn=__x86_cpu_features
39 3
76 3
fn=_dl_x86_init_cpu_features
37 1
39 3
41 1
fl=/usr/src/debug/glibc-2.41-5.fc42.x86_64/elf/../sysdeps/x86/dl-prop.h
fn=_dl_map_object_from_fd
149 70
fn=_dl_process_pt_gnu_property
95 96
97 20
102 28
115 28
118 14
252 6
253 3
254 22
255 11
257 56
258 30
259 4
260 14
fn=dl_main
36 2
37 32
40 14
49 82
53 70
71 3
149 6
fl=/usr/src/debug/glibc-2.41-5.fc42.x86_64/elf/../sysdeps/x86/get-isa-level.h
fn=_dl_hwcaps_subdirs_active
31 4
32 3
39 5
40 4
48 3
51 4
54 2
fn=update_active.constprop.0
28 1
30 1
31 3
32 3
39 5
40 3
47 1
48 3
51 4
54 2
63 5
fl=/usr/src/debug/glibc-2.41-5.fc42.x86_64/elf/../sysdeps/x86_64/dl-cet.c
fn=_dl_cet_check
361 1
362 1
fn=_dl_cet_setup_features
331 1
334 2
350 1
fn=dl_cet_check
269 4
275 2
276 1
277 2
282 4
283 3
285 1
288 2
293 2
318 2
fl=/usr/src/debug/glibc-2.41-5.fc42.x86_64/elf/../sysdeps/x86_64/dl-hwcaps-subdirs.c
fn=_dl_hwcaps_subdirs_active
29 1
38 2
43 1
51 5
52 2
fl=/usr/src/debug/glibc-2.41-5.fc42.x86_64/elf/../sysdeps/x86_64/dl-irel.h
fn=_dl_fixup
32 6
fl=/usr/src/debug/glibc-2.41-5.fc42.x86_64/elf/../sysdeps/x86_64/dl-machine.h
fn=_dl_fixup
223 23
fn=_dl_relocate_object_no_relro
78 12
84 8
88 6
94 2
103 4
126 4
262 2004
269 2004
273 2004
282 9311
285 952
286 4164
287 164
290 164
291 246
302 164
309 328
312 6012
315 805
318 805
395 51
397 68
401 51
410 34
418 1997
431 78
455 3
459 4
460 4
461 5
462 2
465 15
471 148
472 148
473 74
474 74
509 74
513 74
516 111
517 37
725 84
729 24
fn=_dl_start
55 1
273 3
282 10
286 4
309 1
312 4
fn=_dl_sysdep_start
209 1
fl=/usr/src/debug/glibc-2.41-5.fc42.x86_64/elf/../sysdeps/x86_64/dl-runtime.h
fn=_dl_fixup
28 23
fl=/usr/src/debug/glibc-2.41-5.fc42.x86_64/elf/../sysdeps/x86_64/dl-trampoline.h
fn=_dl_runtime_resolve_xsave
39 23
44 23
47 23
49 23
59 23
65 23
66 23
67 23
68 23
69 23
70 23
71 23
75 23
76 23
79 23
80 23
82 23
83 23
84 23
85 23
86 23
87 23
89 23
96 23
97 23
98 23
99 23
104 23
105 23
106 23
108 23
109 23
110 23
111 23
112 23
113 23
114 23
116 23
118 23
122 23
124 23
fl=/usr/src/debug/glibc-2.41-5.fc42.x86_64/elf/./dl-find_object.h
fn=_dl_find_object_from_map
95 28
96 28
97 14
103 56
104 373
105 258
107 42
112 14
fl=/usr/src/debug/glibc-2.41-5.fc42.x86_64/elf/./dl-hwcaps.h
fn=_dl_important_hwcaps
43 11
45 4
46 1
77 5
78 5
79 3
fn=copy_hwcaps
43 2
45 2
77 2
78 2
79 6
fl=/usr/src/debug/glibc-2.41-5.fc42.x86_64/elf/./dl-load.h
fn=_dl_map_object_from_fd
91 72
92 55
93 66
94 33
96 44
fl=/usr/src/debug/glibc-2.41-5.fc42.x86_64/elf/./dl-main.h
fn=dl_main
109 5
fl=/usr/src/debug/glibc-2.41-5.fc42.x86_64/elf/./dl-map-segments.h
fn=_dl_map_object_from_fd
28 36
29 108
81 12
101 12
102 24
105 36
106 24
108 24
125 12
135 144
137 96
139 192
140 24
149 144
155 24
156 12
157 36
158 24
160 36
165 24
168 33
176 77
182 24
186 48
189 12
194 36
fl=/usr/src/debug/glibc-2.41-5.fc42.x86_64/elf/./dl-sym-post.h
fn=lookup_malloc_symbol
41 8
53 12
fl=/usr/src/debug/glibc-2.41-5.fc42.x86_64/elf/./dl-tls_block_align.h
fn=_dl_allocate_tls_storage
23 1
41 2
47 5
48 1
52 305
fl=/usr/src/debug/glibc-2.41-5.fc42.x86_64/elf/./get-dynamic-info.h
fn=_dl_start
45 76
49 36
51 10
52 5
54 20
55 16
56 5
59 4
62 4
64 4
68 20
72 3
84 4
85 3
86 4
87 4
88 5
89 3
90 4
91 4
103 10
110 3
123 3
129 3
130 3
133 2
134 3
139 5
142 5
fn=dl_main
39 4
43 1
45 103
49 50
51 8
52 4
54 16
55 12
56 5
59 4
62 4
64 4
68 25
72 4
110 4
115 2
122 3
123 4
129 3
147 4
162 4
184 3
fl=/usr/src/debug/glibc-2.41-5.fc42.x86_64/elf/./setup-vdso.h
fn=dl_main
24 2
fl=/usr/src/debug/glibc-2.41-5.fc42.x86_64/elf/dl-audit.c
fn=_dl_audit_activity_map
29 1
31 3
37 1
fn=_dl_audit_activity_nsid
41 3
45 12
47 9
51 3
fn=_dl_audit_objclose
97 14
98 56
fn=_dl_audit_objopen
77 12
78 48
fn=_dl_audit_preinit
118 1
119 4
fl=/usr/src/debug/glibc-2.41-5.fc42.x86_64/elf/dl-cache.c
fn=_dl_cache_libcmp
341 121
342 2196
344 2148
346 1476
352 40
353 60
354 112
355 18
356 116
357 18
358 40
362 4
364 1388
365 2
366 1384
367 202
370 591
371 591
374 48
375 2
fn=_dl_load_cache_lookup
387 66
389 22
392 33
395 6
403 6
404 8
407 6
408 1
415 1
416 2
461 30
466 33
469 66
484 22
488 22
496 33
497 165
498 44
499 11
500 33
fn=_dl_unload_cache
509 3
510 4
512 2
513 1
517 1
519 2
fn=search_cache
187 210
199 143
200 11
207 210
209 624
210 254
214 210
215 22
218 315
219 210
227 87
229 16
232 32
234 96
236 49
246 22
256 33
257 44
264 22
273 154
282 22
287 22
314 11
330 94
331 46
333 48
337 99
fl=/usr/src/debug/glibc-2.41-5.fc42.x86_64/elf/dl-call-libc-early-init.c
fn=_dl_call_libc_early_init
27 6
29 2
33 7
37 3
39 4
40 2
41 2
fl=/usr/src/debug/glibc-2.41-5.fc42.x86_64/elf/dl-call_fini.c
fn=_dl_call_fini
24 112
28 28
32 14
34 14
35 28
38 60
39 24
42 60
43 12
47 14
48 28
49 36
50 72
fl=/usr/src/debug/glibc-2.41-5.fc42.x86_64/elf/dl-catch.c
fn=_dl_catch_error
258 10
260 5
261 2
262 2
263 2
265 7
fn=_dl_catch_exception
58 102
59 68
69 68
70 170
208 272
211 68
218 34
232 170
239 204
241 102
243 136
252 102
fn=_dl_receive_error
58 2
59 1
69 2
70 2
190 5
192 1
196 1
198 2
201 1
202 4
fl=/usr/src/debug/glibc-2.41-5.fc42.x86_64/elf/dl-debug.c
fn=_dl_debug_initialize
56 1
57 1
59 2
61 2
63 3
64 1
85 3
90 3
91 2
92 1
95 3
96 6
99 2
107 2
fn=_dl_debug_state
116 2
117 2
fn=_dl_debug_update
38 13
40 26
41 13
44 26
48 13
fl=/usr/src/debug/glibc-2.41-5.fc42.x86_64/elf/dl-deps.c
fn=_dl_map_object_deps
128 2
129 5
130 6
132 3
136 8
143 14
144 20
160 9
161 1
164 2
182 1
183 5
184 1
186 1
188 29
190 62
193 14
197 42
198 95
201 36
205 24
208 36
210 48
215 12
216 12
217 24
218 24
219 12
221 1544
222 724
228 333
230 33
232 135
233 66
242 33
244 66
249 84
252 12
253 12
254 12
255 24
256 12
257 12
259 48
263 99
264 90
266 987
417 28
419 48
422 36
423 36
429 12
430 36
431 72
434 12
435 12
439 42
441 14
442 67
448 5
449 1
452 4
463 5
465 4
470 4
471 2
472 1
474 57
478 42
484 28
485 28
490 14
495 3
532 2
533 2
536 1
547 8
548 1
552 9
553 5
557 1
559 2
560 1
561 3
568 3
571 2
574 8
fn=openaux
61 198
64 363
65 33
68 33
69 99
fl=/usr/src/debug/glibc-2.41-5.fc42.x86_64/elf/dl-environ.c
fn=_dl_next_ld_env_entry
28 2
29 2
32 295
34 194
35 22
37 1
40 2
42 1
45 96
fl=/usr/src/debug/glibc-2.41-5.fc42.x86_64/elf/dl-execstack-tunable.c
fn=_dl_handle_execstack_tunable
24 4
25 9
39 2
fl=/usr/src/debug/glibc-2.41-5.fc42.x86_64/elf/dl-find_object.c
fn=_dl_find_object_init
562 6
565 1
567 2
568 3
580 2
581 3
583 2
586 3
591 1
592 1
595 4
597 1
600 6
602 1
605 5
fn=_dlfo_process_initial
475 10
476 2
478 2
479 4
505 26
506 62
507 28
509 108
512 104
514 78
516 39
517 26
518 52
530 2
532 12
fn=_dlfo_sort_mappings
537 3
538 2
541 40
545 24
546 318
547 312
549 156
554 72
555 48
556 24
558 1
fl=/usr/src/debug/glibc-2.41-5.fc42.x86_64/elf/dl-fini.c
fn=_dl_fini
26 11
43 1
46 13
49 2
51 1
54 2
56 5
61 1
63 4
68 17
72 1
74 46
76 28
78 28
80 28
81 14
82 14
86 14
93 6
94 6
100 7
109 2
114 49
116 14
118 28
120 70
123 84
128 14
131 2
135 5
141 6
143 1
147 2
154 8
fl=/usr/src/debug/glibc-2.41-5.fc42.x86_64/elf/dl-hwcaps.c
fn=_dl_important_hwcaps
52 16
54 2
55 4
57 4
100 5
102 3
105 1
112 5
125 15
127 10
128 4
129 4
130 2
133 4
142 11
143 11
145 10
151 4
155 5
156 2
157 3
161 1
162 2
163 3
172 15
174 2
175 2
185 4
186 2
189 4
193 2
194 2
202 4
203 7
204 6
208 2
209 1
216 9
fn=copy_hwcaps
74 16
77 16
79 2
80 16
84 2
85 2
86 6
87 4
88 4
90 14
fl=/usr/src/debug/glibc-2.41-5.fc42.x86_64/elf/dl-hwcaps_split.c
fn=_dl_hwcaps_contains
66 6
67 12
68 6
77 6
fn=_dl_hwcaps_split
25 75
26 45
27 6
30 24
34 84
35 12
36 24
41 27
42 18
43 15
45 27
46 9
47 33
fn=_dl_hwcaps_split_masked
51 66
54 56
56 9
57 27
58 54
62 33
fl=/usr/src/debug/glibc-2.41-5.fc42.x86_64/elf/dl-init.c
fn=_dl_init
81 13
82 1
83 1
86 3
88 1
89 3
94 2
105 1
119 1
120 47
121 84
127 8
fn=call_init
27 180
29 30
35 75
37 30
43 42
46 42
47 2
51 26
59 39
60 66
63 13
64 26
70 36
72 74
73 66
74 56
76 120
fl=/usr/src/debug/glibc-2.41-5.fc42.x86_64/elf/dl-load.c
fn=_dl_dst_count
228 170
231 68
234 68
235 34
254 170
fn=_dl_init_paths
680 13
694 4
699 1
701 2
708 5
709 1
713 4
715 4
721 1
722 1
730 4
732 6
735 4
736 2
737 2
740 4
741 6
742 12
744 23
748 6
750 1
751 2
756 2
759 3
761 4
763 3
780 1
782 3
796 2
799 2
830 1
831 8
fn=_dl_map_object
1895 408
1897 12
1903 68
1904 136
1907 1063
1912 1603
1914 1145
1918 414
1919 621
1922 710
1923 426
1924 710
1938 48
1945 12
1950 36
1964 84
1968 44
1970 33
1977 44
1981 11
1986 68
1987 133
1989 121
1996 55
2001 22
2002 77
2003 132
2012 22
2027 22
2034 22
2035 99
2043 22
2045 33
2049 44
2051 33
2055 22
2063 22
2086 121
2090 33
2091 11
2108 22
2114 2
2115 4
2116 2
2117 3
2121 11
2124 3
2136 36
2181 24
2182 237
2184 342
fn=_dl_map_object_from_fd
949 168
964 48
994 390
995 180
1013 24
1043 48
1053 24
1060 96
1061 24
1072 36
1073 72
1074 24
1076 12
1077 48
1078 22
1081 16
1082 6
1093 12
1095 12
1097 240
1098 12
1099 12
1100 12
1101 12
1107 474
1108 1163
1114 24
1121 25
1122 36
1123 120
1128 2
1129 1
1134 240
1142 108
1143 168
1144 216
1145 36
1146 72
1148 252
1150 72
1163 144
1169 36
1170 360
1183 3
1187 1
1188 2
1192 5
1193 2
1196 1
1201 4
1216 24
1217 12
1220 36
1225 36
1235 156
1236 72
1242 24
1252 48
1259 84
1275 48
1276 36
1282 24
1283 24
1285 60
1295 36
1314 24
1316 60
1336 36
1337 2
1343 352
1344 600
1350 182
1355 48
1368 24
1370 48
1372 24
1388 24
1392 24
1393 24
1410 24
1411 1
1414 24
1419 24
1424 24
1436 96
1437 12
1438 27
1439 9
1440 5
1446 24
1447 4
1452 2
1459 36
1462 24
1465 48
1467 12
1468 108
fn=_dl_notify_new_object
908 108
910 36
911 36
929 24
933 84
934 36
936 60
fn=_dl_process_pt_gnu_property
842 13
843 39
844 13
850 26
856 65
859 39
860 26
861 26
864 39
865 39
869 13
870 26
874 48
875 24
878 48
881 24
882 72
888 20
892 33
894 44
904 10
fn=cache_rpath
655 82
656 123
657 41
659 4
660 2
662 8
665 2
673 82
fn=expand_dynamic_string_token
375 8
385 2
388 2
389 2
400 5
fn=open_verify.constprop.0
1521 144
1553 36
1572 60
1574 24
1582 12
1583 24
1588 48
1589 24
1590 24
1592 36
1594 24
1600 24
1615 162
1677 24
1682 24
1688 48
1694 24
1700 24
1701 48
1705 15
1706 5
1727 108
fl=/usr/src/debug/glibc-2.41-5.fc42.x86_64/elf/dl-lookup-direct.c
fn=_dl_lookup_direct
74 39
75 3
76 6
78 18
79 6
81 12
84 25
86 9
87 18
90 6
93 6
115 3
116 27
fn=check_match
31 30
32 12
33 9
35 6
36 6
40 9
48 9
51 9
53 15
57 6
58 15
59 9
64 27
fl=/usr/src/debug/glibc-2.41-5.fc42.x86_64/elf/dl-lookup.c
fn=_dl_lookup_symbol_x
759 14970
761 1996
763 8982
765 998
769 2786
771 1601
772 1996
774 105
778 7161
779 22954
784 1996
786 245
803 1996
804 105
807 963
808 6729
843 8667
857 2889
858 2
860 1926
879 8982
fn=check_match
70 7816
73 7816
78 14
86 5862
89 6706
93 1954
94 1954
98 818
102 818
103 3681
104 4334
106 60
131 1136
133 3408
134 2272
149 5862
fn=do_lookup_x
334 15968
335 998
341 998
345 24324
348 16216
352 16226
373 16214
377 16214
383 24321
387 8107
388 8107
391 40535
392 24321
395 8107
396 16214
398 8107
399 16214
400 8107
403 32428
406 56749
409 2430
410 3645
411 2430
413 2306
416 10885
418 2931
419 26185
420 1954
423 9672
426 3642
435 1140
457 380
463 1926
470 7320
474 288
486 1926
487 963
488 963
505 21435
508 35
509 7984
fl=/usr/src/debug/glibc-2.41-5.fc42.x86_64/elf/dl-minimal-malloc.c
fn=__minimal_calloc
80 140
84 28
87 28
88 84
fn=__minimal_malloc
36 95
37 213
42 3
43 2
44 2
48 283
51 481
56 16
57 16
59 4
60 28
62 8
64 20
65 16
67 8
70 73
71 75
73 87
fl=/usr/src/debug/glibc-2.41-5.fc42.x86_64/elf/dl-minimal.c
fn=__rtld_malloc_init_real
76 10
86 2
87 1
89 1
91 5
92 5
93 5
94 4
99 1
100 1
101 1
102 1
103 8
fn=__rtld_malloc_init_stubs
42 1
43 2
44 2
45 2
46 2
47 1
fn=lookup_malloc_symbol
61 24
63 4
64 36
68 28
69 24
71 4
72 16
fl=/usr/src/debug/glibc-2.41-5.fc42.x86_64/elf/dl-misc.c
fn=_dl_name_match_p
68 2401
69 1372
70 386
72 343
74 1358
75 1895
78 336
80 300
81 1372
fn=_dl_sysdep_read_whole_file
36 8
39 3
40 3
42 7
44 2
47 2
49 9
60 4
63 6
fl=/usr/src/debug/glibc-2.41-5.fc42.x86_64/elf/dl-object.c
fn=_dl_add_to_namespace_list
31 91
33 26
35 103
38 360
40 12
42 12
45 2
46 39
47 26
48 26
50 26
51 39
fn=_dl_new_object
59 195
62 26
64 2
66 3
67 2
71 6
77 2
80 12
83 73
87 24
92 12
95 26
98 13
99 13
100 26
103 26
104 91
106 13
119 63
123 12
125 1
127 91
130 26
131 26
132 13
136 13
139 98
141 16
149 26
150 13
153 1
155 78
157 48
160 28
164 80
168 84
176 1
179 26
189 52
191 48
195 36
199 24
200 24
208 12
212 12
245 48
250 386
251 386
255 24
256 12
259 12
263 117
fl=/usr/src/debug/glibc-2.41-5.fc42.x86_64/elf/dl-reloc.c
fn=_dl_protect_relro
352 84
353 42
356 84
359 28
363 28
364 98
370 42
fn=_dl_relocate_object
343 54
344 32
346 26
347 26
348 13
fn=_dl_relocate_object_no_relro
170 4304
171 1974
174 10704
175 208
177 16
178 48
182 1942
183 971
184 971
186 7774
187 4825
188 1930
190 6835
193 971
194 6797
196 16
207 182
217 6
220 28
223 28
226 42
246 42
247 28
248 22
250 28
257 42
296 96474
298 56
321 14
324 28
338 112
fl=/usr/src/debug/glibc-2.41-5.fc42.x86_64/elf/dl-runtime.c
fn=_dl_fixup
46 230
48 184
49 69
54 23
55 92
56 161
58 23
63 46
67 46
69 111
71 69
75 66
76 88
84 23
85 69
95 230
99 115
109 230
123 6
124 92
125 18
133 69
159 69
162 46
163 184
fl=/usr/src/debug/glibc-2.41-5.fc42.x86_64/elf/dl-setup_hash.c
fn=_dl_setup_hash
25 14
28 42
31 42
32 28
33 14
34 14
36 42
37 14
38 42
40 14
41 28
43 14
45 56
50 14
fl=/usr/src/debug/glibc-2.41-5.fc42.x86_64/elf/dl-sort-maps.c
fn=_dl_sort_maps
140 144
181 2
182 2
183 94
184 56
211 32
216 4
218 2
219 20
221 84
223 28
226 84
244 14
263 8
276 8
283 2
298 26
306 6
310 16
fn=_dl_sort_maps_init
289 4
290 4
291 1
292 3
293 2
fn=dfs_traversal.part.0
135 140
140 196
143 28
145 84
147 492
156 98
171 84
172 28
173 128
fl=/usr/src/debug/glibc-2.41-5.fc42.x86_64/elf/dl-tunables.c
fn=__GI___tunable_set_val
162 6
163 24
165 6
fn=__GI___tunables_init
43 490
46 97
49 9842
53 194
57 485
294 11
300 3
304 31
306 2
317 2716
319 2619
320 2619
322 2619
340 6
343 27
346 27
355 8
fn=__tunable_get_val
438 80
441 354
450 55
451 18
460 28
467 120
469 40
fn=do_tunable_update_val
70 12
73 30
83 6
94 24
95 30
99 12
101 24
105 6
112 12
113 12
116 6
117 6
118 6
119 12
fl=/usr/src/debug/glibc-2.41-5.fc42.x86_64/elf/dl-tunables.h
fn=__GI___tunables_init
160 1446
161 4068
165 291
fl=/usr/src/debug/glibc-2.41-5.fc42.x86_64/elf/dl-version.c
fn=_dl_check_all_versions
392 7
394 2
396 47
397 14
398 84
401 7
fn=_dl_check_map_versions
36 354
37 93
38 591
56 320
64 160
70 240
86 80
87 160
89 80
94 2748
108 2348
110 80
113 720
120 3282
124 1094
155 126
156 74
164 26
170 42
172 42
174 56
175 14
177 28
180 36
184 24
198 9
200 42
208 63
213 63
215 59
217 320
218 510
221 160
224 160
225 50
228 62
231 320
234 240
239 59
243 63
248 9
257 65
260 8
263 292
266 222
270 66
274 39
279 13
280 52
281 39
291 13
294 67
296 26
299 60
301 9
303 63
306 240
308 320
310 320
311 160
312 240
313 240
316 240
321 59
324 63
329 9
334 26
337 8
341 66
343 140
347 66
348 264
349 198
350 66
353 210
357 66
365 8
366 24
367 24
368 22
370 4
372 124
373 60
375 2
376 5
387 126
fl=/usr/src/debug/glibc-2.41-5.fc42.x86_64/elf/do-rel.h
fn=_dl_relocate_object_no_relro
48 28
49 84
50 140
51 14
53 140
73 14
80 84
83 131
85 148
96 4
97 4
105 78
114 52
117 104
120 125
122 3260
124 5350
125 4280
126 3984
127 3984
129 3210
132 296
133 74
134 74
141 3005
142 2415
155 78
156 309
157 276
160 222
162 296
163 74
164 74
171 20
173 42
174 12
176 18
184 6
187 18
202 6
fn=_dl_start
48 2
49 6
50 8
51 1
53 10
56 4
61 8
63 2
64 2
65 1
fl=/usr/src/debug/glibc-2.41-5.fc42.x86_64/elf/get-dynamic-info.h
fn=_dl_map_object_from_fd
39 24
43 12
45 1472
49 718
51 138
52 69
53 6
54 252
55 204
56 60
59 48
62 48
64 48
68 359
72 48
84 38
85 48
86 48
87 48
88 48
89 48
90 47
91 48
103 96
110 36
115 24
122 24
123 36
129 36
130 36
147 36
152 22
154 22
156 22
158 22
159 11
162 36
164 36
165 24
174 24
175 36
180 24
181 22
184 24
fl=/usr/src/debug/glibc-2.41-5.fc42.x86_64/elf/libc_early_init.c
fn=__libc_early_init
34 8
36 1
39 2
42 2
47 2
50 4
52 2
fl=/usr/src/debug/glibc-2.41-5.fc42.x86_64/elf/rtld.c
fn=_dl_start
85 8
457 1
461 2
478 2
479 2
480 2
490 1
496 4
498 2
519 10
545 1
548 2
549 1
565 216
567 5
585 9
fn=dl_main
85 20
92 15
93 2
101 9
197 2
199 1
224 4
225 5
226 4
296 3
302 1
303 1
820 1
822 1
831 1
833 1
838 1
1098 1
1099 1
1101 1
1105 3
1107 1
1108 1
1123 1
1126 53
1127 120
1131 3
1136 3
1137 9
1146 1
1147 2
1149 2
1151 1
1159 6
1160 18
1161 6
1162 1
1164 9
1165 10
1169 6
1170 6
1171 3
1175 6
1203 2
1207 3
1213 29
1214 59
1220 17
1226 4
1229 3
1231 2
1306 13
1311 1
1312 1
1318 1
1328 3
1329 4
1596 9
1598 2
1599 3
1600 2
1601 3
1605 2
1606 2
1631 1
1635 3
1636 6
1637 3
1638 3
1641 1
1643 1
1644 1
1646 2
1647 2
1651 2
1653 2
1661 4
1668 2
1671 2
1696 4
1698 1
1703 2
1706 4
1707 4
1708 3
1709 1
1710 1
1711 1
1722 2
1723 2
1725 2
1727 2
1728 2
1733 6
1734 2
1736 3
1742 2
1751 2
1755 1
1756 2
1780 2
1786 2
1787 1
1788 1
1792 3
1797 2
1799 1
1801 2
1805 5
1810 2
1826 5
1902 3
1906 19
1907 1
1910 3
1911 1
1912 2
1913 2
1918 3
1928 9
1934 50
1935 28
1938 3
1939 2
1940 1
1942 54
1943 39
1950 4
1951 3
1953 2
1955 2
1957 3
1971 8
1972 2
1973 3
1983 1
1984 4
1985 5
1995 1
1996 2
1997 4
1999 2
2004 3
2203 3
2207 2
2213 2
2216 2
2224 2
2228 3
2231 1
2236 2
2240 7
2241 1
2249 2
2250 53
2252 28
2257 28
2259 30
2261 1
2262 1
2265 14
2267 112
2271 30
2272 3
2279 1
2285 2
2289 4
2291 1
2298 3
2301 2
2305 3
2308 1
2313 2
2317 6
2320 1
2321 2
2325 2
2330 3
2337 1
2341 3
2342 1
2343 1
2344 1
2347 3
2351 1
2356 8
2488 1
2559 1
2561 1
2563 10
2565 1
2567 42
2568 7
2576 8
2601 2
2611 4
2613 2
2614 1
2688 5
2711 4
fn=do_preload
787 8
789 1
793 1
794 1
795 1
797 1
799 6
800 3
808 3
814 6
fn=handle_preload_list
183 3
852 11
853 2
857 7
860 4
861 3
863 4
864 2
870 1
872 2
874 2
875 5
878 9
fn=init_tls
734 4
736 2
740 2
746 2
749 1
750 1
751 1
756 1
759 2
762 1
769 2
770 2
776 2
780 1
783 5
fn=map_doit
641 6
643 4
644 6
646 3
fn=version_check_doit
674 6
676 6
680 3
fl=/usr/src/debug/glibc-2.41-5.fc42.x86_64/io/../sysdeps/unix/sysv/linux/access.c
fn=access
25 1
27 7
31 1
fl=/usr/src/debug/glibc-2.41-5.fc42.x86_64/io/../sysdeps/unix/sysv/linux/close.c
fn=close
26 3
27 9
28 2
fl=/usr/src/debug/glibc-2.41-5.fc42.x86_64/io/../sysdeps/unix/sysv/linux/close_nocancel.c
fn=__GI___close_nocancel
25 13
26 52
27 13
fn=__close_nocancel
25 1
26 4
27 1
fl=/usr/src/debug/glibc-2.41-5.fc42.x86_64/io/../sysdeps/unix/sysv/linux/fstat64.c
fn=fstat
30 18
39 72
72 18
fl=/usr/src/debug/glibc-2.41-5.fc42.x86_64/io/../sysdeps/unix/sysv/linux/lseek64.c
fn=lseek
28 12
40 48
42 12
fl=/usr/src/debug/glibc-2.41-5.fc42.x86_64/io/../sysdeps/unix/sysv/linux/open64.c
fn=open
30 18
33 9
36 5
38 1
41 17
43 10
fl=/usr/src/debug/glibc-2.41-5.fc42.x86_64/io/../sysdeps/unix/sysv/linux/open64_nocancel.c
fn=__open_nocancel
28 65
31 91
39 91
41 26
fl=/usr/src/debug/glibc-2.41-5.fc42.x86_64/io/../sysdeps/unix/sysv/linux/pread64_nocancel.c
fn=__pread64_nocancel
25 4
26 8
27 2
fl=/usr/src/debug/glibc-2.41-5.fc42.x86_64/io/../sysdeps/unix/sysv/linux/read.c
fn=read
25 3
26 7
27 2
fl=/usr/src/debug/glibc-2.41-5.fc42.x86_64/io/../sysdeps/unix/sysv/linux/read_nocancel.c
fn=__read_nocancel
25 12
26 48
27 12
fl=/usr/src/debug/glibc-2.41-5.fc42.x86_64/io/../sysdeps/unix/sysv/linux/write.c
fn=write
25 12
26 28
27 8
fl=/usr/src/debug/glibc-2.41-5.fc42.x86_64/libio/../include/printf_buffer.h
fn=__vsnprintf_internal
124 9
127 3
128 3
137 6
fl=/usr/src/debug/glibc-2.41-5.fc42.x86_64/libio/../libio/libioP.h
fn=_IO_seekoff_unlocked
1036 9
1037 6
fl=/usr/src/debug/glibc-2.41-5.fc42.x86_64/libio/../string/bits/string_fortified.h
fn=_IO_file_xsgetn
29 3
fl=/usr/src/debug/glibc-2.41-5.fc42.x86_64/libio/filedoalloc.c
fn=_IO_file_doallocate
78 9
84 9
86 4
97 4
101 2
102 2
104 5
105 1
106 8
fl=/usr/src/debug/glibc-2.41-5.fc42.x86_64/libio/fileops.c
fn=_IO_file_close
1225 1
1228 2
fn=_IO_file_close_it@@GLIBC_2.2.5
129 7
130 1
131 3
134 4
135 2
137 2
151 2
152 7
173 2
175 1
176 6
179 3
187 5
188 4
191 2
192 1
193 1
194 1
196 2
197 7
fn=_IO_file_finish@@GLIBC_2.2.5
202 1
203 2
209 2
fn=_IO_file_fopen@@GLIBC_2.2.5
247 13
248 2
256 2
258 4
261 1
262 1
271 1
279 1
281 13
315 7
318 2
321 3
322 2
391 12
fn=_IO_file_open
216 11
218 2
219 2
222 2
223 2
225 1
226 6
229 3
239 2
240 1
241 5
fn=_IO_file_read
1191 1
1193 1
1194 3
fn=_IO_file_seek
1200 2
1201 4
fn=_IO_file_seekoff@@GLIBC_2.2.5
890 2
892 10
894 2
899 4
909 2
910 2
923 3
931 4
941 1
943 2
954 36
962 6
968 16
971 8
983 4
986 3
991 2
992 2
993 4
996 8
1019 10
1021 2
1022 1
1029 4
1034 8
1035 4
1037 1
1038 3
1039 4
1041 8
1046 2
1051 2
1055 5
1056 2
1057 2
1060 3
1062 5
1063 2
1065 2
1069 9
1072 2
1080 8
1083 4
1084 1
1085 4
1104 2
1105 5
1108 33
fn=_IO_file_stat
1207 2
1208 4
fn=_IO_file_xsgetn
1333 12
1340 2
1351 5
1353 3
1354 2
1357 1
1420 1
1421 9
fn=_IO_new_file_init_internal
107 6
111 1
112 1
114 1
115 1
116 3
fl=/usr/src/debug/glibc-2.41-5.fc42.x86_64/libio/fseek.c
fn=fseek
32 7
35 12
36 7
39 5
fl=/usr/src/debug/glibc-2.41-5.fc42.x86_64/libio/genops.c
fn=_IO_cleanup
809 5
810 8
813 12
817 3
818 36
826 6
828 9
831 9
833 6
853 3
855 36
856 3
860 7
861 2
881 11
882 2
894 11
fn=_IO_default_finish
68 2
627 6
629 3
635 3
638 3
650 3
fn=_IO_doallocbuf
369 4
370 2
372 4
373 6
376 2
fn=_IO_flush_all
712 11
713 2
717 5
718 8
721 12
723 3
724 36
726 18
733 9
734 12
741 39
742 3
746 7
747 2
751 11
fn=_IO_free_backup_area
213 12
214 4
216 2
217 4
218 2
220 6
fn=_IO_link_in
109 8
110 10
112 3
114 7
115 11
116 1
117 10
119 2
122 2
123 2
124 2
126 1
128 13
129 1
130 6
131 2
134 11
fn=_IO_no_init
589 11
590 1
591 1
592 2
594 1
598 6
605 1
607 1
613 1
614 6
fn=_IO_old_init
557 1
558 2
560 5
565 8
570 1
576 3
581 3
582 2
584 1
fn=_IO_setb
355 10
356 10
357 1
358 2
359 2
361 18
364 8
fn=_IO_sgetn
435 1
437 2
fn=_IO_un_link
67 2
68 4
104 2
fn=_IO_unsave_markers
976 1
978 2
983 2
985 1
fn=__GI__IO_un_link.part.0
66 8
72 5
73 9
74 1
75 13
77 2
81 1
82 1
83 1
84 2
85 1
96 4
98 12
99 1
100 6
101 2
104 8
fl=/usr/src/debug/glibc-2.41-5.fc42.x86_64/libio/iofclose.c
fn=fclose@@GLIBC_2.2.5
34 7
48 3
49 1
51 13
52 3
53 3
57 4
58 3
71 2
76 6
fl=/usr/src/debug/glibc-2.41-5.fc42.x86_64/libio/iofopen.c
fn=__fopen_internal
37 2
57 12
65 2
67 3
70 2
72 7
73 2
74 2
75 7
81 9
fn=fopen@@GLIBC_2.2.5
85 1
86 2
fl=/usr/src/debug/glibc-2.41-5.fc42.x86_64/libio/iofread.c
fn=fread
31 8
32 2
35 6
37 12
38 3
40 3
41 8
fl=/usr/src/debug/glibc-2.41-5.fc42.x86_64/libio/ioftell.c
fn=ftell
34 7
37 12
38 5
39 3
45 2
57 5
fl=/usr/src/debug/glibc-2.41-5.fc42.x86_64/libio/ioseekoff.c
fn=_IO_seekoff_unlocked
33 12
34 6
43 12
44 2
59 9
60 3
fl=/usr/src/debug/glibc-2.41-5.fc42.x86_64/libio/libioP.h
fn=_IO_cleanup
1036 2
fn=_IO_doallocbuf
1036 3
1037 2
fn=_IO_file_close_it@@GLIBC_2.2.5
1036 3
1037 2
fn=_IO_file_doallocate
1036 3
1037 2
fn=_IO_file_seekoff@@GLIBC_2.2.5
1036 11
1037 8
fn=_IO_file_xsgetn
1036 1
fn=_IO_flush_all
1036 2
fn=_IO_free_backup_area
1049 6
1050 2
fn=_IO_sgetn
1036 3
1037 2
fn=fclose@@GLIBC_2.2.5
962 4
963 4
969 2
990 5
991 10
1036 3
1037 2
fn=fread
990 2
991 11
fn=fseek
990 2
991 9
fn=ftell
990 3
991 9
fn=rewind
990 2
991 9
fl=/usr/src/debug/glibc-2.41-5.fc42.x86_64/libio/rewind.c
fn=rewind
32 7
34 12
35 5
36 4
38 5
fl=/usr/src/debug/glibc-2.41-5.fc42.x86_64/libio/stdfiles.c
fn=_IO_stdfiles_init
64 1
66 2
67 12
68 3
69 3
70 1
fl=/usr/src/debug/glibc-2.41-5.fc42.x86_64/libio/vsnprintf.c
fn=__vsnprintf_internal
63 6
66 3
75 9
76 3
87 6
93 27
96 12
98 18
fl=/usr/src/debug/glibc-2.41-5.fc42.x86_64/libio/vtables.c
fn=check_stdfiles_vtables
545 1
546 4
547 3
548 3
550 1
fl=/usr/src/debug/glibc-2.41-5.fc42.x86_64/malloc/../string/bits/string_fortified.h
fn=calloc
59 15
fn=tcache_init.part.0
59 88
fl=/usr/src/debug/glibc-2.41-5.fc42.x86_64/malloc/../sysdeps/generic/calloc-clear-memory.h
fn=calloc
25 12
27 12
35 2
37 1
38 2
40 2
fl=/usr/src/debug/glibc-2.41-5.fc42.x86_64/malloc/../sysdeps/unix/sysv/linux/not-cancel.h
fn=ptmalloc_init.part.0
100 5
fl=/usr/src/debug/glibc-2.41-5.fc42.x86_64/malloc/arena.c
fn=calloc
153 10
fn=free
153 27
fn=malloc
153 8
264 1
fn=ptmalloc_init.part.0
262 7
267 1
292 2
296 4
300 4
301 4
302 4
303 4
304 4
305 4
306 4
308 4
309 4
310 4
313 4
314 4
316 2
326 6
fl=/usr/src/debug/glibc-2.41-5.fc42.x86_64/malloc/malloc.c
fn=_int_free_chunk
1796 2
4574 14
4582 4
4658 4
4661 4
4664 4
4667 8
4679 2
fn=_int_free_create_chunk
4755 5
4756 4
4762 2
4766 1
4770 2
4778 1
4779 1
4780 2
4782 2
4799 1
4800 1
4801 1
4802 1
4804 3
4805 1
4813 1
4814 3
4815 1
4820 3
fn=_int_free_maybe_consolidate.part.0
4826 11
4835 3
4838 3
4841 5
4855 11
fn=_int_free_merge_chunk
1994 6
4707 12
4708 2
4712 10
4715 10
4717 6
4720 6
4723 2
4724 4
4725 4
4731 4
4742 8
4744 13
4833 4
fn=_int_malloc
1328 20
1347 60
1796 10
1987 6
3170 6
3904 80
3945 20
3972 20
3974 4
3977 1
3979 5
3992 36
4035 18
4037 38
4038 14
4040 21
4097 48
4098 9
4116 28
4117 30
4118 30
4127 6
4128 56
4130 3
4131 6
4132 3
4134 6
4135 9
4137 3
4138 12
4140 12
4142 6
4143 6
4145 6
4156 12
4157 4
4158 2
4159 1
4162 1
4163 1
4164 1
4165 3
4166 3
4167 2
4169 2
4173 8
4175 3
4176 1
4179 1
4180 3
4181 1
4185 2
4186 2
4190 4
4219 4
4223 2
4227 26
4228 6
4229 2
4232 4
4276 8
4279 14
4280 2
4281 2
4282 2
4283 2
4288 2
4289 6
4298 6
4304 6
4315 27
4317 12
4320 9
4321 9
4388 9
4389 18
4390 18
4391 18
4392 36
4397 36
4401 69
4404 78
4406 6
4407 4
4411 14
4413 5
4415 10
4419 2
4422 4
4431 8
4434 4
4436 10
4439 6
4442 12
4452 2
4457 2
4458 4
4460 2
4461 2
4462 2
4463 2
4466 4
4467 2
4468 4
4470 4
4473 16
4475 6
4476 2
4479 2
4501 7
4502 14
4504 14
4507 21
4509 5
4510 15
4511 5
4512 40
4514 15
4517 5
4518 15
4519 5
4524 6
4539 10
4540 4
4541 8
4545 90
fn=alloc_perturb
1986 8
1987 24
1989 8
fn=calloc
1328 12
1347 6
3180 2
3184 2
3188 4
3192 2
3193 1
3215 12
3217 15
3359 42
3361 24
3775 36
3783 54
3791 12
3806 2
3807 1
3812 10
3822 5
3823 20
3830 5
3844 35
3846 55
3849 10
3874 5
3877 5
3886 15
3889 25
3893 5
3895 26
fn=free
3165 14
3167 28
3168 7
3169 14
3252 18
3253 45
3262 21
3265 28
3271 7
3437 66
3441 52
3449 20
3451 10
3453 30
3457 3
3459 4
3466 2
3470 27
3479 20
3480 46
4558 36
4559 18
4563 36
4690 18
4699 8
fn=malloc
1328 8
1347 4
3215 9
3216 4
3217 6
3313 5
3359 28
3361 16
3385 24
3392 8
3404 8
3406 16
3407 20
3432 16
fn=munmap_chunk
3026 2
3027 1
3028 2
3030 2
3032 1
3033 3
3034 1
3040 5
3041 5
3044 1
3045 3
3050 2
3051 1
fn=ptmalloc_init.part.0
1948 384
1951 381
1959 1
1960 1
1962 2
3145 2
fn=sysmalloc
2010 9
2534 24
2554 4
2555 1
2565 4
2566 4
2567 3
2570 4
2578 4
2579 2
2590 1
2591 3
2592 1
2601 6
2610 3
2671 2
2680 4
2693 3
2701 5
2709 2
2711 7
2712 5
2714 1
2717 2
2746 2
2747 2
2748 4
2754 2
2757 4
2784 2
2785 3
2797 3
2819 2
2820 5
2822 1
2823 5
2835 4
2877 1
2878 4
2879 1
2890 2
2923 3
2924 1
2929 2
2932 2
2934 1
2935 1
2936 1
2937 8
2938 2
2940 1
2946 22
4564 3
fn=sysmalloc_mmap.isra.0
2010 4
2402 4
2415 3
2420 2
2423 10
2426 2
2430 2
2434 5
2450 4
2468 1
2469 3
2473 4
2474 5
2477 3
2478 5
2483 4
fn=tcache_init.part.0
3307 4
3316 8
3317 3
3318 2
3326 4
3335 2
3339 3
fn=unlink_chunk.isra.0
1610 4
1612 10
1615 2
1616 2
1618 8
1621 2
1622 2
1623 10
1625 4
1626 6
1629 4
1643 2
1644 2
1647 4
fl=/usr/src/debug/glibc-2.41-5.fc42.x86_64/malloc/morecore.c
fn=__glibc_morecore
25 6
26 4
29 2
30 4
34 4
fl=/usr/src/debug/glibc-2.41-5.fc42.x86_64/malloc/scratch_buffer_set_array_size.c
fn=__libc_scratch_buffer_set_array_size
30 156
34 12
35 24
45 24
46 12
63 72
fl=/usr/src/debug/glibc-2.41-5.fc42.x86_64/math/../sysdeps/ieee754/dbl-64/s_frexp.c
fn=frexp
36 1
38 1
39 3
42 9
45 1
46 2
56 5
62 1
64 1
fl=/usr/src/debug/glibc-2.41-5.fc42.x86_64/math/../sysdeps/ieee754/dbl-64/s_sin.c
fn=__sin_fma
104 106590
105 422990
107 423404
108 317820
111 105940
112 423760
113 423760
114 1165340
116 635375
128 317280
129 186219
133 266484
134 133000
135 177574
136 177574
139 88787
140 443935
141 443935
142 976657
144 710419
156 633777
157 211259
159 633777
164 633777
165 422518
168 633777
169 633777
171 211259
172 211259
182 422518
189 634008
201 1481760
211 635040
212 423360
214 120
218 423312
225 423048
227 795
229 1325
233 422518
254 1058400
fl=/usr/src/debug/glibc-2.41-5.fc42.x86_64/math/../sysdeps/x86/fpu/fenv_private.h
fn=__sin_fma
415 211680
416 846720
419 423360
425 211656
431 423312
fl=/usr/src/debug/glibc-2.41-5.fc42.x86_64/math/../sysdeps/x86_64/fpu/multiarch/e_asin.c
fn=__acos_finite@GLIBC_2.15
37 2
fn=__asin_finite@GLIBC_2.15
29 2
fl=/usr/src/debug/glibc-2.41-5.fc42.x86_64/math/../sysdeps/x86_64/fpu/multiarch/e_atan2.c
fn=__atan2_finite@GLIBC_2.15
28 2
fl=/usr/src/debug/glibc-2.41-5.fc42.x86_64/math/../sysdeps/x86_64/fpu/multiarch/e_atanh.c
fn=__atanh_finite@GLIBC_2.15
28 2
fl=/usr/src/debug/glibc-2.41-5.fc42.x86_64/math/../sysdeps/x86_64/fpu/multiarch/e_exp.c
fn=__exp_finite@GLIBC_2.15
29 2
fl=/usr/src/debug/glibc-2.41-5.fc42.x86_64/math/../sysdeps/x86_64/fpu/multiarch/e_exp2f.c
fn=exp2f@@GLIBC_2.27
29 6
fl=/usr/src/debug/glibc-2.41-5.fc42.x86_64/math/../sysdeps/x86_64/fpu/multiarch/e_expf.c
fn=expf@@GLIBC_2.27
29 6
fl=/usr/src/debug/glibc-2.41-5.fc42.x86_64/math/../sysdeps/x86_64/fpu/multiarch/e_log.c
fn=__log_finite@GLIBC_2.15
29 2
fl=/usr/src/debug/glibc-2.41-5.fc42.x86_64/math/../sysdeps/x86_64/fpu/multiarch/e_log2.c
fn=log2@@GLIBC_2.29
29 6
fl=/usr/src/debug/glibc-2.41-5.fc42.x86_64/math/../sysdeps/x86_64/fpu/multiarch/e_log2f.c
fn=log2f@@GLIBC_2.27
29 6
fl=/usr/src/debug/glibc-2.41-5.fc42.x86_64/math/../sysdeps/x86_64/fpu/multiarch/e_logf.c
fn=logf@@GLIBC_2.27
29 6
fl=/usr/src/debug/glibc-2.41-5.fc42.x86_64/math/../sysdeps/x86_64/fpu/multiarch/e_pow.c
fn=__pow_finite@GLIBC_2.15
29 2
fl=/usr/src/debug/glibc-2.41-5.fc42.x86_64/math/../sysdeps/x86_64/fpu/multiarch/e_powf.c
fn=powf@@GLIBC_2.27
32 4
fl=/usr/src/debug/glibc-2.41-5.fc42.x86_64/math/../sysdeps/x86_64/fpu/multiarch/e_sinh.c
fn=__sinh_finite@GLIBC_2.15
28 2
fl=/usr/src/debug/glibc-2.41-5.fc42.x86_64/math/../sysdeps/x86_64/fpu/multiarch/ifunc-avx-fma4.h
fn=__atan2_finite@GLIBC_2.15
32 5
33 2
fn=__exp_finite@GLIBC_2.15
32 5
33 2
fn=__log_finite@GLIBC_2.15
32 5
33 2
fn=atan
32 15
33 6
fn=cos
32 20
33 8
fn=sin
32 25
33 10
fn=tan
32 10
33 4
fl=/usr/src/debug/glibc-2.41-5.fc42.x86_64/math/../sysdeps/x86_64/fpu/multiarch/ifunc-fma.h
fn=__atanh_finite@GLIBC_2.15
29 4
30 4
fn=__log1p
29 4
30 4
fn=__sinh_finite@GLIBC_2.15
29 4
30 4
fn=cosf
29 8
30 8
fn=exp2f@@GLIBC_2.27
30 4
fn=expf@@GLIBC_2.27
30 4
fn=expm1
29 4
30 4
fn=log2@@GLIBC_2.29
30 4
fn=log2f@@GLIBC_2.27
30 4
fn=logf@@GLIBC_2.27
30 4
fn=powf@@GLIBC_2.27
29 8
30 8
fn=sincosf
29 4
30 4
fn=sinf
29 4
30 4
fl=/usr/src/debug/glibc-2.41-5.fc42.x86_64/math/../sysdeps/x86_64/fpu/multiarch/ifunc-fma4.h
fn=__acos_finite@GLIBC_2.15
31 4
32 2
fn=__asin_finite@GLIBC_2.15
31 4
32 2
fn=__pow_finite@GLIBC_2.15
31 4
32 2
fn=sincos
31 12
32 6
fl=/usr/src/debug/glibc-2.41-5.fc42.x86_64/math/../sysdeps/x86_64/fpu/multiarch/ifunc-sse4_1.h
fn=ceil
29 10
fn=floor
29 20
fn=floorf
29 10
fn=roundeven
29 5
fl=/usr/src/debug/glibc-2.41-5.fc42.x86_64/math/../sysdeps/x86_64/fpu/multiarch/s_atan.c
fn=atan
28 6
fl=/usr/src/debug/glibc-2.41-5.fc42.x86_64/math/../sysdeps/x86_64/fpu/multiarch/s_ceil.c
fn=ceil
33 4
fl=/usr/src/debug/glibc-2.41-5.fc42.x86_64/math/../sysdeps/x86_64/fpu/multiarch/s_cosf.c
fn=cosf
28 4
fl=/usr/src/debug/glibc-2.41-5.fc42.x86_64/math/../sysdeps/x86_64/fpu/multiarch/s_expm1.c
fn=expm1
28 2
fl=/usr/src/debug/glibc-2.41-5.fc42.x86_64/math/../sysdeps/x86_64/fpu/multiarch/s_floor.c
fn=floor
33 8
fl=/usr/src/debug/glibc-2.41-5.fc42.x86_64/math/../sysdeps/x86_64/fpu/multiarch/s_floorf.c
fn=floorf
33 4
fl=/usr/src/debug/glibc-2.41-5.fc42.x86_64/math/../sysdeps/x86_64/fpu/multiarch/s_fma.c
fn=fma
49 6
fl=/usr/src/debug/glibc-2.41-5.fc42.x86_64/math/../sysdeps/x86_64/fpu/multiarch/s_fmaf.c
fn=fmaf
44 6
fl=/usr/src/debug/glibc-2.41-5.fc42.x86_64/math/../sysdeps/x86_64/fpu/multiarch/s_log1p.c
fn=__log1p
28 2
fl=/usr/src/debug/glibc-2.41-5.fc42.x86_64/math/../sysdeps/x86_64/fpu/multiarch/s_roundeven.c
fn=roundeven
32 2
fl=/usr/src/debug/glibc-2.41-5.fc42.x86_64/math/../sysdeps/x86_64/fpu/multiarch/s_sin.c
fn=cos
36 8
fn=sin
29 10
fl=/usr/src/debug/glibc-2.41-5.fc42.x86_64/math/../sysdeps/x86_64/fpu/multiarch/s_sincos.c
fn=sincos
28 6
fl=/usr/src/debug/glibc-2.41-5.fc42.x86_64/math/../sysdeps/x86_64/fpu/multiarch/s_sincosf.c
fn=sincosf
28 2
fl=/usr/src/debug/glibc-2.41-5.fc42.x86_64/math/../sysdeps/x86_64/fpu/multiarch/s_sinf.c
fn=sinf
28 2
fl=/usr/src/debug/glibc-2.41-5.fc42.x86_64/math/../sysdeps/x86_64/fpu/multiarch/s_tan.c
fn=tan
28 4
fl=/usr/src/debug/glibc-2.41-5.fc42.x86_64/misc/../sysdeps/unix/syscall-template.S
fn=mprotect
117 70
122 14
fn=munmap
117 10
122 2
fl=/usr/src/debug/glibc-2.41-5.fc42.x86_64/misc/../sysdeps/unix/sysv/linux/brk.c
fn=brk
36 2
37 4
38 4
44 2
45 2
fl=/usr/src/debug/glibc-2.41-5.fc42.x86_64/misc/../sysdeps/unix/sysv/linux/brk_call.h
fn=brk
24 4
fl=/usr/src/debug/glibc-2.41-5.fc42.x86_64/misc/../sysdeps/unix/sysv/linux/fsync.c
fn=fsync
26 3
27 9
28 2
fl=/usr/src/debug/glibc-2.41-5.fc42.x86_64/misc/../sysdeps/unix/sysv/linux/mmap64.c
fn=mmap
47 336
50 96
53 210
58 288
60 192
fl=/usr/src/debug/glibc-2.41-5.fc42.x86_64/misc/../sysdeps/unix/sysv/linux/setvmaname.c
fn=__set_vma_name
33 18
35 20
40 19
47 2
48 1
49 13
fl=/usr/src/debug/glibc-2.41-5.fc42.x86_64/misc/init-misc.c
fn=__init_misc
30 5
31 5
33 4
37 6
38 4
40 2
fl=/usr/src/debug/glibc-2.41-5.fc42.x86_64/misc/sbrk.c
fn=sbrk
37 10
40 4
43 4
58 4
59 4
62 4
63 4
66 4
67 1
74 4
78 7
fl=/usr/src/debug/glibc-2.41-5.fc42.x86_64/nptl/../sysdeps/unix/sysv/linux/x86/elision-conf.c
fn=__lll_elision_init
92 5
96 6
98 4
100 4
102 4
104 4
107 3
108 1
109 6
fl=/usr/src/debug/glibc-2.41-5.fc42.x86_64/nptl/cancellation.c
fn=__internal_syscall_cancel
30 54
37 18
38 18
40 18
64 27
fn=__syscall_cancel
74 27
75 27
79 45
80 27
fl=/usr/src/debug/glibc-2.41-5.fc42.x86_64/nptl/libc-cleanup.c
fn=__libc_cleanup_pop_restore
54 4
57 8
59 12
60 12
71 4
fn=__libc_cleanup_push_defer
24 4
25 4
27 8
29 8
32 8
46 12
48 4
49 4
fl=/usr/src/debug/glibc-2.41-5.fc42.x86_64/nptl/pthread_mutex_conf.c
fn=__pthread_tunables_init
55 5
56 6
58 4
60 4
62 6
fl=/usr/src/debug/glibc-2.41-5.fc42.x86_64/nptl/pthread_mutex_lock.c
fn=pthread_mutex_lock@@GLIBC_2.2.5
44 1
45 7
46 1
77 4
80 1
82 1
84 3
88 2
97 2
108 4
112 1
115 2
124 1
130 3
131 2
179 1
182 1
184 1
187 1
190 2
fl=/usr/src/debug/glibc-2.41-5.fc42.x86_64/nptl/pthread_mutex_unlock.c
fn=__pthread_mutex_unlock_usercnt
39 1
40 4
41 1
48 4
51 1
52 2
57 2
62 1
63 2
65 2
70 1
72 1
74 2
80 4
84 3
87 2
104 2
fn=pthread_mutex_unlock@@GLIBC_2.2.5
367 1
368 2
fl=/usr/src/debug/glibc-2.41-5.fc42.x86_64/posix/../malloc/dynarray-skeleton.c
fn=__unregister_atfork
243 11
fl=/usr/src/debug/glibc-2.41-5.fc42.x86_64/posix/../sysdeps/unix/sysv/linux/_exit.c
fn=_Exit
27 3
30 2
fl=/usr/src/debug/glibc-2.41-5.fc42.x86_64/posix/getopt.c
fn=_getopt_internal_r
389 3
391 3
392 1
395 3
397 1
400 2
405 9
410 1
474 10
475 1
477 2
478 2
480 2
482 7
483 2
487 1
488 3
493 3
499 3
501 2
504 3
509 3
512 2
513 2
518 20
519 6
520 2
528 2
549 4
550 1
700 9
fl=/usr/src/debug/glibc-2.41-5.fc42.x86_64/posix/getopt1.c
fn=_getopt_long_r
39 3
40 4
42 2
fl=/usr/src/debug/glibc-2.41-5.fc42.x86_64/posix/register-atfork.c
fn=__unregister_atfork
71 22
82 55
83 44
109 44
110 22
fl=/usr/src/debug/glibc-2.41-5.fc42.x86_64/resource/../sysdeps/unix/sysv/linux/getrlimit64.c
fn=getrlimit
38 2
39 7
40 1
fl=/usr/src/debug/glibc-2.41-5.fc42.x86_64/setjmp/../sysdeps/x86_64/bsd-_setjmp.S
fn=_setjmp
28 1
30 1
32 1
fl=/usr/src/debug/glibc-2.41-5.fc42.x86_64/setjmp/../sysdeps/x86_64/setjmp.S
fn=__sigsetjmp
31 35
33 35
42 35
43 70
44 35
48 35
49 35
50 35
51 35
52 35
54 70
56 35
57 35
58 35
60 70
62 35
67 1
68 1
70 34
73 34
74 34
81 34
82 34
85 1
fl=/usr/src/debug/glibc-2.41-5.fc42.x86_64/setjmp/sigjmp.c
fn=__sigjmp_save
28 1
29 1
30 2
34 2
fl=/usr/src/debug/glibc-2.41-5.fc42.x86_64/stdio-common/../string/bits/string_fortified.h
fn=__printf_buffer_write
29 9
fl=/usr/src/debug/glibc-2.41-5.fc42.x86_64/stdio-common/Xprintf_buffer_done.c
fn=__printf_buffer_done
25 3
26 9
31 6
33 33
40 3
fl=/usr/src/debug/glibc-2.41-5.fc42.x86_64/stdio-common/Xprintf_buffer_write.c
fn=__printf_buffer_write
27 72
28 27
31 30
33 15
36 3
37 6
40 9
41 3
44 54
fl=/usr/src/debug/glibc-2.41-5.fc42.x86_64/stdio-common/printf-parse.h
fn=__printf_buffer
82 27
fl=/usr/src/debug/glibc-2.41-5.fc42.x86_64/stdio-common/snprintf.c
fn=snprintf
26 36
30 18
31 9
35 15
fl=/usr/src/debug/glibc-2.41-5.fc42.x86_64/stdio-common/vfprintf-internal.c
fn=__printf_buffer
600 42
627 15
631 3
634 3
638 12
642 3
653 6
654 9
655 9
659 6
663 24
683 3
684 3
685 3
686 3
687 3
690 6
691 3
692 3
693 3
694 3
695 3
698 3
699 3
705 42
1018 3
1024 3
1028 9
1029 6
1031 6
1044 33
fl=/usr/src/debug/glibc-2.41-5.fc42.x86_64/stdio-common/vfprintf-process-arg.c
fn=__printf_buffer
403 27
408 6
422 21
430 6
435 12
455 9
463 12
464 3
491 3
fl=/usr/src/debug/glibc-2.41-5.fc42.x86_64/stdlib/../sysdeps/unix/sysv/linux/getrandom.c
fn=__getrandom_early_init
238 7
241 6
278 5
fl=/usr/src/debug/glibc-2.41-5.fc42.x86_64/stdlib/cxa_atexit.c
fn=__cxa_atexit
67 1
68 2
fn=__internal_atexit
36 7
41 3
43 7
44 2
46 2
52 3
53 1
54 1
55 1
56 1
57 5
58 1
59 6
fn=__new_exitfn
80 5
81 1
86 2
91 9
93 4
101 1
122 1
123 1
134 1
136 1
137 1
141 3
fl=/usr/src/debug/glibc-2.41-5.fc42.x86_64/stdlib/cxa_finalize.c
fn=__cxa_finalize
45 110
48 55
51 77
55 77
108 77
112 66
119 22
120 22
121 44
122 88
fl=/usr/src/debug/glibc-2.41-5.fc42.x86_64/stdlib/cxa_thread_atexit_impl.c
fn=__call_tls_dtors
148 5
149 4
165 4
fl=/usr/src/debug/glibc-2.41-5.fc42.x86_64/stdlib/exit.c
fn=__run_exit_handlers
45 12
47 9
50 2
51 2
53 7
64 1
66 2
70 1
74 6
76 2
77 1
79 7
111 1
112 1
113 1
114 3
117 4
118 3
119 4
123 3
129 2
130 2
136 4
138 2
139 2
141 2
fn=exit
147 3
148 4
fl=/usr/src/debug/glibc-2.41-5.fc42.x86_64/stdlib/getenv.c
fn=getenv
25 10
29 1
42 2
43 4
44 1
46 3
47 98
49 98
50 196
55 291
56 24
69 3
154 8
fl=/usr/src/debug/glibc-2.41-5.fc42.x86_64/string/../include/rtld-malloc.h
fn=strdup
56 24
fl=/usr/src/debug/glibc-2.41-5.fc42.x86_64/string/../string/strcspn.c
fn=strcspn
32 5
33 3
34 2
39 6
40 4
41 4
42 4
44 1
47 9
48 6
51 4
52 4
53 4
54 4
56 3
61 13
62 26
63 26
64 26
65 13
67 78
69 1
70 4
71 2
fl=/usr/src/debug/glibc-2.41-5.fc42.x86_64/string/../string/strstr.c
fn=__GI_strstr
45 1
77 13
82 3
84 5
85 2
161 12
fl=/usr/src/debug/glibc-2.41-5.fc42.x86_64/string/../sysdeps/x86/cacheinfo.c
fn=__x86_cacheinfo
86 3
fl=/usr/src/debug/glibc-2.41-5.fc42.x86_64/string/../sysdeps/x86/cacheinfo.h
fn=__x86_cacheinfo
62 1
65 3
67 3
68 1
74 3
76 3
77 1
81 2
84 2
86 2
87 2
88 2
90 2
fl=/usr/src/debug/glibc-2.41-5.fc42.x86_64/string/../sysdeps/x86_64/multiarch/../multiarch/memcmp-sse2.S
fn=bcmp
59 1
71 1
72 1
94 1
95 1
140 1
141 1
143 1
144 1
146 1
147 1
149 1
150 1
197 1
198 1
199 1
200 1
201 1
202 1
fl=/usr/src/debug/glibc-2.41-5.fc42.x86_64/string/../sysdeps/x86_64/multiarch/../multiarch/memset-vec-unaligned-erms.S
fn=memset
137 15
138 75
143 15
144 15
147 7
148 7
150 3
151 3
152 3
236 4
237 4
249 4
252 4
253 4
265 4
266 4
279 4
280 4
282 4
285 2
288 4
291 78
292 78
293 78
294 78
295 78
296 78
297 78
300 4
301 4
302 4
303 4
308 4
354 8
356 8
357 8
396 8
397 8
399 8
fl=/usr/src/debug/glibc-2.41-5.fc42.x86_64/string/../sysdeps/x86_64/multiarch/../multiarch/strchr-sse2.S
fn=index
32 55
33 55
34 55
35 55
36 55
37 55
38 55
39 55
40 55
41 55
42 55
43 55
44 55
45 55
46 55
47 55
48 55
49 55
50 50
54 50
55 50
56 50
57 50
59 50
63 5
64 5
65 5
66 5
67 5
68 5
69 5
70 5
71 5
72 5
73 5
74 5
75 5
76 5
77 5
78 5
79 5
80 5
81 5
82 5
83 5
84 5
85 5
86 5
138 5
142 5
143 5
144 5
145 5
147 5
fl=/usr/src/debug/glibc-2.41-5.fc42.x86_64/string/../sysdeps/x86_64/multiarch/../multiarch/strcmp-sse2.S
fn=strcmp
98 1886
131 1886
132 1886
134 1886
135 1886
156 1886
157 1886
158 1623
159 1623
160 1284
161 1284
162 1284
163 1284
180 1284
181 1284
182 1284
183 1284
184 1284
185 1284
186 1284
191 130
192 390
201 732
202 732
203 732
204 732
205 732
206 732
207 732
208 732
209 696
210 387
211 387
212 387
214 696
215 696
216 696
217 696
218 696
219 696
229 36
230 36
231 36
233 36
239 36
240 36
241 36
242 36
243 36
248 36
250 14
251 14
252 28
260 14
261 14
264 14
265 14
266 14
267 14
268 14
269 14
275 2
276 2
277 2
280 2
281 2
282 2
283 2
284 2
285 2
300 19
301 19
302 19
303 19
304 19
306 19
307 19
308 19
309 19
310 19
311 19
312 19
313 2
316 2
317 2
318 2
324 2
325 2
326 4
330 2
331 2
334 2
335 2
336 2
338 2
339 2
340 2
344 2
345 2
346 2
347 2
348 2
349 2
424 7
425 7
426 7
427 7
428 7
430 7
431 7
432 7
433 7
434 7
435 7
436 7
437 6
440 6
441 6
442 6
448 6
449 6
450 12
454 6
455 6
458 6
459 6
460 6
462 6
463 6
464 6
468 6
469 6
470 6
471 6
472 6
473 6
480 1
481 1
483 1
484 1
486 1
487 1
488 1
490 1
491 1
492 1
496 1
497 1
498 1
499 1
500 1
501 1
542 28
543 28
544 28
545 28
546 28
548 28
549 28
550 28
551 28
552 28
553 28
554 28
555 11
559 11
560 11
561 11
567 11
568 11
569 22
573 11
574 11
577 12
578 12
579 12
581 12
582 12
583 12
587 12
588 12
589 12
590 12
591 12
592 12
599 3
600 3
602 3
603 3
605 2
606 2
607 2
609 2
610 2
611 2
615 2
616 2
617 2
618 2
619 2
620 2
633 1
634 1
635 1
636 1
643 1
644 1
645 1
661 9
662 9
663 9
664 9
665 9
667 9
668 9
669 9
670 9
671 9
672 9
673 9
674 9
678 9
679 9
680 9
686 9
687 9
688 18
692 9
693 9
696 9
697 9
698 9
700 9
701 9
702 9
706 9
707 9
708 9
709 9
710 9
711 9
718 2
719 2
721 2
722 2
724 2
725 2
726 2
728 2
729 2
730 2
734 2
735 2
736 2
737 2
738 2
739 2
780 22
781 22
782 22
783 22
784 22
786 22
787 22
788 22
789 22
790 22
791 22
792 22
793 20
797 20
798 20
799 20
805 20
806 20
807 40
811 21
812 21
815 21
816 21
817 21
819 21
820 21
821 21
825 21
826 21
827 21
828 21
829 21
830 21
837 3
838 3
840 3
841 3
843 3
844 3
845 3
847 3
848 3
849 3
853 3
854 3
855 3
856 3
857 3
858 3
865 1
866 1
867 1
899 26
900 26
901 26
902 26
903 26
905 26
906 26
907 26
908 26
909 26
910 26
911 26
912 25
916 25
917 25
918 25
924 25
925 25
926 50
930 26
931 26
934 26
935 26
936 26
938 26
939 26
940 26
944 26
945 26
946 26
947 26
948 26
949 26
956 3
957 3
959 3
960 3
962 3
963 3
964 3
966 3
967 3
968 3
972 3
973 3
974 3
975 3
976 3
977 3
984 1
985 1
986 1
1018 48
1019 48
1020 48
1021 48
1022 48
1024 48
1025 48
1026 48
1027 48
1028 48
1029 48
1030 48
1031 21
1035 21
1036 21
1037 21
1043 21
1044 21
1045 42
1049 21
1050 21
1053 21
1054 21
1055 21
1057 21
1058 21
1059 21
1063 21
1064 21
1065 21
1066 21
1067 21
1068 21
1075 6
1076 6
1078 6
1079 6
1081 6
1082 6
1083 6
1085 6
1086 6
1087 6
1091 6
1092 6
1093 6
1094 6
1095 6
1096 6
1137 43
1138 43
1139 43
1140 43
1141 43
1143 43
1144 43
1145 43
1146 43
1147 43
1148 43
1149 43
1150 30
1154 30
1155 30
1156 30
1162 30
1163 30
1164 60
1168 30
1169 30
1172 30
1173 30
1174 30
1176 30
1177 30
1178 30
1182 30
1183 30
1184 30
1185 30
1186 30
1187 30
1194 5
1195 5
1197 5
1198 5
1200 5
1201 5
1202 5
1204 5
1205 5
1206 5
1210 5
1211 5
1212 5
1213 5
1214 5
1215 5
1256 72
1257 72
1258 72
1259 72
1260 72
1262 72
1263 72
1264 72
1265 72
1266 72
1267 72
1268 72
1269 45
1273 45
1274 45
1275 45
1281 45
1282 45
1283 90
1287 45
1288 45
1291 45
1292 45
1293 45
1295 45
1296 45
1297 45
1301 45
1302 45
1303 45
1304 45
1305 45
1306 45
1313 5
1314 5
1316 5
1317 5
1319 5
1320 5
1321 5
1323 5
1324 5
1325 5
1329 5
1330 5
1331 5
1332 5
1333 5
1334 5
1375 48
1376 48
1377 48
1378 48
1379 48
1381 48
1382 48
1383 48
1384 48
1385 48
1386 48
1387 48
1388 30
1392 30
1393 30
1394 30
1400 30
1401 30
1402 60
1406 30
1407 30
1410 30
1411 30
1412 30
1414 30
1415 30
1416 30
1420 30
1421 30
1422 30
1423 30
1424 30
1425 30
1432 2
1433 2
1435 2
1436 2
1438 2
1439 2
1440 2
1442 2
1443 2
1444 2
1448 2
1449 2
1450 2
1451 2
1452 2
1453 2
1494 76
1495 76
1496 76
1497 76
1498 76
1500 76
1501 76
1502 76
1503 76
1504 76
1505 76
1506 76
1507 38
1511 38
1512 38
1513 38
1519 38
1520 38
1521 76
1525 38
1526 38
1529 38
1530 38
1531 38
1533 38
1534 38
1535 38
1539 38
1540 38
1541 38
1542 38
1543 38
1544 38
1551 8
1552 8
1554 8
1555 8
1557 8
1558 8
1559 8
1561 8
1562 8
1563 8
1567 8
1568 8
1569 8
1570 8
1571 8
1572 8
1613 65
1614 65
1615 65
1616 65
1617 65
1619 65
1620 65
1621 65
1622 65
1623 65
1624 65
1625 65
1626 23
1630 23
1631 23
1632 23
1638 23
1639 23
1640 46
1644 24
1645 24
1648 24
1649 24
1650 24
1652 24
1653 24
1654 24
1658 24
1659 24
1660 24
1661 24
1662 24
1663 24
1670 6
1671 6
1673 6
1674 6
1676 6
1677 6
1678 6
1680 6
1681 6
1682 6
1686 6
1687 6
1688 6
1689 6
1690 6
1691 6
1698 1
1699 1
1700 1
1732 64
1733 64
1734 64
1735 64
1736 64
1738 64
1739 64
1740 64
1741 64
1742 64
1743 64
1744 64
1745 36
1749 36
1750 36
1751 36
1757 36
1758 36
1759 72
1763 38
1764 38
1767 38
1768 38
1769 38
1771 38
1772 38
1773 38
1777 38
1778 38
1779 38
1780 38
1781 38
1782 38
1789 5
1790 5
1792 5
1793 5
1795 5
1796 5
1797 5
1799 5
1800 5
1801 5
1805 5
1806 5
1807 5
1808 5
1809 5
1810 5
1817 2
1818 2
1819 2
1851 72
1852 72
1853 72
1854 72
1855 72
1857 72
1858 72
1859 72
1860 72
1861 72
1862 72
1863 72
1864 41
1868 41
1869 41
1870 41
1876 41
1877 41
1878 82
1882 42
1883 42
1886 42
1887 42
1888 42
1890 42
1891 42
1892 42
1896 42
1897 42
1898 42
1899 42
1900 42
1901 42
1908 2
1909 2
1911 2
1912 2
1914 2
1915 2
1916 2
1918 2
1919 2
1920 2
1924 2
1925 2
1926 2
1927 2
1928 2
1929 2
1936 1
1937 1
1938 1
1970 97
1971 97
1972 97
1973 97
1974 97
1976 97
1977 97
1978 97
1979 97
1980 97
1981 97
1982 97
1984 38
1988 38
1989 38
1990 38
1996 38
1997 38
1999 76
2003 38
2004 38
2007 38
2008 38
2009 38
2011 38
2012 38
2013 38
2017 38
2018 38
2019 38
2020 38
2021 38
2022 38
2029 5
2030 5
2032 5
2033 5
2035 5
2036 5
2037 5
2039 5
2040 5
2041 5
2045 5
2046 5
2047 5
2048 5
2049 5
2050 5
2093 389
2095 732
2096 732
2097 732
2098 732
2099 774
2104 1886
2110 1886
2111 1886
2119 1886
2120 1886
fn=strncmp
98 1
125 1
126 1
127 1
128 1
129 1
131 1
132 1
134 1
135 1
156 1
157 1
158 1
159 1
160 1
161 1
162 1
163 1
180 1
181 1
182 1
183 1
184 1
185 1
186 1
2104 1
2107 1
2108 1
2110 1
2111 1
2119 1
2120 1
fl=/usr/src/debug/glibc-2.41-5.fc42.x86_64/string/../sysdeps/x86_64/multiarch/../multiarch/strlen-sse2.S
fn=strlen
57 62
101 62
102 62
103 62
104 62
105 62
106 62
107 62
109 62
111 62
142 62
143 62
144 62
145 62
146 62
147 24
149 24
153 38
154 38
155 38
156 38
157 38
158 38
159 38
160 38
161 38
162 38
163 38
164 38
169 304
fl=/usr/src/debug/glibc-2.41-5.fc42.x86_64/string/../sysdeps/x86_64/multiarch/ifunc-avx2.h
fn=memrchr
38 3
40 4
41 2
42 3
46 4
49 3
52 5
fn=rindex
38 9
40 12
41 6
42 9
46 12
49 9
52 15
fn=strchrnul
38 3
40 4
41 2
42 3
46 4
49 3
52 5
fn=strlen
38 21
40 28
41 14
42 21
46 28
49 21
52 35
fn=strnlen
38 9
40 12
41 6
42 9
46 12
49 9
52 15
fl=/usr/src/debug/glibc-2.41-5.fc42.x86_64/string/../sysdeps/x86_64/multiarch/ifunc-evex.h
fn=memchr
37 9
38 12
39 9
43 6
51 9
54 12
fl=/usr/src/debug/glibc-2.41-5.fc42.x86_64/string/../sysdeps/x86_64/multiarch/ifunc-memcmp.h
fn=bcmp
34 28
35 8
37 12
41 8
44 12
47 20
fl=/usr/src/debug/glibc-2.41-5.fc42.x86_64/string/../sysdeps/x86_64/multiarch/ifunc-memmove.h
fn=memcpy@@GLIBC_2.14
56 27
57 18
60 27
61 18
74 18
77 18
85 18
93 18
96 45
fn=memmove
56 27
57 18
60 27
61 18
74 18
77 18
85 18
93 18
96 45
fn=mempcpy
56 3
57 2
60 3
61 2
74 2
77 2
85 2
93 2
96 5
fl=/usr/src/debug/glibc-2.41-5.fc42.x86_64/string/../sysdeps/x86_64/multiarch/ifunc-memset.h
fn=memset
52 8
53 16
61 40
64 24
65 16
80 16
84 32
92 16
100 16
fl=/usr/src/debug/glibc-2.41-5.fc42.x86_64/string/../sysdeps/x86_64/multiarch/ifunc-sse4_2.h
fn=strcspn
36 5
fn=strpbrk
36 5
fn=strspn
36 5
fl=/usr/src/debug/glibc-2.41-5.fc42.x86_64/string/../sysdeps/x86_64/multiarch/ifunc-strcasecmp.h
fn=strcasecmp
36 2
37 8
38 6
42 8
45 6
48 8
fn=strcasecmp_l
36 1
37 4
38 3
42 4
45 3
48 4
fn=strncasecmp
36 3
37 12
38 9
42 12
45 9
48 12
fn=strncasecmp_l
36 1
37 4
38 3
42 4
45 3
48 4
fl=/usr/src/debug/glibc-2.41-5.fc42.x86_64/string/../sysdeps/x86_64/multiarch/ifunc-strcpy.h
fn=stpcpy
38 4
39 3
43 4
46 3
49 3
fn=strcat
38 4
39 3
43 4
46 3
49 3
fn=strcpy
38 8
39 6
43 8
46 6
49 6
fl=/usr/src/debug/glibc-2.41-5.fc42.x86_64/string/../sysdeps/x86_64/multiarch/ifunc-strncpy.h
fn=stpncpy
35 5
36 3
40 4
43 3
46 5
fn=strncat
35 5
36 3
40 4
43 3
46 5
fn=strncpy
35 15
36 9
40 12
43 9
46 15
fl=/usr/src/debug/glibc-2.41-5.fc42.x86_64/string/../sysdeps/x86_64/multiarch/memchr.c
fn=memchr
29 6
fl=/usr/src/debug/glibc-2.41-5.fc42.x86_64/string/../sysdeps/x86_64/multiarch/memcmp.c
fn=bcmp
29 12
fl=/usr/src/debug/glibc-2.41-5.fc42.x86_64/string/../sysdeps/x86_64/multiarch/memcpy.c
fn=memcpy@@GLIBC_2.14
29 9
fl=/usr/src/debug/glibc-2.41-5.fc42.x86_64/string/../sysdeps/x86_64/multiarch/memmove-vec-unaligned-erms.S
fn=__memcpy_avx_unaligned_erms
255 1208
256 1208
262 1208
263 1208
265 1205
266 1205
267 1205
305 3
306 3
308 3
309 3
364 3
365 3
366 3
367 3
368 3
386 1205
387 1205
392 1
393 1
417 1
418 1
422 1
424 1
428 1
429 1
440 1
443 1
445 1
447 1
451 1
452 1
518 1
519 1
521 1
522 1
523 1
525 1
527 1
529 2
535 2
536 2
537 2
538 2
539 2
540 2
541 2
542 2
543 2
544 2
545 2
546 2
548 1
549 1
550 1
551 1
553 1
554 2
563 1204
570 1204
571 1204
577 225
580 225
582 225
585 225
586 225
588 225
590 81492041
592 225
594 225
596 450
601 1204
602 1204
606 1204
608 1204
611 1204
615 1204
616 1204
620 1204
624 1204
648 979
650 979
652 979
654 979
657 979
658 979
660 319544339
663 979
665 979
667 1958
fn=memcpy
210 65
211 65
217 80
218 80
220 66
221 66
222 66
224 57
225 57
226 57
228 57
308 14
309 14
311 1
315 1
316 1
317 1
318 1
319 1
323 1
325 1
364 13
365 13
366 13
367 13
368 13
375 4
376 4
377 4
378 4
379 4
380 4
381 4
392 9
393 9
395 9
396 9
397 9
399 5
400 5
401 5
402 5
403 5
404 5
405 5
406 5
407 5
408 5
409 5
410 5
411 5
412 5
413 5
fn=mempcpy
197 15
198 15
199 15
200 15
fl=/usr/src/debug/glibc-2.41-5.fc42.x86_64/string/../sysdeps/x86_64/multiarch/memmove.c
fn=memmove
29 9
fl=/usr/src/debug/glibc-2.41-5.fc42.x86_64/string/../sysdeps/x86_64/multiarch/mempcpy.c
fn=mempcpy
33 1
fl=/usr/src/debug/glibc-2.41-5.fc42.x86_64/string/../sysdeps/x86_64/multiarch/memrchr.c
fn=memrchr
29 1
fl=/usr/src/debug/glibc-2.41-5.fc42.x86_64/string/../sysdeps/x86_64/multiarch/memset-vec-unaligned-erms.S
fn=???
194 4
fn=__memset_avx2_unaligned_erms
198 442
199 884
204 442
205 442
206 441
207 441
208 441
229 441
230 441
236 4
237 4
249 4
252 4
253 4
265 4
266 4
279 4
280 4
282 4
285 4
288 4
291 7
292 7
293 7
294 7
295 7
296 7
297 11
300 4
301 4
302 4
303 4
306 8
321 437
322 437
323 437
324 437
325 437
326 26697909
331 437
333 874
341 1
350 1
351 1
382 1
383 1
384 1
fn=__memset_chk_avx2_unaligned_erms
192 1
193 1
194 1
fl=/usr/src/debug/glibc-2.41-5.fc42.x86_64/string/../sysdeps/x86_64/multiarch/memset.c
fn=memset
29 16
fl=/usr/src/debug/glibc-2.41-5.fc42.x86_64/string/../sysdeps/x86_64/multiarch/stpcpy.c
fn=stpcpy
33 2
fl=/usr/src/debug/glibc-2.41-5.fc42.x86_64/string/../sysdeps/x86_64/multiarch/stpncpy.c
fn=stpncpy
31 1
fn=strcasecmp
31 2
fl=/usr/src/debug/glibc-2.41-5.fc42.x86_64/string/../sysdeps/x86_64/multiarch/strcasecmp.c
fn=strcasecmp
31 4
fl=/usr/src/debug/glibc-2.41-5.fc42.x86_64/string/../sysdeps/x86_64/multiarch/strcasecmp_l.c
fn=strcasecmp_l
31 3
fl=/usr/src/debug/glibc-2.41-5.fc42.x86_64/string/../sysdeps/x86_64/multiarch/strcat.c
fn=strcat
29 2
fl=/usr/src/debug/glibc-2.41-5.fc42.x86_64/string/../sysdeps/x86_64/multiarch/strchr-avx2.S
fn=__strchr_avx2
53 1
55 1
56 1
57 1
58 1
59 1
62 1
63 1
67 1
68 1
69 1
70 1
71 1
72 1
73 1
74 1
77 1
85 1
93 1
94 2
fn=__strchrnul_avx2
53 6
55 6
56 6
57 6
58 6
59 6
62 6
63 6
67 6
68 6
69 6
70 6
71 6
72 6
73 6
74 6
87 6
89 12
fl=/usr/src/debug/glibc-2.41-5.fc42.x86_64/string/../sysdeps/x86_64/multiarch/strchr.c
fn=index
42 8
43 16
44 12
48 16
51 12
54 12
65 8
fl=/usr/src/debug/glibc-2.41-5.fc42.x86_64/string/../sysdeps/x86_64/multiarch/strchrnul.c
fn=strchrnul
31 1
fl=/usr/src/debug/glibc-2.41-5.fc42.x86_64/string/../sysdeps/x86_64/multiarch/strcmp-avx2.S
fn=__strcmp_avx2
206 12
249 12
274 12
275 12
276 12
278 12
279 12
283 12
287 12
289 12
291 12
294 12
303 12
304 12
308 12
318 12
319 12
322 12
326 24
953 12
954 12
fn=__strncmp_avx2
206 4
230 4
235 4
249 4
274 4
275 4
276 4
278 4
279 4
283 4
287 4
289 4
291 4
294 4
296 4
297 4
308 4
318 4
319 4
322 4
326 8
331 4
332 4
333 4
957 2
958 2
959 2
960 2
962 2
965 2
966 2
1076 2
1077 2
fl=/usr/src/debug/glibc-2.41-5.fc42.x86_64/string/../sysdeps/x86_64/multiarch/strcmp.c
fn=strcmp
47 4
48 16
49 12
53 16
56 12
59 12
79 8
fl=/usr/src/debug/glibc-2.41-5.fc42.x86_64/string/../sysdeps/x86_64/multiarch/strcpy-avx2.S
fn=__strcpy_avx2
64 1
65 1
72 1
73 1
74 1
75 1
78 1
80 1
81 1
82 1
84 1
85 1
156 1
157 1
158 1
159 1
164 1
166 1
167 1
168 1
169 1
171 1
172 1
174 1
175 1
176 1
177 1
179 1
180 1
182 1
183 1
184 1
185 1
187 1
188 1
189 1
190 1
191 1
192 1
194 1
198 1
199 1
200 1
204 1
205 1
206 1
207 1
209 1
210 1
211 1
212 1
213 1
214 1
216 1
217 2
222 2
223 2
224 2
225 2
226 2
229 2
230 2
231 2
232 2
234 2
235 2
236 2
237 2
239 2
240 2
241 2
242 2
245 1
246 1
247 1
248 1
274 1
275 1
276 1
281 2
fl=/usr/src/debug/glibc-2.41-5.fc42.x86_64/string/../sysdeps/x86_64/multiarch/strcpy.c
fn=strcpy
29 4
fl=/usr/src/debug/glibc-2.41-5.fc42.x86_64/string/../sysdeps/x86_64/multiarch/strcspn.c
fn=strcspn
29 2
fl=/usr/src/debug/glibc-2.41-5.fc42.x86_64/string/../sysdeps/x86_64/multiarch/strlen-avx2.S
fn=__strlen_avx2
52 7
65 7
66 7
67 7
70 7
72 7
73 7
76 7
77 7
85 7
86 7
87 6
92 12
221 1
236 1
242 1
243 1
244 1
246 1
247 1
248 1
249 1
251 1
252 1
253 1
254 1
256 1
257 1
258 1
259 1
277 1
278 2
292 3
293 3
294 3
295 3
297 3
298 3
299 3
301 3
302 3
303 3
306 1
307 1
308 1
309 1
310 1
381 1
382 1
383 1
388 2
fl=/usr/src/debug/glibc-2.41-5.fc42.x86_64/string/../sysdeps/x86_64/multiarch/strlen.c
fn=strlen
29 7
fl=/usr/src/debug/glibc-2.41-5.fc42.x86_64/string/../sysdeps/x86_64/multiarch/strncase.c
fn=strncasecmp
31 9
fl=/usr/src/debug/glibc-2.41-5.fc42.x86_64/string/../sysdeps/x86_64/multiarch/strncase_l.c
fn=strncasecmp_l
31 3
fl=/usr/src/debug/glibc-2.41-5.fc42.x86_64/string/../sysdeps/x86_64/multiarch/strncat.c
fn=strncat
29 1
fl=/usr/src/debug/glibc-2.41-5.fc42.x86_64/string/../sysdeps/x86_64/multiarch/strncmp.c
fn=strncmp
43 4
44 16
45 12
49 16
52 12
55 16
67 12
fl=/usr/src/debug/glibc-2.41-5.fc42.x86_64/string/../sysdeps/x86_64/multiarch/strncpy.c
fn=strncpy
29 3
fl=/usr/src/debug/glibc-2.41-5.fc42.x86_64/string/../sysdeps/x86_64/multiarch/strnlen.c
fn=strnlen
31 3
fl=/usr/src/debug/glibc-2.41-5.fc42.x86_64/string/../sysdeps/x86_64/multiarch/strpbrk.c
fn=strpbrk
29 2
fl=/usr/src/debug/glibc-2.41-5.fc42.x86_64/string/../sysdeps/x86_64/multiarch/strrchr-avx2.S
fn=__strrchr_avx2
53 6
54 6
55 6
57 6
58 6
62 6
63 6
64 6
67 6
69 6
70 6
71 6
72 6
75 4
76 4
78 4
79 4
80 4
91 8
137 2
138 2
139 2
143 2
144 2
145 2
146 2
150 4
156 2
159 2
160 2
161 2
162 2
163 2
164 2
166 2
167 2
168 2
169 2
170 2
fl=/usr/src/debug/glibc-2.41-5.fc42.x86_64/string/../sysdeps/x86_64/multiarch/strrchr.c
fn=rindex
28 3
fl=/usr/src/debug/glibc-2.41-5.fc42.x86_64/string/../sysdeps/x86_64/multiarch/strspn.c
fn=strspn
29 2
fl=/usr/src/debug/glibc-2.41-5.fc42.x86_64/string/../sysdeps/x86_64/multiarch/strstr.c
fn=strstr
44 7
fl=/usr/src/debug/glibc-2.41-5.fc42.x86_64/string/strdup.c
fn=strdup
40 72
41 24
44 24
47 48
48 36
fl=/usr/src/debug/glibc-2.41-5.fc42.x86_64/time/../sysdeps/unix/sysv/linux/gettimeofday.c
fn=__gettimeofday_syscall
33 1
34 2
36 4
37 1
fn=gettimeofday
41 7
fl=/usr/src/debug/glibc-2.41-5.fc42.x86_64/time/../sysdeps/unix/sysv/linux/time.c
fn=time
37 7
fn=time_syscall
31 3
32 12
33 3
fl=/usr/src/debug/glibc-2.41-5.fc42.x86_64/wcsmbs/../sysdeps/x86_64/multiarch/ifunc-avx2.h
fn=wcschr
38 6
40 8
41 4
42 6
46 8
49 6
52 10
fn=wcscmp
38 3
40 4
41 2
42 3
46 4
49 3
52 5
fl=/usr/src/debug/glibc-2.41-5.fc42.x86_64/wcsmbs/../sysdeps/x86_64/multiarch/ifunc-evex.h
fn=wmemchr
37 6
38 8
39 6
43 4
51 6
54 8
fl=/usr/src/debug/glibc-2.41-5.fc42.x86_64/wcsmbs/../sysdeps/x86_64/multiarch/ifunc-memcmp.h
fn=wmemcmp
34 7
35 2
37 3
41 2
44 3
47 5
fl=/usr/src/debug/glibc-2.41-5.fc42.x86_64/wcsmbs/../sysdeps/x86_64/multiarch/ifunc-wcs.h
fn=wcpncpy
39 2
40 4
41 3
45 2
48 4
fn=wcscat
39 2
40 4
41 3
45 2
48 4
fn=wcsncpy
39 2
40 4
41 3
45 2
48 4
fl=/usr/src/debug/glibc-2.41-5.fc42.x86_64/wcsmbs/../sysdeps/x86_64/multiarch/ifunc-wcslen.h
fn=wcslen
40 1
41 4
42 3
46 4
49 3
52 3
fn=wcsnlen
40 1
41 4
42 3
46 4
49 3
52 3
fl=/usr/src/debug/glibc-2.41-5.fc42.x86_64/wcsmbs/../sysdeps/x86_64/multiarch/ifunc-wmemset.h
fn=wmemset
36 10
37 6
fl=/usr/src/debug/glibc-2.41-5.fc42.x86_64/wcsmbs/../sysdeps/x86_64/multiarch/wcpncpy.c
fn=wcpncpy
31 3
fl=/usr/src/debug/glibc-2.41-5.fc42.x86_64/wcsmbs/../sysdeps/x86_64/multiarch/wcscat.c
fn=wcscat
31 3
fl=/usr/src/debug/glibc-2.41-5.fc42.x86_64/wcsmbs/../sysdeps/x86_64/multiarch/wcschr.c
fn=wcschr
31 2
fl=/usr/src/debug/glibc-2.41-5.fc42.x86_64/wcsmbs/../sysdeps/x86_64/multiarch/wcscmp.c
fn=wcscmp
30 1
fl=/usr/src/debug/glibc-2.41-5.fc42.x86_64/wcsmbs/../sysdeps/x86_64/multiarch/wcscpy.c
fn=wcscpy
42 2
43 4
44 3
47 3
50 3
60 2
fl=/usr/src/debug/glibc-2.41-5.fc42.x86_64/wcsmbs/../sysdeps/x86_64/multiarch/wcslen.c
fn=wcslen
29 2
fl=/usr/src/debug/glibc-2.41-5.fc42.x86_64/wcsmbs/../sysdeps/x86_64/multiarch/wcsncpy.c
fn=wcsncpy
31 3
fl=/usr/src/debug/glibc-2.41-5.fc42.x86_64/wcsmbs/../sysdeps/x86_64/multiarch/wcsnlen.c
fn=wcsnlen
30 2
fl=/usr/src/debug/glibc-2.41-5.fc42.x86_64/wcsmbs/../sysdeps/x86_64/multiarch/wmemchr.c
fn=wmemchr
31 4
fl=/usr/src/debug/glibc-2.41-5.fc42.x86_64/wcsmbs/../sysdeps/x86_64/multiarch/wmemcmp.c
fn=wmemcmp
29 3
fl=/usr/src/debug/glibc-2.41-5.fc42.x86_64/wcsmbs/../sysdeps/x86_64/multiarch/wmemset.c
fn=wmemset
31 4
fl=/usr/src/debug/libsndfile-1.2.2-8.fc42.x86_64/src/common.c
fn=psf_binheader_writef
490 156
491 195
492 267
493 285
503 60
509 12
510 60
529 105
530 42
531 42
557 48
558 60
559 48
569 594
578 60
583 180
585 444
587 324
590 651
595 3
596 3
611 144
623 96
624 24
630 12
631 12
645 168
646 42
656 96
657 36
661 60
668 42
673 60
679 27
680 6
681 6
683 6
684 3
685 3
686 3
814 360
fn=psf_log_printf
96 86
97 89
98 56
105 40
110 12
112 106
113 40
118 4
124 2
125 2
127 16
145 6
148 10
152 2
153 18
156 4
157 4
162 16
168 8
169 2
171 2
172 1
174 3
175 2
176 2
179 27
180 20
181 2
244 8
246 2
247 4
392 22
fn=psf_rand_int32
1473 4
1476 5
1480 3
1481 6
1487 3
1488 27
1489 24
1492 5
fn=sf_open
45 5
48 7
52 1
fl=/usr/src/debug/libsndfile-1.2.2-8.fc42.x86_64/src/common.h
fn=wav_open
233 5
fl=/usr/src/debug/libsndfile-1.2.2-8.fc42.x86_64/src/double64.c
fn=double64_init
92 4
94 5
101 2
103 4
174 4
175 10
177 1
178 2
182 1
245 4
246 1
252 1
254 1
255 2
466 17
470 2
481 3
fn=double64_peak_update
435 11
439 7
440 3
441 4
442 37546743
443 62577900
444 728
445 182
448 4
449 1
450 7
455 5
fn=host_write_d
770 6
774 2
775 8
777 2
796 6
fl=/usr/src/debug/libsndfile-1.2.2-8.fc42.x86_64/src/file_io.c
fn=host_write_d
389 2
fn=psf_close
139 3
142 3
147 1
150 1
263 1
452 5
455 5
fn=psf_copy_filename
81 9
84 4
90 11
93 1
99 10
102 1
104 2
105 6
fn=psf_fseek
306 49
308 21
312 21
318 14
320 7
321 7
335 42
337 21
340 14
341 14
fn=psf_ftell
430 15
432 9
435 9
438 18
440 9
445 3
446 9
fn=psf_fwrite.part.0
385 48
386 4
390 4
392 12
393 8
398 12
401 8
403 12
405 12
407 8
415 8
418 4
419 4
422 12
425 12
426 32
fn=psf_get_filelen
218 14
220 6
225 4
230 4
235 6
237 2
238 2
259 10
518 14
521 2
fn=psf_is_pipe
488 7
490 3
493 7
499 9
503 6
fn=psf_open_fd.lto_priv.0
568 1
581 4
fn=sf_open
120 1
121 3
123 2
129 2
546 1
547 1
614 3
fn=sf_write_sync
626 4
627 2
fn=wav_write_header
389 18
fl=/usr/src/debug/libsndfile-1.2.2-8.fc42.x86_64/src/float32.c
fn=float32_le_write
312 18
316 18
319 4
324 4
326 3
328 1
329 3
334 2
337 11
339 3
340 2
343 15
fl=/usr/src/debug/libsndfile-1.2.2-8.fc42.x86_64/src/sndfile.c
fn=psf_close
2965 7
2968 3
2974 3
2975 2
2981 2
2982 2
2983 2
2984 2
2985 2
2986 2
2987 2
2988 2
2989 2
2990 2
2991 2
2992 2
2993 2
2995 3
2998 2
2999 2
3000 2
3001 2
3003 2
3006 7
fn=psf_open_file
2921 3
2923 3
2925 4
2927 3
2929 2
2931 3
2939 3
2943 3
2947 6
3010 11
3012 1
3013 1
3015 3
3020 5
3025 2
3030 2
3041 2
3043 1
3045 2
3046 2
3048 1
3050 1
3051 1
3052 2
3053 2
3057 2
3059 1
3061 3
3063 2
3068 1
3071 3
3074 4
3098 3
3101 5
3103 3
3107 3
3111 2
3116 4
3130 2
3133 9
3157 1
3158 1
3162 18
3165 3
3166 1
3283 2
3287 2
3288 2
3311 2
3329 2
3331 2
3338 2
3340 1
3341 1
3345 2
3372 11
fn=sf_close
518 1
520 11
522 1
fn=sf_format_check
654 1
656 2
664 4
667 3
670 17
673 4
674 2
675 3
677 3
679 2
681 2
683 3
685 3
fn=sf_open
349 10
369 5
424 5
430 1
431 2
432 1
436 3
437 5
fn=sf_write_sync
527 1
529 2
fn=sf_writef_double
2633 8
2636 2
2639 11
2641 2
2646 2
2651 5
2656 2
2660 6
2661 7
2664 1
2666 6
2668 7
2670 1
2672 2
2673 1
2674 1
2677 4
2681 5
fl=/usr/src/debug/libsndfile-1.2.2-8.fc42.x86_64/src/wav.c
fn=wav_close
1286 2
1287 1
1289 5
1290 5
1291 3
1294 2
1295 3
1299 4
1303 5
1306 2
1310 3
1318 4
1319 4
1322 2
1336 3
1340 3
fn=wav_open
163 12
164 2
166 5
168 2
170 1
171 1
173 5
182 2
184 6
185 3
188 1
190 2
191 4
192 1
194 4
197 1
201 4
203 2
204 1
206 2
207 1
214 2
218 3
226 5
227 3
229 1
232 2
233 2
236 2
237 2
239 7
261 4
295 3
296 7
299 7
fn=wav_write_header
788 3
790 33
810 24
812 21
814 27
1011 3
1134 21
1142 33
1145 6
1147 3
1150 6
1151 3
1153 3
1155 3
1156 3
1162 6
1163 3
1164 12
1174 6
1175 35
1180 18
1183 15
1199 6
1202 15
1203 9
1205 6
1208 6
1211 9
1222 9
1252 9
1255 15
1261 27
1262 3
1263 9
1266 11
1271 2
1274 6
1275 2
1276 4
1278 4
1279 24
fl=/usr/src/debug/libsndfile-1.2.2-8.fc42.x86_64/src/wavlike.c
fn=wavlike_write_peak_chunk
1255 18
1257 6
1260 18
1261 24
1262 30
1263 21
1264 12
fl=???
fn=(below main)
0 12
fn=???
0 214936
summary: 551893728
