==816887== Memcheck, a memory error detector
==816887== Copyright (C) 2002-2024, and GNU GPL'd, by Julian Seward et al.
==816887== Using Valgrind-3.25.0 and LibVEX; rerun with -h for copyright info
==816887== Command: /home/acm/Documents/heig/HPC/lab/dtmf/code/bin/dtmf_encdec-fft decode output.wav
==816887== Parent PID: 815752
==816887== 
==816887== 
==816887== HEAP SUMMARY:
==816887==     in use at exit: 186,904 bytes in 2,089 blocks
==816887==   total heap usage: 223,509 allocs, 221,420 frees, 528,529,400 bytes allocated
==816887== 
==816887== 16 bytes in 1 blocks are still reachable in loss record 1 of 91
==816887==    at 0x4846C8F: memalign (vg_replace_malloc.c:2020)
==816887==    by 0x49F097C: fftw_malloc_plain (alloc.c:28)
==816887==    by 0x49F3B04: fftw_mksolver (solver.c:26)
==816887==    by 0x49F3E70: UnknownInlinedFun (indirect-transpose.c:227)
==816887==    by 0x49F3E70: fftw_dft_indirect_transpose_register (indirect-transpose.c:233)
==816887==    by 0x49F4022: fftw_solvtab_exec (solvtab.c:29)
==816887==    by 0x49F901E: fftw_dft_conf_standard (conf.c:42)
==816887==    by 0x4AB9054: fftw_configure_planner (configure.c:28)
==816887==    by 0x4AB967F: fftw_the_planner (the-planner.c:30)
==816887==    by 0x4AB96C1: fftw_mkapiplan (apiplan.c:100)
==816887==    by 0x4ABCCFE: fftw_plan_dft (plan-dft.c:26)
==816887==    by 0x4ABCEBB: fftw_plan_dft_1d (plan-dft-1d.c:26)
==816887==    by 0x400F42: fft_detect (dtmf_decode_fft.c:52)
==816887== 
==816887== 16 bytes in 1 blocks are still reachable in loss record 2 of 91
==816887==    at 0x4846C8F: memalign (vg_replace_malloc.c:2020)
==816887==    by 0x49F097C: fftw_malloc_plain (alloc.c:28)
==816887==    by 0x49F3B04: fftw_mksolver (solver.c:26)
==816887==    by 0x49F3DD0: UnknownInlinedFun (generic.c:162)
==816887==    by 0x49F3DD0: fftw_dft_generic_register (generic.c:168)
==816887==    by 0x49F4022: fftw_solvtab_exec (solvtab.c:29)
==816887==    by 0x49F901E: fftw_dft_conf_standard (conf.c:42)
==816887==    by 0x4AB9054: fftw_configure_planner (configure.c:28)
==816887==    by 0x4AB967F: fftw_the_planner (the-planner.c:30)
==816887==    by 0x4AB96C1: fftw_mkapiplan (apiplan.c:100)
==816887==    by 0x4ABCCFE: fftw_plan_dft (plan-dft.c:26)
==816887==    by 0x4ABCEBB: fftw_plan_dft_1d (plan-dft-1d.c:26)
==816887==    by 0x400F42: fft_detect (dtmf_decode_fft.c:52)
==816887== 
==816887== 16 bytes in 1 blocks are still reachable in loss record 3 of 91
==816887==    at 0x4846C8F: memalign (vg_replace_malloc.c:2020)
==816887==    by 0x49F097C: fftw_malloc_plain (alloc.c:28)
==816887==    by 0x49F3B04: fftw_mksolver (solver.c:26)
==816887==    by 0x49F3EF0: UnknownInlinedFun (rader.c:320)
==816887==    by 0x49F3EF0: fftw_dft_rader_register (rader.c:326)
==816887==    by 0x49F4022: fftw_solvtab_exec (solvtab.c:29)
==816887==    by 0x49F901E: fftw_dft_conf_standard (conf.c:42)
==816887==    by 0x4AB9054: fftw_configure_planner (configure.c:28)
==816887==    by 0x4AB967F: fftw_the_planner (the-planner.c:30)
==816887==    by 0x4AB96C1: fftw_mkapiplan (apiplan.c:100)
==816887==    by 0x4ABCCFE: fftw_plan_dft (plan-dft.c:26)
==816887==    by 0x4ABCEBB: fftw_plan_dft_1d (plan-dft-1d.c:26)
==816887==    by 0x400F42: fft_detect (dtmf_decode_fft.c:52)
==816887== 
==816887== 16 bytes in 1 blocks are still reachable in loss record 4 of 91
==816887==    at 0x4846C8F: memalign (vg_replace_malloc.c:2020)
==816887==    by 0x49F097C: fftw_malloc_plain (alloc.c:28)
==816887==    by 0x49F3B04: fftw_mksolver (solver.c:26)
==816887==    by 0x49F3D40: UnknownInlinedFun (bluestein.c:243)
==816887==    by 0x49F3D40: fftw_dft_bluestein_register (bluestein.c:249)
==816887==    by 0x49F4022: fftw_solvtab_exec (solvtab.c:29)
==816887==    by 0x49F901E: fftw_dft_conf_standard (conf.c:42)
==816887==    by 0x4AB9054: fftw_configure_planner (configure.c:28)
==816887==    by 0x4AB967F: fftw_the_planner (the-planner.c:30)
==816887==    by 0x4AB96C1: fftw_mkapiplan (apiplan.c:100)
==816887==    by 0x4ABCCFE: fftw_plan_dft (plan-dft.c:26)
==816887==    by 0x4ABCEBB: fftw_plan_dft_1d (plan-dft-1d.c:26)
==816887==    by 0x400F42: fft_detect (dtmf_decode_fft.c:52)
==816887== 
==816887== 16 bytes in 1 blocks are still reachable in loss record 5 of 91
==816887==    at 0x4846C8F: memalign (vg_replace_malloc.c:2020)
==816887==    by 0x49F097C: fftw_malloc_plain (alloc.c:28)
==816887==    by 0x49F3B04: fftw_mksolver (solver.c:26)
==816887==    by 0x49F3EB0: UnknownInlinedFun (nop.c:80)
==816887==    by 0x49F3EB0: fftw_dft_nop_register (nop.c:85)
==816887==    by 0x49F4022: fftw_solvtab_exec (solvtab.c:29)
==816887==    by 0x49F901E: fftw_dft_conf_standard (conf.c:42)
==816887==    by 0x4AB9054: fftw_configure_planner (configure.c:28)
==816887==    by 0x4AB967F: fftw_the_planner (the-planner.c:30)
==816887==    by 0x4AB96C1: fftw_mkapiplan (apiplan.c:100)
==816887==    by 0x4ABCCFE: fftw_plan_dft (plan-dft.c:26)
==816887==    by 0x4ABCEBB: fftw_plan_dft_1d (plan-dft-1d.c:26)
==816887==    by 0x400F42: fft_detect (dtmf_decode_fft.c:52)
==816887== 
==816887== 16 bytes in 1 blocks are still reachable in loss record 6 of 91
==816887==    at 0x4846C8F: memalign (vg_replace_malloc.c:2020)
==816887==    by 0x49F097C: fftw_malloc_plain (alloc.c:28)
==816887==    by 0x49F3B04: fftw_mksolver (solver.c:26)
==816887==    by 0x4A302E0: UnknownInlinedFun (nop.c:76)
==816887==    by 0x4A302E0: fftw_rdft_nop_register (nop.c:81)
==816887==    by 0x49F4022: fftw_solvtab_exec (solvtab.c:29)
==816887==    by 0x4A3076E: fftw_rdft_conf_standard (conf.c:56)
==816887==    by 0x4AB905C: fftw_configure_planner (configure.c:29)
==816887==    by 0x4AB967F: fftw_the_planner (the-planner.c:30)
==816887==    by 0x4AB96C1: fftw_mkapiplan (apiplan.c:100)
==816887==    by 0x4ABCCFE: fftw_plan_dft (plan-dft.c:26)
==816887==    by 0x4ABCEBB: fftw_plan_dft_1d (plan-dft-1d.c:26)
==816887==    by 0x400F42: fft_detect (dtmf_decode_fft.c:52)
==816887== 
==816887== 16 bytes in 1 blocks are still reachable in loss record 7 of 91
==816887==    at 0x4846C8F: memalign (vg_replace_malloc.c:2020)
==816887==    by 0x49F097C: fftw_malloc_plain (alloc.c:28)
==816887==    by 0x49F3B04: fftw_mksolver (solver.c:26)
==816887==    by 0x4A2A9C0: UnknownInlinedFun (dft-r2hc.c:187)
==816887==    by 0x4A2A9C0: fftw_dft_r2hc_register (dft-r2hc.c:193)
==816887==    by 0x49F4022: fftw_solvtab_exec (solvtab.c:29)
==816887==    by 0x4A3076E: fftw_rdft_conf_standard (conf.c:56)
==816887==    by 0x4AB905C: fftw_configure_planner (configure.c:29)
==816887==    by 0x4AB967F: fftw_the_planner (the-planner.c:30)
==816887==    by 0x4AB96C1: fftw_mkapiplan (apiplan.c:100)
==816887==    by 0x4ABCCFE: fftw_plan_dft (plan-dft.c:26)
==816887==    by 0x4ABCEBB: fftw_plan_dft_1d (plan-dft-1d.c:26)
==816887==    by 0x400F42: fft_detect (dtmf_decode_fft.c:52)
==816887== 
==816887== 16 bytes in 1 blocks are still reachable in loss record 8 of 91
==816887==    at 0x4846C8F: memalign (vg_replace_malloc.c:2020)
==816887==    by 0x49F097C: fftw_malloc_plain (alloc.c:28)
==816887==    by 0x49F3B04: fftw_mksolver (solver.c:26)
==816887==    by 0x4A30410: UnknownInlinedFun (rdft-dht.c:213)
==816887==    by 0x4A30410: fftw_rdft_dht_register (rdft-dht.c:219)
==816887==    by 0x49F4022: fftw_solvtab_exec (solvtab.c:29)
==816887==    by 0x4A3076E: fftw_rdft_conf_standard (conf.c:56)
==816887==    by 0x4AB905C: fftw_configure_planner (configure.c:29)
==816887==    by 0x4AB967F: fftw_the_planner (the-planner.c:30)
==816887==    by 0x4AB96C1: fftw_mkapiplan (apiplan.c:100)
==816887==    by 0x4ABCCFE: fftw_plan_dft (plan-dft.c:26)
==816887==    by 0x4ABCEBB: fftw_plan_dft_1d (plan-dft-1d.c:26)
==816887==    by 0x400F42: fft_detect (dtmf_decode_fft.c:52)
==816887== 
==816887== 16 bytes in 1 blocks are still reachable in loss record 9 of 91
==816887==    at 0x4846C8F: memalign (vg_replace_malloc.c:2020)
==816887==    by 0x49F097C: fftw_malloc_plain (alloc.c:28)
==816887==    by 0x49F3B04: fftw_mksolver (solver.c:26)
==816887==    by 0x4A2AA00: UnknownInlinedFun (dht-r2hc.c:137)
==816887==    by 0x4A2AA00: fftw_dht_r2hc_register (dht-r2hc.c:143)
==816887==    by 0x49F4022: fftw_solvtab_exec (solvtab.c:29)
==816887==    by 0x4A3076E: fftw_rdft_conf_standard (conf.c:56)
==816887==    by 0x4AB905C: fftw_configure_planner (configure.c:29)
==816887==    by 0x4AB967F: fftw_the_planner (the-planner.c:30)
==816887==    by 0x4AB96C1: fftw_mkapiplan (apiplan.c:100)
==816887==    by 0x4ABCCFE: fftw_plan_dft (plan-dft.c:26)
==816887==    by 0x4ABCEBB: fftw_plan_dft_1d (plan-dft-1d.c:26)
==816887==    by 0x400F42: fft_detect (dtmf_decode_fft.c:52)
==816887== 
==816887== 16 bytes in 1 blocks are still reachable in loss record 10 of 91
==816887==    at 0x4846C8F: memalign (vg_replace_malloc.c:2020)
==816887==    by 0x49F097C: fftw_malloc_plain (alloc.c:28)
==816887==    by 0x49F3B04: fftw_mksolver (solver.c:26)
==816887==    by 0x4A30610: UnknownInlinedFun (nop2.c:84)
==816887==    by 0x4A30610: fftw_rdft2_nop_register (nop2.c:89)
==816887==    by 0x49F4022: fftw_solvtab_exec (solvtab.c:29)
==816887==    by 0x4A3076E: fftw_rdft_conf_standard (conf.c:56)
==816887==    by 0x4AB905C: fftw_configure_planner (configure.c:29)
==816887==    by 0x4AB967F: fftw_the_planner (the-planner.c:30)
==816887==    by 0x4AB96C1: fftw_mkapiplan (apiplan.c:100)
==816887==    by 0x4ABCCFE: fftw_plan_dft (plan-dft.c:26)
==816887==    by 0x4ABCEBB: fftw_plan_dft_1d (plan-dft-1d.c:26)
==816887==    by 0x400F42: fft_detect (dtmf_decode_fft.c:52)
==816887== 
==816887== 16 bytes in 1 blocks are still reachable in loss record 11 of 91
==816887==    at 0x4846C8F: memalign (vg_replace_malloc.c:2020)
==816887==    by 0x49F097C: fftw_malloc_plain (alloc.c:28)
==816887==    by 0x49F3B04: fftw_mksolver (solver.c:26)
==816887==    by 0x4A30650: UnknownInlinedFun (rank0-rdft2.c:192)
==816887==    by 0x4A30650: fftw_rdft2_rank0_register (rank0-rdft2.c:198)
==816887==    by 0x49F4022: fftw_solvtab_exec (solvtab.c:29)
==816887==    by 0x4A3076E: fftw_rdft_conf_standard (conf.c:56)
==816887==    by 0x4AB905C: fftw_configure_planner (configure.c:29)
==816887==    by 0x4AB967F: fftw_the_planner (the-planner.c:30)
==816887==    by 0x4AB96C1: fftw_mkapiplan (apiplan.c:100)
==816887==    by 0x4ABCCFE: fftw_plan_dft (plan-dft.c:26)
==816887==    by 0x4ABCEBB: fftw_plan_dft_1d (plan-dft-1d.c:26)
==816887==    by 0x400F42: fft_detect (dtmf_decode_fft.c:52)
==816887== 
==816887== 16 bytes in 1 blocks are still reachable in loss record 12 of 91
==816887==    at 0x4846C8F: memalign (vg_replace_malloc.c:2020)
==816887==    by 0x49F097C: fftw_malloc_plain (alloc.c:28)
==816887==    by 0x49F3B04: fftw_mksolver (solver.c:26)
==816887==    by 0x4A426D0: UnknownInlinedFun (rdft2-rdft.c:321)
==816887==    by 0x4A426D0: fftw_rdft2_rdft_register (rdft2-rdft.c:327)
==816887==    by 0x49F4022: fftw_solvtab_exec (solvtab.c:29)
==816887==    by 0x4A3076E: fftw_rdft_conf_standard (conf.c:56)
==816887==    by 0x4AB905C: fftw_configure_planner (configure.c:29)
==816887==    by 0x4AB967F: fftw_the_planner (the-planner.c:30)
==816887==    by 0x4AB96C1: fftw_mkapiplan (apiplan.c:100)
==816887==    by 0x4ABCCFE: fftw_plan_dft (plan-dft.c:26)
==816887==    by 0x4ABCEBB: fftw_plan_dft_1d (plan-dft-1d.c:26)
==816887==    by 0x400F42: fft_detect (dtmf_decode_fft.c:52)
==816887== 
==816887== 16 bytes in 1 blocks are still reachable in loss record 13 of 91
==816887==    at 0x4846C8F: memalign (vg_replace_malloc.c:2020)
==816887==    by 0x49F097C: fftw_malloc_plain (alloc.c:28)
==816887==    by 0x49F3B04: fftw_mksolver (solver.c:26)
==816887==    by 0x4AB40D0: UnknownInlinedFun (redft00e-r2hc-pad.c:190)
==816887==    by 0x4AB40D0: fftw_redft00e_r2hc_pad_register (redft00e-r2hc-pad.c:196)
==816887==    by 0x49F4022: fftw_solvtab_exec (solvtab.c:29)
==816887==    by 0x4AB967F: fftw_the_planner (the-planner.c:30)
==816887==    by 0x4AB96C1: fftw_mkapiplan (apiplan.c:100)
==816887==    by 0x4ABCCFE: fftw_plan_dft (plan-dft.c:26)
==816887==    by 0x4ABCEBB: fftw_plan_dft_1d (plan-dft-1d.c:26)
==816887==    by 0x400F42: fft_detect (dtmf_decode_fft.c:52)
==816887==    by 0x4012C2: dtmf_decode (dtmf_decode_fft.c:170)
==816887==    by 0x401BDF: main (main.c:61)
==816887== 
==816887== 16 bytes in 1 blocks are still reachable in loss record 14 of 91
==816887==    at 0x4846C8F: memalign (vg_replace_malloc.c:2020)
==816887==    by 0x49F097C: fftw_malloc_plain (alloc.c:28)
==816887==    by 0x49F3B04: fftw_mksolver (solver.c:26)
==816887==    by 0x4AB4110: UnknownInlinedFun (rodft00e-r2hc-pad.c:188)
==816887==    by 0x4AB4110: fftw_rodft00e_r2hc_pad_register (rodft00e-r2hc-pad.c:194)
==816887==    by 0x49F4022: fftw_solvtab_exec (solvtab.c:29)
==816887==    by 0x4AB967F: fftw_the_planner (the-planner.c:30)
==816887==    by 0x4AB96C1: fftw_mkapiplan (apiplan.c:100)
==816887==    by 0x4ABCCFE: fftw_plan_dft (plan-dft.c:26)
==816887==    by 0x4ABCEBB: fftw_plan_dft_1d (plan-dft-1d.c:26)
==816887==    by 0x400F42: fft_detect (dtmf_decode_fft.c:52)
==816887==    by 0x4012C2: dtmf_decode (dtmf_decode_fft.c:170)
==816887==    by 0x401BDF: main (main.c:61)
==816887== 
==816887== 16 bytes in 1 blocks are still reachable in loss record 15 of 91
==816887==    at 0x4846C8F: memalign (vg_replace_malloc.c:2020)
==816887==    by 0x49F097C: fftw_malloc_plain (alloc.c:28)
==816887==    by 0x49F3B04: fftw_mksolver (solver.c:26)
==816887==    by 0x4AB4150: UnknownInlinedFun (reodft00e-splitradix.c:347)
==816887==    by 0x4AB4150: fftw_reodft00e_splitradix_register (reodft00e-splitradix.c:353)
==816887==    by 0x49F4022: fftw_solvtab_exec (solvtab.c:29)
==816887==    by 0x4AB967F: fftw_the_planner (the-planner.c:30)
==816887==    by 0x4AB96C1: fftw_mkapiplan (apiplan.c:100)
==816887==    by 0x4ABCCFE: fftw_plan_dft (plan-dft.c:26)
==816887==    by 0x4ABCEBB: fftw_plan_dft_1d (plan-dft-1d.c:26)
==816887==    by 0x400F42: fft_detect (dtmf_decode_fft.c:52)
==816887==    by 0x4012C2: dtmf_decode (dtmf_decode_fft.c:170)
==816887==    by 0x401BDF: main (main.c:61)
==816887== 
==816887== 16 bytes in 1 blocks are still reachable in loss record 16 of 91
==816887==    at 0x4846C8F: memalign (vg_replace_malloc.c:2020)
==816887==    by 0x49F097C: fftw_malloc_plain (alloc.c:28)
==816887==    by 0x49F3B04: fftw_mksolver (solver.c:26)
==816887==    by 0x4AB4010: UnknownInlinedFun (reodft010e-r2hc.c:403)
==816887==    by 0x4AB4010: fftw_reodft010e_r2hc_register (reodft010e-r2hc.c:409)
==816887==    by 0x49F4022: fftw_solvtab_exec (solvtab.c:29)
==816887==    by 0x4AB967F: fftw_the_planner (the-planner.c:30)
==816887==    by 0x4AB96C1: fftw_mkapiplan (apiplan.c:100)
==816887==    by 0x4ABCCFE: fftw_plan_dft (plan-dft.c:26)
==816887==    by 0x4ABCEBB: fftw_plan_dft_1d (plan-dft-1d.c:26)
==816887==    by 0x400F42: fft_detect (dtmf_decode_fft.c:52)
==816887==    by 0x4012C2: dtmf_decode (dtmf_decode_fft.c:170)
==816887==    by 0x401BDF: main (main.c:61)
==816887== 
==816887== 16 bytes in 1 blocks are still reachable in loss record 17 of 91
==816887==    at 0x4846C8F: memalign (vg_replace_malloc.c:2020)
==816887==    by 0x49F097C: fftw_malloc_plain (alloc.c:28)
==816887==    by 0x49F3B04: fftw_mksolver (solver.c:26)
==816887==    by 0x4AB4050: UnknownInlinedFun (reodft11e-radix2.c:506)
==816887==    by 0x4AB4050: fftw_reodft11e_radix2_r2hc_register (reodft11e-radix2.c:512)
==816887==    by 0x49F4022: fftw_solvtab_exec (solvtab.c:29)
==816887==    by 0x4AB967F: fftw_the_planner (the-planner.c:30)
==816887==    by 0x4AB96C1: fftw_mkapiplan (apiplan.c:100)
==816887==    by 0x4ABCCFE: fftw_plan_dft (plan-dft.c:26)
==816887==    by 0x4ABCEBB: fftw_plan_dft_1d (plan-dft-1d.c:26)
==816887==    by 0x400F42: fft_detect (dtmf_decode_fft.c:52)
==816887==    by 0x4012C2: dtmf_decode (dtmf_decode_fft.c:170)
==816887==    by 0x401BDF: main (main.c:61)
==816887== 
==816887== 16 bytes in 1 blocks are still reachable in loss record 18 of 91
==816887==    at 0x4846C8F: memalign (vg_replace_malloc.c:2020)
==816887==    by 0x49F097C: fftw_malloc_plain (alloc.c:28)
==816887==    by 0x49F3B04: fftw_mksolver (solver.c:26)
==816887==    by 0x4AB4090: UnknownInlinedFun (reodft11e-r2hc-odd.c:293)
==816887==    by 0x4AB4090: fftw_reodft11e_r2hc_odd_register (reodft11e-r2hc-odd.c:299)
==816887==    by 0x49F4022: fftw_solvtab_exec (solvtab.c:29)
==816887==    by 0x4AB967F: fftw_the_planner (the-planner.c:30)
==816887==    by 0x4AB96C1: fftw_mkapiplan (apiplan.c:100)
==816887==    by 0x4ABCCFE: fftw_plan_dft (plan-dft.c:26)
==816887==    by 0x4ABCEBB: fftw_plan_dft_1d (plan-dft-1d.c:26)
==816887==    by 0x400F42: fft_detect (dtmf_decode_fft.c:52)
==816887==    by 0x4012C2: dtmf_decode (dtmf_decode_fft.c:170)
==816887==    by 0x401BDF: main (main.c:61)
==816887== 
==816887== 24 bytes in 1 blocks are still reachable in loss record 19 of 91
==816887==    at 0x4846C8F: memalign (vg_replace_malloc.c:2020)
==816887==    by 0x49F097C: fftw_malloc_plain (alloc.c:28)
==816887==    by 0x49F3B04: fftw_mksolver (solver.c:26)
==816887==    by 0x4A30220: UnknownInlinedFun (generic.c:223)
==816887==    by 0x4A30220: fftw_rdft_generic_register (generic.c:230)
==816887==    by 0x49F4022: fftw_solvtab_exec (solvtab.c:29)
==816887==    by 0x4A3076E: fftw_rdft_conf_standard (conf.c:56)
==816887==    by 0x4AB905C: fftw_configure_planner (configure.c:29)
==816887==    by 0x4AB967F: fftw_the_planner (the-planner.c:30)
==816887==    by 0x4AB96C1: fftw_mkapiplan (apiplan.c:100)
==816887==    by 0x4ABCCFE: fftw_plan_dft (plan-dft.c:26)
==816887==    by 0x4ABCEBB: fftw_plan_dft_1d (plan-dft-1d.c:26)
==816887==    by 0x400F42: fft_detect (dtmf_decode_fft.c:52)
==816887== 
==816887== 24 bytes in 1 blocks are still reachable in loss record 20 of 91
==816887==    at 0x4846C8F: memalign (vg_replace_malloc.c:2020)
==816887==    by 0x49F097C: fftw_malloc_plain (alloc.c:28)
==816887==    by 0x49F3B04: fftw_mksolver (solver.c:26)
==816887==    by 0x4A30243: UnknownInlinedFun (generic.c:223)
==816887==    by 0x4A30243: fftw_rdft_generic_register (generic.c:231)
==816887==    by 0x49F4022: fftw_solvtab_exec (solvtab.c:29)
==816887==    by 0x4A3076E: fftw_rdft_conf_standard (conf.c:56)
==816887==    by 0x4AB905C: fftw_configure_planner (configure.c:29)
==816887==    by 0x4AB967F: fftw_the_planner (the-planner.c:30)
==816887==    by 0x4AB96C1: fftw_mkapiplan (apiplan.c:100)
==816887==    by 0x4ABCCFE: fftw_plan_dft (plan-dft.c:26)
==816887==    by 0x4ABCEBB: fftw_plan_dft_1d (plan-dft-1d.c:26)
==816887==    by 0x400F42: fft_detect (dtmf_decode_fft.c:52)
==816887== 
==816887== 24 bytes in 1 blocks are still reachable in loss record 21 of 91
==816887==    at 0x4846C8F: memalign (vg_replace_malloc.c:2020)
==816887==    by 0x49F097C: fftw_malloc_plain (alloc.c:28)
==816887==    by 0x49F3B04: fftw_mksolver (solver.c:26)
==816887==    by 0x4A30090: UnknownInlinedFun (dht-rader.c:377)
==816887==    by 0x4A30090: fftw_dht_rader_register (dht-rader.c:384)
==816887==    by 0x49F4022: fftw_solvtab_exec (solvtab.c:29)
==816887==    by 0x4A3076E: fftw_rdft_conf_standard (conf.c:56)
==816887==    by 0x4AB905C: fftw_configure_planner (configure.c:29)
==816887==    by 0x4AB967F: fftw_the_planner (the-planner.c:30)
==816887==    by 0x4AB96C1: fftw_mkapiplan (apiplan.c:100)
==816887==    by 0x4ABCCFE: fftw_plan_dft (plan-dft.c:26)
==816887==    by 0x4ABCEBB: fftw_plan_dft_1d (plan-dft-1d.c:26)
==816887==    by 0x400F42: fft_detect (dtmf_decode_fft.c:52)
==816887== 
==816887== 24 bytes in 1 blocks are still reachable in loss record 22 of 91
==816887==    at 0x4846C8F: memalign (vg_replace_malloc.c:2020)
==816887==    by 0x49F097C: fftw_malloc_plain (alloc.c:28)
==816887==    by 0x49F3B04: fftw_mksolver (solver.c:26)
==816887==    by 0x4A300B3: UnknownInlinedFun (dht-rader.c:377)
==816887==    by 0x4A300B3: fftw_dht_rader_register (dht-rader.c:385)
==816887==    by 0x49F4022: fftw_solvtab_exec (solvtab.c:29)
==816887==    by 0x4A3076E: fftw_rdft_conf_standard (conf.c:56)
==816887==    by 0x4AB905C: fftw_configure_planner (configure.c:29)
==816887==    by 0x4AB967F: fftw_the_planner (the-planner.c:30)
==816887==    by 0x4AB96C1: fftw_mkapiplan (apiplan.c:100)
==816887==    by 0x4ABCCFE: fftw_plan_dft (plan-dft.c:26)
==816887==    by 0x4ABCEBB: fftw_plan_dft_1d (plan-dft-1d.c:26)
==816887==    by 0x400F42: fft_detect (dtmf_decode_fft.c:52)
==816887== 
==816887== 32 bytes in 1 blocks are still reachable in loss record 23 of 91
==816887==    at 0x4846C8F: memalign (vg_replace_malloc.c:2020)
==816887==    by 0x49F097C: fftw_malloc_plain (alloc.c:28)
==816887==    by 0x49F3B04: fftw_mksolver (solver.c:26)
==816887==    by 0x4A2A67F: fftw_mksolver_hc2hc (hc2hc.c:200)
==816887==    by 0x4A30C32: UnknownInlinedFun (hc2hc-generic.c:311)
==816887==    by 0x4A30C32: fftw_hc2hc_generic_register (hc2hc-generic.c:321)
==816887==    by 0x49F4022: fftw_solvtab_exec (solvtab.c:29)
==816887==    by 0x4A3076E: fftw_rdft_conf_standard (conf.c:56)
==816887==    by 0x4AB905C: fftw_configure_planner (configure.c:29)
==816887==    by 0x4AB967F: fftw_the_planner (the-planner.c:30)
==816887==    by 0x4AB96C1: fftw_mkapiplan (apiplan.c:100)
==816887==    by 0x4ABCCFE: fftw_plan_dft (plan-dft.c:26)
==816887==    by 0x4ABCEBB: fftw_plan_dft_1d (plan-dft-1d.c:26)
==816887== 
==816887== 48 bytes in 1 blocks are still reachable in loss record 24 of 91
==816887==    at 0x4846C8F: memalign (vg_replace_malloc.c:2020)
==816887==    by 0x49F097C: fftw_malloc_plain (alloc.c:28)
==816887==    by 0x49F3B04: fftw_mksolver (solver.c:26)
==816887==    by 0x49F7E26: fftw_mksolver_ct (ct.c:239)
==816887==    by 0x49F7F26: regsolver.constprop.1 (dftw-generic.c:192)
==816887==    by 0x49F7F99: fftw_ct_generic_register (dftw-generic.c:202)
==816887==    by 0x49F4022: fftw_solvtab_exec (solvtab.c:29)
==816887==    by 0x49F901E: fftw_dft_conf_standard (conf.c:42)
==816887==    by 0x4AB9054: fftw_configure_planner (configure.c:28)
==816887==    by 0x4AB967F: fftw_the_planner (the-planner.c:30)
==816887==    by 0x4AB96C1: fftw_mkapiplan (apiplan.c:100)
==816887==    by 0x4ABCCFE: fftw_plan_dft (plan-dft.c:26)
==816887== 
==816887== 48 bytes in 1 blocks are still reachable in loss record 25 of 91
==816887==    at 0x4846C8F: memalign (vg_replace_malloc.c:2020)
==816887==    by 0x49F097C: fftw_malloc_plain (alloc.c:28)
==816887==    by 0x49F3B04: fftw_mksolver (solver.c:26)
==816887==    by 0x49F7E26: fftw_mksolver_ct (ct.c:239)
==816887==    by 0x49F7F26: regsolver.constprop.1 (dftw-generic.c:192)
==816887==    by 0x49F4022: fftw_solvtab_exec (solvtab.c:29)
==816887==    by 0x49F901E: fftw_dft_conf_standard (conf.c:42)
==816887==    by 0x4AB9054: fftw_configure_planner (configure.c:28)
==816887==    by 0x4AB967F: fftw_the_planner (the-planner.c:30)
==816887==    by 0x4AB96C1: fftw_mkapiplan (apiplan.c:100)
==816887==    by 0x4ABCCFE: fftw_plan_dft (plan-dft.c:26)
==816887==    by 0x4ABCEBB: fftw_plan_dft_1d (plan-dft-1d.c:26)
==816887== 
==816887== 48 bytes in 1 blocks are still reachable in loss record 26 of 91
==816887==    at 0x4846C8F: memalign (vg_replace_malloc.c:2020)
==816887==    by 0x49F097C: fftw_malloc_plain (alloc.c:28)
==816887==    by 0x49F2C5F: UnknownInlinedFun (planner.c:298)
==816887==    by 0x49F2C5F: hgrow (planner.c:334)
==816887==    by 0x4AB97D3: fftw_mkapiplan (apiplan.c:167)
==816887==    by 0x4ABCCFE: fftw_plan_dft (plan-dft.c:26)
==816887==    by 0x4ABCEBB: fftw_plan_dft_1d (plan-dft-1d.c:26)
==816887==    by 0x400F42: fft_detect (dtmf_decode_fft.c:52)
==816887==    by 0x4012C2: dtmf_decode (dtmf_decode_fft.c:170)
==816887==    by 0x401BDF: main (main.c:61)
==816887== 
==816887== 48 bytes in 2 blocks are still reachable in loss record 27 of 91
==816887==    at 0x4846C8F: memalign (vg_replace_malloc.c:2020)
==816887==    by 0x49F097C: fftw_malloc_plain (alloc.c:28)
==816887==    by 0x49F3B04: fftw_mksolver (solver.c:26)
==816887==    by 0x49F3E24: UnknownInlinedFun (indirect.c:226)
==816887==    by 0x49F3E24: fftw_dft_indirect_register (indirect.c:239)
==816887==    by 0x49F4022: fftw_solvtab_exec (solvtab.c:29)
==816887==    by 0x49F901E: fftw_dft_conf_standard (conf.c:42)
==816887==    by 0x4AB9054: fftw_configure_planner (configure.c:28)
==816887==    by 0x4AB967F: fftw_the_planner (the-planner.c:30)
==816887==    by 0x4AB96C1: fftw_mkapiplan (apiplan.c:100)
==816887==    by 0x4ABCCFE: fftw_plan_dft (plan-dft.c:26)
==816887==    by 0x4ABCEBB: fftw_plan_dft_1d (plan-dft-1d.c:26)
==816887==    by 0x400F42: fft_detect (dtmf_decode_fft.c:52)
==816887== 
==816887== 48 bytes in 2 blocks are still reachable in loss record 28 of 91
==816887==    at 0x4846C8F: memalign (vg_replace_malloc.c:2020)
==816887==    by 0x49F097C: fftw_malloc_plain (alloc.c:28)
==816887==    by 0x49F3B04: fftw_mksolver (solver.c:26)
==816887==    by 0x49F3D80: UnknownInlinedFun (buffered.c:274)
==816887==    by 0x49F3D80: fftw_dft_buffered_register (buffered.c:283)
==816887==    by 0x49F4022: fftw_solvtab_exec (solvtab.c:29)
==816887==    by 0x49F901E: fftw_dft_conf_standard (conf.c:42)
==816887==    by 0x4AB9054: fftw_configure_planner (configure.c:28)
==816887==    by 0x4AB967F: fftw_the_planner (the-planner.c:30)
==816887==    by 0x4AB96C1: fftw_mkapiplan (apiplan.c:100)
==816887==    by 0x4ABCCFE: fftw_plan_dft (plan-dft.c:26)
==816887==    by 0x4ABCEBB: fftw_plan_dft_1d (plan-dft-1d.c:26)
==816887==    by 0x400F42: fft_detect (dtmf_decode_fft.c:52)
==816887== 
==816887== 48 bytes in 2 blocks are still reachable in loss record 29 of 91
==816887==    at 0x4846C8F: memalign (vg_replace_malloc.c:2020)
==816887==    by 0x49F097C: fftw_malloc_plain (alloc.c:28)
==816887==    by 0x49F3B04: fftw_mksolver (solver.c:26)
==816887==    by 0x4A30294: UnknownInlinedFun (indirect.c:220)
==816887==    by 0x4A30294: fftw_rdft_indirect_register (indirect.c:233)
==816887==    by 0x49F4022: fftw_solvtab_exec (solvtab.c:29)
==816887==    by 0x4A3076E: fftw_rdft_conf_standard (conf.c:56)
==816887==    by 0x4AB905C: fftw_configure_planner (configure.c:29)
==816887==    by 0x4AB967F: fftw_the_planner (the-planner.c:30)
==816887==    by 0x4AB96C1: fftw_mkapiplan (apiplan.c:100)
==816887==    by 0x4ABCCFE: fftw_plan_dft (plan-dft.c:26)
==816887==    by 0x4ABCEBB: fftw_plan_dft_1d (plan-dft-1d.c:26)
==816887==    by 0x400F42: fft_detect (dtmf_decode_fft.c:52)
==816887== 
==816887== 48 bytes in 2 blocks are still reachable in loss record 30 of 91
==816887==    at 0x4846C8F: memalign (vg_replace_malloc.c:2020)
==816887==    by 0x49F097C: fftw_malloc_plain (alloc.c:28)
==816887==    by 0x49F3B04: fftw_mksolver (solver.c:26)
==816887==    by 0x4A300F0: UnknownInlinedFun (buffered.c:327)
==816887==    by 0x4A300F0: fftw_rdft_buffered_register (buffered.c:336)
==816887==    by 0x49F4022: fftw_solvtab_exec (solvtab.c:29)
==816887==    by 0x4A3076E: fftw_rdft_conf_standard (conf.c:56)
==816887==    by 0x4AB905C: fftw_configure_planner (configure.c:29)
==816887==    by 0x4AB967F: fftw_the_planner (the-planner.c:30)
==816887==    by 0x4AB96C1: fftw_mkapiplan (apiplan.c:100)
==816887==    by 0x4ABCCFE: fftw_plan_dft (plan-dft.c:26)
==816887==    by 0x4ABCEBB: fftw_plan_dft_1d (plan-dft-1d.c:26)
==816887==    by 0x400F42: fft_detect (dtmf_decode_fft.c:52)
==816887== 
==816887== 48 bytes in 2 blocks are still reachable in loss record 31 of 91
==816887==    at 0x4846C8F: memalign (vg_replace_malloc.c:2020)
==816887==    by 0x49F097C: fftw_malloc_plain (alloc.c:28)
==816887==    by 0x49F3B04: fftw_mksolver (solver.c:26)
==816887==    by 0x4A30520: UnknownInlinedFun (buffered2.c:365)
==816887==    by 0x4A30520: fftw_rdft2_buffered_register (buffered2.c:374)
==816887==    by 0x49F4022: fftw_solvtab_exec (solvtab.c:29)
==816887==    by 0x4A3076E: fftw_rdft_conf_standard (conf.c:56)
==816887==    by 0x4AB905C: fftw_configure_planner (configure.c:29)
==816887==    by 0x4AB967F: fftw_the_planner (the-planner.c:30)
==816887==    by 0x4AB96C1: fftw_mkapiplan (apiplan.c:100)
==816887==    by 0x4ABCCFE: fftw_plan_dft (plan-dft.c:26)
==816887==    by 0x4ABCEBB: fftw_plan_dft_1d (plan-dft-1d.c:26)
==816887==    by 0x400F42: fft_detect (dtmf_decode_fft.c:52)
==816887== 
==816887== 64 bytes in 2 blocks are still reachable in loss record 32 of 91
==816887==    at 0x4846C8F: memalign (vg_replace_malloc.c:2020)
==816887==    by 0x49F097C: fftw_malloc_plain (alloc.c:28)
==816887==    by 0x49F3B04: fftw_mksolver (solver.c:26)
==816887==    by 0x4A30141: fftw_mksolver_rdft_r2r_direct (direct-r2r.c:140)
==816887==    by 0x4A3016A: fftw_kr2r_register (kr2r.c:26)
==816887==    by 0x49F4022: fftw_solvtab_exec (solvtab.c:29)
==816887==    by 0x4A3079B: fftw_rdft_conf_standard (conf.c:59)
==816887==    by 0x4AB905C: fftw_configure_planner (configure.c:29)
==816887==    by 0x4AB967F: fftw_the_planner (the-planner.c:30)
==816887==    by 0x4AB96C1: fftw_mkapiplan (apiplan.c:100)
==816887==    by 0x4ABCCFE: fftw_plan_dft (plan-dft.c:26)
==816887==    by 0x4ABCEBB: fftw_plan_dft_1d (plan-dft-1d.c:26)
==816887== 
==816887== 72 bytes in 1 blocks are still reachable in loss record 33 of 91
==816887==    at 0x4846C8F: memalign (vg_replace_malloc.c:2020)
==816887==    by 0x49F097C: fftw_malloc_plain (alloc.c:28)
==816887==    by 0x49F2C5F: UnknownInlinedFun (planner.c:298)
==816887==    by 0x49F2C5F: hgrow (planner.c:334)
==816887==    by 0x49F2EFF: htab_insert (planner.c:384)
==816887==    by 0x49F6AE4: UnknownInlinedFun (planner.c:392)
==816887==    by 0x49F6AE4: mkplan.lto_priv.0 (planner.c:734)
==816887==    by 0x4AB8A62: UnknownInlinedFun (apiplan.c:42)
==816887==    by 0x4AB8A62: mkplan (apiplan.c:56)
==816887==    by 0x4AB97A6: fftw_mkapiplan (apiplan.c:146)
==816887==    by 0x4ABCCFE: fftw_plan_dft (plan-dft.c:26)
==816887==    by 0x4ABCEBB: fftw_plan_dft_1d (plan-dft-1d.c:26)
==816887==    by 0x400F42: fft_detect (dtmf_decode_fft.c:52)
==816887==    by 0x4012C2: dtmf_decode (dtmf_decode_fft.c:170)
==816887==    by 0x401BDF: main (main.c:61)
==816887== 
==816887== 72 bytes in 3 blocks are still reachable in loss record 34 of 91
==816887==    at 0x4846C8F: memalign (vg_replace_malloc.c:2020)
==816887==    by 0x49F097C: fftw_malloc_plain (alloc.c:28)
==816887==    by 0x49F3B04: fftw_mksolver (solver.c:26)
==816887==    by 0x4A304D4: UnknownInlinedFun (vrank3-transpose.c:763)
==816887==    by 0x4A304D4: fftw_rdft_vrank3_transpose_register (vrank3-transpose.c:776)
==816887==    by 0x49F4022: fftw_solvtab_exec (solvtab.c:29)
==816887==    by 0x4A3076E: fftw_rdft_conf_standard (conf.c:56)
==816887==    by 0x4AB905C: fftw_configure_planner (configure.c:29)
==816887==    by 0x4AB967F: fftw_the_planner (the-planner.c:30)
==816887==    by 0x4AB96C1: fftw_mkapiplan (apiplan.c:100)
==816887==    by 0x4ABCCFE: fftw_plan_dft (plan-dft.c:26)
==816887==    by 0x4ABCEBB: fftw_plan_dft_1d (plan-dft-1d.c:26)
==816887==    by 0x400F42: fft_detect (dtmf_decode_fft.c:52)
==816887== 
==816887== 80 bytes in 2 blocks are still reachable in loss record 35 of 91
==816887==    at 0x4846C8F: memalign (vg_replace_malloc.c:2020)
==816887==    by 0x49F097C: fftw_malloc_plain (alloc.c:28)
==816887==    by 0x49F3B04: fftw_mksolver (solver.c:26)
==816887==    by 0x49F3FB4: UnknownInlinedFun (vrank-geq1.c:194)
==816887==    by 0x49F3FB4: fftw_dft_vrank_geq1_register (vrank-geq1.c:208)
==816887==    by 0x49F4022: fftw_solvtab_exec (solvtab.c:29)
==816887==    by 0x49F901E: fftw_dft_conf_standard (conf.c:42)
==816887==    by 0x4AB9054: fftw_configure_planner (configure.c:28)
==816887==    by 0x4AB967F: fftw_the_planner (the-planner.c:30)
==816887==    by 0x4AB96C1: fftw_mkapiplan (apiplan.c:100)
==816887==    by 0x4ABCCFE: fftw_plan_dft (plan-dft.c:26)
==816887==    by 0x4ABCEBB: fftw_plan_dft_1d (plan-dft-1d.c:26)
==816887==    by 0x400F42: fft_detect (dtmf_decode_fft.c:52)
==816887== 
==816887== 80 bytes in 2 blocks are still reachable in loss record 36 of 91
==816887==    at 0x4846C8F: memalign (vg_replace_malloc.c:2020)
==816887==    by 0x49F097C: fftw_malloc_plain (alloc.c:28)
==816887==    by 0x49F3B04: fftw_mksolver (solver.c:26)
==816887==    by 0x4A30464: UnknownInlinedFun (vrank-geq1.c:203)
==816887==    by 0x4A30464: fftw_rdft_vrank_geq1_register (vrank-geq1.c:217)
==816887==    by 0x49F4022: fftw_solvtab_exec (solvtab.c:29)
==816887==    by 0x4A3076E: fftw_rdft_conf_standard (conf.c:56)
==816887==    by 0x4AB905C: fftw_configure_planner (configure.c:29)
==816887==    by 0x4AB967F: fftw_the_planner (the-planner.c:30)
==816887==    by 0x4AB96C1: fftw_mkapiplan (apiplan.c:100)
==816887==    by 0x4ABCCFE: fftw_plan_dft (plan-dft.c:26)
==816887==    by 0x4ABCEBB: fftw_plan_dft_1d (plan-dft-1d.c:26)
==816887==    by 0x400F42: fft_detect (dtmf_decode_fft.c:52)
==816887== 
==816887== 80 bytes in 2 blocks are still reachable in loss record 37 of 91
==816887==    at 0x4846C8F: memalign (vg_replace_malloc.c:2020)
==816887==    by 0x49F097C: fftw_malloc_plain (alloc.c:28)
==816887==    by 0x49F3B04: fftw_mksolver (solver.c:26)
==816887==    by 0x4A30714: UnknownInlinedFun (vrank-geq1-rdft2.c:201)
==816887==    by 0x4A30714: fftw_rdft2_vrank_geq1_register (vrank-geq1-rdft2.c:215)
==816887==    by 0x49F4022: fftw_solvtab_exec (solvtab.c:29)
==816887==    by 0x4A3076E: fftw_rdft_conf_standard (conf.c:56)
==816887==    by 0x4AB905C: fftw_configure_planner (configure.c:29)
==816887==    by 0x4AB967F: fftw_the_planner (the-planner.c:30)
==816887==    by 0x4AB96C1: fftw_mkapiplan (apiplan.c:100)
==816887==    by 0x4ABCCFE: fftw_plan_dft (plan-dft.c:26)
==816887==    by 0x4ABCEBB: fftw_plan_dft_1d (plan-dft-1d.c:26)
==816887==    by 0x400F42: fft_detect (dtmf_decode_fft.c:52)
==816887== 
==816887== 120 bytes in 3 blocks are still reachable in loss record 38 of 91
==816887==    at 0x4846C8F: memalign (vg_replace_malloc.c:2020)
==816887==    by 0x49F097C: fftw_malloc_plain (alloc.c:28)
==816887==    by 0x49F3B04: fftw_mksolver (solver.c:26)
==816887==    by 0x49F3F44: UnknownInlinedFun (rank-geq2.c:177)
==816887==    by 0x49F3F44: fftw_dft_rank_geq2_register (rank-geq2.c:190)
==816887==    by 0x49F4022: fftw_solvtab_exec (solvtab.c:29)
==816887==    by 0x49F901E: fftw_dft_conf_standard (conf.c:42)
==816887==    by 0x4AB9054: fftw_configure_planner (configure.c:28)
==816887==    by 0x4AB967F: fftw_the_planner (the-planner.c:30)
==816887==    by 0x4AB96C1: fftw_mkapiplan (apiplan.c:100)
==816887==    by 0x4ABCCFE: fftw_plan_dft (plan-dft.c:26)
==816887==    by 0x4ABCEBB: fftw_plan_dft_1d (plan-dft-1d.c:26)
==816887==    by 0x400F42: fft_detect (dtmf_decode_fft.c:52)
==816887== 
==816887== 120 bytes in 3 blocks are still reachable in loss record 39 of 91
==816887==    at 0x4846C8F: memalign (vg_replace_malloc.c:2020)
==816887==    by 0x49F097C: fftw_malloc_plain (alloc.c:28)
==816887==    by 0x49F3B04: fftw_mksolver (solver.c:26)
==816887==    by 0x4A303B4: UnknownInlinedFun (rank-geq2.c:191)
==816887==    by 0x4A303B4: fftw_rdft_rank_geq2_register (rank-geq2.c:204)
==816887==    by 0x49F4022: fftw_solvtab_exec (solvtab.c:29)
==816887==    by 0x4A3076E: fftw_rdft_conf_standard (conf.c:56)
==816887==    by 0x4AB905C: fftw_configure_planner (configure.c:29)
==816887==    by 0x4AB967F: fftw_the_planner (the-planner.c:30)
==816887==    by 0x4AB96C1: fftw_mkapiplan (apiplan.c:100)
==816887==    by 0x4ABCCFE: fftw_plan_dft (plan-dft.c:26)
==816887==    by 0x4ABCEBB: fftw_plan_dft_1d (plan-dft-1d.c:26)
==816887==    by 0x400F42: fft_detect (dtmf_decode_fft.c:52)
==816887== 
==816887== 120 bytes in 3 blocks are still reachable in loss record 40 of 91
==816887==    at 0x4846C8F: memalign (vg_replace_malloc.c:2020)
==816887==    by 0x49F097C: fftw_malloc_plain (alloc.c:28)
==816887==    by 0x49F3B04: fftw_mksolver (solver.c:26)
==816887==    by 0x4A306A4: UnknownInlinedFun (rank-geq2-rdft2.c:222)
==816887==    by 0x4A306A4: fftw_rdft2_rank_geq2_register (rank-geq2-rdft2.c:235)
==816887==    by 0x49F4022: fftw_solvtab_exec (solvtab.c:29)
==816887==    by 0x4A3076E: fftw_rdft_conf_standard (conf.c:56)
==816887==    by 0x4AB905C: fftw_configure_planner (configure.c:29)
==816887==    by 0x4AB967F: fftw_the_planner (the-planner.c:30)
==816887==    by 0x4AB96C1: fftw_mkapiplan (apiplan.c:100)
==816887==    by 0x4ABCCFE: fftw_plan_dft (plan-dft.c:26)
==816887==    by 0x4ABCEBB: fftw_plan_dft_1d (plan-dft-1d.c:26)
==816887==    by 0x400F42: fft_detect (dtmf_decode_fft.c:52)
==816887== 
==816887== 288 bytes in 1 blocks are still reachable in loss record 41 of 91
==816887==    at 0x4846C8F: memalign (vg_replace_malloc.c:2020)
==816887==    by 0x49F097C: fftw_malloc_plain (alloc.c:28)
==816887==    by 0x49F3506: fftw_mkplanner (planner.c:919)
==816887==    by 0x4AB9670: fftw_the_planner (the-planner.c:29)
==816887==    by 0x4AB96C1: fftw_mkapiplan (apiplan.c:100)
==816887==    by 0x4ABCCFE: fftw_plan_dft (plan-dft.c:26)
==816887==    by 0x4ABCEBB: fftw_plan_dft_1d (plan-dft-1d.c:26)
==816887==    by 0x400F42: fft_detect (dtmf_decode_fft.c:52)
==816887==    by 0x4012C2: dtmf_decode (dtmf_decode_fft.c:170)
==816887==    by 0x401BDF: main (main.c:61)
==816887== 
==816887== 360 bytes in 9 blocks are still reachable in loss record 42 of 91
==816887==    at 0x4846C8F: memalign (vg_replace_malloc.c:2020)
==816887==    by 0x49F097C: fftw_malloc_plain (alloc.c:28)
==816887==    by 0x49F3B04: fftw_mksolver (solver.c:26)
==816887==    by 0x4A30344: fftw_rdft_rank0_register (rank0.c:375)
==816887==    by 0x49F4022: fftw_solvtab_exec (solvtab.c:29)
==816887==    by 0x4A3076E: fftw_rdft_conf_standard (conf.c:56)
==816887==    by 0x4AB905C: fftw_configure_planner (configure.c:29)
==816887==    by 0x4AB967F: fftw_the_planner (the-planner.c:30)
==816887==    by 0x4AB96C1: fftw_mkapiplan (apiplan.c:100)
==816887==    by 0x4ABCCFE: fftw_plan_dft (plan-dft.c:26)
==816887==    by 0x4ABCEBB: fftw_plan_dft_1d (plan-dft-1d.c:26)
==816887==    by 0x400F42: fft_detect (dtmf_decode_fft.c:52)
==816887== 
==816887== 384 bytes in 6 blocks are still reachable in loss record 43 of 91
==816887==    at 0x4846C8F: memalign (vg_replace_malloc.c:2020)
==816887==    by 0x49F097C: fftw_malloc_plain (alloc.c:28)
==816887==    by 0x49F3B04: fftw_mksolver (solver.c:26)
==816887==    by 0x49F7E26: fftw_mksolver_ct (ct.c:239)
==816887==    by 0x49F86A6: UnknownInlinedFun (dftw-directsq.c:145)
==816887==    by 0x49F86A6: fftw_regsolver_ct_directwsq (dftw-directsq.c:161)
==816887==    by 0x49F4022: fftw_solvtab_exec (solvtab.c:29)
==816887==    by 0x49F902D: fftw_dft_conf_standard (conf.c:43)
==816887==    by 0x4AB9054: fftw_configure_planner (configure.c:28)
==816887==    by 0x4AB967F: fftw_the_planner (the-planner.c:30)
==816887==    by 0x4AB96C1: fftw_mkapiplan (apiplan.c:100)
==816887==    by 0x4ABCCFE: fftw_plan_dft (plan-dft.c:26)
==816887==    by 0x4ABCEBB: fftw_plan_dft_1d (plan-dft-1d.c:26)
==816887== 
==816887== 512 bytes in 8 blocks are still reachable in loss record 44 of 91
==816887==    at 0x4846C8F: memalign (vg_replace_malloc.c:2020)
==816887==    by 0x49F097C: fftw_malloc_plain (alloc.c:28)
==816887==    by 0x49F3B04: fftw_mksolver (solver.c:26)
==816887==    by 0x49F7E26: fftw_mksolver_ct (ct.c:239)
==816887==    by 0x49F86A6: UnknownInlinedFun (dftw-directsq.c:145)
==816887==    by 0x49F86A6: fftw_regsolver_ct_directwsq (dftw-directsq.c:161)
==816887==    by 0x49F4022: fftw_solvtab_exec (solvtab.c:29)
==816887==    by 0x49F906E: fftw_dft_conf_standard (conf.c:46)
==816887==    by 0x4AB9054: fftw_configure_planner (configure.c:28)
==816887==    by 0x4AB967F: fftw_the_planner (the-planner.c:30)
==816887==    by 0x4AB96C1: fftw_mkapiplan (apiplan.c:100)
==816887==    by 0x4ABCCFE: fftw_plan_dft (plan-dft.c:26)
==816887==    by 0x4ABCEBB: fftw_plan_dft_1d (plan-dft-1d.c:26)
==816887== 
==816887== 512 bytes in 8 blocks are still reachable in loss record 45 of 91
==816887==    at 0x4846C8F: memalign (vg_replace_malloc.c:2020)
==816887==    by 0x49F097C: fftw_malloc_plain (alloc.c:28)
==816887==    by 0x49F3B04: fftw_mksolver (solver.c:26)
==816887==    by 0x49F7E26: fftw_mksolver_ct (ct.c:239)
==816887==    by 0x49F86A6: UnknownInlinedFun (dftw-directsq.c:145)
==816887==    by 0x49F86A6: fftw_regsolver_ct_directwsq (dftw-directsq.c:161)
==816887==    by 0x49F4022: fftw_solvtab_exec (solvtab.c:29)
==816887==    by 0x49F9086: fftw_dft_conf_standard (conf.c:50)
==816887==    by 0x4AB9054: fftw_configure_planner (configure.c:28)
==816887==    by 0x4AB967F: fftw_the_planner (the-planner.c:30)
==816887==    by 0x4AB96C1: fftw_mkapiplan (apiplan.c:100)
==816887==    by 0x4ABCCFE: fftw_plan_dft (plan-dft.c:26)
==816887==    by 0x4ABCEBB: fftw_plan_dft_1d (plan-dft-1d.c:26)
==816887== 
==816887== 512 bytes in 8 blocks are still reachable in loss record 46 of 91
==816887==    at 0x4846C8F: memalign (vg_replace_malloc.c:2020)
==816887==    by 0x49F097C: fftw_malloc_plain (alloc.c:28)
==816887==    by 0x49F3B04: fftw_mksolver (solver.c:26)
==816887==    by 0x49F7E26: fftw_mksolver_ct (ct.c:239)
==816887==    by 0x49F86A6: UnknownInlinedFun (dftw-directsq.c:145)
==816887==    by 0x49F86A6: fftw_regsolver_ct_directwsq (dftw-directsq.c:161)
==816887==    by 0x49F4022: fftw_solvtab_exec (solvtab.c:29)
==816887==    by 0x49F909E: fftw_dft_conf_standard (conf.c:58)
==816887==    by 0x4AB9054: fftw_configure_planner (configure.c:28)
==816887==    by 0x4AB967F: fftw_the_planner (the-planner.c:30)
==816887==    by 0x4AB96C1: fftw_mkapiplan (apiplan.c:100)
==816887==    by 0x4ABCCFE: fftw_plan_dft (plan-dft.c:26)
==816887==    by 0x4ABCEBB: fftw_plan_dft_1d (plan-dft-1d.c:26)
==816887== 
==816887== 512 bytes in 8 blocks are still reachable in loss record 47 of 91
==816887==    at 0x4846C8F: memalign (vg_replace_malloc.c:2020)
==816887==    by 0x49F097C: fftw_malloc_plain (alloc.c:28)
==816887==    by 0x49F3B04: fftw_mksolver (solver.c:26)
==816887==    by 0x49F7E26: fftw_mksolver_ct (ct.c:239)
==816887==    by 0x49F86A6: UnknownInlinedFun (dftw-directsq.c:145)
==816887==    by 0x49F86A6: fftw_regsolver_ct_directwsq (dftw-directsq.c:161)
==816887==    by 0x49F4022: fftw_solvtab_exec (solvtab.c:29)
==816887==    by 0x4AB9054: fftw_configure_planner (configure.c:28)
==816887==    by 0x4AB967F: fftw_the_planner (the-planner.c:30)
==816887==    by 0x4AB96C1: fftw_mkapiplan (apiplan.c:100)
==816887==    by 0x4ABCCFE: fftw_plan_dft (plan-dft.c:26)
==816887==    by 0x4ABCEBB: fftw_plan_dft_1d (plan-dft-1d.c:26)
==816887==    by 0x400F42: fft_detect (dtmf_decode_fft.c:52)
==816887== 
==816887== 760 bytes in 19 blocks are still reachable in loss record 48 of 91
==816887==    at 0x4846C8F: memalign (vg_replace_malloc.c:2020)
==816887==    by 0x49F097C: fftw_malloc_plain (alloc.c:28)
==816887==    by 0x49F3B04: fftw_mksolver (solver.c:26)
==816887==    by 0x49F8731: UnknownInlinedFun (direct.c:278)
==816887==    by 0x49F8731: fftw_mksolver_dft_direct (direct.c:287)
==816887==    by 0x49F87E3: fftw_kdft_register (kdft.c:26)
==816887==    by 0x49F4022: fftw_solvtab_exec (solvtab.c:29)
==816887==    by 0x49F902D: fftw_dft_conf_standard (conf.c:43)
==816887==    by 0x4AB9054: fftw_configure_planner (configure.c:28)
==816887==    by 0x4AB967F: fftw_the_planner (the-planner.c:30)
==816887==    by 0x4AB96C1: fftw_mkapiplan (apiplan.c:100)
==816887==    by 0x4ABCCFE: fftw_plan_dft (plan-dft.c:26)
==816887==    by 0x4ABCEBB: fftw_plan_dft_1d (plan-dft-1d.c:26)
==816887== 
==816887== 760 bytes in 19 blocks are still reachable in loss record 49 of 91
==816887==    at 0x4846C8F: memalign (vg_replace_malloc.c:2020)
==816887==    by 0x49F097C: fftw_malloc_plain (alloc.c:28)
==816887==    by 0x49F3B04: fftw_mksolver (solver.c:26)
==816887==    by 0x49F8771: UnknownInlinedFun (direct.c:278)
==816887==    by 0x49F8771: fftw_mksolver_dft_directbuf (direct.c:292)
==816887==    by 0x49F87FA: fftw_kdft_register (kdft.c:27)
==816887==    by 0x49F4022: fftw_solvtab_exec (solvtab.c:29)
==816887==    by 0x49F902D: fftw_dft_conf_standard (conf.c:43)
==816887==    by 0x4AB9054: fftw_configure_planner (configure.c:28)
==816887==    by 0x4AB967F: fftw_the_planner (the-planner.c:30)
==816887==    by 0x4AB96C1: fftw_mkapiplan (apiplan.c:100)
==816887==    by 0x4ABCCFE: fftw_plan_dft (plan-dft.c:26)
==816887==    by 0x4ABCEBB: fftw_plan_dft_1d (plan-dft-1d.c:26)
==816887== 
==816887== 1,152 bytes in 18 blocks are still reachable in loss record 50 of 91
==816887==    at 0x4846C8F: memalign (vg_replace_malloc.c:2020)
==816887==    by 0x49F097C: fftw_malloc_plain (alloc.c:28)
==816887==    by 0x49F3B04: fftw_mksolver (solver.c:26)
==816887==    by 0x4A42712: fftw_mksolver_hc2c (ct-hc2c.c:281)
==816887==    by 0x4A42762: UnknownInlinedFun (ct-hc2c-direct.c:391)
==816887==    by 0x4A42762: fftw_regsolver_hc2c_direct (ct-hc2c-direct.c:402)
==816887==    by 0x49F4022: fftw_solvtab_exec (solvtab.c:29)
==816887==    by 0x4A307DE: fftw_rdft_conf_standard (conf.c:63)
==816887==    by 0x4AB905C: fftw_configure_planner (configure.c:29)
==816887==    by 0x4AB967F: fftw_the_planner (the-planner.c:30)
==816887==    by 0x4AB96C1: fftw_mkapiplan (apiplan.c:100)
==816887==    by 0x4ABCCFE: fftw_plan_dft (plan-dft.c:26)
==816887==    by 0x4ABCEBB: fftw_plan_dft_1d (plan-dft-1d.c:26)
==816887== 
==816887== 1,152 bytes in 18 blocks are still reachable in loss record 51 of 91
==816887==    at 0x4846C8F: memalign (vg_replace_malloc.c:2020)
==816887==    by 0x49F097C: fftw_malloc_plain (alloc.c:28)
==816887==    by 0x49F3B04: fftw_mksolver (solver.c:26)
==816887==    by 0x4A42712: fftw_mksolver_hc2c (ct-hc2c.c:281)
==816887==    by 0x4A42793: UnknownInlinedFun (ct-hc2c-direct.c:391)
==816887==    by 0x4A42793: fftw_regsolver_hc2c_direct (ct-hc2c-direct.c:403)
==816887==    by 0x49F4022: fftw_solvtab_exec (solvtab.c:29)
==816887==    by 0x4A307DE: fftw_rdft_conf_standard (conf.c:63)
==816887==    by 0x4AB905C: fftw_configure_planner (configure.c:29)
==816887==    by 0x4AB967F: fftw_the_planner (the-planner.c:30)
==816887==    by 0x4AB96C1: fftw_mkapiplan (apiplan.c:100)
==816887==    by 0x4ABCCFE: fftw_plan_dft (plan-dft.c:26)
==816887==    by 0x4ABCEBB: fftw_plan_dft_1d (plan-dft-1d.c:26)
==816887== 
==816887== 1,152 bytes in 18 blocks are still reachable in loss record 52 of 91
==816887==    at 0x4846C8F: memalign (vg_replace_malloc.c:2020)
==816887==    by 0x49F097C: fftw_malloc_plain (alloc.c:28)
==816887==    by 0x49F3B04: fftw_mksolver (solver.c:26)
==816887==    by 0x4A42712: fftw_mksolver_hc2c (ct-hc2c.c:281)
==816887==    by 0x4A42762: UnknownInlinedFun (ct-hc2c-direct.c:391)
==816887==    by 0x4A42762: fftw_regsolver_hc2c_direct (ct-hc2c-direct.c:402)
==816887==    by 0x49F4022: fftw_solvtab_exec (solvtab.c:29)
==816887==    by 0x4A307F6: fftw_rdft_conf_standard (conf.c:67)
==816887==    by 0x4AB905C: fftw_configure_planner (configure.c:29)
==816887==    by 0x4AB967F: fftw_the_planner (the-planner.c:30)
==816887==    by 0x4AB96C1: fftw_mkapiplan (apiplan.c:100)
==816887==    by 0x4ABCCFE: fftw_plan_dft (plan-dft.c:26)
==816887==    by 0x4ABCEBB: fftw_plan_dft_1d (plan-dft-1d.c:26)
==816887== 
==816887== 1,152 bytes in 18 blocks are still reachable in loss record 53 of 91
==816887==    at 0x4846C8F: memalign (vg_replace_malloc.c:2020)
==816887==    by 0x49F097C: fftw_malloc_plain (alloc.c:28)
==816887==    by 0x49F3B04: fftw_mksolver (solver.c:26)
==816887==    by 0x4A42712: fftw_mksolver_hc2c (ct-hc2c.c:281)
==816887==    by 0x4A42793: UnknownInlinedFun (ct-hc2c-direct.c:391)
==816887==    by 0x4A42793: fftw_regsolver_hc2c_direct (ct-hc2c-direct.c:403)
==816887==    by 0x49F4022: fftw_solvtab_exec (solvtab.c:29)
==816887==    by 0x4A307F6: fftw_rdft_conf_standard (conf.c:67)
==816887==    by 0x4AB905C: fftw_configure_planner (configure.c:29)
==816887==    by 0x4AB967F: fftw_the_planner (the-planner.c:30)
==816887==    by 0x4AB96C1: fftw_mkapiplan (apiplan.c:100)
==816887==    by 0x4ABCCFE: fftw_plan_dft (plan-dft.c:26)
==816887==    by 0x4ABCEBB: fftw_plan_dft_1d (plan-dft-1d.c:26)
==816887== 
==816887== 1,152 bytes in 18 blocks are still reachable in loss record 54 of 91
==816887==    at 0x4846C8F: memalign (vg_replace_malloc.c:2020)
==816887==    by 0x49F097C: fftw_malloc_plain (alloc.c:28)
==816887==    by 0x49F3B04: fftw_mksolver (solver.c:26)
==816887==    by 0x4A42712: fftw_mksolver_hc2c (ct-hc2c.c:281)
==816887==    by 0x4A42762: UnknownInlinedFun (ct-hc2c-direct.c:391)
==816887==    by 0x4A42762: fftw_regsolver_hc2c_direct (ct-hc2c-direct.c:402)
==816887==    by 0x49F4022: fftw_solvtab_exec (solvtab.c:29)
==816887==    by 0x4A3080E: fftw_rdft_conf_standard (conf.c:75)
==816887==    by 0x4AB905C: fftw_configure_planner (configure.c:29)
==816887==    by 0x4AB967F: fftw_the_planner (the-planner.c:30)
==816887==    by 0x4AB96C1: fftw_mkapiplan (apiplan.c:100)
==816887==    by 0x4ABCCFE: fftw_plan_dft (plan-dft.c:26)
==816887==    by 0x4ABCEBB: fftw_plan_dft_1d (plan-dft-1d.c:26)
==816887== 
==816887== 1,152 bytes in 18 blocks are still reachable in loss record 55 of 91
==816887==    at 0x4846C8F: memalign (vg_replace_malloc.c:2020)
==816887==    by 0x49F097C: fftw_malloc_plain (alloc.c:28)
==816887==    by 0x49F3B04: fftw_mksolver (solver.c:26)
==816887==    by 0x4A42712: fftw_mksolver_hc2c (ct-hc2c.c:281)
==816887==    by 0x4A42793: UnknownInlinedFun (ct-hc2c-direct.c:391)
==816887==    by 0x4A42793: fftw_regsolver_hc2c_direct (ct-hc2c-direct.c:403)
==816887==    by 0x49F4022: fftw_solvtab_exec (solvtab.c:29)
==816887==    by 0x4A3080E: fftw_rdft_conf_standard (conf.c:75)
==816887==    by 0x4AB905C: fftw_configure_planner (configure.c:29)
==816887==    by 0x4AB967F: fftw_the_planner (the-planner.c:30)
==816887==    by 0x4AB96C1: fftw_mkapiplan (apiplan.c:100)
==816887==    by 0x4ABCCFE: fftw_plan_dft (plan-dft.c:26)
==816887==    by 0x4ABCEBB: fftw_plan_dft_1d (plan-dft-1d.c:26)
==816887== 
==816887== 1,152 bytes in 18 blocks are still reachable in loss record 56 of 91
==816887==    at 0x4846C8F: memalign (vg_replace_malloc.c:2020)
==816887==    by 0x49F097C: fftw_malloc_plain (alloc.c:28)
==816887==    by 0x49F3B04: fftw_mksolver (solver.c:26)
==816887==    by 0x4A42712: fftw_mksolver_hc2c (ct-hc2c.c:281)
==816887==    by 0x4A42762: UnknownInlinedFun (ct-hc2c-direct.c:391)
==816887==    by 0x4A42762: fftw_regsolver_hc2c_direct (ct-hc2c-direct.c:402)
==816887==    by 0x49F4022: fftw_solvtab_exec (solvtab.c:29)
==816887==    by 0x4AB905C: fftw_configure_planner (configure.c:29)
==816887==    by 0x4AB967F: fftw_the_planner (the-planner.c:30)
==816887==    by 0x4AB96C1: fftw_mkapiplan (apiplan.c:100)
==816887==    by 0x4ABCCFE: fftw_plan_dft (plan-dft.c:26)
==816887==    by 0x4ABCEBB: fftw_plan_dft_1d (plan-dft-1d.c:26)
==816887==    by 0x400F42: fft_detect (dtmf_decode_fft.c:52)
==816887== 
==816887== 1,152 bytes in 18 blocks are still reachable in loss record 57 of 91
==816887==    at 0x4846C8F: memalign (vg_replace_malloc.c:2020)
==816887==    by 0x49F097C: fftw_malloc_plain (alloc.c:28)
==816887==    by 0x49F3B04: fftw_mksolver (solver.c:26)
==816887==    by 0x4A42712: fftw_mksolver_hc2c (ct-hc2c.c:281)
==816887==    by 0x4A42793: UnknownInlinedFun (ct-hc2c-direct.c:391)
==816887==    by 0x4A42793: fftw_regsolver_hc2c_direct (ct-hc2c-direct.c:403)
==816887==    by 0x49F4022: fftw_solvtab_exec (solvtab.c:29)
==816887==    by 0x4AB905C: fftw_configure_planner (configure.c:29)
==816887==    by 0x4AB967F: fftw_the_planner (the-planner.c:30)
==816887==    by 0x4AB96C1: fftw_mkapiplan (apiplan.c:100)
==816887==    by 0x4ABCCFE: fftw_plan_dft (plan-dft.c:26)
==816887==    by 0x4ABCEBB: fftw_plan_dft_1d (plan-dft-1d.c:26)
==816887==    by 0x400F42: fft_detect (dtmf_decode_fft.c:52)
==816887== 
==816887== 1,152 bytes in 36 blocks are still reachable in loss record 58 of 91
==816887==    at 0x4846C8F: memalign (vg_replace_malloc.c:2020)
==816887==    by 0x49F097C: fftw_malloc_plain (alloc.c:28)
==816887==    by 0x49F3B04: fftw_mksolver (solver.c:26)
==816887==    by 0x4A30571: fftw_mksolver_rdft2_direct (direct2.c:167)
==816887==    by 0x4A305D0: fftw_kr2c_register (kr2c.c:28)
==816887==    by 0x49F4022: fftw_solvtab_exec (solvtab.c:29)
==816887==    by 0x4A3077D: fftw_rdft_conf_standard (conf.c:57)
==816887==    by 0x4AB905C: fftw_configure_planner (configure.c:29)
==816887==    by 0x4AB967F: fftw_the_planner (the-planner.c:30)
==816887==    by 0x4AB96C1: fftw_mkapiplan (apiplan.c:100)
==816887==    by 0x4ABCCFE: fftw_plan_dft (plan-dft.c:26)
==816887==    by 0x4ABCEBB: fftw_plan_dft_1d (plan-dft-1d.c:26)
==816887== 
==816887== 1,152 bytes in 36 blocks are still reachable in loss record 59 of 91
==816887==    at 0x4846C8F: memalign (vg_replace_malloc.c:2020)
==816887==    by 0x49F097C: fftw_malloc_plain (alloc.c:28)
==816887==    by 0x49F3B04: fftw_mksolver (solver.c:26)
==816887==    by 0x4A30571: fftw_mksolver_rdft2_direct (direct2.c:167)
==816887==    by 0x4A305D0: fftw_kr2c_register (kr2c.c:28)
==816887==    by 0x49F4022: fftw_solvtab_exec (solvtab.c:29)
==816887==    by 0x4A3078C: fftw_rdft_conf_standard (conf.c:58)
==816887==    by 0x4AB905C: fftw_configure_planner (configure.c:29)
==816887==    by 0x4AB967F: fftw_the_planner (the-planner.c:30)
==816887==    by 0x4AB96C1: fftw_mkapiplan (apiplan.c:100)
==816887==    by 0x4ABCCFE: fftw_plan_dft (plan-dft.c:26)
==816887==    by 0x4ABCEBB: fftw_plan_dft_1d (plan-dft-1d.c:26)
==816887== 
==816887== 1,288 bytes in 23 blocks are still reachable in loss record 60 of 91
==816887==    at 0x4846C8F: memalign (vg_replace_malloc.c:2020)
==816887==    by 0x49F097C: fftw_malloc_plain (alloc.c:28)
==816887==    by 0x49F3B04: fftw_mksolver (solver.c:26)
==816887==    by 0x4A2A67F: fftw_mksolver_hc2hc (hc2hc.c:200)
==816887==    by 0x4A30B4A: regone (hc2hc-direct.c:260)
==816887==    by 0x4A30BDE: fftw_regsolver_hc2hc_direct (hc2hc-direct.c:277)
==816887==    by 0x49F4022: fftw_solvtab_exec (solvtab.c:29)
==816887==    by 0x4A3077D: fftw_rdft_conf_standard (conf.c:57)
==816887==    by 0x4AB905C: fftw_configure_planner (configure.c:29)
==816887==    by 0x4AB967F: fftw_the_planner (the-planner.c:30)
==816887==    by 0x4AB96C1: fftw_mkapiplan (apiplan.c:100)
==816887==    by 0x4ABCCFE: fftw_plan_dft (plan-dft.c:26)
==816887== 
==816887== 1,288 bytes in 23 blocks are still reachable in loss record 61 of 91
==816887==    at 0x4846C8F: memalign (vg_replace_malloc.c:2020)
==816887==    by 0x49F097C: fftw_malloc_plain (alloc.c:28)
==816887==    by 0x49F3B04: fftw_mksolver (solver.c:26)
==816887==    by 0x4A2A67F: fftw_mksolver_hc2hc (hc2hc.c:200)
==816887==    by 0x4A30B4A: regone (hc2hc-direct.c:260)
==816887==    by 0x49F4022: fftw_solvtab_exec (solvtab.c:29)
==816887==    by 0x4A3077D: fftw_rdft_conf_standard (conf.c:57)
==816887==    by 0x4AB905C: fftw_configure_planner (configure.c:29)
==816887==    by 0x4AB967F: fftw_the_planner (the-planner.c:30)
==816887==    by 0x4AB96C1: fftw_mkapiplan (apiplan.c:100)
==816887==    by 0x4ABCCFE: fftw_plan_dft (plan-dft.c:26)
==816887==    by 0x4ABCEBB: fftw_plan_dft_1d (plan-dft-1d.c:26)
==816887== 
==816887== 1,288 bytes in 23 blocks are still reachable in loss record 62 of 91
==816887==    at 0x4846C8F: memalign (vg_replace_malloc.c:2020)
==816887==    by 0x49F097C: fftw_malloc_plain (alloc.c:28)
==816887==    by 0x49F3B04: fftw_mksolver (solver.c:26)
==816887==    by 0x4A2A67F: fftw_mksolver_hc2hc (hc2hc.c:200)
==816887==    by 0x4A30B4A: regone (hc2hc-direct.c:260)
==816887==    by 0x4A30BDE: fftw_regsolver_hc2hc_direct (hc2hc-direct.c:277)
==816887==    by 0x49F4022: fftw_solvtab_exec (solvtab.c:29)
==816887==    by 0x4A3078C: fftw_rdft_conf_standard (conf.c:58)
==816887==    by 0x4AB905C: fftw_configure_planner (configure.c:29)
==816887==    by 0x4AB967F: fftw_the_planner (the-planner.c:30)
==816887==    by 0x4AB96C1: fftw_mkapiplan (apiplan.c:100)
==816887==    by 0x4ABCCFE: fftw_plan_dft (plan-dft.c:26)
==816887== 
==816887== 1,288 bytes in 23 blocks are still reachable in loss record 63 of 91
==816887==    at 0x4846C8F: memalign (vg_replace_malloc.c:2020)
==816887==    by 0x49F097C: fftw_malloc_plain (alloc.c:28)
==816887==    by 0x49F3B04: fftw_mksolver (solver.c:26)
==816887==    by 0x4A2A67F: fftw_mksolver_hc2hc (hc2hc.c:200)
==816887==    by 0x4A30B4A: regone (hc2hc-direct.c:260)
==816887==    by 0x49F4022: fftw_solvtab_exec (solvtab.c:29)
==816887==    by 0x4A3078C: fftw_rdft_conf_standard (conf.c:58)
==816887==    by 0x4AB905C: fftw_configure_planner (configure.c:29)
==816887==    by 0x4AB967F: fftw_the_planner (the-planner.c:30)
==816887==    by 0x4AB96C1: fftw_mkapiplan (apiplan.c:100)
==816887==    by 0x4ABCCFE: fftw_plan_dft (plan-dft.c:26)
==816887==    by 0x4ABCEBB: fftw_plan_dft_1d (plan-dft-1d.c:26)
==816887== 
==816887== 1,440 bytes in 36 blocks are still reachable in loss record 64 of 91
==816887==    at 0x4846C8F: memalign (vg_replace_malloc.c:2020)
==816887==    by 0x49F097C: fftw_malloc_plain (alloc.c:28)
==816887==    by 0x49F3B04: fftw_mksolver (solver.c:26)
==816887==    by 0x4A301A1: UnknownInlinedFun (direct-r2c.c:326)
==816887==    by 0x4A301A1: fftw_mksolver_rdft_r2c_direct (direct-r2c.c:335)
==816887==    by 0x4A305A4: fftw_kr2c_register (kr2c.c:26)
==816887==    by 0x49F4022: fftw_solvtab_exec (solvtab.c:29)
==816887==    by 0x4A3077D: fftw_rdft_conf_standard (conf.c:57)
==816887==    by 0x4AB905C: fftw_configure_planner (configure.c:29)
==816887==    by 0x4AB967F: fftw_the_planner (the-planner.c:30)
==816887==    by 0x4AB96C1: fftw_mkapiplan (apiplan.c:100)
==816887==    by 0x4ABCCFE: fftw_plan_dft (plan-dft.c:26)
==816887==    by 0x4ABCEBB: fftw_plan_dft_1d (plan-dft-1d.c:26)
==816887== 
==816887== 1,440 bytes in 36 blocks are still reachable in loss record 65 of 91
==816887==    at 0x4846C8F: memalign (vg_replace_malloc.c:2020)
==816887==    by 0x49F097C: fftw_malloc_plain (alloc.c:28)
==816887==    by 0x49F3B04: fftw_mksolver (solver.c:26)
==816887==    by 0x4A301E1: UnknownInlinedFun (direct-r2c.c:326)
==816887==    by 0x4A301E1: fftw_mksolver_rdft_r2c_directbuf (direct-r2c.c:340)
==816887==    by 0x4A305BA: fftw_kr2c_register (kr2c.c:27)
==816887==    by 0x49F4022: fftw_solvtab_exec (solvtab.c:29)
==816887==    by 0x4A3077D: fftw_rdft_conf_standard (conf.c:57)
==816887==    by 0x4AB905C: fftw_configure_planner (configure.c:29)
==816887==    by 0x4AB967F: fftw_the_planner (the-planner.c:30)
==816887==    by 0x4AB96C1: fftw_mkapiplan (apiplan.c:100)
==816887==    by 0x4ABCCFE: fftw_plan_dft (plan-dft.c:26)
==816887==    by 0x4ABCEBB: fftw_plan_dft_1d (plan-dft-1d.c:26)
==816887== 
==816887== 1,440 bytes in 36 blocks are still reachable in loss record 66 of 91
==816887==    at 0x4846C8F: memalign (vg_replace_malloc.c:2020)
==816887==    by 0x49F097C: fftw_malloc_plain (alloc.c:28)
==816887==    by 0x49F3B04: fftw_mksolver (solver.c:26)
==816887==    by 0x4A301A1: UnknownInlinedFun (direct-r2c.c:326)
==816887==    by 0x4A301A1: fftw_mksolver_rdft_r2c_direct (direct-r2c.c:335)
==816887==    by 0x4A305A4: fftw_kr2c_register (kr2c.c:26)
==816887==    by 0x49F4022: fftw_solvtab_exec (solvtab.c:29)
==816887==    by 0x4A3078C: fftw_rdft_conf_standard (conf.c:58)
==816887==    by 0x4AB905C: fftw_configure_planner (configure.c:29)
==816887==    by 0x4AB967F: fftw_the_planner (the-planner.c:30)
==816887==    by 0x4AB96C1: fftw_mkapiplan (apiplan.c:100)
==816887==    by 0x4ABCCFE: fftw_plan_dft (plan-dft.c:26)
==816887==    by 0x4ABCEBB: fftw_plan_dft_1d (plan-dft-1d.c:26)
==816887== 
==816887== 1,440 bytes in 36 blocks are still reachable in loss record 67 of 91
==816887==    at 0x4846C8F: memalign (vg_replace_malloc.c:2020)
==816887==    by 0x49F097C: fftw_malloc_plain (alloc.c:28)
==816887==    by 0x49F3B04: fftw_mksolver (solver.c:26)
==816887==    by 0x4A301E1: UnknownInlinedFun (direct-r2c.c:326)
==816887==    by 0x4A301E1: fftw_mksolver_rdft_r2c_directbuf (direct-r2c.c:340)
==816887==    by 0x4A305BA: fftw_kr2c_register (kr2c.c:27)
==816887==    by 0x49F4022: fftw_solvtab_exec (solvtab.c:29)
==816887==    by 0x4A3078C: fftw_rdft_conf_standard (conf.c:58)
==816887==    by 0x4AB905C: fftw_configure_planner (configure.c:29)
==816887==    by 0x4AB967F: fftw_the_planner (the-planner.c:30)
==816887==    by 0x4AB96C1: fftw_mkapiplan (apiplan.c:100)
==816887==    by 0x4ABCCFE: fftw_plan_dft (plan-dft.c:26)
==816887==    by 0x4ABCEBB: fftw_plan_dft_1d (plan-dft-1d.c:26)
==816887== 
==816887== 1,792 bytes in 28 blocks are still reachable in loss record 68 of 91
==816887==    at 0x4846C8F: memalign (vg_replace_malloc.c:2020)
==816887==    by 0x49F097C: fftw_malloc_plain (alloc.c:28)
==816887==    by 0x49F3B04: fftw_mksolver (solver.c:26)
==816887==    by 0x4A42712: fftw_mksolver_hc2c (ct-hc2c.c:281)
==816887==    by 0x4A42762: UnknownInlinedFun (ct-hc2c-direct.c:391)
==816887==    by 0x4A42762: fftw_regsolver_hc2c_direct (ct-hc2c-direct.c:402)
==816887==    by 0x49F4022: fftw_solvtab_exec (solvtab.c:29)
==816887==    by 0x4A3077D: fftw_rdft_conf_standard (conf.c:57)
==816887==    by 0x4AB905C: fftw_configure_planner (configure.c:29)
==816887==    by 0x4AB967F: fftw_the_planner (the-planner.c:30)
==816887==    by 0x4AB96C1: fftw_mkapiplan (apiplan.c:100)
==816887==    by 0x4ABCCFE: fftw_plan_dft (plan-dft.c:26)
==816887==    by 0x4ABCEBB: fftw_plan_dft_1d (plan-dft-1d.c:26)
==816887== 
==816887== 1,792 bytes in 28 blocks are still reachable in loss record 69 of 91
==816887==    at 0x4846C8F: memalign (vg_replace_malloc.c:2020)
==816887==    by 0x49F097C: fftw_malloc_plain (alloc.c:28)
==816887==    by 0x49F3B04: fftw_mksolver (solver.c:26)
==816887==    by 0x4A42712: fftw_mksolver_hc2c (ct-hc2c.c:281)
==816887==    by 0x4A42793: UnknownInlinedFun (ct-hc2c-direct.c:391)
==816887==    by 0x4A42793: fftw_regsolver_hc2c_direct (ct-hc2c-direct.c:403)
==816887==    by 0x49F4022: fftw_solvtab_exec (solvtab.c:29)
==816887==    by 0x4A3077D: fftw_rdft_conf_standard (conf.c:57)
==816887==    by 0x4AB905C: fftw_configure_planner (configure.c:29)
==816887==    by 0x4AB967F: fftw_the_planner (the-planner.c:30)
==816887==    by 0x4AB96C1: fftw_mkapiplan (apiplan.c:100)
==816887==    by 0x4ABCCFE: fftw_plan_dft (plan-dft.c:26)
==816887==    by 0x4ABCEBB: fftw_plan_dft_1d (plan-dft-1d.c:26)
==816887== 
==816887== 1,792 bytes in 28 blocks are still reachable in loss record 70 of 91
==816887==    at 0x4846C8F: memalign (vg_replace_malloc.c:2020)
==816887==    by 0x49F097C: fftw_malloc_plain (alloc.c:28)
==816887==    by 0x49F3B04: fftw_mksolver (solver.c:26)
==816887==    by 0x4A42712: fftw_mksolver_hc2c (ct-hc2c.c:281)
==816887==    by 0x4A42762: UnknownInlinedFun (ct-hc2c-direct.c:391)
==816887==    by 0x4A42762: fftw_regsolver_hc2c_direct (ct-hc2c-direct.c:402)
==816887==    by 0x49F4022: fftw_solvtab_exec (solvtab.c:29)
==816887==    by 0x4A3078C: fftw_rdft_conf_standard (conf.c:58)
==816887==    by 0x4AB905C: fftw_configure_planner (configure.c:29)
==816887==    by 0x4AB967F: fftw_the_planner (the-planner.c:30)
==816887==    by 0x4AB96C1: fftw_mkapiplan (apiplan.c:100)
==816887==    by 0x4ABCCFE: fftw_plan_dft (plan-dft.c:26)
==816887==    by 0x4ABCEBB: fftw_plan_dft_1d (plan-dft-1d.c:26)
==816887== 
==816887== 1,792 bytes in 28 blocks are still reachable in loss record 71 of 91
==816887==    at 0x4846C8F: memalign (vg_replace_malloc.c:2020)
==816887==    by 0x49F097C: fftw_malloc_plain (alloc.c:28)
==816887==    by 0x49F3B04: fftw_mksolver (solver.c:26)
==816887==    by 0x4A42712: fftw_mksolver_hc2c (ct-hc2c.c:281)
==816887==    by 0x4A42793: UnknownInlinedFun (ct-hc2c-direct.c:391)
==816887==    by 0x4A42793: fftw_regsolver_hc2c_direct (ct-hc2c-direct.c:403)
==816887==    by 0x49F4022: fftw_solvtab_exec (solvtab.c:29)
==816887==    by 0x4A3078C: fftw_rdft_conf_standard (conf.c:58)
==816887==    by 0x4AB905C: fftw_configure_planner (configure.c:29)
==816887==    by 0x4AB967F: fftw_the_planner (the-planner.c:30)
==816887==    by 0x4AB96C1: fftw_mkapiplan (apiplan.c:100)
==816887==    by 0x4ABCCFE: fftw_plan_dft (plan-dft.c:26)
==816887==    by 0x4ABCEBB: fftw_plan_dft_1d (plan-dft-1d.c:26)
==816887== 
==816887== 1,800 bytes in 25 blocks are still reachable in loss record 72 of 91
==816887==    at 0x4846C8F: memalign (vg_replace_malloc.c:2020)
==816887==    by 0x49F097C: fftw_malloc_plain (alloc.c:28)
==816887==    by 0x49F3B04: fftw_mksolver (solver.c:26)
==816887==    by 0x49F7E26: fftw_mksolver_ct (ct.c:239)
==816887==    by 0x49F7E86: regone.lto_priv.0 (dftw-direct.c:312)
==816887==    by 0x49F8652: fftw_regsolver_ct_directw (dftw-direct.c:330)
==816887==    by 0x49F4022: fftw_solvtab_exec (solvtab.c:29)
==816887==    by 0x49F902D: fftw_dft_conf_standard (conf.c:43)
==816887==    by 0x4AB9054: fftw_configure_planner (configure.c:28)
==816887==    by 0x4AB967F: fftw_the_planner (the-planner.c:30)
==816887==    by 0x4AB96C1: fftw_mkapiplan (apiplan.c:100)
==816887==    by 0x4ABCCFE: fftw_plan_dft (plan-dft.c:26)
==816887== 
==816887== 1,800 bytes in 25 blocks are still reachable in loss record 73 of 91
==816887==    at 0x4846C8F: memalign (vg_replace_malloc.c:2020)
==816887==    by 0x49F097C: fftw_malloc_plain (alloc.c:28)
==816887==    by 0x49F3B04: fftw_mksolver (solver.c:26)
==816887==    by 0x49F7E26: fftw_mksolver_ct (ct.c:239)
==816887==    by 0x49F7E86: regone.lto_priv.0 (dftw-direct.c:312)
==816887==    by 0x49F4022: fftw_solvtab_exec (solvtab.c:29)
==816887==    by 0x49F902D: fftw_dft_conf_standard (conf.c:43)
==816887==    by 0x4AB9054: fftw_configure_planner (configure.c:28)
==816887==    by 0x4AB967F: fftw_the_planner (the-planner.c:30)
==816887==    by 0x4AB96C1: fftw_mkapiplan (apiplan.c:100)
==816887==    by 0x4ABCCFE: fftw_plan_dft (plan-dft.c:26)
==816887==    by 0x4ABCEBB: fftw_plan_dft_1d (plan-dft-1d.c:26)
==816887== 
==816887== 1,960 bytes in 35 blocks are still reachable in loss record 74 of 91
==816887==    at 0x4846C8F: memalign (vg_replace_malloc.c:2020)
==816887==    by 0x49F097C: fftw_malloc_plain (alloc.c:28)
==816887==    by 0x49F3B04: fftw_mksolver (solver.c:26)
==816887==    by 0x49F7E26: fftw_mksolver_ct (ct.c:239)
==816887==    by 0x49F7FF9: UnknownInlinedFun (dftw-genericbuf.c:210)
==816887==    by 0x49F7FF9: fftw_ct_genericbuf_register (dftw-genericbuf.c:230)
==816887==    by 0x49F4022: fftw_solvtab_exec (solvtab.c:29)
==816887==    by 0x49F901E: fftw_dft_conf_standard (conf.c:42)
==816887==    by 0x4AB9054: fftw_configure_planner (configure.c:28)
==816887==    by 0x4AB967F: fftw_the_planner (the-planner.c:30)
==816887==    by 0x4AB96C1: fftw_mkapiplan (apiplan.c:100)
==816887==    by 0x4ABCCFE: fftw_plan_dft (plan-dft.c:26)
==816887==    by 0x4ABCEBB: fftw_plan_dft_1d (plan-dft-1d.c:26)
==816887== 
==816887== 2,680 bytes in 67 blocks are still reachable in loss record 75 of 91
==816887==    at 0x4846C8F: memalign (vg_replace_malloc.c:2020)
==816887==    by 0x49F097C: fftw_malloc_plain (alloc.c:28)
==816887==    by 0x49F3B04: fftw_mksolver (solver.c:26)
==816887==    by 0x49F8731: UnknownInlinedFun (direct.c:278)
==816887==    by 0x49F8731: fftw_mksolver_dft_direct (direct.c:287)
==816887==    by 0x49F87E3: fftw_kdft_register (kdft.c:26)
==816887==    by 0x49F4022: fftw_solvtab_exec (solvtab.c:29)
==816887==    by 0x49F906E: fftw_dft_conf_standard (conf.c:46)
==816887==    by 0x4AB9054: fftw_configure_planner (configure.c:28)
==816887==    by 0x4AB967F: fftw_the_planner (the-planner.c:30)
==816887==    by 0x4AB96C1: fftw_mkapiplan (apiplan.c:100)
==816887==    by 0x4ABCCFE: fftw_plan_dft (plan-dft.c:26)
==816887==    by 0x4ABCEBB: fftw_plan_dft_1d (plan-dft-1d.c:26)
==816887== 
==816887== 2,680 bytes in 67 blocks are still reachable in loss record 76 of 91
==816887==    at 0x4846C8F: memalign (vg_replace_malloc.c:2020)
==816887==    by 0x49F097C: fftw_malloc_plain (alloc.c:28)
==816887==    by 0x49F3B04: fftw_mksolver (solver.c:26)
==816887==    by 0x49F8771: UnknownInlinedFun (direct.c:278)
==816887==    by 0x49F8771: fftw_mksolver_dft_directbuf (direct.c:292)
==816887==    by 0x49F87FA: fftw_kdft_register (kdft.c:27)
==816887==    by 0x49F4022: fftw_solvtab_exec (solvtab.c:29)
==816887==    by 0x49F906E: fftw_dft_conf_standard (conf.c:46)
==816887==    by 0x4AB9054: fftw_configure_planner (configure.c:28)
==816887==    by 0x4AB967F: fftw_the_planner (the-planner.c:30)
==816887==    by 0x4AB96C1: fftw_mkapiplan (apiplan.c:100)
==816887==    by 0x4ABCCFE: fftw_plan_dft (plan-dft.c:26)
==816887==    by 0x4ABCEBB: fftw_plan_dft_1d (plan-dft-1d.c:26)
==816887== 
==816887== 2,680 bytes in 67 blocks are still reachable in loss record 77 of 91
==816887==    at 0x4846C8F: memalign (vg_replace_malloc.c:2020)
==816887==    by 0x49F097C: fftw_malloc_plain (alloc.c:28)
==816887==    by 0x49F3B04: fftw_mksolver (solver.c:26)
==816887==    by 0x49F8731: UnknownInlinedFun (direct.c:278)
==816887==    by 0x49F8731: fftw_mksolver_dft_direct (direct.c:287)
==816887==    by 0x49F87E3: fftw_kdft_register (kdft.c:26)
==816887==    by 0x49F4022: fftw_solvtab_exec (solvtab.c:29)
==816887==    by 0x49F9086: fftw_dft_conf_standard (conf.c:50)
==816887==    by 0x4AB9054: fftw_configure_planner (configure.c:28)
==816887==    by 0x4AB967F: fftw_the_planner (the-planner.c:30)
==816887==    by 0x4AB96C1: fftw_mkapiplan (apiplan.c:100)
==816887==    by 0x4ABCCFE: fftw_plan_dft (plan-dft.c:26)
==816887==    by 0x4ABCEBB: fftw_plan_dft_1d (plan-dft-1d.c:26)
==816887== 
==816887== 2,680 bytes in 67 blocks are still reachable in loss record 78 of 91
==816887==    at 0x4846C8F: memalign (vg_replace_malloc.c:2020)
==816887==    by 0x49F097C: fftw_malloc_plain (alloc.c:28)
==816887==    by 0x49F3B04: fftw_mksolver (solver.c:26)
==816887==    by 0x49F8771: UnknownInlinedFun (direct.c:278)
==816887==    by 0x49F8771: fftw_mksolver_dft_directbuf (direct.c:292)
==816887==    by 0x49F87FA: fftw_kdft_register (kdft.c:27)
==816887==    by 0x49F4022: fftw_solvtab_exec (solvtab.c:29)
==816887==    by 0x49F9086: fftw_dft_conf_standard (conf.c:50)
==816887==    by 0x4AB9054: fftw_configure_planner (configure.c:28)
==816887==    by 0x4AB967F: fftw_the_planner (the-planner.c:30)
==816887==    by 0x4AB96C1: fftw_mkapiplan (apiplan.c:100)
==816887==    by 0x4ABCCFE: fftw_plan_dft (plan-dft.c:26)
==816887==    by 0x4ABCEBB: fftw_plan_dft_1d (plan-dft-1d.c:26)
==816887== 
==816887== 2,680 bytes in 67 blocks are still reachable in loss record 79 of 91
==816887==    at 0x4846C8F: memalign (vg_replace_malloc.c:2020)
==816887==    by 0x49F097C: fftw_malloc_plain (alloc.c:28)
==816887==    by 0x49F3B04: fftw_mksolver (solver.c:26)
==816887==    by 0x49F8731: UnknownInlinedFun (direct.c:278)
==816887==    by 0x49F8731: fftw_mksolver_dft_direct (direct.c:287)
==816887==    by 0x49F87E3: fftw_kdft_register (kdft.c:26)
==816887==    by 0x49F4022: fftw_solvtab_exec (solvtab.c:29)
==816887==    by 0x49F909E: fftw_dft_conf_standard (conf.c:58)
==816887==    by 0x4AB9054: fftw_configure_planner (configure.c:28)
==816887==    by 0x4AB967F: fftw_the_planner (the-planner.c:30)
==816887==    by 0x4AB96C1: fftw_mkapiplan (apiplan.c:100)
==816887==    by 0x4ABCCFE: fftw_plan_dft (plan-dft.c:26)
==816887==    by 0x4ABCEBB: fftw_plan_dft_1d (plan-dft-1d.c:26)
==816887== 
==816887== 2,680 bytes in 67 blocks are still reachable in loss record 80 of 91
==816887==    at 0x4846C8F: memalign (vg_replace_malloc.c:2020)
==816887==    by 0x49F097C: fftw_malloc_plain (alloc.c:28)
==816887==    by 0x49F3B04: fftw_mksolver (solver.c:26)
==816887==    by 0x49F8771: UnknownInlinedFun (direct.c:278)
==816887==    by 0x49F8771: fftw_mksolver_dft_directbuf (direct.c:292)
==816887==    by 0x49F87FA: fftw_kdft_register (kdft.c:27)
==816887==    by 0x49F4022: fftw_solvtab_exec (solvtab.c:29)
==816887==    by 0x49F909E: fftw_dft_conf_standard (conf.c:58)
==816887==    by 0x4AB9054: fftw_configure_planner (configure.c:28)
==816887==    by 0x4AB967F: fftw_the_planner (the-planner.c:30)
==816887==    by 0x4AB96C1: fftw_mkapiplan (apiplan.c:100)
==816887==    by 0x4ABCCFE: fftw_plan_dft (plan-dft.c:26)
==816887==    by 0x4ABCEBB: fftw_plan_dft_1d (plan-dft-1d.c:26)
==816887== 
==816887== 2,680 bytes in 67 blocks are still reachable in loss record 81 of 91
==816887==    at 0x4846C8F: memalign (vg_replace_malloc.c:2020)
==816887==    by 0x49F097C: fftw_malloc_plain (alloc.c:28)
==816887==    by 0x49F3B04: fftw_mksolver (solver.c:26)
==816887==    by 0x49F8731: UnknownInlinedFun (direct.c:278)
==816887==    by 0x49F8731: fftw_mksolver_dft_direct (direct.c:287)
==816887==    by 0x49F87E3: fftw_kdft_register (kdft.c:26)
==816887==    by 0x49F4022: fftw_solvtab_exec (solvtab.c:29)
==816887==    by 0x4AB9054: fftw_configure_planner (configure.c:28)
==816887==    by 0x4AB967F: fftw_the_planner (the-planner.c:30)
==816887==    by 0x4AB96C1: fftw_mkapiplan (apiplan.c:100)
==816887==    by 0x4ABCCFE: fftw_plan_dft (plan-dft.c:26)
==816887==    by 0x4ABCEBB: fftw_plan_dft_1d (plan-dft-1d.c:26)
==816887==    by 0x400F42: fft_detect (dtmf_decode_fft.c:52)
==816887== 
==816887== 2,680 bytes in 67 blocks are still reachable in loss record 82 of 91
==816887==    at 0x4846C8F: memalign (vg_replace_malloc.c:2020)
==816887==    by 0x49F097C: fftw_malloc_plain (alloc.c:28)
==816887==    by 0x49F3B04: fftw_mksolver (solver.c:26)
==816887==    by 0x49F8771: UnknownInlinedFun (direct.c:278)
==816887==    by 0x49F8771: fftw_mksolver_dft_directbuf (direct.c:292)
==816887==    by 0x49F87FA: fftw_kdft_register (kdft.c:27)
==816887==    by 0x49F4022: fftw_solvtab_exec (solvtab.c:29)
==816887==    by 0x4AB9054: fftw_configure_planner (configure.c:28)
==816887==    by 0x4AB967F: fftw_the_planner (the-planner.c:30)
==816887==    by 0x4AB96C1: fftw_mkapiplan (apiplan.c:100)
==816887==    by 0x4ABCCFE: fftw_plan_dft (plan-dft.c:26)
==816887==    by 0x4ABCEBB: fftw_plan_dft_1d (plan-dft-1d.c:26)
==816887==    by 0x400F42: fft_detect (dtmf_decode_fft.c:52)
==816887== 
==816887== 6,840 bytes in 95 blocks are still reachable in loss record 83 of 91
==816887==    at 0x4846C8F: memalign (vg_replace_malloc.c:2020)
==816887==    by 0x49F097C: fftw_malloc_plain (alloc.c:28)
==816887==    by 0x49F3B04: fftw_mksolver (solver.c:26)
==816887==    by 0x49F7E26: fftw_mksolver_ct (ct.c:239)
==816887==    by 0x49F7E86: regone.lto_priv.0 (dftw-direct.c:312)
==816887==    by 0x49F8652: fftw_regsolver_ct_directw (dftw-direct.c:330)
==816887==    by 0x49F4022: fftw_solvtab_exec (solvtab.c:29)
==816887==    by 0x49F906E: fftw_dft_conf_standard (conf.c:46)
==816887==    by 0x4AB9054: fftw_configure_planner (configure.c:28)
==816887==    by 0x4AB967F: fftw_the_planner (the-planner.c:30)
==816887==    by 0x4AB96C1: fftw_mkapiplan (apiplan.c:100)
==816887==    by 0x4ABCCFE: fftw_plan_dft (plan-dft.c:26)
==816887== 
==816887== 6,840 bytes in 95 blocks are still reachable in loss record 84 of 91
==816887==    at 0x4846C8F: memalign (vg_replace_malloc.c:2020)
==816887==    by 0x49F097C: fftw_malloc_plain (alloc.c:28)
==816887==    by 0x49F3B04: fftw_mksolver (solver.c:26)
==816887==    by 0x49F7E26: fftw_mksolver_ct (ct.c:239)
==816887==    by 0x49F7E86: regone.lto_priv.0 (dftw-direct.c:312)
==816887==    by 0x49F4022: fftw_solvtab_exec (solvtab.c:29)
==816887==    by 0x49F906E: fftw_dft_conf_standard (conf.c:46)
==816887==    by 0x4AB9054: fftw_configure_planner (configure.c:28)
==816887==    by 0x4AB967F: fftw_the_planner (the-planner.c:30)
==816887==    by 0x4AB96C1: fftw_mkapiplan (apiplan.c:100)
==816887==    by 0x4ABCCFE: fftw_plan_dft (plan-dft.c:26)
==816887==    by 0x4ABCEBB: fftw_plan_dft_1d (plan-dft-1d.c:26)
==816887== 
==816887== 6,840 bytes in 95 blocks are still reachable in loss record 85 of 91
==816887==    at 0x4846C8F: memalign (vg_replace_malloc.c:2020)
==816887==    by 0x49F097C: fftw_malloc_plain (alloc.c:28)
==816887==    by 0x49F3B04: fftw_mksolver (solver.c:26)
==816887==    by 0x49F7E26: fftw_mksolver_ct (ct.c:239)
==816887==    by 0x49F7E86: regone.lto_priv.0 (dftw-direct.c:312)
==816887==    by 0x49F8652: fftw_regsolver_ct_directw (dftw-direct.c:330)
==816887==    by 0x49F4022: fftw_solvtab_exec (solvtab.c:29)
==816887==    by 0x49F9086: fftw_dft_conf_standard (conf.c:50)
==816887==    by 0x4AB9054: fftw_configure_planner (configure.c:28)
==816887==    by 0x4AB967F: fftw_the_planner (the-planner.c:30)
==816887==    by 0x4AB96C1: fftw_mkapiplan (apiplan.c:100)
==816887==    by 0x4ABCCFE: fftw_plan_dft (plan-dft.c:26)
==816887== 
==816887== 6,840 bytes in 95 blocks are still reachable in loss record 86 of 91
==816887==    at 0x4846C8F: memalign (vg_replace_malloc.c:2020)
==816887==    by 0x49F097C: fftw_malloc_plain (alloc.c:28)
==816887==    by 0x49F3B04: fftw_mksolver (solver.c:26)
==816887==    by 0x49F7E26: fftw_mksolver_ct (ct.c:239)
==816887==    by 0x49F7E86: regone.lto_priv.0 (dftw-direct.c:312)
==816887==    by 0x49F4022: fftw_solvtab_exec (solvtab.c:29)
==816887==    by 0x49F9086: fftw_dft_conf_standard (conf.c:50)
==816887==    by 0x4AB9054: fftw_configure_planner (configure.c:28)
==816887==    by 0x4AB967F: fftw_the_planner (the-planner.c:30)
==816887==    by 0x4AB96C1: fftw_mkapiplan (apiplan.c:100)
==816887==    by 0x4ABCCFE: fftw_plan_dft (plan-dft.c:26)
==816887==    by 0x4ABCEBB: fftw_plan_dft_1d (plan-dft-1d.c:26)
==816887== 
==816887== 6,840 bytes in 95 blocks are still reachable in loss record 87 of 91
==816887==    at 0x4846C8F: memalign (vg_replace_malloc.c:2020)
==816887==    by 0x49F097C: fftw_malloc_plain (alloc.c:28)
==816887==    by 0x49F3B04: fftw_mksolver (solver.c:26)
==816887==    by 0x49F7E26: fftw_mksolver_ct (ct.c:239)
==816887==    by 0x49F7E86: regone.lto_priv.0 (dftw-direct.c:312)
==816887==    by 0x49F8652: fftw_regsolver_ct_directw (dftw-direct.c:330)
==816887==    by 0x49F4022: fftw_solvtab_exec (solvtab.c:29)
==816887==    by 0x49F909E: fftw_dft_conf_standard (conf.c:58)
==816887==    by 0x4AB9054: fftw_configure_planner (configure.c:28)
==816887==    by 0x4AB967F: fftw_the_planner (the-planner.c:30)
==816887==    by 0x4AB96C1: fftw_mkapiplan (apiplan.c:100)
==816887==    by 0x4ABCCFE: fftw_plan_dft (plan-dft.c:26)
==816887== 
==816887== 6,840 bytes in 95 blocks are still reachable in loss record 88 of 91
==816887==    at 0x4846C8F: memalign (vg_replace_malloc.c:2020)
==816887==    by 0x49F097C: fftw_malloc_plain (alloc.c:28)
==816887==    by 0x49F3B04: fftw_mksolver (solver.c:26)
==816887==    by 0x49F7E26: fftw_mksolver_ct (ct.c:239)
==816887==    by 0x49F7E86: regone.lto_priv.0 (dftw-direct.c:312)
==816887==    by 0x49F4022: fftw_solvtab_exec (solvtab.c:29)
==816887==    by 0x49F909E: fftw_dft_conf_standard (conf.c:58)
==816887==    by 0x4AB9054: fftw_configure_planner (configure.c:28)
==816887==    by 0x4AB967F: fftw_the_planner (the-planner.c:30)
==816887==    by 0x4AB96C1: fftw_mkapiplan (apiplan.c:100)
==816887==    by 0x4ABCCFE: fftw_plan_dft (plan-dft.c:26)
==816887==    by 0x4ABCEBB: fftw_plan_dft_1d (plan-dft-1d.c:26)
==816887== 
==816887== 6,840 bytes in 95 blocks are still reachable in loss record 89 of 91
==816887==    at 0x4846C8F: memalign (vg_replace_malloc.c:2020)
==816887==    by 0x49F097C: fftw_malloc_plain (alloc.c:28)
==816887==    by 0x49F3B04: fftw_mksolver (solver.c:26)
==816887==    by 0x49F7E26: fftw_mksolver_ct (ct.c:239)
==816887==    by 0x49F7E86: regone.lto_priv.0 (dftw-direct.c:312)
==816887==    by 0x49F8652: fftw_regsolver_ct_directw (dftw-direct.c:330)
==816887==    by 0x49F4022: fftw_solvtab_exec (solvtab.c:29)
==816887==    by 0x4AB9054: fftw_configure_planner (configure.c:28)
==816887==    by 0x4AB967F: fftw_the_planner (the-planner.c:30)
==816887==    by 0x4AB96C1: fftw_mkapiplan (apiplan.c:100)
==816887==    by 0x4ABCCFE: fftw_plan_dft (plan-dft.c:26)
==816887==    by 0x4ABCEBB: fftw_plan_dft_1d (plan-dft-1d.c:26)
==816887== 
==816887== 6,840 bytes in 95 blocks are still reachable in loss record 90 of 91
==816887==    at 0x4846C8F: memalign (vg_replace_malloc.c:2020)
==816887==    by 0x49F097C: fftw_malloc_plain (alloc.c:28)
==816887==    by 0x49F3B04: fftw_mksolver (solver.c:26)
==816887==    by 0x49F7E26: fftw_mksolver_ct (ct.c:239)
==816887==    by 0x49F7E86: regone.lto_priv.0 (dftw-direct.c:312)
==816887==    by 0x49F4022: fftw_solvtab_exec (solvtab.c:29)
==816887==    by 0x4AB9054: fftw_configure_planner (configure.c:28)
==816887==    by 0x4AB967F: fftw_the_planner (the-planner.c:30)
==816887==    by 0x4AB96C1: fftw_mkapiplan (apiplan.c:100)
==816887==    by 0x4ABCCFE: fftw_plan_dft (plan-dft.c:26)
==816887==    by 0x4ABCEBB: fftw_plan_dft_1d (plan-dft-1d.c:26)
==816887==    by 0x400F42: fft_detect (dtmf_decode_fft.c:52)
==816887== 
==816887== 69,376 bytes in 1 blocks are still reachable in loss record 91 of 91
==816887==    at 0x4846C8F: memalign (vg_replace_malloc.c:2020)
==816887==    by 0x49F097C: fftw_malloc_plain (alloc.c:28)
==816887==    by 0x49F3BD7: UnknownInlinedFun (planner.c:83)
==816887==    by 0x49F3BD7: UnknownInlinedFun (planner.c:104)
==816887==    by 0x49F3BD7: register_solver (planner.c:94)
==816887==    by 0x49F4022: fftw_solvtab_exec (solvtab.c:29)
==816887==    by 0x4A3078C: fftw_rdft_conf_standard (conf.c:58)
==816887==    by 0x4AB905C: fftw_configure_planner (configure.c:29)
==816887==    by 0x4AB967F: fftw_the_planner (the-planner.c:30)
==816887==    by 0x4AB96C1: fftw_mkapiplan (apiplan.c:100)
==816887==    by 0x4ABCCFE: fftw_plan_dft (plan-dft.c:26)
==816887==    by 0x4ABCEBB: fftw_plan_dft_1d (plan-dft-1d.c:26)
==816887==    by 0x400F42: fft_detect (dtmf_decode_fft.c:52)
==816887==    by 0x4012C2: dtmf_decode (dtmf_decode_fft.c:170)
==816887== 
==816887== LEAK SUMMARY:
==816887==    definitely lost: 0 bytes in 0 blocks
==816887==    indirectly lost: 0 bytes in 0 blocks
==816887==      possibly lost: 0 bytes in 0 blocks
==816887==    still reachable: 186,904 bytes in 2,089 blocks
==816887==         suppressed: 0 bytes in 0 blocks
==816887== 
==816887== For lists of detected and suppressed errors, rerun with: -s
==816887== ERROR SUMMARY: 0 errors from 0 contexts (suppressed: 0 from 0)
