cmd: /home/acm/Documents/heig/HPC/lab/dtmf/code/bin/dtmf_encdec-goertzel decode output.wav
events: Ir
fl=/home/acm/Documents/heig/HPC/lab/dtmf/code/src/args.c
fn=parse_arguments
53 2
54 1
55 1
56 1
59 6
60 2
fn=parse_opt
26 30
27 6
29 23
31 6
32 1
33 2
34 1
41 7
42 2
48 6
49 24
fl=/home/acm/Documents/heig/HPC/lab/dtmf/code/src/lib/dtmf_common.c
fn=_dtmf_apply_bandpass
270 8
272 37546744
273 262827180
274 12515580
275 12515580
276 12515580
277 12515580
278 12515580
279 12515580
280 12515580
281 12515580
282 12515580
284 1
fn=_dtmf_calculate_noise_threshold
286 2
287 1
288 1
289 37546744
290 25031160
291 25031160
293 5
294 4
295 1
296 2
297 2
fn=_dtmf_compute_rms
208 1
211 1
213 37546744
214 37546740
217 6
218 2
fn=_dtmf_map_presses_to_letter
198 20490
199 38150
200 1440
fn=_dtmf_noise_reduction
222 9
225 1
226 1
230 1
232 12515585
233 3128895
241 2
249 5
fn=_dtmf_normalize_signal
252 1
254 37546744
255 50062320
256 46
259 2
260 37546744
261 50062320
264 1
fn=_dtmf_pre_emphasis
301 1
303 37546744
304 25031160
305 37546740
306 12515580
308 1
fn=_dtmf_preprocess_buffer
310 5
313 1
314 3
315 3
316 3
317 3
320 4
fl=/home/acm/Documents/heig/HPC/lab/dtmf/code/src/lib/dtmf_decode_goertzel.c
fn=dtmf_decode
85 12
97 3
98 6
99 3
100 2
106 1
107 1
108 1
109 1
110 1
113 4
116 45429
120 68136
121 34068
122 14696
124 360
125 13976
126 6988
128 24266
132 14336
134 4008
136 8016
137 919
138 919
141 26561
142 2513
143 1077
144 2513
147 359
148 718
149 359
150 359
154 21994
155 5744
163 9
164 5
165 3
166 7
169 3
175 9
fn=goertzel_detect
30 1635264
31 2180352
32 1362720
33 817632
34 817632
35 545088
36 545088
41 545088
42 11404
43 45600
45 2
49 1803968736
50 1201919040
51 1201919040
52 600959520
53 600959520
56 545088
57 272544
58 1090176
62 1362720
fn=process_window
65 136272
66 11356
67 11356
69 454240
70 136272
71 1635264
72 681360
74 272544
75 32407
76 97221
80 34068
81 8016
83 90848
fl=/home/acm/Documents/heig/HPC/lab/dtmf/code/src/lib/dtmf_utils.c
fn=utils_read_wav_file
51 8
58 2
59 3
65 2
66 5
75 4
81 6
82 2
88 3
89 3
93 2
97 2
98 6
fl=/home/acm/Documents/heig/HPC/lab/dtmf/code/src/main.c
fn=main
20 4
24 2
26 6
49 5
50 2
51 1
53 6
58 1
59 1
61 7
65 3
66 1
67 2
72 3
73 1
83 5
fl=/usr/include/bits/fcntl2.h
fn=psf_open_fd.lto_priv.0
55 3
fl=/usr/include/bits/stdio2.h
fn=psf_copy_filename
68 17
fn=wavlike_read_peak_chunk
68 11
fl=/usr/include/bits/string_fortified.h
fn=header_read
29 75
fn=psf_binheader_readf
59 3
fn=psf_open_file
29 9
59 3
fn=psf_store_read_chunk_u32.isra.0
59 85
fn=sf_command
29 4
fn=wavlike_read_fmt_chunk
59 74
fl=/usr/include/bits/unistd.h
fn=psf_fread
32 66
fl=/usr/lib/gcc/x86_64-redhat-linux/15/include/avxintrin.h
fn=_dtmf_noise_reduction
152 6257790
205 6257790
371 3128895
837 3128895
843 3128895
1266 1
fl=/usr/src/debug/glibc-2.41-5.fc42.x86_64/argp/../argp/argp.h
fn=calc_sizes
546 45
fn=convert_options
534 10
539 25
546 45
fl=/usr/src/debug/glibc-2.41-5.fc42.x86_64/argp/../string/bits/string_fortified.h
fn=argp_parse
59 35
fl=/usr/src/debug/glibc-2.41-5.fc42.x86_64/argp/argp-parse.c
fn=argp_default_parser
97 30
98 35
144 10
fn=argp_parse
235 39
238 32
239 32
241 30
242 78
243 32
244 4
404 2
405 2
406 2
407 1
409 2
411 3
413 1
415 2
417 1
419 2
420 8
475 5
476 1
477 1
478 1
481 3
489 19
490 2
493 1
494 5
495 6
496 3
497 8
499 1
503 2
504 1
505 1
506 1
507 5
510 2
512 1
516 3
517 2
519 15
520 3
522 9
526 9
538 4
541 3
547 2
550 2
552 5
555 4
556 5
559 1
577 2
581 1
582 20
583 3
584 9
586 1
587 20
588 3
591 2
595 3
617 4
636 1
637 21
638 3
640 2
641 1
645 13
648 2
651 2
666 2
672 2
673 6
674 2
676 4
680 4
689 4
697 10
701 4
779 14
786 9
790 1
792 1
793 2
794 1
795 2
798 6
802 2
804 2
808 1
809 2
833 7
834 4
844 8
868 20
879 2
887 2
891 2
892 3
893 4
894 3
895 4
896 3
898 1
912 1
913 12
fn=argp_version_parser
158 5
159 15
176 5
fn=calc_sizes
440 16
441 4
442 4
444 10
446 3
449 6
450 5
451 5
452 30
457 8
458 13
460 9
461 3
463 16
fn=convert_options
187 24
188 57
189 40
192 10
301 44
303 4
304 4
306 29
311 15
313 15
315 10
317 15
323 8
324 4
330 6
333 15
334 10
337 10
338 5
340 4
342 2
343 10
344 5
352 5
353 60
356 25
361 24
362 3
363 6
364 3
365 3
366 3
367 6
368 3
371 6
382 3
387 3
390 18
391 3
392 18
396 36
fl=/usr/src/debug/glibc-2.41-5.fc42.x86_64/csu/../csu/libc-start.c
fn=__libc_start_main@@GLIBC_2.34
128 2
134 3
135 7
138 1
139 2
142 3
143 7
144 6
145 4
242 13
311 2
312 4
337 6
340 2
343 2
350 2
352 2
360 4
fl=/usr/src/debug/glibc-2.41-5.fc42.x86_64/csu/../sysdeps/nptl/libc_start_call_main.h
fn=(below main)
29 6
44 5
46 2
51 2
52 2
55 2
58 5
74 2
fl=/usr/src/debug/glibc-2.41-5.fc42.x86_64/csu/init-first.c
fn=_init_first
46 5
51 2
55 5
61 1
62 1
63 2
71 2
72 1
fl=/usr/src/debug/glibc-2.41-5.fc42.x86_64/ctype/../include/ctype.h
fn=__ctype_b_loc
40 20
41 40
42 20
fl=/usr/src/debug/glibc-2.41-5.fc42.x86_64/ctype/ctype-info.c
fn=__ctype_init
29 1
31 7
33 4
35 4
36 1
fl=/usr/src/debug/glibc-2.41-5.fc42.x86_64/debug/../sysdeps/x86_64/multiarch/ifunc-memmove.h
fn=__memcpy_chk
56 21
57 14
60 21
61 14
74 14
77 14
85 14
93 14
96 35
fn=__memmove_chk
56 3
57 2
60 3
61 2
74 2
77 2
85 2
93 2
96 5
fn=__mempcpy_chk
56 3
57 2
60 3
61 2
74 2
77 2
85 2
93 2
96 5
fl=/usr/src/debug/glibc-2.41-5.fc42.x86_64/debug/../sysdeps/x86_64/multiarch/ifunc-memset.h
fn=__memset_chk
52 5
53 10
61 25
64 15
65 10
80 10
84 20
92 10
100 10
fl=/usr/src/debug/glibc-2.41-5.fc42.x86_64/debug/../sysdeps/x86_64/multiarch/memcpy_chk.c
fn=__memcpy_chk
29 7
fl=/usr/src/debug/glibc-2.41-5.fc42.x86_64/debug/../sysdeps/x86_64/multiarch/memmove_chk.c
fn=__memmove_chk
29 1
fl=/usr/src/debug/glibc-2.41-5.fc42.x86_64/debug/../sysdeps/x86_64/multiarch/mempcpy_chk.c
fn=__mempcpy_chk
29 1
fl=/usr/src/debug/glibc-2.41-5.fc42.x86_64/debug/../sysdeps/x86_64/multiarch/memset_chk.c
fn=__memset_chk
29 10
fl=/usr/src/debug/glibc-2.41-5.fc42.x86_64/debug/snprintf_chk.c
fn=__snprintf_chk
27 20
28 2
33 3
37 6
38 3
42 5
fl=/usr/src/debug/glibc-2.41-5.fc42.x86_64/elf/../bits/stdlib-bsearch.h
fn=intel_check_word.constprop.0
26 648
28 972
43 60
44 60
46 120
fl=/usr/src/debug/glibc-2.41-5.fc42.x86_64/elf/../elf/dl-tls.c
fn=_dl_add_to_slotinfo
1156 5
1157 5
1165 1
1168 1
1169 1
1173 3
1209 2
1212 2
1213 3
1215 1
1218 1
1219 2
fn=_dl_allocate_tls_init
595 11
596 2
600 2
602 1
606 2
609 4
626 16
632 4
635 3
636 2
642 3
643 2
645 9
648 2
649 2
652 2
653 4
655 2
656 2
665 1
675 2
677 11
680 3
681 1
685 1
691 2
694 2
697 9
fn=_dl_allocate_tls_storage
91 1
97 1
509 6
515 2
517 2
527 1
529 2
530 2
535 5
fn=_dl_assign_tls_modid
153 3
156 3
209 1
211 1
214 1
215 2
fn=_dl_count_modids
220 1
222 2
223 1
238 2
fn=_dl_determine_tlsoffset
243 8
244 2
245 1
246 1
278 1
280 31
281 14
283 42
286 3
287 2
289 2
291 4
307 8
310 1
312 5
315 1
319 1
336 3
342 9
353 3
355 1
356 7
358 2
447 1
448 7
fn=_dl_tls_initial_modid_limit_setup
1117 1
1118 1
1121 7
1123 6
1124 4
1127 2
1130 1
1131 1
fn=_dl_tls_static_surplus_init
111 3
125 8
128 5
129 5
130 3
132 4
135 1
137 1
139 3
140 6
fn=allocate_dtv
452 5
457 1
461 2
462 1
463 2
472 3
478 4
fl=/usr/src/debug/glibc-2.41-5.fc42.x86_64/elf/../include/list.h
fn=__tls_init_tp
43 2
44 2
45 1
47 1
fl=/usr/src/debug/glibc-2.41-5.fc42.x86_64/elf/../include/rtld-malloc.h
fn=__minimal_calloc
56 28
fn=_dl_allocate_tls_storage
56 1
fn=_dl_check_map_versions
44 39
fn=_dl_find_object_init
56 1
fn=_dl_important_hwcaps
56 4
fn=_dl_init_paths
56 3
fn=_dl_map_object_deps
56 26
fn=_dl_new_object
44 39
56 36
fn=allocate_dtv
44 2
fn=init_tls
44 3
fl=/usr/src/debug/glibc-2.41-5.fc42.x86_64/elf/../include/scratch_buffer.h
fn=_dl_map_object_deps
77 3
78 1
85 3
131 36
fl=/usr/src/debug/glibc-2.41-5.fc42.x86_64/elf/../misc/sbrk.c
fn=sbrk
37 5
40 1
58 2
62 2
78 3
fl=/usr/src/debug/glibc-2.41-5.fc42.x86_64/elf/../nptl/nptl-stack.h
fn=__libc_early_init
61 7
fl=/usr/src/debug/glibc-2.41-5.fc42.x86_64/elf/../sysdeps/generic/_itoa.h
fn=_dl_check_map_versions
76 63
fl=/usr/src/debug/glibc-2.41-5.fc42.x86_64/elf/../sysdeps/generic/dl-cache.h
fn=_dl_load_cache_lookup
194 1
195 5
fn=search_cache
125 11
fl=/usr/src/debug/glibc-2.41-5.fc42.x86_64/elf/../sysdeps/generic/dl-call_tls_init_tp.h
fn=init_tls
31 8
33 1
fl=/usr/src/debug/glibc-2.41-5.fc42.x86_64/elf/../sysdeps/generic/dl-debug.h
fn=dl_main
29 4
30 2
fl=/usr/src/debug/glibc-2.41-5.fc42.x86_64/elf/../sysdeps/generic/dl-hash.h
fn=__rtld_malloc_init_real
43 5
44 2
45 19
48 18
62 24
67 1
72 1
fl=/usr/src/debug/glibc-2.41-5.fc42.x86_64/elf/../sysdeps/generic/dl-new-hash.h
fn=_dl_lookup_symbol_x
69 989
70 1978
74 9178
77 18356
80 8636
81 17272
87 447
88 447
89 894
90 447
99 8189
101 8189
102 16378
104 8189
105 8189
fl=/usr/src/debug/glibc-2.41-5.fc42.x86_64/elf/../sysdeps/generic/dl-protected.h
fn=do_lookup_x
29 5864
fl=/usr/src/debug/glibc-2.41-5.fc42.x86_64/elf/../sysdeps/generic/ldsodefs.h
fn=_dl_new_object
1334 48
fn=_dl_relocate_object_no_relro
79 106
140 2961
fn=_dl_start
79 6
fn=check_match
79 3
fn=dl_main
79 2
fn=do_lookup_x
139 1908
140 2862
fl=/usr/src/debug/glibc-2.41-5.fc42.x86_64/elf/../sysdeps/nptl/dl-mutex.c
fn=__rtld_mutex_init
30 5
37 1
40 6
44 2
45 10
47 7
51 2
52 7
53 4
fl=/usr/src/debug/glibc-2.41-5.fc42.x86_64/elf/../sysdeps/nptl/dl-tls_init_tp.c
fn=__tls_init_tp
69 4
70 1
73 1
76 4
77 2
78 1
83 2
88 4
91 1
94 3
110 4
112 1
118 2
119 2
fn=__tls_pre_init_tp
54 4
57 9
62 2
63 1
65 1
fn=rtld_mutex_dummy
43 28
45 56
fl=/usr/src/debug/glibc-2.41-5.fc42.x86_64/elf/../sysdeps/nptl/pthread_early_init.h
fn=__libc_early_init
33 6
34 1
38 5
45 2
46 1
48 2
52 5
53 1
54 1
56 1
fl=/usr/src/debug/glibc-2.41-5.fc42.x86_64/elf/../sysdeps/posix/dl-fileid.h
fn=_dl_map_object_from_fd
37 60
40 24
49 312
fl=/usr/src/debug/glibc-2.41-5.fc42.x86_64/elf/../sysdeps/unix/sysv/linux/brk.c
fn=brk
36 1
37 1
38 2
44 1
45 1
fl=/usr/src/debug/glibc-2.41-5.fc42.x86_64/elf/../sysdeps/unix/sysv/linux/brk_call.h
fn=brk
24 2
fl=/usr/src/debug/glibc-2.41-5.fc42.x86_64/elf/../sysdeps/unix/sysv/linux/dl-extra_tls.h
fn=_dl_determine_tlsoffset
32 4
33 3
37 10
44 1
51 4
52 3
54 1
fl=/usr/src/debug/glibc-2.41-5.fc42.x86_64/elf/../sysdeps/unix/sysv/linux/dl-osinfo.h
fn=dl_main
39 2
52 1
fl=/usr/src/debug/glibc-2.41-5.fc42.x86_64/elf/../sysdeps/unix/sysv/linux/dl-parse_auxv.h
fn=_dl_sysdep_parse_arguments
33 2
34 1
35 1
42 92
43 44
44 44
46 1
47 2
48 2
49 2
50 2
51 2
52 2
53 2
54 3
55 4
57 4
65 5
67 6
fl=/usr/src/debug/glibc-2.41-5.fc42.x86_64/elf/../sysdeps/unix/sysv/linux/dl-sysdep.c
fn=_dl_sysdep_parse_arguments
79 8
80 2
81 2
82 3
83 97
84 197
87 2
91 56
94 2
95 4
96 2
97 8
fn=_dl_sysdep_start
103 6
104 1
107 2
111 2
114 1
116 2
123 3
124 2
126 5
138 3
141 5
144 4
fn=_dl_sysdep_start_cleanup
148 1
149 1
fl=/usr/src/debug/glibc-2.41-5.fc42.x86_64/elf/../sysdeps/unix/sysv/linux/dl-vdso-setup.h
fn=dl_main
30 1
33 1
36 1
39 1
45 1
54 1
fl=/usr/src/debug/glibc-2.41-5.fc42.x86_64/elf/../sysdeps/unix/sysv/linux/dl-vdso.h
fn=dl_main
40 2
41 4
55 2
fl=/usr/src/debug/glibc-2.41-5.fc42.x86_64/elf/../sysdeps/unix/sysv/linux/rseq-internal.h
fn=__tls_init_tp
93 4
100 3
108 4
112 5
116 2
118 5
119 2
124 1
fl=/usr/src/debug/glibc-2.41-5.fc42.x86_64/elf/../sysdeps/unix/sysv/linux/x86/dl-hwcap2.h
fn=update_active.constprop.0
25 2
fl=/usr/src/debug/glibc-2.41-5.fc42.x86_64/elf/../sysdeps/unix/sysv/linux/x86/dl-minsigstacksize.h
fn=get_common_indices.constprop.0
24 2
27 2
28 2
65 3
74 2
fl=/usr/src/debug/glibc-2.41-5.fc42.x86_64/elf/../sysdeps/x86/cpu-features.c
fn=get_common_indices.constprop.0
431 3
435 4
438 5
442 1
443 4
444 4
445 4
446 3
447 2
454 2
456 7
461 7
468 2
469 7
475 2
490 3
fn=init_cpu_features.constprop.0
409 3
410 2
411 6
416 2
417 6
422 2
423 6
563 4
724 8
727 1
728 1
729 1
736 1
738 1
747 3
750 6
751 1
754 1
756 6
761 1
765 1
766 3
769 3
771 4
777 5
784 1
805 1
807 2
814 2
817 2
886 2
893 2
897 1
911 1
912 2
951 2
958 2
960 2
964 2
970 2
1118 3
1119 2
1122 2
1123 2
1126 4
1133 1
1134 1
1135 1
1136 1
1140 4
1143 4
1152 3
1156 1
1165 2
1166 3
1206 1
1207 2
1211 3
1228 3
1229 4
1232 2
1235 1
1238 2
1252 4
1254 4
1258 2
1261 4
1264 1
1267 1
1299 4
1306 8
fn=update_active.constprop.0
90 8
94 1
102 3
103 3
104 2
112 3
113 1
121 3
122 1
127 5
130 4
131 1
134 5
135 2
139 5
140 3
141 3
142 1
146 4
147 5
148 3
151 6
163 1
165 2
169 5
170 3
172 3
176 2
178 1
182 2
184 2
188 1
189 1
196 4
198 4
204 4
206 4
208 4
213 4
262 2
263 3
279 4
295 2
299 1
300 1
303 4
307 2
311 3
312 2
316 1
317 1
320 2
322 1
323 1
326 2
389 2
393 3
402 1
403 8
fl=/usr/src/debug/glibc-2.41-5.fc42.x86_64/elf/../sysdeps/x86/dl-cacheinfo.h
fn=get_common_cache_info.constprop.0
613 11
628 1
631 1
632 1
638 1
640 10
643 2
655 1
660 4
664 2
669 1
672 19
678 8
679 8
682 26
687 2
691 3
692 1
696 2
700 3
703 4
704 1
709 4
715 4
723 8
725 3
727 8
729 7
732 2
733 8
735 4
738 2
743 1
745 9
746 3
747 1
750 2
753 2
757 2
760 1
762 4
763 2
768 2
773 2
774 1
775 3
776 2
777 2
801 3
812 4
813 5
817 2
824 1
825 1
826 1
827 7
fn=handle_intel.constprop.0
250 108
255 24
261 12
267 48
271 24
276 24
279 36
281 24
284 60
286 24
305 96
fn=init_cpu_features.constprop.0
850 2
852 4
853 4
854 1
857 3
859 3
860 2
862 3
864 3
866 3
868 3
870 3
871 1
873 3
875 3
877 3
879 6
953 2
954 2
955 2
956 2
957 2
958 1
959 1
960 1
961 1
962 2
963 1
964 1
969 3
983 3
984 7
989 2
990 7
991 2
999 6
1000 2
1020 6
1029 2
1030 2
1035 3
1038 1
1039 2
1049 3
1055 2
1062 5
1064 2
1067 5
1069 1
1075 4
1079 5
1080 3
1084 5
1085 3
1089 5
1090 1
1096 6
1098 3
1122 12
1128 2
1131 10
1133 9
1134 10
1135 13
1138 12
1146 1
1147 7
1148 2
1149 2
1150 2
1151 2
1152 1
fn=intel_check_word.constprop.0
110 648
113 588
119 168
123 48
125 12
129 168
131 96
133 60
135 120
143 120
152 24
155 99
158 99
162 64
164 192
165 24
167 104
168 96
169 84
170 72
172 11
174 22
176 12
177 16
178 12
179 20
180 14
181 9
183 8
184 12
187 21
190 2
194 192
202 144
209 24
216 168
246 144
fl=/usr/src/debug/glibc-2.41-5.fc42.x86_64/elf/../sysdeps/x86/dl-get-cpu-features.c
fn=__x86_cpu_features
39 3
76 3
fn=_dl_x86_init_cpu_features
37 1
39 3
41 1
fl=/usr/src/debug/glibc-2.41-5.fc42.x86_64/elf/../sysdeps/x86/dl-prop.h
fn=_dl_map_object_from_fd
149 70
fn=_dl_process_pt_gnu_property
95 96
97 20
102 28
115 28
118 14
252 6
253 3
254 22
255 11
257 56
258 30
259 4
260 14
fn=dl_main
36 2
37 32
40 14
49 82
53 70
71 3
149 6
fl=/usr/src/debug/glibc-2.41-5.fc42.x86_64/elf/../sysdeps/x86/get-isa-level.h
fn=_dl_hwcaps_subdirs_active
31 4
32 3
39 5
40 4
48 3
51 4
54 2
fn=update_active.constprop.0
28 1
30 1
31 3
32 3
39 5
40 3
47 1
48 3
51 4
54 2
63 5
fl=/usr/src/debug/glibc-2.41-5.fc42.x86_64/elf/../sysdeps/x86_64/dl-cet.c
fn=_dl_cet_check
361 1
362 1
fn=_dl_cet_setup_features
331 1
334 2
350 1
fn=dl_cet_check
269 4
275 2
276 1
277 2
282 4
283 3
285 1
288 2
293 2
318 2
fl=/usr/src/debug/glibc-2.41-5.fc42.x86_64/elf/../sysdeps/x86_64/dl-hwcaps-subdirs.c
fn=_dl_hwcaps_subdirs_active
29 1
38 2
43 1
51 5
52 2
fl=/usr/src/debug/glibc-2.41-5.fc42.x86_64/elf/../sysdeps/x86_64/dl-irel.h
fn=_dl_fixup
32 3
fl=/usr/src/debug/glibc-2.41-5.fc42.x86_64/elf/../sysdeps/x86_64/dl-machine.h
fn=_dl_fixup
223 14
fn=_dl_relocate_object_no_relro
78 12
84 8
88 6
94 2
103 4
126 4
262 2004
269 2004
273 2004
282 9311
285 952
286 4164
287 164
290 164
291 246
302 164
309 328
312 6012
315 805
318 805
395 51
397 68
401 51
410 34
418 1997
431 78
455 3
459 4
460 4
461 5
462 2
465 15
471 148
472 148
473 74
474 74
509 74
513 74
516 111
517 37
725 84
729 24
fn=_dl_start
55 1
273 3
282 10
286 4
309 1
312 4
fn=_dl_sysdep_start
209 1
fl=/usr/src/debug/glibc-2.41-5.fc42.x86_64/elf/../sysdeps/x86_64/dl-runtime.h
fn=_dl_fixup
28 14
fl=/usr/src/debug/glibc-2.41-5.fc42.x86_64/elf/../sysdeps/x86_64/dl-trampoline.h
fn=_dl_runtime_resolve_xsave
39 14
44 14
47 14
49 14
59 14
65 14
66 14
67 14
68 14
69 14
70 14
71 14
75 14
76 14
79 14
80 14
82 14
83 14
84 14
85 14
86 14
87 14
89 14
96 14
97 14
98 14
99 14
104 14
105 14
106 14
108 14
109 14
110 14
111 14
112 14
113 14
114 14
116 14
118 14
122 14
124 14
fl=/usr/src/debug/glibc-2.41-5.fc42.x86_64/elf/./dl-find_object.h
fn=_dl_find_object_from_map
95 28
96 28
97 14
103 56
104 373
105 258
107 42
112 14
fl=/usr/src/debug/glibc-2.41-5.fc42.x86_64/elf/./dl-hwcaps.h
fn=_dl_important_hwcaps
43 11
45 4
46 1
77 5
78 5
79 3
fn=copy_hwcaps
43 2
45 2
77 2
78 2
79 6
fl=/usr/src/debug/glibc-2.41-5.fc42.x86_64/elf/./dl-load.h
fn=_dl_map_object_from_fd
91 72
92 55
93 66
94 33
96 44
fl=/usr/src/debug/glibc-2.41-5.fc42.x86_64/elf/./dl-main.h
fn=dl_main
109 5
fl=/usr/src/debug/glibc-2.41-5.fc42.x86_64/elf/./dl-map-segments.h
fn=_dl_map_object_from_fd
28 36
29 108
81 12
101 12
102 24
105 36
106 24
108 24
125 12
135 144
137 96
139 192
140 24
149 144
155 24
156 12
157 36
158 24
160 36
165 24
168 33
176 77
182 24
186 48
189 12
194 36
fl=/usr/src/debug/glibc-2.41-5.fc42.x86_64/elf/./dl-sym-post.h
fn=lookup_malloc_symbol
41 8
53 12
fl=/usr/src/debug/glibc-2.41-5.fc42.x86_64/elf/./dl-tls_block_align.h
fn=_dl_allocate_tls_storage
23 1
41 2
47 5
48 1
52 305
fl=/usr/src/debug/glibc-2.41-5.fc42.x86_64/elf/./get-dynamic-info.h
fn=_dl_start
45 76
49 36
51 10
52 5
54 20
55 16
56 5
59 4
62 4
64 4
68 20
72 3
84 4
85 3
86 4
87 4
88 5
89 3
90 4
91 4
103 10
110 3
123 3
129 3
130 3
133 2
134 3
139 5
142 5
fn=dl_main
39 4
43 1
45 103
49 50
51 8
52 4
54 16
55 12
56 5
59 4
62 4
64 4
68 25
72 4
110 4
115 2
122 3
123 4
129 3
147 4
162 4
184 3
fl=/usr/src/debug/glibc-2.41-5.fc42.x86_64/elf/./setup-vdso.h
fn=dl_main
24 2
fl=/usr/src/debug/glibc-2.41-5.fc42.x86_64/elf/dl-audit.c
fn=_dl_audit_activity_map
29 1
31 3
37 1
fn=_dl_audit_activity_nsid
41 3
45 12
47 9
51 3
fn=_dl_audit_objclose
97 14
98 56
fn=_dl_audit_objopen
77 12
78 48
fn=_dl_audit_preinit
118 1
119 4
fl=/usr/src/debug/glibc-2.41-5.fc42.x86_64/elf/dl-cache.c
fn=_dl_cache_libcmp
341 121
342 2196
344 2148
346 1476
352 40
353 60
354 112
355 18
356 116
357 18
358 40
362 4
364 1388
365 2
366 1384
367 202
370 591
371 591
374 48
375 2
fn=_dl_load_cache_lookup
387 66
389 22
392 33
395 6
403 6
404 8
407 6
408 1
415 1
416 2
461 30
466 33
469 66
484 22
488 22
496 33
497 165
498 44
499 11
500 33
fn=_dl_unload_cache
509 3
510 4
512 2
513 1
517 1
519 2
fn=search_cache
187 210
199 143
200 11
207 210
209 624
210 254
214 210
215 22
218 315
219 210
227 87
229 16
232 32
234 96
236 49
246 22
256 33
257 44
264 22
273 154
282 22
287 22
314 11
330 94
331 46
333 48
337 99
fl=/usr/src/debug/glibc-2.41-5.fc42.x86_64/elf/dl-call-libc-early-init.c
fn=_dl_call_libc_early_init
27 6
29 2
33 7
37 3
39 4
40 2
41 2
fl=/usr/src/debug/glibc-2.41-5.fc42.x86_64/elf/dl-call_fini.c
fn=_dl_call_fini
24 112
28 28
32 14
34 14
35 28
38 60
39 24
42 60
43 12
47 14
48 28
49 36
50 72
fl=/usr/src/debug/glibc-2.41-5.fc42.x86_64/elf/dl-catch.c
fn=_dl_catch_error
258 10
260 5
261 2
262 2
263 2
265 7
fn=_dl_catch_exception
58 102
59 68
69 68
70 170
208 272
211 68
218 34
232 170
239 204
241 102
243 136
252 102
fn=_dl_receive_error
58 2
59 1
69 2
70 2
190 5
192 1
196 1
198 2
201 1
202 4
fl=/usr/src/debug/glibc-2.41-5.fc42.x86_64/elf/dl-debug.c
fn=_dl_debug_initialize
56 1
57 1
59 2
61 2
63 3
64 1
85 3
90 3
91 2
92 1
95 3
96 6
99 2
107 2
fn=_dl_debug_state
116 2
117 2
fn=_dl_debug_update
38 13
40 26
41 13
44 26
48 13
fl=/usr/src/debug/glibc-2.41-5.fc42.x86_64/elf/dl-deps.c
fn=_dl_map_object_deps
128 2
129 5
130 6
132 3
136 8
143 14
144 20
160 9
161 1
164 2
182 1
183 5
184 1
186 1
188 29
190 62
193 14
197 42
198 95
201 36
205 24
208 36
210 48
215 12
216 12
217 24
218 24
219 12
221 1544
222 724
228 333
230 33
232 135
233 66
242 33
244 66
249 84
252 12
253 12
254 12
255 24
256 12
257 12
259 48
263 99
264 90
266 987
417 28
419 48
422 36
423 36
429 12
430 36
431 72
434 12
435 12
439 42
441 14
442 67
448 5
449 1
452 4
463 5
465 4
470 4
471 2
472 1
474 57
478 42
484 28
485 28
490 14
495 3
532 2
533 2
536 1
547 8
548 1
552 9
553 5
557 1
559 2
560 1
561 3
568 3
571 2
574 8
fn=openaux
61 198
64 363
65 33
68 33
69 99
fl=/usr/src/debug/glibc-2.41-5.fc42.x86_64/elf/dl-environ.c
fn=_dl_next_ld_env_entry
28 2
29 2
32 295
34 194
35 22
37 1
40 2
42 1
45 96
fl=/usr/src/debug/glibc-2.41-5.fc42.x86_64/elf/dl-execstack-tunable.c
fn=_dl_handle_execstack_tunable
24 4
25 9
39 2
fl=/usr/src/debug/glibc-2.41-5.fc42.x86_64/elf/dl-find_object.c
fn=_dl_find_object_init
562 6
565 1
567 2
568 3
580 2
581 3
583 2
586 3
591 1
592 1
595 4
597 1
600 6
602 1
605 5
fn=_dlfo_process_initial
475 10
476 2
478 2
479 4
505 26
506 62
507 28
509 108
512 104
514 78
516 39
517 26
518 52
530 2
532 12
fn=_dlfo_sort_mappings
537 3
538 2
541 40
545 24
546 318
547 312
549 156
554 72
555 48
556 24
558 1
fl=/usr/src/debug/glibc-2.41-5.fc42.x86_64/elf/dl-fini.c
fn=_dl_fini
26 11
43 1
46 13
49 2
51 1
54 2
56 5
61 1
63 4
68 17
72 1
74 46
76 28
78 28
80 28
81 14
82 14
86 14
93 6
94 6
100 7
109 2
114 49
116 14
118 28
120 70
123 84
128 14
131 2
135 5
141 6
143 1
147 2
154 8
fl=/usr/src/debug/glibc-2.41-5.fc42.x86_64/elf/dl-hwcaps.c
fn=_dl_important_hwcaps
52 16
54 2
55 4
57 4
100 5
102 3
105 1
112 5
125 15
127 10
128 4
129 4
130 2
133 4
142 11
143 11
145 10
151 4
155 5
156 2
157 3
161 1
162 2
163 3
172 15
174 2
175 2
185 4
186 2
189 4
193 2
194 2
202 4
203 7
204 6
208 2
209 1
216 9
fn=copy_hwcaps
74 16
77 16
79 2
80 16
84 2
85 2
86 6
87 4
88 4
90 14
fl=/usr/src/debug/glibc-2.41-5.fc42.x86_64/elf/dl-hwcaps_split.c
fn=_dl_hwcaps_contains
66 6
67 12
68 6
77 6
fn=_dl_hwcaps_split
25 75
26 45
27 6
30 24
34 84
35 12
36 24
41 27
42 18
43 15
45 27
46 9
47 33
fn=_dl_hwcaps_split_masked
51 66
54 56
56 9
57 27
58 54
62 33
fl=/usr/src/debug/glibc-2.41-5.fc42.x86_64/elf/dl-init.c
fn=_dl_init
81 13
82 1
83 1
86 3
88 1
89 3
94 2
105 1
119 1
120 47
121 84
127 8
fn=call_init
27 180
29 30
35 75
37 30
43 42
46 42
47 2
51 26
59 39
60 66
63 13
64 26
70 36
72 74
73 66
74 56
76 120
fl=/usr/src/debug/glibc-2.41-5.fc42.x86_64/elf/dl-load.c
fn=_dl_dst_count
228 170
231 68
234 68
235 34
254 170
fn=_dl_init_paths
680 13
694 4
699 1
701 2
708 5
709 1
713 4
715 4
721 1
722 1
730 4
732 6
735 4
736 2
737 2
740 4
741 6
742 12
744 23
748 6
750 1
751 2
756 2
759 3
761 4
763 3
780 1
782 3
796 2
799 2
830 1
831 8
fn=_dl_map_object
1895 408
1897 12
1903 68
1904 136
1907 1063
1912 1603
1914 1145
1918 414
1919 621
1922 710
1923 426
1924 710
1938 48
1945 12
1950 36
1964 84
1968 44
1970 33
1977 44
1981 11
1986 68
1987 133
1989 121
1996 55
2001 22
2002 77
2003 132
2012 22
2027 22
2034 22
2035 99
2043 22
2045 33
2049 44
2051 33
2055 22
2063 22
2086 121
2090 33
2091 11
2108 22
2114 2
2115 4
2116 2
2117 3
2121 11
2124 3
2136 36
2181 24
2182 237
2184 342
fn=_dl_map_object_from_fd
949 168
964 48
994 390
995 180
1013 24
1043 48
1053 24
1060 96
1061 24
1072 36
1073 72
1074 24
1076 12
1077 48
1078 22
1081 16
1082 6
1093 12
1095 12
1097 240
1098 12
1099 12
1100 12
1101 12
1107 474
1108 1163
1114 24
1121 25
1122 36
1123 120
1128 2
1129 1
1134 240
1142 108
1143 168
1144 216
1145 36
1146 72
1148 252
1150 72
1163 144
1169 36
1170 360
1183 3
1187 1
1188 2
1192 5
1193 2
1196 1
1201 4
1216 24
1217 12
1220 36
1225 36
1235 156
1236 72
1242 24
1252 48
1259 84
1275 48
1276 36
1282 24
1283 24
1285 60
1295 36
1314 24
1316 60
1336 36
1337 2
1343 352
1344 600
1350 182
1355 48
1368 24
1370 48
1372 24
1388 24
1392 24
1393 24
1410 24
1411 1
1414 24
1419 24
1424 24
1436 96
1437 12
1438 27
1439 9
1440 5
1446 24
1447 4
1452 2
1459 36
1462 24
1465 48
1467 12
1468 108
fn=_dl_notify_new_object
908 108
910 36
911 36
929 24
933 84
934 36
936 60
fn=_dl_process_pt_gnu_property
842 13
843 39
844 13
850 26
856 65
859 39
860 26
861 26
864 39
865 39
869 13
870 26
874 48
875 24
878 48
881 24
882 72
888 20
892 33
894 44
904 10
fn=cache_rpath
655 82
656 123
657 41
659 4
660 2
662 8
665 2
673 82
fn=expand_dynamic_string_token
375 8
385 2
388 2
389 2
400 5
fn=open_verify.constprop.0
1521 144
1553 36
1572 60
1574 24
1582 12
1583 24
1588 48
1589 24
1590 24
1592 36
1594 24
1600 24
1615 162
1677 24
1682 24
1688 48
1694 24
1700 24
1701 48
1705 15
1706 5
1727 108
fl=/usr/src/debug/glibc-2.41-5.fc42.x86_64/elf/dl-lookup-direct.c
fn=_dl_lookup_direct
74 39
75 3
76 6
78 18
79 6
81 12
84 25
86 9
87 18
90 6
93 6
115 3
116 27
fn=check_match
31 30
32 12
33 9
35 6
36 6
40 9
48 9
51 9
53 15
57 6
58 15
59 9
64 27
fl=/usr/src/debug/glibc-2.41-5.fc42.x86_64/elf/dl-lookup.c
fn=_dl_lookup_symbol_x
759 14835
761 1978
763 8901
765 989
769 2750
771 1592
772 1978
774 105
778 7098
779 22747
784 1978
786 245
803 1978
804 105
807 954
808 6666
843 8586
857 2862
858 2
860 1908
879 8901
fn=check_match
70 7736
73 7736
78 13
86 5802
89 6596
93 1934
94 1934
98 798
102 798
103 3591
104 4235
106 56
131 1136
133 3408
134 2272
149 5802
fn=do_lookup_x
334 15824
335 989
341 989
345 24183
348 16122
352 16132
373 16120
377 16120
383 24180
387 8060
388 8060
391 40300
392 24180
395 8060
396 16120
398 8060
399 16120
400 8060
403 32240
406 56420
409 2412
410 3618
411 2412
413 2288
416 10755
418 2901
419 25945
420 1934
423 9579
426 3591
435 1140
457 380
463 1908
470 7244
474 291
486 1908
487 954
488 954
505 21321
508 35
509 7912
fl=/usr/src/debug/glibc-2.41-5.fc42.x86_64/elf/dl-minimal-malloc.c
fn=__minimal_calloc
80 140
84 28
87 28
88 84
fn=__minimal_malloc
36 95
37 213
42 3
43 2
44 2
48 283
51 481
56 16
57 16
59 4
60 28
62 8
64 20
65 16
67 8
70 73
71 75
73 87
fl=/usr/src/debug/glibc-2.41-5.fc42.x86_64/elf/dl-minimal.c
fn=__rtld_malloc_init_real
76 10
86 2
87 1
89 1
91 5
92 5
93 5
94 4
99 1
100 1
101 1
102 1
103 8
fn=__rtld_malloc_init_stubs
42 1
43 2
44 2
45 2
46 2
47 1
fn=lookup_malloc_symbol
61 24
63 4
64 36
68 28
69 24
71 4
72 16
fl=/usr/src/debug/glibc-2.41-5.fc42.x86_64/elf/dl-misc.c
fn=_dl_name_match_p
68 2401
69 1372
70 386
72 343
74 1358
75 1895
78 336
80 300
81 1372
fn=_dl_sysdep_read_whole_file
36 8
39 3
40 3
42 7
44 2
47 2
49 9
60 4
63 6
fl=/usr/src/debug/glibc-2.41-5.fc42.x86_64/elf/dl-object.c
fn=_dl_add_to_namespace_list
31 91
33 26
35 103
38 360
40 12
42 12
45 2
46 39
47 26
48 26
50 26
51 39
fn=_dl_new_object
59 195
62 26
64 2
66 3
67 2
71 6
77 2
80 12
83 73
87 24
92 12
95 26
98 13
99 13
100 26
103 26
104 91
106 13
119 63
123 12
125 1
127 91
130 26
131 26
132 13
136 13
139 98
141 16
149 26
150 13
153 1
155 78
157 48
160 28
164 80
168 84
176 1
179 26
189 52
191 48
195 36
199 24
200 24
208 12
212 12
245 48
250 386
251 386
255 24
256 12
259 12
263 117
fl=/usr/src/debug/glibc-2.41-5.fc42.x86_64/elf/dl-reloc.c
fn=_dl_protect_relro
352 84
353 42
356 84
359 28
363 28
364 98
370 42
fn=_dl_relocate_object
343 54
344 32
346 26
347 26
348 13
fn=_dl_relocate_object_no_relro
170 4304
171 1974
174 10704
175 208
177 16
178 48
182 1942
183 971
184 971
186 7774
187 4825
188 1930
190 6835
193 971
194 6797
196 16
207 182
217 6
220 28
223 28
226 42
246 42
247 28
248 22
250 28
257 42
296 96474
298 56
321 14
324 28
338 112
fl=/usr/src/debug/glibc-2.41-5.fc42.x86_64/elf/dl-runtime.c
fn=_dl_fixup
46 140
48 112
49 42
54 14
55 56
56 98
58 14
63 28
67 28
69 66
71 42
75 39
76 52
84 14
85 42
95 140
99 70
109 140
123 3
124 56
125 9
133 42
159 42
162 28
163 112
fl=/usr/src/debug/glibc-2.41-5.fc42.x86_64/elf/dl-setup_hash.c
fn=_dl_setup_hash
25 14
28 42
31 42
32 28
33 14
34 14
36 42
37 14
38 42
40 14
41 28
43 14
45 56
50 14
fl=/usr/src/debug/glibc-2.41-5.fc42.x86_64/elf/dl-sort-maps.c
fn=_dl_sort_maps
140 144
181 2
182 2
183 94
184 56
211 32
216 4
218 2
219 20
221 84
223 28
226 84
244 14
263 8
276 8
283 2
298 26
306 6
310 16
fn=_dl_sort_maps_init
289 4
290 4
291 1
292 3
293 2
fn=dfs_traversal.part.0
135 140
140 196
143 28
145 84
147 492
156 98
171 84
172 28
173 128
fl=/usr/src/debug/glibc-2.41-5.fc42.x86_64/elf/dl-tunables.c
fn=__GI___tunable_set_val
162 6
163 24
165 6
fn=__GI___tunables_init
43 490
46 97
49 9842
53 194
57 485
294 11
300 3
304 31
306 2
317 2716
319 2619
320 2619
322 2619
340 6
343 27
346 27
355 8
fn=__tunable_get_val
438 80
441 354
450 55
451 18
460 28
467 120
469 40
fn=do_tunable_update_val
70 12
73 30
83 6
94 24
95 30
99 12
101 24
105 6
112 12
113 12
116 6
117 6
118 6
119 12
fl=/usr/src/debug/glibc-2.41-5.fc42.x86_64/elf/dl-tunables.h
fn=__GI___tunables_init
160 1446
161 4068
165 291
fl=/usr/src/debug/glibc-2.41-5.fc42.x86_64/elf/dl-version.c
fn=_dl_check_all_versions
392 7
394 2
396 47
397 14
398 84
401 7
fn=_dl_check_map_versions
36 354
37 93
38 591
56 320
64 160
70 240
86 80
87 160
89 80
94 2748
108 2348
110 80
113 720
120 3282
124 1094
155 126
156 74
164 26
170 42
172 42
174 56
175 14
177 28
180 36
184 24
198 9
200 42
208 63
213 63
215 59
217 320
218 510
221 160
224 160
225 50
228 62
231 320
234 240
239 59
243 63
248 9
257 65
260 8
263 292
266 222
270 66
274 39
279 13
280 52
281 39
291 13
294 67
296 26
299 60
301 9
303 63
306 240
308 320
310 320
311 160
312 240
313 240
316 240
321 59
324 63
329 9
334 26
337 8
341 66
343 140
347 66
348 264
349 198
350 66
353 210
357 66
365 8
366 24
367 24
368 22
370 4
372 124
373 60
375 2
376 5
387 126
fl=/usr/src/debug/glibc-2.41-5.fc42.x86_64/elf/do-rel.h
fn=_dl_relocate_object_no_relro
48 28
49 84
50 140
51 14
53 140
73 14
80 84
83 131
85 148
96 4
97 4
105 78
114 52
117 104
120 125
122 3260
124 5350
125 4280
126 3984
127 3984
129 3210
132 296
133 74
134 74
141 3005
142 2415
155 78
156 309
157 276
160 222
162 296
163 74
164 74
171 20
173 42
174 12
176 18
184 6
187 18
202 6
fn=_dl_start
48 2
49 6
50 8
51 1
53 10
56 4
61 8
63 2
64 2
65 1
fl=/usr/src/debug/glibc-2.41-5.fc42.x86_64/elf/get-dynamic-info.h
fn=_dl_map_object_from_fd
39 24
43 12
45 1472
49 718
51 138
52 69
53 6
54 252
55 204
56 60
59 48
62 48
64 48
68 359
72 48
84 38
85 48
86 48
87 48
88 48
89 48
90 47
91 48
103 96
110 36
115 24
122 24
123 36
129 36
130 36
147 36
152 22
154 22
156 22
158 22
159 11
162 36
164 36
165 24
174 24
175 36
180 24
181 22
184 24
fl=/usr/src/debug/glibc-2.41-5.fc42.x86_64/elf/libc_early_init.c
fn=__libc_early_init
34 8
36 1
39 2
42 2
47 2
50 4
52 2
fl=/usr/src/debug/glibc-2.41-5.fc42.x86_64/elf/rtld.c
fn=_dl_start
85 8
457 1
461 2
478 2
479 2
480 2
490 1
496 4
498 2
519 10
545 1
548 2
549 1
565 216
567 5
585 9
fn=dl_main
85 20
92 15
93 2
101 9
197 2
199 1
224 4
225 5
226 4
296 3
302 1
303 1
820 1
822 1
831 1
833 1
838 1
1098 1
1099 1
1101 1
1105 3
1107 1
1108 1
1123 1
1126 53
1127 120
1131 3
1136 3
1137 9
1146 1
1147 2
1149 2
1151 1
1159 6
1160 18
1161 6
1162 1
1164 9
1165 10
1169 6
1170 6
1171 3
1175 6
1203 2
1207 3
1213 29
1214 59
1220 17
1226 4
1229 3
1231 2
1306 13
1311 1
1312 1
1318 1
1328 3
1329 4
1596 9
1598 2
1599 3
1600 2
1601 3
1605 2
1606 2
1631 1
1635 3
1636 6
1637 3
1638 3
1641 1
1643 1
1644 1
1646 2
1647 2
1651 2
1653 2
1661 4
1668 2
1671 2
1696 4
1698 1
1703 2
1706 4
1707 4
1708 3
1709 1
1710 1
1711 1
1722 2
1723 2
1725 2
1727 2
1728 2
1733 6
1734 2
1736 3
1742 2
1751 2
1755 1
1756 2
1780 2
1786 2
1787 1
1788 1
1792 3
1797 2
1799 1
1801 2
1805 5
1810 2
1826 5
1902 3
1906 19
1907 1
1910 3
1911 1
1912 2
1913 2
1918 3
1928 9
1934 50
1935 28
1938 3
1939 2
1940 1
1942 54
1943 39
1950 4
1951 3
1953 2
1955 2
1957 3
1971 8
1972 2
1973 3
1983 1
1984 4
1985 5
1995 1
1996 2
1997 4
1999 2
2004 3
2203 3
2207 2
2213 2
2216 2
2224 2
2228 3
2231 1
2236 2
2240 7
2241 1
2249 2
2250 53
2252 28
2257 28
2259 30
2261 1
2262 1
2265 14
2267 112
2271 30
2272 3
2279 1
2285 2
2289 4
2291 1
2298 3
2301 2
2305 3
2308 1
2313 2
2317 6
2320 1
2321 2
2325 2
2330 3
2337 1
2341 3
2342 1
2343 1
2344 1
2347 3
2351 1
2356 8
2488 1
2559 1
2561 1
2563 10
2565 1
2567 42
2568 7
2576 8
2601 2
2611 4
2613 2
2614 1
2688 5
2711 4
fn=do_preload
787 8
789 1
793 1
794 1
795 1
797 1
799 6
800 3
808 3
814 6
fn=handle_preload_list
183 3
852 11
853 2
857 7
860 4
861 3
863 4
864 2
870 1
872 2
874 2
875 5
878 9
fn=init_tls
734 4
736 2
740 2
746 2
749 1
750 1
751 1
756 1
759 2
762 1
769 2
770 2
776 2
780 1
783 5
fn=map_doit
641 6
643 4
644 6
646 3
fn=version_check_doit
674 6
676 6
680 3
fl=/usr/src/debug/glibc-2.41-5.fc42.x86_64/io/../sysdeps/unix/sysv/linux/access.c
fn=access
25 1
27 7
31 1
fl=/usr/src/debug/glibc-2.41-5.fc42.x86_64/io/../sysdeps/unix/sysv/linux/close.c
fn=close
26 3
27 9
28 2
fl=/usr/src/debug/glibc-2.41-5.fc42.x86_64/io/../sysdeps/unix/sysv/linux/close_nocancel.c
fn=__GI___close_nocancel
25 13
26 52
27 13
fl=/usr/src/debug/glibc-2.41-5.fc42.x86_64/io/../sysdeps/unix/sysv/linux/fstat64.c
fn=fstat
30 16
39 64
72 16
fl=/usr/src/debug/glibc-2.41-5.fc42.x86_64/io/../sysdeps/unix/sysv/linux/lseek64.c
fn=lseek
28 15
40 60
42 15
fl=/usr/src/debug/glibc-2.41-5.fc42.x86_64/io/../sysdeps/unix/sysv/linux/open64.c
fn=open
30 9
33 7
41 8
43 5
fl=/usr/src/debug/glibc-2.41-5.fc42.x86_64/io/../sysdeps/unix/sysv/linux/open64_nocancel.c
fn=__open_nocancel
28 65
31 91
39 91
41 26
fl=/usr/src/debug/glibc-2.41-5.fc42.x86_64/io/../sysdeps/unix/sysv/linux/pread64_nocancel.c
fn=__pread64_nocancel
25 4
26 8
27 2
fl=/usr/src/debug/glibc-2.41-5.fc42.x86_64/io/../sysdeps/unix/sysv/linux/read.c
fn=read
25 66
26 154
27 44
fl=/usr/src/debug/glibc-2.41-5.fc42.x86_64/io/../sysdeps/unix/sysv/linux/read_nocancel.c
fn=__read_nocancel
25 12
26 48
27 12
fl=/usr/src/debug/glibc-2.41-5.fc42.x86_64/io/../sysdeps/unix/sysv/linux/write.c
fn=write
25 3
26 7
27 2
fl=/usr/src/debug/glibc-2.41-5.fc42.x86_64/libio/../include/printf_buffer.h
fn=__vsnprintf_internal
124 12
127 4
128 4
137 8
fl=/usr/src/debug/glibc-2.41-5.fc42.x86_64/libio/../include/sys/sysmacros.h
fn=_IO_file_doallocate
47 6
fl=/usr/src/debug/glibc-2.41-5.fc42.x86_64/libio/filedoalloc.c
fn=_IO_file_doallocate
78 9
84 9
86 4
89 2
91 2
94 1
97 5
101 2
102 2
104 5
105 1
106 8
fl=/usr/src/debug/glibc-2.41-5.fc42.x86_64/libio/fileops.c
fn=_IO_do_write@@GLIBC_2.2.5
458 5
460 11
461 3
fn=_IO_file_overflow@@GLIBC_2.2.5
766 2172
767 1086
774 1808
777 2
779 2
780 7
789 3
798 3
800 1
801 1
802 1
803 3
805 3
806 5
807 1
809 724
810 1
811 363
812 722
815 1083
816 1083
817 1444
818 3
819 3
821 361
822 1085
fn=_IO_file_setbuf@@GLIBC_2.2.5
416 6
417 3
420 1
422 3
424 2
425 3
fn=_IO_file_stat
1207 1
1208 2
fn=_IO_file_sync@@GLIBC_2.2.5
827 6
832 4
834 2
835 2
840 2
851 2
855 3
fn=_IO_file_write@@GLIBC_2.2.5
1234 8
1235 2
1236 6
1240 3
1241 3
1242 2
1247 1
1248 1
1250 3
1251 3
1254 6
fn=_IO_file_xsputn@@GLIBC_2.2.5
1258 10
1260 1
1264 2
1265 1
1271 4
1273 1
1288 3
1304 7
1310 2
1311 5
1313 3
1324 2
1325 5
1327 3
1328 6
fn=new_do_write
466 8
468 2
475 4
483 6
484 5
486 3
487 2
488 1
489 2
490 4
492 6
fl=/usr/src/debug/glibc-2.41-5.fc42.x86_64/libio/genops.c
fn=_IO_cleanup
809 5
810 8
813 12
817 3
818 36
826 6
828 9
831 9
833 6
835 4
837 2
839 3
840 1
844 5
846 3
853 3
855 38
856 3
860 7
861 2
881 11
882 2
894 11
fn=_IO_default_setbuf
356 5
358 1
359 1
363 2
478 10
479 5
481 4
483 3
484 2
488 1
492 4
493 1
494 6
fn=_IO_default_xsputn
397 11
400 4
401 1
405 1444
425 3242
427 360
430 8
fn=_IO_doallocbuf
369 4
370 2
372 4
373 6
376 2
fn=_IO_flush_all
712 11
713 2
717 5
718 8
721 12
723 3
724 36
726 18
733 9
734 12
741 39
742 3
746 7
747 2
751 11
fn=_IO_setb
355 5
356 4
358 1
359 1
361 6
364 2
fn=__overflow
225 1
227 3
229 2
fl=/usr/src/debug/glibc-2.41-5.fc42.x86_64/libio/ioputs.c
fn=puts
33 10
35 2
36 14
39 4
40 6
41 8
42 4
46 7
fl=/usr/src/debug/glibc-2.41-5.fc42.x86_64/libio/libioP.h
fn=_IO_cleanup
1036 4
1037 2
fn=_IO_default_setbuf
1036 3
1037 2
fn=_IO_default_xsputn
1036 723
1037 720
fn=_IO_doallocbuf
1036 3
1037 2
fn=_IO_file_doallocate
1036 3
1037 2
fn=_IO_file_xsputn@@GLIBC_2.2.5
1036 3
1037 3
fn=_IO_flush_all
1036 2
fn=__overflow
1036 3
1037 2
fn=new_do_write
1036 3
1037 2
fn=puts
990 2
991 9
1036 3
1037 2
fl=/usr/src/debug/glibc-2.41-5.fc42.x86_64/libio/stdfiles.c
fn=_IO_stdfiles_init
64 1
66 2
67 12
68 3
69 3
70 1
fl=/usr/src/debug/glibc-2.41-5.fc42.x86_64/libio/vsnprintf.c
fn=__vsnprintf_internal
63 8
66 4
75 12
76 4
87 8
93 36
96 16
98 24
fl=/usr/src/debug/glibc-2.41-5.fc42.x86_64/libio/vtables.c
fn=check_stdfiles_vtables
545 1
546 4
547 3
548 3
550 1
fl=/usr/src/debug/glibc-2.41-5.fc42.x86_64/malloc/../string/bits/string_fortified.h
fn=calloc
59 15
fn=tcache_init.part.0
59 88
fl=/usr/src/debug/glibc-2.41-5.fc42.x86_64/malloc/../sysdeps/generic/calloc-clear-memory.h
fn=calloc
25 12
27 12
35 2
37 1
38 2
40 2
fl=/usr/src/debug/glibc-2.41-5.fc42.x86_64/malloc/../sysdeps/unix/sysv/linux/not-cancel.h
fn=ptmalloc_init.part.0
100 5
fl=/usr/src/debug/glibc-2.41-5.fc42.x86_64/malloc/arena.c
fn=calloc
153 10
fn=free
153 21
fn=malloc
153 6
264 1
fn=ptmalloc_init.part.0
262 7
267 1
292 2
296 4
300 4
301 4
302 4
303 4
304 4
305 4
306 4
308 4
309 4
310 4
313 4
314 4
316 2
326 6
fl=/usr/src/debug/glibc-2.41-5.fc42.x86_64/malloc/malloc.c
fn=_int_free_chunk
1796 3
4574 21
4582 6
4658 6
4661 6
4664 6
4667 12
4679 3
fn=_int_free_create_chunk
4755 10
4756 6
4762 4
4766 2
4770 4
4778 2
4779 2
4780 4
4782 4
4799 2
4800 2
4801 2
4802 2
4804 6
4805 2
4813 1
4814 3
4815 1
4820 5
fn=_int_free_maybe_consolidate.part.0
4826 11
4835 3
4838 3
4841 5
4855 11
fn=_int_free_merge_chunk
1994 9
4707 18
4708 3
4712 15
4715 15
4717 9
4720 9
4723 3
4724 6
4725 6
4731 6
4742 12
4744 19
4833 6
fn=_int_malloc
1328 18
1347 54
1796 9
1987 3
3170 3
3904 72
3945 18
3972 18
3974 4
3977 1
3979 5
3992 32
4035 16
4037 20
4038 8
4040 12
4097 63
4098 15
4116 25
4117 27
4118 27
4127 2
4128 51
4130 2
4131 4
4132 2
4134 4
4135 6
4137 2
4138 8
4140 8
4142 4
4143 4
4145 4
4156 8
4185 2
4186 2
4190 4
4219 4
4223 1
4227 22
4228 6
4229 2
4232 4
4276 8
4279 14
4280 2
4281 2
4282 2
4283 2
4288 2
4289 6
4298 6
4304 3
4315 27
4317 20
4320 15
4321 9
4388 9
4389 18
4390 18
4391 18
4392 36
4397 35
4401 57
4404 55
4411 28
4413 13
4415 26
4419 1
4422 2
4431 4
4434 2
4436 5
4439 3
4442 6
4452 1
4457 1
4458 2
4460 1
4461 1
4462 1
4463 1
4466 2
4468 2
4473 8
4475 3
4476 1
4479 1
4501 8
4502 16
4504 16
4507 24
4509 6
4510 18
4511 6
4512 48
4514 18
4517 6
4518 18
4519 6
4524 6
4539 10
4540 4
4541 8
4545 81
fn=alloc_perturb
1986 8
1987 24
1989 8
fn=calloc
1328 12
1347 6
3180 2
3184 2
3188 4
3192 2
3193 1
3215 12
3217 9
3359 42
3361 24
3775 36
3783 54
3791 12
3806 2
3807 1
3812 10
3822 5
3823 20
3830 5
3844 35
3846 55
3849 10
3874 5
3877 5
3886 15
3889 25
3893 5
3895 26
fn=free
3165 8
3167 16
3168 4
3169 8
3252 14
3253 35
3262 12
3265 16
3271 4
3437 53
3441 42
3449 16
3451 8
3453 24
3457 3
3459 4
3466 2
3470 21
3479 16
3480 37
4558 28
4559 14
4563 28
4690 14
4699 12
fn=malloc
1328 6
1347 3
3215 7
3216 4
3217 6
3313 5
3359 21
3361 12
3385 18
3392 6
3404 6
3406 12
3407 15
3432 12
fn=munmap_chunk
3026 2
3027 1
3028 2
3030 2
3032 1
3033 3
3034 1
3040 5
3041 5
3044 1
3045 3
3050 2
3051 1
fn=ptmalloc_init.part.0
1948 384
1951 381
1959 1
1960 1
1962 2
3145 2
fn=sysmalloc
2010 9
2534 24
2554 4
2555 1
2565 4
2566 4
2567 3
2570 4
2578 4
2579 2
2590 1
2591 3
2592 1
2601 6
2610 3
2671 2
2680 4
2693 3
2701 5
2709 2
2711 7
2712 5
2714 1
2717 2
2746 2
2747 2
2748 4
2754 2
2757 4
2784 2
2785 3
2797 3
2819 2
2820 5
2822 1
2823 5
2835 4
2877 1
2878 4
2879 1
2890 2
2923 3
2924 1
2929 2
2932 2
2934 1
2935 1
2936 1
2937 8
2938 2
2940 1
2946 22
4564 3
fn=sysmalloc_mmap.isra.0
2010 4
2402 4
2415 3
2420 2
2423 10
2426 2
2430 2
2434 5
2450 4
2468 1
2469 3
2473 4
2474 5
2477 3
2478 5
2483 4
fn=tcache_init.part.0
3307 4
3316 8
3317 3
3318 2
3326 4
3335 2
3339 3
fn=unlink_chunk.isra.0
1610 2
1612 5
1615 1
1616 1
1618 4
1621 1
1622 1
1623 5
1625 2
1626 3
1629 2
1643 1
1644 1
1647 2
fl=/usr/src/debug/glibc-2.41-5.fc42.x86_64/malloc/morecore.c
fn=__glibc_morecore
25 6
26 4
29 2
30 4
34 4
fl=/usr/src/debug/glibc-2.41-5.fc42.x86_64/malloc/scratch_buffer_set_array_size.c
fn=__libc_scratch_buffer_set_array_size
30 156
34 12
35 24
45 24
46 12
63 72
fl=/usr/src/debug/glibc-2.41-5.fc42.x86_64/math/../sysdeps/ieee754/dbl-64/e_sqrt.c
fn=__sqrt_finite@GLIBC_2.15
52 272546
54 272546
146 272546
fl=/usr/src/debug/glibc-2.41-5.fc42.x86_64/math/../sysdeps/ieee754/dbl-64/s_sin.c
fn=__cos_fma
104 1093627
105 5532
107 824282
108 823332
111 274444
112 1097776
113 1097776
114 3018884
116 1373603
128 6646
129 3344
133 4785
134 2876
135 3190
136 3190
139 1595
140 7975
141 7975
142 17545
144 13557
156 6999
157 2333
159 4666
160 4666
164 6999
165 4666
168 6999
169 6999
171 2333
172 2333
182 4666
189 6482
265 1934408
276 829032
279 552688
280 1
282 552686
288 6564
290 2847
291 2847
292 2847
298 4666
301 2333
318 1
319 1381720
fn=__sin_fma
128 1090176
129 1124244
133 681360
135 340680
136 340680
139 170340
140 851700
141 851700
142 1873740
144 1533060
201 1907808
211 817632
212 545088
218 545088
254 1362720
fl=/usr/src/debug/glibc-2.41-5.fc42.x86_64/math/../sysdeps/x86/fpu/fenv_private.h
fn=__cos_fma
415 276344
416 1105376
419 552688
425 276343
431 552686
fn=__sin_fma
415 272544
416 1090176
419 545088
425 272544
431 545088
fl=/usr/src/debug/glibc-2.41-5.fc42.x86_64/math/../sysdeps/x86_64/fpu/multiarch/e_asin.c
fn=__acos_finite@GLIBC_2.15
37 2
fn=__asin_finite@GLIBC_2.15
29 2
fl=/usr/src/debug/glibc-2.41-5.fc42.x86_64/math/../sysdeps/x86_64/fpu/multiarch/e_atan2.c
fn=__atan2_finite@GLIBC_2.15
28 2
fl=/usr/src/debug/glibc-2.41-5.fc42.x86_64/math/../sysdeps/x86_64/fpu/multiarch/e_atanh.c
fn=__atanh_finite@GLIBC_2.15
28 2
fl=/usr/src/debug/glibc-2.41-5.fc42.x86_64/math/../sysdeps/x86_64/fpu/multiarch/e_exp.c
fn=__exp_finite@GLIBC_2.15
29 2
fl=/usr/src/debug/glibc-2.41-5.fc42.x86_64/math/../sysdeps/x86_64/fpu/multiarch/e_exp2f.c
fn=exp2f@@GLIBC_2.27
29 6
fl=/usr/src/debug/glibc-2.41-5.fc42.x86_64/math/../sysdeps/x86_64/fpu/multiarch/e_expf.c
fn=expf@@GLIBC_2.27
29 6
fl=/usr/src/debug/glibc-2.41-5.fc42.x86_64/math/../sysdeps/x86_64/fpu/multiarch/e_log.c
fn=__log_finite@GLIBC_2.15
29 2
fl=/usr/src/debug/glibc-2.41-5.fc42.x86_64/math/../sysdeps/x86_64/fpu/multiarch/e_log2.c
fn=log2@@GLIBC_2.29
29 6
fl=/usr/src/debug/glibc-2.41-5.fc42.x86_64/math/../sysdeps/x86_64/fpu/multiarch/e_log2f.c
fn=log2f@@GLIBC_2.27
29 6
fl=/usr/src/debug/glibc-2.41-5.fc42.x86_64/math/../sysdeps/x86_64/fpu/multiarch/e_logf.c
fn=logf@@GLIBC_2.27
29 6
fl=/usr/src/debug/glibc-2.41-5.fc42.x86_64/math/../sysdeps/x86_64/fpu/multiarch/e_pow.c
fn=__pow_finite@GLIBC_2.15
29 2
fl=/usr/src/debug/glibc-2.41-5.fc42.x86_64/math/../sysdeps/x86_64/fpu/multiarch/e_powf.c
fn=powf@@GLIBC_2.27
32 4
fl=/usr/src/debug/glibc-2.41-5.fc42.x86_64/math/../sysdeps/x86_64/fpu/multiarch/e_sinh.c
fn=__sinh_finite@GLIBC_2.15
28 2
fl=/usr/src/debug/glibc-2.41-5.fc42.x86_64/math/../sysdeps/x86_64/fpu/multiarch/ifunc-avx-fma4.h
fn=__atan2_finite@GLIBC_2.15
32 5
33 2
fn=__exp_finite@GLIBC_2.15
32 5
33 2
fn=__log_finite@GLIBC_2.15
32 5
33 2
fn=atan
32 15
33 6
fn=cos
32 25
33 10
fn=sin
32 25
33 10
fn=tan
32 10
33 4
fl=/usr/src/debug/glibc-2.41-5.fc42.x86_64/math/../sysdeps/x86_64/fpu/multiarch/ifunc-fma.h
fn=__atanh_finite@GLIBC_2.15
29 4
30 4
fn=__log1p
29 4
30 4
fn=__sinh_finite@GLIBC_2.15
29 4
30 4
fn=cosf
29 8
30 8
fn=exp2f@@GLIBC_2.27
30 4
fn=expf@@GLIBC_2.27
30 4
fn=expm1
29 4
30 4
fn=log2@@GLIBC_2.29
30 4
fn=log2f@@GLIBC_2.27
30 4
fn=logf@@GLIBC_2.27
30 4
fn=powf@@GLIBC_2.27
29 8
30 8
fn=sincosf
29 4
30 4
fn=sinf
29 4
30 4
fl=/usr/src/debug/glibc-2.41-5.fc42.x86_64/math/../sysdeps/x86_64/fpu/multiarch/ifunc-fma4.h
fn=__acos_finite@GLIBC_2.15
31 4
32 2
fn=__asin_finite@GLIBC_2.15
31 4
32 2
fn=__pow_finite@GLIBC_2.15
31 4
32 2
fn=sincos
31 12
32 6
fl=/usr/src/debug/glibc-2.41-5.fc42.x86_64/math/../sysdeps/x86_64/fpu/multiarch/ifunc-sse4_1.h
fn=ceil
29 10
fn=floor
29 20
fn=floorf
29 10
fn=roundeven
29 5
fl=/usr/src/debug/glibc-2.41-5.fc42.x86_64/math/../sysdeps/x86_64/fpu/multiarch/s_atan.c
fn=atan
28 6
fl=/usr/src/debug/glibc-2.41-5.fc42.x86_64/math/../sysdeps/x86_64/fpu/multiarch/s_ceil.c
fn=ceil
33 4
fl=/usr/src/debug/glibc-2.41-5.fc42.x86_64/math/../sysdeps/x86_64/fpu/multiarch/s_cosf.c
fn=cosf
28 4
fl=/usr/src/debug/glibc-2.41-5.fc42.x86_64/math/../sysdeps/x86_64/fpu/multiarch/s_expm1.c
fn=expm1
28 2
fl=/usr/src/debug/glibc-2.41-5.fc42.x86_64/math/../sysdeps/x86_64/fpu/multiarch/s_floor.c
fn=floor
33 8
fl=/usr/src/debug/glibc-2.41-5.fc42.x86_64/math/../sysdeps/x86_64/fpu/multiarch/s_floorf.c
fn=floorf
33 4
fl=/usr/src/debug/glibc-2.41-5.fc42.x86_64/math/../sysdeps/x86_64/fpu/multiarch/s_fma.c
fn=fma
49 6
fl=/usr/src/debug/glibc-2.41-5.fc42.x86_64/math/../sysdeps/x86_64/fpu/multiarch/s_fmaf.c
fn=fmaf
44 6
fl=/usr/src/debug/glibc-2.41-5.fc42.x86_64/math/../sysdeps/x86_64/fpu/multiarch/s_log1p.c
fn=__log1p
28 2
fl=/usr/src/debug/glibc-2.41-5.fc42.x86_64/math/../sysdeps/x86_64/fpu/multiarch/s_roundeven.c
fn=roundeven
32 2
fl=/usr/src/debug/glibc-2.41-5.fc42.x86_64/math/../sysdeps/x86_64/fpu/multiarch/s_sin.c
fn=cos
36 10
fn=sin
29 10
fl=/usr/src/debug/glibc-2.41-5.fc42.x86_64/math/../sysdeps/x86_64/fpu/multiarch/s_sincos.c
fn=sincos
28 6
fl=/usr/src/debug/glibc-2.41-5.fc42.x86_64/math/../sysdeps/x86_64/fpu/multiarch/s_sincosf.c
fn=sincosf
28 2
fl=/usr/src/debug/glibc-2.41-5.fc42.x86_64/math/../sysdeps/x86_64/fpu/multiarch/s_sinf.c
fn=sinf
28 2
fl=/usr/src/debug/glibc-2.41-5.fc42.x86_64/math/../sysdeps/x86_64/fpu/multiarch/s_tan.c
fn=tan
28 4
fl=/usr/src/debug/glibc-2.41-5.fc42.x86_64/math/w_sqrt_compat.c
fn=sqrt
34 272546
35 817638
38 272546
fl=/usr/src/debug/glibc-2.41-5.fc42.x86_64/misc/../sysdeps/unix/syscall-template.S
fn=mprotect
117 70
122 14
fn=munmap
117 10
122 2
fl=/usr/src/debug/glibc-2.41-5.fc42.x86_64/misc/../sysdeps/unix/sysv/linux/brk.c
fn=brk
36 2
37 4
38 4
44 2
45 2
fl=/usr/src/debug/glibc-2.41-5.fc42.x86_64/misc/../sysdeps/unix/sysv/linux/brk_call.h
fn=brk
24 4
fl=/usr/src/debug/glibc-2.41-5.fc42.x86_64/misc/../sysdeps/unix/sysv/linux/mmap64.c
fn=mmap
47 336
50 96
53 210
58 288
60 192
fl=/usr/src/debug/glibc-2.41-5.fc42.x86_64/misc/../sysdeps/unix/sysv/linux/setvmaname.c
fn=__set_vma_name
33 18
35 20
40 19
47 2
48 1
49 13
fl=/usr/src/debug/glibc-2.41-5.fc42.x86_64/misc/init-misc.c
fn=__init_misc
30 5
31 5
33 4
37 6
38 4
40 2
fl=/usr/src/debug/glibc-2.41-5.fc42.x86_64/misc/sbrk.c
fn=sbrk
37 10
40 4
43 4
58 4
59 4
62 4
63 4
66 4
67 1
74 4
78 7
fl=/usr/src/debug/glibc-2.41-5.fc42.x86_64/nptl/../sysdeps/unix/sysv/linux/x86/elision-conf.c
fn=__lll_elision_init
92 5
96 6
98 4
100 4
102 4
104 4
107 3
108 1
109 6
fl=/usr/src/debug/glibc-2.41-5.fc42.x86_64/nptl/alloca_cutoff.c
fn=__libc_alloca_cutoff
27 1
28 8
35 1
fl=/usr/src/debug/glibc-2.41-5.fc42.x86_64/nptl/cancellation.c
fn=__internal_syscall_cancel
30 150
37 50
38 50
40 50
64 75
fn=__syscall_cancel
74 75
75 75
79 125
80 75
fl=/usr/src/debug/glibc-2.41-5.fc42.x86_64/nptl/libc-cleanup.c
fn=__libc_cleanup_pop_restore
54 2
57 4
59 6
60 6
71 2
fn=__libc_cleanup_push_defer
24 2
25 2
27 4
29 4
32 4
46 6
48 2
49 2
fl=/usr/src/debug/glibc-2.41-5.fc42.x86_64/nptl/pthread_mutex_conf.c
fn=__pthread_tunables_init
55 5
56 6
58 4
60 4
62 6
fl=/usr/src/debug/glibc-2.41-5.fc42.x86_64/nptl/pthread_mutex_lock.c
fn=pthread_mutex_lock@@GLIBC_2.2.5
44 1
45 7
46 1
77 4
80 1
82 1
84 3
88 2
97 2
108 4
112 1
115 2
124 1
130 3
131 2
179 1
182 1
184 1
187 1
190 2
fl=/usr/src/debug/glibc-2.41-5.fc42.x86_64/nptl/pthread_mutex_unlock.c
fn=__pthread_mutex_unlock_usercnt
39 1
40 4
41 1
48 4
51 1
52 2
57 2
62 1
63 2
65 2
70 1
72 1
74 2
80 4
84 3
87 2
104 2
fn=pthread_mutex_unlock@@GLIBC_2.2.5
367 1
368 2
fl=/usr/src/debug/glibc-2.41-5.fc42.x86_64/posix/../malloc/dynarray-skeleton.c
fn=__unregister_atfork
243 11
fl=/usr/src/debug/glibc-2.41-5.fc42.x86_64/posix/../sysdeps/unix/sysv/linux/_exit.c
fn=_Exit
27 3
30 2
fl=/usr/src/debug/glibc-2.41-5.fc42.x86_64/posix/getopt.c
fn=_getopt_internal_r
389 3
391 3
392 1
395 3
397 1
400 2
405 9
410 1
474 10
475 1
477 2
478 2
480 2
482 7
483 2
487 1
488 3
493 3
499 3
501 2
504 3
509 3
512 2
513 2
518 14
519 4
520 2
528 2
549 4
550 1
700 9
fl=/usr/src/debug/glibc-2.41-5.fc42.x86_64/posix/getopt1.c
fn=_getopt_long_r
39 3
40 4
42 2
fl=/usr/src/debug/glibc-2.41-5.fc42.x86_64/posix/register-atfork.c
fn=__unregister_atfork
71 22
82 55
83 44
109 44
110 22
fl=/usr/src/debug/glibc-2.41-5.fc42.x86_64/resource/../sysdeps/unix/sysv/linux/getrlimit64.c
fn=getrlimit
38 2
39 7
40 1
fl=/usr/src/debug/glibc-2.41-5.fc42.x86_64/setjmp/../sysdeps/x86_64/bsd-_setjmp.S
fn=_setjmp
28 1
30 1
32 1
fl=/usr/src/debug/glibc-2.41-5.fc42.x86_64/setjmp/../sysdeps/x86_64/setjmp.S
fn=__sigsetjmp
31 35
33 35
42 35
43 70
44 35
48 35
49 35
50 35
51 35
52 35
54 70
56 35
57 35
58 35
60 70
62 35
67 1
68 1
70 34
73 34
74 34
81 34
82 34
85 1
fl=/usr/src/debug/glibc-2.41-5.fc42.x86_64/setjmp/sigjmp.c
fn=__sigjmp_save
28 1
29 1
30 2
34 2
fl=/usr/src/debug/glibc-2.41-5.fc42.x86_64/stdio-common/../include/../locale/localeinfo.h
fn=__printf_fp_l_buffer
331 3
fl=/usr/src/debug/glibc-2.41-5.fc42.x86_64/stdio-common/../include/printf_buffer.h
fn=__printf_buffer
163 13
164 16
fn=__printf_fp_buffer_1.isra.0
163 5
fl=/usr/src/debug/glibc-2.41-5.fc42.x86_64/stdio-common/../include/rounding-mode.h
fn=__printf_fp_buffer_1.isra.0
52 2
fl=/usr/src/debug/glibc-2.41-5.fc42.x86_64/stdio-common/../string/bits/string_fortified.h
fn=__printf_buffer_pad_1
59 6
fn=__printf_buffer_write
29 30
fl=/usr/src/debug/glibc-2.41-5.fc42.x86_64/stdio-common/../sysdeps/generic/get-rounding-mode.h
fn=__printf_fp_buffer_1.isra.0
94 1
95 7
fl=/usr/src/debug/glibc-2.41-5.fc42.x86_64/stdio-common/../sysdeps/pthread/allocalim.h
fn=__printf_fp_buffer_1.isra.0
27 2
29 5
fl=/usr/src/debug/glibc-2.41-5.fc42.x86_64/stdio-common/Xprintf_buffer_done.c
fn=__printf_buffer_done
25 4
26 12
31 8
33 44
40 4
fl=/usr/src/debug/glibc-2.41-5.fc42.x86_64/stdio-common/Xprintf_buffer_pad_1.c
fn=__printf_buffer_pad_1
24 18
25 6
33 10
36 2
37 4
39 2
40 6
43 4
44 12
fl=/usr/src/debug/glibc-2.41-5.fc42.x86_64/stdio-common/Xprintf_buffer_write.c
fn=__printf_buffer_write
27 128
28 48
31 72
33 50
36 10
37 20
40 30
41 10
44 96
fl=/usr/src/debug/glibc-2.41-5.fc42.x86_64/stdio-common/_itoa.c
fn=_itoa_word
169 4
170 8
174 10
183 119
192 4
fl=/usr/src/debug/glibc-2.41-5.fc42.x86_64/stdio-common/printf-parse.h
fn=__printf_buffer
53 6
55 21
56 2
64 2
65 4
68 1
82 44
fl=/usr/src/debug/glibc-2.41-5.fc42.x86_64/stdio-common/printf_fp.c
fn=__printf_fp_buffer_1.isra.0
138 16
159 8
177 1
187 1
221 2
222 1
226 4
230 17
234 1
266 5
267 1
268 2
271 16
272 15
273 14
279 1
280 2
483 2
655 3
659 3
660 5
661 2
665 3
674 6
676 2
680 2
686 2
692 2
694 1
706 7
707 4
720 1
721 2
722 4
728 3
731 5
738 4
746 3
759 16
760 3
763 2
766 18
769 3
771 1
773 6
774 5
775 3
787 1
788 2
789 6
790 34
792 5
793 15
794 5
795 5
796 20
805 3
806 4
808 7
924 4
931 2
935 3
980 6
983 2
987 5
988 1
991 2
994 4
996 8
1001 2
1003 2
1006 2
1009 3
1022 4
1024 3
1028 2
1030 11
fn=__printf_fp_l_buffer
1099 15
1102 3
1111 1
1112 2
1115 5
1116 5
1117 2
1122 7
1126 1
1147 11
fn=hack_digit
88 42
91 21
93 21
95 35
96 28
127 7
128 42
fl=/usr/src/debug/glibc-2.41-5.fc42.x86_64/stdio-common/snprintf.c
fn=snprintf
26 36
30 18
31 9
35 15
fl=/usr/src/debug/glibc-2.41-5.fc42.x86_64/stdio-common/vfprintf-internal.c
fn=__printf_buffer
263 3
264 3
266 1
600 56
627 20
631 4
634 4
638 16
642 4
653 8
654 12
655 12
659 8
663 32
683 6
684 6
685 6
686 6
687 6
690 14
691 6
692 6
693 6
694 6
695 6
698 6
699 6
705 84
719 2
720 1
721 16
726 1
744 2
784 4
800 2
807 4
810 26
870 1
871 19
876 1
973 2
976 35
996 12
997 2
1001 1
1018 6
1024 6
1028 18
1029 12
1031 18
1044 44
fl=/usr/src/debug/glibc-2.41-5.fc42.x86_64/stdio-common/vfprintf-process-arg.c
fn=__printf_buffer
35 2
48 4
49 8
50 2
52 2
53 9
57 6
58 6
60 2
73 2
136 4
138 2
155 28
161 16
163 2
164 6
170 14
174 2
186 4
187 8
195 10
197 6
199 4
208 4
211 2
217 2
219 3
221 3
224 2
233 3
236 2
240 5
248 2
253 3
258 3
264 5
271 5
278 2
285 2
289 5
403 27
408 6
422 21
430 6
435 12
455 9
463 12
464 3
491 3
fl=/usr/src/debug/glibc-2.41-5.fc42.x86_64/stdlib/../sysdeps/ieee754/dbl-64/dbl2mpn.c
fn=__mpn_extract_double
33 2
35 1
37 3
38 5
47 3
56 3
103 2
107 2
fl=/usr/src/debug/glibc-2.41-5.fc42.x86_64/stdlib/../sysdeps/unix/sysv/linux/getrandom.c
fn=__getrandom_early_init
238 7
241 6
278 5
fl=/usr/src/debug/glibc-2.41-5.fc42.x86_64/stdlib/../sysdeps/x86_64/lshift.S
fn=__mpn_lshift
28 1
29 1
30 1
32 1
33 1
34 1
46 1
47 1
48 1
49 1
50 1
51 1
52 1
58 1
59 1
60 1
fl=/usr/src/debug/glibc-2.41-5.fc42.x86_64/stdlib/../sysdeps/x86_64/mul_1.S
fn=__mpn_mul_1
31 7
32 7
35 7
36 7
37 7
38 7
39 7
41 7
42 7
44 7
45 7
46 7
47 7
48 7
50 7
51 7
52 7
53 7
122 7
124 7
127 7
fl=/usr/src/debug/glibc-2.41-5.fc42.x86_64/stdlib/cxa_atexit.c
fn=__cxa_atexit
67 1
68 2
fn=__internal_atexit
36 7
41 3
43 7
44 2
46 2
52 3
53 1
54 1
55 1
56 1
57 5
58 1
59 6
fn=__new_exitfn
80 5
81 1
86 2
91 9
93 4
101 1
122 1
123 1
134 1
136 1
137 1
141 3
fl=/usr/src/debug/glibc-2.41-5.fc42.x86_64/stdlib/cxa_finalize.c
fn=__cxa_finalize
45 110
48 55
51 77
55 77
108 77
112 66
119 22
120 22
121 44
122 88
fl=/usr/src/debug/glibc-2.41-5.fc42.x86_64/stdlib/cxa_thread_atexit_impl.c
fn=__call_tls_dtors
148 5
149 4
165 4
fl=/usr/src/debug/glibc-2.41-5.fc42.x86_64/stdlib/exit.c
fn=__run_exit_handlers
45 12
47 9
50 2
51 2
53 7
64 1
66 2
70 1
74 6
76 2
77 1
79 7
111 1
112 1
113 1
114 3
117 4
118 3
119 4
123 3
129 2
130 2
136 4
138 2
139 2
141 2
fn=exit
147 3
148 4
fl=/usr/src/debug/glibc-2.41-5.fc42.x86_64/stdlib/getenv.c
fn=getenv
25 10
29 1
42 2
43 4
44 1
46 3
47 98
49 98
50 196
55 291
56 24
69 3
154 8
fl=/usr/src/debug/glibc-2.41-5.fc42.x86_64/string/../include/rtld-malloc.h
fn=strdup
56 24
fl=/usr/src/debug/glibc-2.41-5.fc42.x86_64/string/../string/strcspn.c
fn=strcspn
32 5
33 3
34 2
39 6
40 4
41 4
42 4
44 1
47 9
48 6
51 4
52 4
53 4
54 4
56 3
61 13
62 26
63 26
64 26
65 13
67 78
69 1
70 4
71 2
fl=/usr/src/debug/glibc-2.41-5.fc42.x86_64/string/../sysdeps/x86/cacheinfo.c
fn=__x86_cacheinfo
86 3
fl=/usr/src/debug/glibc-2.41-5.fc42.x86_64/string/../sysdeps/x86/cacheinfo.h
fn=__x86_cacheinfo
62 1
65 3
67 3
68 1
74 3
76 3
77 1
81 2
84 2
86 2
87 2
88 2
90 2
fl=/usr/src/debug/glibc-2.41-5.fc42.x86_64/string/../sysdeps/x86_64/multiarch/../multiarch/memcmp-sse2.S
fn=bcmp
59 1
71 1
72 1
94 1
95 1
140 1
141 1
143 1
144 1
146 1
147 1
149 1
150 1
197 1
198 1
199 1
200 1
201 1
202 1
fl=/usr/src/debug/glibc-2.41-5.fc42.x86_64/string/../sysdeps/x86_64/multiarch/../multiarch/memset-vec-unaligned-erms.S
fn=memset
137 15
138 75
143 15
144 15
147 7
148 7
150 3
151 3
152 3
236 4
237 4
249 4
252 4
253 4
265 4
266 4
279 4
280 4
282 4
285 2
288 4
291 78
292 78
293 78
294 78
295 78
296 78
297 78
300 4
301 4
302 4
303 4
308 4
354 8
356 8
357 8
396 8
397 8
399 8
fl=/usr/src/debug/glibc-2.41-5.fc42.x86_64/string/../sysdeps/x86_64/multiarch/../multiarch/strchr-sse2.S
fn=index
32 55
33 55
34 55
35 55
36 55
37 55
38 55
39 55
40 55
41 55
42 55
43 55
44 55
45 55
46 55
47 55
48 55
49 55
50 50
54 50
55 50
56 50
57 50
59 50
63 5
64 5
65 5
66 5
67 5
68 5
69 5
70 5
71 5
72 5
73 5
74 5
75 5
76 5
77 5
78 5
79 5
80 5
81 5
82 5
83 5
84 5
85 5
86 5
138 5
142 5
143 5
144 5
145 5
147 5
fl=/usr/src/debug/glibc-2.41-5.fc42.x86_64/string/../sysdeps/x86_64/multiarch/../multiarch/strcmp-sse2.S
fn=strcmp
98 1867
131 1867
132 1867
134 1867
135 1867
156 1867
157 1867
158 1605
159 1605
160 1267
161 1267
162 1267
163 1267
180 1267
181 1267
182 1267
183 1267
184 1267
185 1267
186 1267
191 130
192 390
201 730
202 730
203 730
204 730
205 730
206 730
207 730
208 730
209 694
210 387
211 387
212 387
214 694
215 694
216 694
217 694
218 694
219 694
229 36
230 36
231 36
233 36
239 36
240 36
241 36
242 36
243 36
248 36
250 14
251 14
252 28
260 14
261 14
264 14
265 14
266 14
267 14
268 14
269 14
275 2
276 2
277 2
280 2
281 2
282 2
283 2
284 2
285 2
300 19
301 19
302 19
303 19
304 19
306 19
307 19
308 19
309 19
310 19
311 19
312 19
313 2
316 2
317 2
318 2
324 2
325 2
326 4
330 2
331 2
334 2
335 2
336 2
338 2
339 2
340 2
344 2
345 2
346 2
347 2
348 2
349 2
424 7
425 7
426 7
427 7
428 7
430 7
431 7
432 7
433 7
434 7
435 7
436 7
437 6
440 6
441 6
442 6
448 6
449 6
450 12
454 6
455 6
458 6
459 6
460 6
462 6
463 6
464 6
468 6
469 6
470 6
471 6
472 6
473 6
480 1
481 1
483 1
484 1
486 1
487 1
488 1
490 1
491 1
492 1
496 1
497 1
498 1
499 1
500 1
501 1
542 28
543 28
544 28
545 28
546 28
548 28
549 28
550 28
551 28
552 28
553 28
554 28
555 11
559 11
560 11
561 11
567 11
568 11
569 22
573 11
574 11
577 12
578 12
579 12
581 12
582 12
583 12
587 12
588 12
589 12
590 12
591 12
592 12
599 3
600 3
602 3
603 3
605 2
606 2
607 2
609 2
610 2
611 2
615 2
616 2
617 2
618 2
619 2
620 2
633 1
634 1
635 1
636 1
643 1
644 1
645 1
661 8
662 8
663 8
664 8
665 8
667 8
668 8
669 8
670 8
671 8
672 8
673 8
674 8
678 8
679 8
680 8
686 8
687 8
688 16
692 8
693 8
696 8
697 8
698 8
700 8
701 8
702 8
706 8
707 8
708 8
709 8
710 8
711 8
718 2
719 2
721 2
722 2
724 2
725 2
726 2
728 2
729 2
730 2
734 2
735 2
736 2
737 2
738 2
739 2
780 22
781 22
782 22
783 22
784 22
786 22
787 22
788 22
789 22
790 22
791 22
792 22
793 20
797 20
798 20
799 20
805 20
806 20
807 40
811 21
812 21
815 21
816 21
817 21
819 21
820 21
821 21
825 21
826 21
827 21
828 21
829 21
830 21
837 3
838 3
840 3
841 3
843 3
844 3
845 3
847 3
848 3
849 3
853 3
854 3
855 3
856 3
857 3
858 3
865 1
866 1
867 1
899 26
900 26
901 26
902 26
903 26
905 26
906 26
907 26
908 26
909 26
910 26
911 26
912 25
916 25
917 25
918 25
924 25
925 25
926 50
930 26
931 26
934 26
935 26
936 26
938 26
939 26
940 26
944 26
945 26
946 26
947 26
948 26
949 26
956 3
957 3
959 3
960 3
962 3
963 3
964 3
966 3
967 3
968 3
972 3
973 3
974 3
975 3
976 3
977 3
984 1
985 1
986 1
1018 48
1019 48
1020 48
1021 48
1022 48
1024 48
1025 48
1026 48
1027 48
1028 48
1029 48
1030 48
1031 20
1035 20
1036 20
1037 20
1043 20
1044 20
1045 40
1049 20
1050 20
1053 20
1054 20
1055 20
1057 20
1058 20
1059 20
1063 20
1064 20
1065 20
1066 20
1067 20
1068 20
1075 6
1076 6
1078 6
1079 6
1081 6
1082 6
1083 6
1085 6
1086 6
1087 6
1091 6
1092 6
1093 6
1094 6
1095 6
1096 6
1137 43
1138 43
1139 43
1140 43
1141 43
1143 43
1144 43
1145 43
1146 43
1147 43
1148 43
1149 43
1150 29
1154 29
1155 29
1156 29
1162 29
1163 29
1164 58
1168 29
1169 29
1172 29
1173 29
1174 29
1176 29
1177 29
1178 29
1182 29
1183 29
1184 29
1185 29
1186 29
1187 29
1194 5
1195 5
1197 5
1198 5
1200 5
1201 5
1202 5
1204 5
1205 5
1206 5
1210 5
1211 5
1212 5
1213 5
1214 5
1215 5
1256 71
1257 71
1258 71
1259 71
1260 71
1262 71
1263 71
1264 71
1265 71
1266 71
1267 71
1268 71
1269 44
1273 44
1274 44
1275 44
1281 44
1282 44
1283 88
1287 44
1288 44
1291 44
1292 44
1293 44
1295 44
1296 44
1297 44
1301 44
1302 44
1303 44
1304 44
1305 44
1306 44
1313 5
1314 5
1316 5
1317 5
1319 5
1320 5
1321 5
1323 5
1324 5
1325 5
1329 5
1330 5
1331 5
1332 5
1333 5
1334 5
1375 48
1376 48
1377 48
1378 48
1379 48
1381 48
1382 48
1383 48
1384 48
1385 48
1386 48
1387 48
1388 30
1392 30
1393 30
1394 30
1400 30
1401 30
1402 60
1406 30
1407 30
1410 30
1411 30
1412 30
1414 30
1415 30
1416 30
1420 30
1421 30
1422 30
1423 30
1424 30
1425 30
1432 2
1433 2
1435 2
1436 2
1438 2
1439 2
1440 2
1442 2
1443 2
1444 2
1448 2
1449 2
1450 2
1451 2
1452 2
1453 2
1494 75
1495 75
1496 75
1497 75
1498 75
1500 75
1501 75
1502 75
1503 75
1504 75
1505 75
1506 75
1507 37
1511 37
1512 37
1513 37
1519 37
1520 37
1521 74
1525 37
1526 37
1529 37
1530 37
1531 37
1533 37
1534 37
1535 37
1539 37
1540 37
1541 37
1542 37
1543 37
1544 37
1551 7
1552 7
1554 7
1555 7
1557 7
1558 7
1559 7
1561 7
1562 7
1563 7
1567 7
1568 7
1569 7
1570 7
1571 7
1572 7
1613 66
1614 66
1615 66
1616 66
1617 66
1619 66
1620 66
1621 66
1622 66
1623 66
1624 66
1625 66
1626 24
1630 24
1631 24
1632 24
1638 24
1639 24
1640 48
1644 25
1645 25
1648 25
1649 25
1650 25
1652 25
1653 25
1654 25
1658 25
1659 25
1660 25
1661 25
1662 25
1663 25
1670 6
1671 6
1673 6
1674 6
1676 6
1677 6
1678 6
1680 6
1681 6
1682 6
1686 6
1687 6
1688 6
1689 6
1690 6
1691 6
1698 1
1699 1
1700 1
1732 63
1733 63
1734 63
1735 63
1736 63
1738 63
1739 63
1740 63
1741 63
1742 63
1743 63
1744 63
1745 36
1749 36
1750 36
1751 36
1757 36
1758 36
1759 72
1763 38
1764 38
1767 38
1768 38
1769 38
1771 38
1772 38
1773 38
1777 38
1778 38
1779 38
1780 38
1781 38
1782 38
1789 5
1790 5
1792 5
1793 5
1795 5
1796 5
1797 5
1799 5
1800 5
1801 5
1805 5
1806 5
1807 5
1808 5
1809 5
1810 5
1817 2
1818 2
1819 2
1851 72
1852 72
1853 72
1854 72
1855 72
1857 72
1858 72
1859 72
1860 72
1861 72
1862 72
1863 72
1864 41
1868 41
1869 41
1870 41
1876 41
1877 41
1878 82
1882 42
1883 42
1886 42
1887 42
1888 42
1890 42
1891 42
1892 42
1896 42
1897 42
1898 42
1899 42
1900 42
1901 42
1908 2
1909 2
1911 2
1912 2
1914 2
1915 2
1916 2
1918 2
1919 2
1920 2
1924 2
1925 2
1926 2
1927 2
1928 2
1929 2
1936 1
1937 1
1938 1
1970 98
1971 98
1972 98
1973 98
1974 98
1976 98
1977 98
1978 98
1979 98
1980 98
1981 98
1982 98
1984 38
1988 38
1989 38
1990 38
1996 38
1997 38
1999 76
2003 38
2004 38
2007 38
2008 38
2009 38
2011 38
2012 38
2013 38
2017 38
2018 38
2019 38
2020 38
2021 38
2022 38
2029 5
2030 5
2032 5
2033 5
2035 5
2036 5
2037 5
2039 5
2040 5
2041 5
2045 5
2046 5
2047 5
2048 5
2049 5
2050 5
2093 385
2095 730
2096 730
2097 730
2098 730
2099 774
2104 1867
2110 1867
2111 1867
2119 1867
2120 1867
fn=strncmp
98 1
125 1
126 1
127 1
128 1
129 1
131 1
132 1
134 1
135 1
156 1
157 1
158 1
159 1
160 1
161 1
162 1
163 1
180 1
181 1
182 1
183 1
184 1
185 1
186 1
2104 1
2107 1
2108 1
2110 1
2111 1
2119 1
2120 1
fl=/usr/src/debug/glibc-2.41-5.fc42.x86_64/string/../sysdeps/x86_64/multiarch/../multiarch/strlen-sse2.S
fn=strlen
57 62
101 62
102 62
103 62
104 62
105 62
106 62
107 62
109 62
111 62
142 62
143 62
144 62
145 62
146 62
147 24
149 24
153 38
154 38
155 38
156 38
157 38
158 38
159 38
160 38
161 38
162 38
163 38
164 38
169 304
fl=/usr/src/debug/glibc-2.41-5.fc42.x86_64/string/../sysdeps/x86_64/multiarch/ifunc-avx2.h
fn=memrchr
38 3
40 4
41 2
42 3
46 4
49 3
52 5
fn=rindex
38 9
40 12
41 6
42 9
46 12
49 9
52 15
fn=strchrnul
38 3
40 4
41 2
42 3
46 4
49 3
52 5
fn=strlen
38 18
40 24
41 12
42 18
46 24
49 18
52 30
fn=strnlen
38 9
40 12
41 6
42 9
46 12
49 9
52 15
fl=/usr/src/debug/glibc-2.41-5.fc42.x86_64/string/../sysdeps/x86_64/multiarch/ifunc-evex.h
fn=memchr
37 9
38 12
39 9
43 6
51 9
54 12
fl=/usr/src/debug/glibc-2.41-5.fc42.x86_64/string/../sysdeps/x86_64/multiarch/ifunc-memcmp.h
fn=bcmp
34 28
35 8
37 12
41 8
44 12
47 20
fl=/usr/src/debug/glibc-2.41-5.fc42.x86_64/string/../sysdeps/x86_64/multiarch/ifunc-memmove.h
fn=memcpy@@GLIBC_2.14
56 24
57 16
60 24
61 16
74 16
77 16
85 16
93 16
96 40
fn=memmove
56 27
57 18
60 27
61 18
74 18
77 18
85 18
93 18
96 45
fn=mempcpy
56 3
57 2
60 3
61 2
74 2
77 2
85 2
93 2
96 5
fl=/usr/src/debug/glibc-2.41-5.fc42.x86_64/string/../sysdeps/x86_64/multiarch/ifunc-memset.h
fn=memset
52 7
53 14
61 35
64 21
65 14
80 14
84 28
92 14
100 14
fl=/usr/src/debug/glibc-2.41-5.fc42.x86_64/string/../sysdeps/x86_64/multiarch/ifunc-sse4_2.h
fn=strcspn
36 5
fn=strpbrk
36 5
fn=strspn
36 5
fl=/usr/src/debug/glibc-2.41-5.fc42.x86_64/string/../sysdeps/x86_64/multiarch/ifunc-strcasecmp.h
fn=strcasecmp
36 2
37 8
38 6
42 8
45 6
48 8
fn=strcasecmp_l
36 1
37 4
38 3
42 4
45 3
48 4
fn=strncasecmp
36 3
37 12
38 9
42 12
45 9
48 12
fn=strncasecmp_l
36 1
37 4
38 3
42 4
45 3
48 4
fl=/usr/src/debug/glibc-2.41-5.fc42.x86_64/string/../sysdeps/x86_64/multiarch/ifunc-strcpy.h
fn=stpcpy
38 4
39 3
43 4
46 3
49 3
fn=strcat
38 4
39 3
43 4
46 3
49 3
fn=strcpy
38 4
39 3
43 4
46 3
49 3
fl=/usr/src/debug/glibc-2.41-5.fc42.x86_64/string/../sysdeps/x86_64/multiarch/ifunc-strncpy.h
fn=stpncpy
35 5
36 3
40 4
43 3
46 5
fn=strncat
35 5
36 3
40 4
43 3
46 5
fn=strncpy
35 15
36 9
40 12
43 9
46 15
fl=/usr/src/debug/glibc-2.41-5.fc42.x86_64/string/../sysdeps/x86_64/multiarch/memchr.c
fn=memchr
29 6
fl=/usr/src/debug/glibc-2.41-5.fc42.x86_64/string/../sysdeps/x86_64/multiarch/memcmp.c
fn=bcmp
29 12
fl=/usr/src/debug/glibc-2.41-5.fc42.x86_64/string/../sysdeps/x86_64/multiarch/memcpy.c
fn=memcpy@@GLIBC_2.14
29 8
fl=/usr/src/debug/glibc-2.41-5.fc42.x86_64/string/../sysdeps/x86_64/multiarch/memmove-vec-unaligned-erms.S
fn=__memcpy_avx_unaligned_erms
255 35
256 35
262 35
263 35
305 35
306 35
308 35
309 35
311 30
315 30
316 8
317 8
318 8
319 8
320 6
321 6
323 8
325 8
331 22
332 22
333 22
334 22
335 22
364 5
365 5
366 5
367 5
368 5
fn=memcpy
210 65
211 65
217 80
218 80
220 66
221 66
222 66
224 57
225 57
226 57
228 57
308 14
309 14
311 1
315 1
316 1
317 1
318 1
319 1
323 1
325 1
364 13
365 13
366 13
367 13
368 13
375 4
376 4
377 4
378 4
379 4
380 4
381 4
392 9
393 9
395 9
396 9
397 9
399 5
400 5
401 5
402 5
403 5
404 5
405 5
406 5
407 5
408 5
409 5
410 5
411 5
412 5
413 5
fn=mempcpy
197 15
198 15
199 15
200 15
fl=/usr/src/debug/glibc-2.41-5.fc42.x86_64/string/../sysdeps/x86_64/multiarch/memmove.c
fn=memmove
29 9
fl=/usr/src/debug/glibc-2.41-5.fc42.x86_64/string/../sysdeps/x86_64/multiarch/mempcpy.c
fn=mempcpy
33 1
fl=/usr/src/debug/glibc-2.41-5.fc42.x86_64/string/../sysdeps/x86_64/multiarch/memrchr.c
fn=memrchr
29 1
fl=/usr/src/debug/glibc-2.41-5.fc42.x86_64/string/../sysdeps/x86_64/multiarch/memset-vec-unaligned-erms.S
fn=???
194 4
fn=__memset_avx2_unaligned_erms
198 9
199 18
204 9
205 9
206 5
207 5
208 5
229 5
230 5
236 3
237 3
249 3
252 3
253 3
265 3
266 3
279 3
280 3
282 3
285 3
288 3
291 18
292 18
293 18
294 18
295 18
296 18
297 21
300 3
301 3
302 3
303 3
306 6
321 2
322 2
323 2
324 2
325 2
326 19522
331 2
333 4
341 4
350 4
351 4
356 3
357 3
358 2
359 2
360 1
361 1
362 1
363 1
365 1
382 1
383 1
384 1
393 1
394 1
399 1
407 1
408 1
413 1
fn=__memset_chk_avx2_unaligned_erms
192 1
193 1
194 1
fl=/usr/src/debug/glibc-2.41-5.fc42.x86_64/string/../sysdeps/x86_64/multiarch/memset.c
fn=memset
29 14
fl=/usr/src/debug/glibc-2.41-5.fc42.x86_64/string/../sysdeps/x86_64/multiarch/stpcpy.c
fn=stpcpy
33 2
fl=/usr/src/debug/glibc-2.41-5.fc42.x86_64/string/../sysdeps/x86_64/multiarch/stpncpy.c
fn=stpncpy
31 1
fn=strcasecmp
31 2
fl=/usr/src/debug/glibc-2.41-5.fc42.x86_64/string/../sysdeps/x86_64/multiarch/strcasecmp.c
fn=strcasecmp
31 4
fl=/usr/src/debug/glibc-2.41-5.fc42.x86_64/string/../sysdeps/x86_64/multiarch/strcasecmp_l.c
fn=strcasecmp_l
31 3
fl=/usr/src/debug/glibc-2.41-5.fc42.x86_64/string/../sysdeps/x86_64/multiarch/strcat.c
fn=strcat
29 2
fl=/usr/src/debug/glibc-2.41-5.fc42.x86_64/string/../sysdeps/x86_64/multiarch/strchr-avx2.S
fn=__strchrnul_avx2
53 10
55 10
56 10
57 10
58 10
59 10
62 10
63 10
67 10
68 10
69 10
70 10
71 10
72 10
73 10
74 10
87 10
89 20
fl=/usr/src/debug/glibc-2.41-5.fc42.x86_64/string/../sysdeps/x86_64/multiarch/strchr.c
fn=index
42 8
43 16
44 12
48 16
51 12
54 12
65 8
fl=/usr/src/debug/glibc-2.41-5.fc42.x86_64/string/../sysdeps/x86_64/multiarch/strchrnul.c
fn=strchrnul
31 1
fl=/usr/src/debug/glibc-2.41-5.fc42.x86_64/string/../sysdeps/x86_64/multiarch/strcmp-avx2.S
fn=__strcmp_avx2
206 13
249 13
274 13
275 13
276 13
278 13
279 13
283 13
287 13
289 13
291 13
294 13
303 13
304 13
308 13
318 13
319 13
322 13
326 26
953 13
954 13
fn=__strncmp_avx2
206 4
230 4
235 4
249 4
274 4
275 4
276 4
278 4
279 4
283 4
287 4
289 4
291 4
294 4
296 4
297 4
308 4
318 4
319 4
322 4
326 8
331 4
332 4
333 4
957 2
958 2
959 2
960 2
962 2
965 2
966 2
1076 2
1077 2
fl=/usr/src/debug/glibc-2.41-5.fc42.x86_64/string/../sysdeps/x86_64/multiarch/strcmp.c
fn=strcmp
47 4
48 16
49 12
53 16
56 12
59 12
79 8
fl=/usr/src/debug/glibc-2.41-5.fc42.x86_64/string/../sysdeps/x86_64/multiarch/strcpy.c
fn=strcpy
29 2
fl=/usr/src/debug/glibc-2.41-5.fc42.x86_64/string/../sysdeps/x86_64/multiarch/strcspn.c
fn=strcspn
29 2
fl=/usr/src/debug/glibc-2.41-5.fc42.x86_64/string/../sysdeps/x86_64/multiarch/strlen-avx2.S
fn=__strlen_avx2
52 10
65 10
66 10
67 10
70 10
72 10
73 10
76 10
77 10
85 10
86 10
87 8
92 16
118 1
131 1
132 1
133 1
139 2
221 2
236 2
242 2
243 2
244 2
246 1
247 1
248 1
249 1
251 1
252 1
253 1
254 1
256 1
257 1
258 1
259 1
277 1
278 2
292 2
293 2
294 2
295 2
297 2
298 2
299 2
301 2
302 2
303 2
306 1
307 1
308 1
309 1
310 1
312 1
313 1
314 1
315 1
318 1
319 1
322 1
323 1
324 1
325 1
326 1
331 2
fl=/usr/src/debug/glibc-2.41-5.fc42.x86_64/string/../sysdeps/x86_64/multiarch/strlen.c
fn=strlen
29 6
fl=/usr/src/debug/glibc-2.41-5.fc42.x86_64/string/../sysdeps/x86_64/multiarch/strncase.c
fn=strncasecmp
31 9
fl=/usr/src/debug/glibc-2.41-5.fc42.x86_64/string/../sysdeps/x86_64/multiarch/strncase_l.c
fn=strncasecmp_l
31 3
fl=/usr/src/debug/glibc-2.41-5.fc42.x86_64/string/../sysdeps/x86_64/multiarch/strncat.c
fn=strncat
29 1
fl=/usr/src/debug/glibc-2.41-5.fc42.x86_64/string/../sysdeps/x86_64/multiarch/strncmp.c
fn=strncmp
43 4
44 16
45 12
49 16
52 12
55 16
67 12
fl=/usr/src/debug/glibc-2.41-5.fc42.x86_64/string/../sysdeps/x86_64/multiarch/strncpy.c
fn=strncpy
29 3
fl=/usr/src/debug/glibc-2.41-5.fc42.x86_64/string/../sysdeps/x86_64/multiarch/strnlen.c
fn=strnlen
31 3
fl=/usr/src/debug/glibc-2.41-5.fc42.x86_64/string/../sysdeps/x86_64/multiarch/strpbrk.c
fn=strpbrk
29 2
fl=/usr/src/debug/glibc-2.41-5.fc42.x86_64/string/../sysdeps/x86_64/multiarch/strrchr-avx2.S
fn=__strrchr_avx2
53 6
54 6
55 6
57 6
58 6
62 6
63 6
64 6
67 6
69 6
70 6
71 6
72 6
75 4
76 4
78 4
79 4
80 4
91 8
137 2
138 2
139 2
143 2
144 2
145 2
146 2
150 4
156 2
159 2
160 2
161 2
162 2
163 2
164 2
166 2
167 2
168 2
169 2
170 2
fl=/usr/src/debug/glibc-2.41-5.fc42.x86_64/string/../sysdeps/x86_64/multiarch/strrchr.c
fn=rindex
28 3
fl=/usr/src/debug/glibc-2.41-5.fc42.x86_64/string/../sysdeps/x86_64/multiarch/strspn.c
fn=strspn
29 2
fl=/usr/src/debug/glibc-2.41-5.fc42.x86_64/string/../sysdeps/x86_64/multiarch/strstr.c
fn=strstr
44 7
fl=/usr/src/debug/glibc-2.41-5.fc42.x86_64/string/strdup.c
fn=strdup
40 72
41 24
44 24
47 48
48 36
fl=/usr/src/debug/glibc-2.41-5.fc42.x86_64/time/../sysdeps/unix/sysv/linux/gettimeofday.c
fn=__gettimeofday_syscall
33 1
34 2
36 4
37 1
fn=gettimeofday
41 7
fl=/usr/src/debug/glibc-2.41-5.fc42.x86_64/time/../sysdeps/unix/sysv/linux/time.c
fn=time
37 7
fl=/usr/src/debug/glibc-2.41-5.fc42.x86_64/wcsmbs/../sysdeps/x86_64/multiarch/ifunc-avx2.h
fn=wcschr
38 6
40 8
41 4
42 6
46 8
49 6
52 10
fn=wcscmp
38 3
40 4
41 2
42 3
46 4
49 3
52 5
fl=/usr/src/debug/glibc-2.41-5.fc42.x86_64/wcsmbs/../sysdeps/x86_64/multiarch/ifunc-evex.h
fn=wmemchr
37 6
38 8
39 6
43 4
51 6
54 8
fl=/usr/src/debug/glibc-2.41-5.fc42.x86_64/wcsmbs/../sysdeps/x86_64/multiarch/ifunc-memcmp.h
fn=wmemcmp
34 7
35 2
37 3
41 2
44 3
47 5
fl=/usr/src/debug/glibc-2.41-5.fc42.x86_64/wcsmbs/../sysdeps/x86_64/multiarch/ifunc-wcs.h
fn=wcpncpy
39 2
40 4
41 3
45 2
48 4
fn=wcscat
39 2
40 4
41 3
45 2
48 4
fn=wcsncpy
39 2
40 4
41 3
45 2
48 4
fl=/usr/src/debug/glibc-2.41-5.fc42.x86_64/wcsmbs/../sysdeps/x86_64/multiarch/ifunc-wcslen.h
fn=wcslen
40 1
41 4
42 3
46 4
49 3
52 3
fn=wcsnlen
40 1
41 4
42 3
46 4
49 3
52 3
fl=/usr/src/debug/glibc-2.41-5.fc42.x86_64/wcsmbs/../sysdeps/x86_64/multiarch/ifunc-wmemset.h
fn=wmemset
36 10
37 6
fl=/usr/src/debug/glibc-2.41-5.fc42.x86_64/wcsmbs/../sysdeps/x86_64/multiarch/wcpncpy.c
fn=wcpncpy
31 3
fl=/usr/src/debug/glibc-2.41-5.fc42.x86_64/wcsmbs/../sysdeps/x86_64/multiarch/wcscat.c
fn=wcscat
31 3
fl=/usr/src/debug/glibc-2.41-5.fc42.x86_64/wcsmbs/../sysdeps/x86_64/multiarch/wcschr.c
fn=wcschr
31 2
fl=/usr/src/debug/glibc-2.41-5.fc42.x86_64/wcsmbs/../sysdeps/x86_64/multiarch/wcscmp.c
fn=wcscmp
30 1
fl=/usr/src/debug/glibc-2.41-5.fc42.x86_64/wcsmbs/../sysdeps/x86_64/multiarch/wcscpy.c
fn=wcscpy
42 2
43 4
44 3
47 3
50 3
60 2
fl=/usr/src/debug/glibc-2.41-5.fc42.x86_64/wcsmbs/../sysdeps/x86_64/multiarch/wcslen.c
fn=wcslen
29 2
fl=/usr/src/debug/glibc-2.41-5.fc42.x86_64/wcsmbs/../sysdeps/x86_64/multiarch/wcsncpy.c
fn=wcsncpy
31 3
fl=/usr/src/debug/glibc-2.41-5.fc42.x86_64/wcsmbs/../sysdeps/x86_64/multiarch/wcsnlen.c
fn=wcsnlen
30 2
fl=/usr/src/debug/glibc-2.41-5.fc42.x86_64/wcsmbs/../sysdeps/x86_64/multiarch/wmemchr.c
fn=wmemchr
31 4
fl=/usr/src/debug/glibc-2.41-5.fc42.x86_64/wcsmbs/../sysdeps/x86_64/multiarch/wmemcmp.c
fn=wmemcmp
29 3
fl=/usr/src/debug/glibc-2.41-5.fc42.x86_64/wcsmbs/../sysdeps/x86_64/multiarch/wmemset.c
fn=wmemset
31 4
fl=/usr/src/debug/libsndfile-1.2.2-8.fc42.x86_64/src/chunk.c
fn=psf_store_read_chunk_u32.isra.0
111 15
113 2
114 8
115 5
119 12
121 4
122 4
135 112
137 5
143 55
148 10
157 25
fl=/usr/src/debug/libsndfile-1.2.2-8.fc42.x86_64/src/command.c
fn=sf_command
266 4
269 87
270 44
271 2
281 1
fl=/usr/src/debug/libsndfile-1.2.2-8.fc42.x86_64/src/common.c
fn=header_read
865 275
867 100
870 75
871 189
872 168
876 63
879 25
880 25
882 25
883 200
fn=header_seek
887 208
888 16
890 26
892 2
898 3
900 1
904 14
907 14
910 21
915 21
916 7
917 7
952 48
fn=psf_binheader_readf
983 266
985 28
992 14
994 28
997 84
999 188
1001 132
1004 273
1014 56
1015 7
1017 28
1019 7
1041 32
1042 8
1044 20
1045 8
1062 96
1063 12
1065 60
1066 24
1084 8
1085 1
1086 5
1087 2
1088 2
1090 3
1117 8
1118 7
1119 1
1120 5
1121 1
1147 9
1148 5
1153 56
1154 28
1155 7
1156 7
1172 168
fn=psf_log_printf
96 1143
97 1143
98 786
105 400
110 120
112 1430
113 548
118 40
124 20
125 20
127 160
145 60
148 100
152 20
153 180
156 26
157 40
162 160
168 24
169 6
171 6
172 3
174 9
175 6
176 6
179 149
180 128
181 6
186 63
188 18
190 51
193 9
199 18
200 9
201 153
202 54
203 27
206 9
208 18
213 18
214 18
217 36
221 36
226 18
227 45
230 99
231 180
232 144
233 180
236 27
244 16
246 4
253 2
255 2
262 2
263 2
264 86
265 32
266 16
269 4
274 42
275 90
276 72
277 72
283 24
285 3
286 3
287 55
288 18
289 9
292 3
294 6
299 15
300 6
303 12
307 12
312 6
313 15
316 30
317 60
318 48
319 51
322 9
333 8
335 2
341 1
342 4
343 37
344 7
345 7
348 4
353 7
354 3
355 4
356 1
361 14
363 6
374 2
375 2
376 30
377 8
378 20
392 220
1258 16
fn=psf_rand_int32
1473 4
1476 5
1480 3
1481 6
1487 3
1488 30
1489 27
1492 5
fn=sf_open
45 5
48 7
52 1
fl=/usr/src/debug/libsndfile-1.2.2-8.fc42.x86_64/src/common.h
fn=wavlike_read_peak_chunk
233 3
fl=/usr/src/debug/libsndfile-1.2.2-8.fc42.x86_64/src/double64.c
fn=double64_init
92 4
94 5
101 2
103 5
104 24
114 1
115 2
174 4
245 4
246 7
252 5
254 1
255 2
466 17
470 2
fn=host_read_d
648 10
651 5
653 2
674 7
fl=/usr/src/debug/libsndfile-1.2.2-8.fc42.x86_64/src/file_io.c
fn=psf_close
139 3
142 3
147 1
150 1
263 1
452 5
455 5
fn=psf_copy_filename
81 9
84 4
90 11
93 1
99 10
102 1
104 2
105 6
fn=psf_fread
345 286
348 66
349 44
354 66
355 22
357 44
359 66
363 44
371 44
374 22
375 22
378 66
381 66
382 176
fn=psf_fseek
306 21
308 9
312 9
318 9
320 2
321 2
335 18
337 9
340 6
341 6
fn=psf_ftell
430 60
432 36
435 36
438 72
440 36
445 12
446 36
fn=psf_get_filelen
218 7
220 3
225 2
230 2
235 7
241 2
259 5
518 7
521 1
fn=psf_is_pipe
488 7
490 3
493 7
499 9
503 6
fn=psf_open_fd.lto_priv.0
568 1
581 7
fn=sf_open
120 1
121 3
123 2
129 2
546 1
547 1
614 3
fl=/usr/src/debug/libsndfile-1.2.2-8.fc42.x86_64/src/float32.c
fn=float32_le_read
284 3
287 1
288 7
289 4
291 3
292 1
294 1
295 3
297 3
299 2
302 2
304 1
308 3
fl=/usr/src/debug/libsndfile-1.2.2-8.fc42.x86_64/src/sndfile.c
fn=guess_file_type
2783 9
2786 8
2791 5
2792 2
2793 2
2916 9
fn=psf_close
2965 7
2968 3
2974 3
2975 2
2981 2
2982 2
2983 2
2984 2
2985 2
2986 2
2987 2
2988 2
2989 2
2990 2
2991 2
2992 2
2993 2
2995 3
2998 2
2999 2
3000 2
3001 2
3003 2
3006 7
fn=psf_open_file
2921 3
2923 3
2925 4
2927 3
2929 2
2931 3
2939 3
2943 3
2947 6
3010 11
3012 1
3013 1
3015 3
3020 5
3025 2
3030 2
3031 4
3041 2
3043 1
3045 2
3046 2
3048 1
3050 1
3051 1
3052 2
3053 2
3057 2
3059 1
3061 3
3063 2
3068 1
3071 3
3074 4
3098 3
3101 5
3103 5
3121 5
3123 4
3125 2
3130 2
3133 1
3162 16
3165 3
3166 1
3283 2
3287 2
3288 2
3311 2
3329 2
3331 2
3338 2
3345 2
3372 11
fn=sf_close
518 1
520 11
522 1
fn=sf_command
996 8
1002 7
1007 3
1046 4
1495 5
fn=sf_open
349 10
369 5
424 5
430 1
431 2
432 1
436 3
437 5
fn=sf_readf_double
2128 7
2131 2
2134 12
2136 2
2141 2
2146 3
2151 6
2156 2
2160 8
2162 10
2163 1
2171 1
2174 3
fl=/usr/src/debug/libsndfile-1.2.2-8.fc42.x86_64/src/wav.c
fn=wav_close
1318 1
1319 4
1340 2
fn=wav_open
163 12
164 2
166 5
168 2
170 1
171 1
173 3
177 5
179 3
182 1
184 5
236 2
237 2
239 10
261 4
295 5
299 12
310 2
311 2
313 6
316 1
321 8
322 1
328 7
330 6
331 5
333 10
334 35
335 15
341 44
343 39
346 2
351 3
353 6
361 2
370 2
371 6
376 5
377 2
380 4
381 1
385 4
389 2
392 1
394 4
396 5
399 3
400 2
403 4
406 4
409 1
411 2
412 2
415 3
417 2
418 4
423 4
428 4
431 5
434 4
435 1
438 5
442 4
444 10
449 4
452 3
454 2
457 5
459 3
462 2
463 5
467 5
471 4
474 1
476 6
477 5
479 6
480 2
650 27
655 18
658 36
659 5
664 3
667 3
670 2
673 4
677 2
679 3
681 3
686 5
687 5
692 4
694 3
695 5
696 1
698 4
701 11
758 5
759 1
774 4
778 2
779 1
fl=/usr/src/debug/libsndfile-1.2.2-8.fc42.x86_64/src/wavlike.c
fn=wavlike_read_fmt_chunk
125 12
129 3
131 2
135 2
136 1
141 11
146 7
147 5
148 5
150 5
157 4
159 4
172 2
184 6
191 5
195 2
196 1
197 2
199 11
202 2
203 3
206 6
208 4
209 1
474 2
479 6
481 3
483 1
484 11
704 1
705 1
708 5
710 12
711 25
713 26
714 2
715 4
716 4
fn=wavlike_read_peak_chunk
1208 13
1211 5
1217 2
1222 3
1226 6
1228 4
1231 6
1233 6
1234 4
1236 10
1240 6
1241 4
1242 3
1246 1
1247 5
1250 1
1251 11
fl=???
fn=(below main)
0 12
fn=???
0 822430
summary: 6365367437
